Combination 0
Score:		0.700777110561639

Decomposition of weighted lengths HyAsP|MOBsuite|Common:		61216.0|0.0|8220.5|

HyAsP plasmids:
1:	41,45,59,27_0,32_0,
2:	33,31,39,40,62,51,45,59,57,55,42,44,28_0,24_0,
3:	30,50,37,58,20_0,32_1,
4:	35,19,57,55,42,44,21_0,
5:	18,35,26,41,42,44,32_2,
6:	23,57,55,62,51,45,42,44,
7:	42,55,57,25,44,
9:	50,47,39,37,32_3,

MOBsuite plasmids:
AD288:	28_0,24_0,27_0,32_0,
0776b16f75fa44556c9bff7be4444827:	21_0,20_0,

HyAsP splits:
{'32_0', '27_0'}
{'24_0', '28_0'}
{'21_0'}
{'20_0'}

MOBsuite splits:
{'32_0', '27_0'}{'24_0', '28_0'}
{'27_0', '32_0'}{'24_0', '28_0'}
{'20_0'}{'21_0'}
{'20_0'}{'21_0'}
#-------------------------



Combination 2
Score:		0.700777110561639

Decomposition of weighted lengths HyAsP|MOBsuite|Common:		61216.0|0.0|8220.5|

HyAsP plasmids:
1:	41,45,59,27_0,32_0,
2:	33,31,39,40,62,51,45,59,57,55,42,44,28_0,24_0,
3:	30,50,37,58,20_0,32_1,
4:	35,19,57,55,42,44,21_0,
5:	18,35,26,41,42,44,32_2,
6:	23,57,55,62,51,45,42,44,
7:	42,55,57,25,44,
9:	50,47,39,37,32_3,

MOBsuite plasmids:
AD288:	28_0,24_0,27_0,32_2,
0776b16f75fa44556c9bff7be4444827:	21_0,20_0,

HyAsP splits:
{'27_0'}
{'32_2'}
{'24_0', '28_0'}
{'21_0'}
{'20_0'}

MOBsuite splits:
{'27_0'}{'32_2', '24_0', '28_0'}
{'27_0'}{'24_0', '28_0'}{'32_2'}
{'27_0'}{'24_0', '28_0'}{'32_2'}
{'20_0'}{'21_0'}
{'20_0'}{'21_0'}
#-------------------------



Combination 3
Score:		0.700777110561639

Decomposition of weighted lengths HyAsP|MOBsuite|Common:		61216.0|0.0|8220.5|

HyAsP plasmids:
1:	41,45,59,27_0,32_0,
2:	33,31,39,40,62,51,45,59,57,55,42,44,28_0,24_0,
3:	30,50,37,58,20_0,32_1,
4:	35,19,57,55,42,44,21_0,
5:	18,35,26,41,42,44,32_2,
6:	23,57,55,62,51,45,42,44,
7:	42,55,57,25,44,
9:	50,47,39,37,32_3,

MOBsuite plasmids:
AD288:	28_0,24_0,27_0,32_3,
0776b16f75fa44556c9bff7be4444827:	21_0,20_0,

HyAsP splits:
{'32_3'}
{'27_0'}
{'24_0', '28_0'}
{'21_0'}
{'20_0'}

MOBsuite splits:
{'27_0'}{'24_0', '32_3', '28_0'}
{'27_0'}{'24_0', '28_0'}{'32_3'}
{'27_0'}{'24_0', '28_0'}{'32_3'}
{'20_0'}{'21_0'}
{'20_0'}{'21_0'}
#-------------------------



Combination 1
Score:		0.7063127617701973

Decomposition of weighted lengths HyAsP|MOBsuite|Common:		61216.0|0.0|8769.000000000002|

HyAsP plasmids:
1:	41,45,59,27_0,32_0,
2:	33,31,39,40,62,51,45,59,57,55,42,44,28_0,24_0,
3:	30,50,37,58,20_0,32_1,
4:	35,19,57,55,42,44,21_0,
5:	18,35,26,41,42,44,32_2,
6:	23,57,55,62,51,45,42,44,
7:	42,55,57,25,44,
9:	50,47,39,37,32_3,

MOBsuite plasmids:
AD288:	28_0,24_0,27_0,32_1,
0776b16f75fa44556c9bff7be4444827:	21_0,20_0,

HyAsP splits:
{'27_0'}
{'32_1'}{'20_0'}
{'32_1'}{'20_0'}
{'21_0'}
{'24_0', '28_0'}

MOBsuite splits:
{'27_0'}{'24_0', '32_1', '28_0'}
{'27_0'}{'24_0', '28_0'}{'32_1'}
{'27_0'}{'24_0', '28_0'}{'32_1'}
{'20_0'}{'21_0'}
{'20_0'}{'21_0'}
#-------------------------



