Combination 0
Score:		0.6658858562676631

Decomposition of weighted lengths HyAsP|MOBsuite|Common:		55640.0|42400.0|7282.5|

HyAsP plasmids:
3:	47,
4:	51,
5:	60,
9:	39_0,
10:	46,65,28,
11:	59,
12:	78,67,83,26_0,63_0,55_0,
13:	49_0,
14:	61,
15:	53,81,66,
17:	72,71,78,68,83,48_0,64_0,56_0,43_0,

MOBsuite plasmids:
AC754:	39_0,
AF632:	44,49_0,
AB529:	48_0,64_0,26_0,56_0,63_0,43_0,55_0,
contigs:	34,
499cdfbda14d05c26b6503d313b268ac:	34,

HyAsP splits:
{'39_0'}
{'64_0', '48_0', '56_0', '43_0'}
{'26_0', '55_0', '63_0'}
{'49_0'}

MOBsuite splits:
{'39_0'}
{'26_0', '55_0', '63_0'}{'64_0', '48_0', '56_0', '43_0'}
{'26_0', '55_0', '63_0'}{'64_0', '48_0', '56_0', '43_0'}
{'49_0'}
#-------------------------



