Combination 0
Score:		0.34962970949547495

Decomposition of weighted lengths HyAsP|MOBsuite|Common:		21095.0|19563.0|11226.0|

HyAsP plasmids:
0:	50_0,
3:	52_0,
4:	47,67,84,92,32_0,56_0,49_0,
5:	34_0,
6:	61,58_0,
8:	43_0,
9:	57_0,
12:	66,
13:	62,75,

MOBsuite plasmids:
AD288:	64,50_0,58_0,
AB529:	41,34_0,43_0,57_0,
4f6008ce9268a2b1001fe939af44d555:	52_0,
AF663:	32_0,56_0,49_0,

HyAsP splits:
{'50_0'}
{'58_0'}
{'52_0'}
{'49_0', '32_0', '56_0'}
{'57_0'}
{'43_0'}
{'34_0'}

MOBsuite splits:
{'50_0'}{'58_0'}
{'50_0'}{'58_0'}
{'52_0'}
{'49_0', '32_0', '56_0'}
{'34_0'}{'43_0', '57_0'}
{'34_0'}{'43_0'}{'57_0'}
{'34_0'}{'43_0'}{'57_0'}
#-------------------------



