Combination 0
Score:		0.2917852266782356

Decomposition of weighted lengths HyAsP|MOBsuite|Common:		6047.0|3323.0|13497.5|

HyAsP plasmids:
2:	56_0,
3:	74,35_0,55_0,
4:	51_0,
5:	64_0,
6:	59_0,
7:	69,
8:	67,81,72,

MOBsuite plasmids:
AC345:	35_0,51_0,
AE314:	66,56_0,55_0,
AG970:	64_0,
AF632:	59_0,

HyAsP splits:
{'51_0'}
{'56_0'}
{'35_0'}{'55_0'}
{'35_0'}{'55_0'}
{'64_0'}
{'59_0'}

MOBsuite splits:
{'56_0'}{'55_0'}
{'56_0'}{'55_0'}
{'35_0'}{'51_0'}
{'35_0'}{'51_0'}
{'64_0'}
{'59_0'}
#-------------------------



