Combination 0
Score:		0.5851624486013783

Decomposition of weighted lengths HyAsP|MOBsuite|Common:		15644.0|61715.0|13576.999999999998|

HyAsP plasmids:
3:	118,110,102,81,67_0,97_0,62_0,
4:	113,97_1,61_0,
5:	90_0,
7:	104,38_0,72_0,
8:	104,43_0,79_0,
9:	68_0,
12:	77,
13:	80_0,
16:	73,101,
18:	88,
23:	92,

MOBsuite plasmids:
f418ede1a5db8cbf8ccdb2d05ed8542a:	61_0,
AD288:	84,90_0,67_0,80_0,62_0,
AF663:	47,51,57,68_0,
AB529:	48,64,78,43_0,38_0,97_0,79_0,72_0,

HyAsP splits:
{'43_0', '79_0'}
{'90_0'}
{'80_0'}
{'38_0', '72_0'}
{'67_0', '62_0'}{'97_0'}
{'67_0', '62_0'}{'97_0'}
{'61_0'}
{'68_0'}

MOBsuite splits:
{'97_0'}{'43_0', '72_0', '79_0', '38_0'}
{'97_0'}{'38_0', '72_0'}{'43_0', '79_0'}
{'97_0'}{'38_0', '72_0'}{'43_0', '79_0'}
{'67_0', '62_0'}{'90_0', '80_0'}
{'67_0', '62_0'}{'90_0'}{'80_0'}
{'67_0', '62_0'}{'90_0'}{'80_0'}
{'61_0'}
{'68_0'}
#-------------------------



Combination 1
Score:		0.5851624486013783

Decomposition of weighted lengths HyAsP|MOBsuite|Common:		15644.0|61715.0|13577.0|

HyAsP plasmids:
3:	118,110,102,81,67_0,97_0,62_0,
4:	113,97_1,61_0,
5:	90_0,
7:	104,38_0,72_0,
8:	104,43_0,79_0,
9:	68_0,
12:	77,
13:	80_0,
16:	73,101,
18:	88,
23:	92,

MOBsuite plasmids:
f418ede1a5db8cbf8ccdb2d05ed8542a:	61_0,
AD288:	84,90_0,67_0,80_0,62_0,
AF663:	47,51,57,68_0,
AB529:	48,64,78,43_0,38_0,97_1,79_0,72_0,

HyAsP splits:
{'80_0'}
{'90_0'}
{'67_0', '62_0'}
{'43_0', '79_0'}
{'61_0'}{'97_1'}
{'61_0'}{'97_1'}
{'38_0', '72_0'}
{'68_0'}

MOBsuite splits:
{'67_0', '62_0'}{'90_0', '80_0'}
{'67_0', '62_0'}{'90_0'}{'80_0'}
{'67_0', '62_0'}{'90_0'}{'80_0'}
{'61_0'}
{'97_1'}{'43_0', '72_0', '79_0', '38_0'}
{'97_1'}{'38_0', '72_0'}{'43_0', '79_0'}
{'97_1'}{'38_0', '72_0'}{'43_0', '79_0'}
{'68_0'}
#-------------------------



