Combination 0
Score:		0.6126117948904137

Decomposition of weighted lengths HyAsP|MOBsuite|Common:		44607.0|4726.0|1286.5|

HyAsP plasmids:
3:	23,
4:	91,61,57,43,78,34,68,65,48,70,40,59,56,63,42,39,49,86,37,16_0,21_0,29_0,36_0,
7:	24_0,
8:	17,
9:	77,43,58,68,64,48,71,61,31_0,29_1,
10:	35,
12:	27,92,

MOBsuite plasmids:
AF632:	24_0,
AE312:	25,16_0,21_0,31_0,29_0,36_0,

HyAsP splits:
{'31_0'}
{'36_0', '21_0', '16_0', '29_0'}
{'24_0'}

MOBsuite splits:
{'36_0', '21_0', '16_0', '29_0'}{'31_0'}
{'36_0', '21_0', '16_0', '29_0'}{'31_0'}
{'24_0'}
#-------------------------



Combination 1
Score:		0.6289559355674158

Decomposition of weighted lengths HyAsP|MOBsuite|Common:		44607.0|4726.0|2637.0|

HyAsP plasmids:
3:	23,
4:	91,61,57,43,78,34,68,65,48,70,40,59,56,63,42,39,49,86,37,16_0,21_0,29_0,36_0,
7:	24_0,
8:	17,
9:	77,43,58,68,64,48,71,61,31_0,29_1,
10:	35,
12:	27,92,

MOBsuite plasmids:
AF632:	24_0,
AE312:	25,16_0,21_0,31_0,29_1,36_0,

HyAsP splits:
{'31_0', '29_1'}
{'36_0', '21_0', '16_0'}
{'24_0'}

MOBsuite splits:
{'36_0', '21_0', '16_0'}{'31_0', '29_1'}
{'36_0', '21_0', '16_0'}{'31_0', '29_1'}
{'24_0'}
#-------------------------



