Combination 0
Score:		0.4028909831889964

Decomposition of weighted lengths HyAsP|MOBsuite|Common:		14642.0|0.0|10666.0|

HyAsP plasmids:
3:	35,33,43,45,40,27_0,30_0,29_0,16_0,28_0,22_0,
4:	25,46,40,41,31_0,
6:	32,50,
7:	26,47,49,

MOBsuite plasmids:
AE312:	31_0,16_0,
AB918:	27_0,30_0,29_0,28_0,22_0,

HyAsP splits:
{'16_0'}{'30_0', '27_0', '28_0', '29_0', '22_0'}
{'16_0'}{'30_0', '27_0', '28_0', '29_0', '22_0'}
{'31_0'}

MOBsuite splits:
{'30_0', '27_0', '28_0', '29_0', '22_0'}
{'16_0'}{'31_0'}
{'16_0'}{'31_0'}
#-------------------------



