Combination 1
Score:		0.4842617237008872

Decomposition of weighted lengths HyAsP|MOBsuite|Common:		34819.0|31063.0|10534.5|

HyAsP plasmids:
3:	43_0,
4:	34_0,
5:	30_0,
6:	65,56,58_0,44_0,
7:	46,63,76,62,58_1,51_0,
9:	38,78,62,63,73,79,60,77,53_0,37_0,
10:	48,
11:	41_0,
12:	49_0,
15:	52,61,
17:	54,

MOBsuite plasmids:
AG970:	41_0,
d7db0d8bab38d36f1eb636d86fee2b83:	44_0,
21c0de992170127be24c25d098c44652:	50,
AD288:	47,43_0,58_1,51_0,
AF663:	34_0,37_0,
81f374b7c8dc4c9fddf7ea68063f1ad0:	39,
AE312:	42,30_0,
AD569:	53_0,
AF632:	49_0,

HyAsP splits:
{'43_0'}
{'58_1', '51_0'}
{'37_0'}{'53_0'}
{'37_0'}{'53_0'}
{'34_0'}
{'30_0'}
{'44_0'}
{'41_0'}
{'49_0'}

MOBsuite splits:
{'43_0'}{'58_1', '51_0'}
{'43_0'}{'58_1', '51_0'}
{'53_0'}
{'34_0'}{'37_0'}
{'34_0'}{'37_0'}
{'30_0'}
{'44_0'}
{'41_0'}
{'49_0'}
#-------------------------



Combination 0
Score:		0.48773764258555136

Decomposition of weighted lengths HyAsP|MOBsuite|Common:		34819.0|31063.0|11083.0|

HyAsP plasmids:
3:	43_0,
4:	34_0,
5:	30_0,
6:	65,56,58_0,44_0,
7:	46,63,76,62,58_1,51_0,
9:	38,78,62,63,73,79,60,77,53_0,37_0,
10:	48,
11:	41_0,
12:	49_0,
15:	52,61,
17:	54,

MOBsuite plasmids:
AG970:	41_0,
d7db0d8bab38d36f1eb636d86fee2b83:	44_0,
21c0de992170127be24c25d098c44652:	50,
AD288:	47,43_0,58_0,51_0,
AF663:	34_0,37_0,
81f374b7c8dc4c9fddf7ea68063f1ad0:	39,
AE312:	42,30_0,
AD569:	53_0,
AF632:	49_0,

HyAsP splits:
{'43_0'}
{'51_0'}
{'44_0'}{'58_0'}
{'44_0'}{'58_0'}
{'37_0'}{'53_0'}
{'37_0'}{'53_0'}
{'34_0'}
{'30_0'}
{'41_0'}
{'49_0'}

MOBsuite splits:
{'43_0'}{'58_0', '51_0'}
{'43_0'}{'58_0'}{'51_0'}
{'43_0'}{'58_0'}{'51_0'}
{'44_0'}
{'53_0'}
{'34_0'}{'37_0'}
{'34_0'}{'37_0'}
{'30_0'}
{'41_0'}
{'49_0'}
#-------------------------



