Combination 1
Score:		0.3723391741208185

Decomposition of weighted lengths HyAsP|MOBsuite|Common:		47374.0|0.0|28592.5|

HyAsP plasmids:
1:	57,39,43,51,44,
2:	31_0,
3:	54,70,53,69,41,59,60,52,42_0,24_0,45_0,38_0,46_0,48_0,37_0,
4:	69,52,60,59,23_0,35_0,30_0,
5:	34,69,65,54,70,53,52,56,27,71,
6:	18_0,
7:	33_0,
8:	32_0,
9:	36_0,
11:	54,53,65,71,40_0,
12:	28,52,56,48_1,

MOBsuite plasmids:
AF632:	36_0,
AD288:	42_0,31_0,37_0,
cdc907c2599f31565f9f08f7c8738452:	24_0,45_0,46_0,
AD569:	40_0,
154b9e5752bfb42643e2431f1d496ab5:	35_0,
AF663:	23_0,38_0,48_1,33_0,
AG970:	32_0,
AE312:	30_0,18_0,

HyAsP splits:
{'37_0', '42_0'}{'38_0', '46_0', '45_0', '24_0'}
{'37_0', '42_0'}{'46_0', '45_0', '24_0'}{'38_0'}
{'37_0', '42_0'}{'46_0', '45_0', '24_0'}{'38_0'}
{'18_0'}
{'35_0'}{'30_0', '23_0'}
{'35_0'}{'23_0'}{'30_0'}
{'35_0'}{'23_0'}{'30_0'}
{'33_0'}
{'31_0'}
{'48_1'}
{'32_0'}
{'36_0'}
{'40_0'}

MOBsuite splits:
{'46_0', '45_0', '24_0'}
{'38_0'}{'23_0', '48_1', '33_0'}
{'38_0'}{'23_0'}{'48_1', '33_0'}
{'38_0'}{'23_0'}{'33_0'}{'48_1'}
{'38_0'}{'23_0'}{'33_0'}{'48_1'}
{'35_0'}
{'30_0'}{'18_0'}
{'30_0'}{'18_0'}
{'31_0'}{'37_0', '42_0'}
{'31_0'}{'37_0', '42_0'}
{'32_0'}
{'36_0'}
{'40_0'}
#-------------------------



Combination 0
Score:		0.3752995956377895

Decomposition of weighted lengths HyAsP|MOBsuite|Common:		47374.0|0.0|29196.5|

HyAsP plasmids:
1:	57,39,43,51,44,
2:	31_0,
3:	54,70,53,69,41,59,60,52,42_0,24_0,45_0,38_0,46_0,48_0,37_0,
4:	69,52,60,59,23_0,35_0,30_0,
5:	34,69,65,54,70,53,52,56,27,71,
6:	18_0,
7:	33_0,
8:	32_0,
9:	36_0,
11:	54,53,65,71,40_0,
12:	28,52,56,48_1,

MOBsuite plasmids:
AF632:	36_0,
AD288:	42_0,31_0,37_0,
cdc907c2599f31565f9f08f7c8738452:	24_0,45_0,46_0,
AD569:	40_0,
154b9e5752bfb42643e2431f1d496ab5:	35_0,
AF663:	23_0,38_0,48_0,33_0,
AG970:	32_0,
AE312:	30_0,18_0,

HyAsP splits:
{'37_0', '42_0'}{'46_0', '45_0', '24_0', '48_0', '38_0'}
{'37_0', '42_0'}{'46_0', '45_0', '24_0'}{'38_0', '48_0'}
{'37_0', '42_0'}{'46_0', '45_0', '24_0'}{'38_0', '48_0'}
{'18_0'}
{'35_0'}{'30_0', '23_0'}
{'35_0'}{'23_0'}{'30_0'}
{'35_0'}{'23_0'}{'30_0'}
{'33_0'}
{'31_0'}
{'32_0'}
{'36_0'}
{'40_0'}

MOBsuite splits:
{'46_0', '45_0', '24_0'}
{'38_0', '48_0'}{'23_0', '33_0'}
{'38_0', '48_0'}{'23_0'}{'33_0'}
{'38_0', '48_0'}{'23_0'}{'33_0'}
{'35_0'}
{'30_0'}{'18_0'}
{'30_0'}{'18_0'}
{'31_0'}{'37_0', '42_0'}
{'31_0'}{'37_0', '42_0'}
{'32_0'}
{'36_0'}
{'40_0'}
#-------------------------



