Combination 0
Score:		0.6960482960612625

Decomposition of weighted lengths HyAsP|MOBsuite|Common:		61731.0|19371.0|10155.5|

HyAsP plasmids:
2:	73,62,63,70,64,
4:	43_0,
5:	48,69,75,35,65,67_0,
6:	84,80,83,69,54_0,45_0,
7:	46,80,83,69,
8:	50_0,
9:	56_0,

MOBsuite plasmids:
AF632:	56_0,
AD288:	60,54_0,67_0,
AG970:	50_0,
AF663:	45_0,43_0,
b9932c542939f3ebb0845e3da3967a5e:	58,
ee937b7e9df3d7a6c1bc353b9ebe8b45:	47,

HyAsP splits:
{'43_0'}
{'54_0'}{'45_0'}
{'54_0'}{'45_0'}
{'67_0'}
{'50_0'}
{'56_0'}

MOBsuite splits:
{'67_0'}{'54_0'}
{'67_0'}{'54_0'}
{'43_0'}{'45_0'}
{'43_0'}{'45_0'}
{'50_0'}
{'56_0'}
#-------------------------



