Combination 0
Score:		0.3523142043260649

Decomposition of weighted lengths HyAsP|MOBsuite|Common:		26679.0|15536.0|6144.0|

HyAsP plasmids:
3:	62,50,65,34,41_0,
4:	49_0,44_0,16_0,
5:	24_0,
6:	32_0,
7:	36_0,
8:	39_0,
9:	33,
11:	42,51,
12:	45,

MOBsuite plasmids:
AE312:	16_0,41_0,
AB528:	43,49_0,44_0,24_0,
AF632:	39_0,
AG970:	36_0,
AB527:	30,32_0,

HyAsP splits:
{'16_0'}{'49_0', '44_0'}
{'16_0'}{'49_0', '44_0'}
{'24_0'}
{'41_0'}
{'32_0'}
{'36_0'}
{'39_0'}

MOBsuite splits:
{'41_0'}{'16_0'}
{'41_0'}{'16_0'}
{'49_0', '44_0'}{'24_0'}
{'49_0', '44_0'}{'24_0'}
{'32_0'}
{'36_0'}
{'39_0'}
#-------------------------



