Combination 0
Score:		0.5144753851125714

Decomposition of weighted lengths HyAsP|MOBsuite|Common:		47709.0|26580.0|2125.0|

HyAsP plasmids:
1:	48,36,34,44,37,
2:	51,63,49,45,29,58,62,47,25_0,39_0,30_0,42_0,
3:	35,51,56,45,58,49,20,38_0,18_0,
4:	28_0,
5:	32_0,
11:	45,49,63,58,31_0,

MOBsuite plasmids:
232b5525780691807370e36cf9ca4165:	23,38_0,39_0,
AG970:	28_0,
df6e69e9d66b304969723ce269978e4d:	31_0,
AD288:	33,25_0,30_0,42_0,
AF632:	32_0,
AF663:	18_0,

HyAsP splits:
{'38_0'}{'18_0'}
{'38_0'}{'18_0'}
{'39_0'}{'42_0', '30_0', '25_0'}
{'39_0'}{'42_0', '30_0', '25_0'}
{'28_0'}
{'32_0'}
{'31_0'}

MOBsuite splits:
{'18_0'}
{'39_0'}{'38_0'}
{'39_0'}{'38_0'}
{'42_0', '30_0', '25_0'}
{'28_0'}
{'32_0'}
{'31_0'}
#-------------------------



