Combination 0
Score:		0.2632086615846145

Decomposition of weighted lengths HyAsP|MOBsuite|Common:		16629.0|4289.0|10053.5|

HyAsP plasmids:
3:	27_0,
4:	52,46,30,33_0,
5:	49,54,60,46,52,36,43_0,23_0,28_0,39_0,40_0,
6:	60,46,61,48,54,18_0,29_0,
7:	26_0,
8:	31_0,
9:	35,45,
10:	37,

MOBsuite plasmids:
AF663:	18_0,29_0,
AD288:	34,43_0,28_0,33_0,27_0,
f317b1b1402f86748cc6f578bea00078:	23_0,39_0,40_0,
AF632:	31_0,
AG970:	26_0,

HyAsP splits:
{'27_0'}
{'43_0', '28_0'}{'39_0', '40_0', '23_0'}
{'43_0', '28_0'}{'39_0', '40_0', '23_0'}
{'33_0'}
{'29_0', '18_0'}
{'26_0'}
{'31_0'}

MOBsuite splits:
{'39_0', '40_0', '23_0'}
{'27_0'}{'43_0', '28_0', '33_0'}
{'27_0'}{'33_0'}{'43_0', '28_0'}
{'27_0'}{'33_0'}{'43_0', '28_0'}
{'29_0', '18_0'}
{'26_0'}
{'31_0'}
#-------------------------



