Combination 1
Score:		0.4848119453622473

Decomposition of weighted lengths HyAsP|MOBsuite|Common:		57166.0|13761.0|5666.5|

HyAsP plasmids:
2:	59,68,54,56_0,
3:	73,34,67,53_0,37_0,
4:	72,60,25,46,29_0,56_1,
5:	41_0,
6:	49,
9:	44,
20:	23_0,

MOBsuite plasmids:
AC726:	36,52,55,57,53_0,37_0,29_0,56_1,
AE313:	23_0,
AG970:	41_0,

HyAsP splits:
{'37_0', '53_0'}
{'29_0', '56_1'}
{'41_0'}
{'23_0'}

MOBsuite splits:
{'37_0', '53_0'}{'29_0', '56_1'}
{'53_0', '37_0'}{'29_0', '56_1'}
{'41_0'}
{'23_0'}
#-------------------------



Combination 0
Score:		0.4884166951502032

Decomposition of weighted lengths HyAsP|MOBsuite|Common:		57166.0|13761.0|6236.0|

HyAsP plasmids:
2:	59,68,54,56_0,
3:	73,34,67,53_0,37_0,
4:	72,60,25,46,29_0,56_1,
5:	41_0,
6:	49,
9:	44,
20:	23_0,

MOBsuite plasmids:
AC726:	36,52,55,57,53_0,37_0,29_0,56_0,
AE313:	23_0,
AG970:	41_0,

HyAsP splits:
{'56_0'}
{'37_0', '53_0'}
{'29_0'}
{'41_0'}
{'23_0'}

MOBsuite splits:
{'56_0'}{'29_0', '53_0', '37_0'}
{'56_0'}{'37_0', '53_0'}{'29_0'}
{'56_0'}{'53_0', '37_0'}{'29_0'}
{'41_0'}
{'23_0'}
#-------------------------



