Combination 0
Score:		0.5907719454209938

Decomposition of weighted lengths HyAsP|MOBsuite|Common:		59264.0|22823.0|5632.0|

HyAsP plasmids:
2:	115,90,128,120,93,105,130,85_0,81_0,
3:	99,145,122,118,100,137,167,54,172,116,182,165,112,163,63_0,46_0,
4:	169,179,101,176,73,61,184,194,56_0,60_0,
6:	51_0,
7:	47,148,130,140,138,124,96,121,163,84_0,71_0,83_0,
9:	65_0,
10:	78,
16:	80,
20:	75,117,122,107,97,109,63_1,

MOBsuite plasmids:
f9a72a142b2ed1c78a0160a31f376a2d:	51_0,
AE314:	84_0,83_0,85_0,63_0,46_0,81_0,
6ae43ea7e5f02a9e6268c11cf87ecd65:	69,71_0,56_0,60_0,
AF632:	65_0,
ec835789f92693bba811c885e41172ad:	52,59,

HyAsP splits:
{'81_0', '85_0'}
{'84_0', '83_0'}{'71_0'}
{'84_0', '83_0'}{'71_0'}
{'46_0', '63_0'}
{'60_0', '56_0'}
{'51_0'}
{'65_0'}

MOBsuite splits:
{'81_0', '85_0'}{'46_0', '63_0', '84_0', '83_0'}
{'81_0', '85_0'}{'46_0', '63_0'}{'84_0', '83_0'}
{'81_0', '85_0'}{'46_0', '63_0'}{'84_0', '83_0'}
{'60_0', '56_0'}{'71_0'}
{'60_0', '56_0'}{'71_0'}
{'51_0'}
{'65_0'}
#-------------------------



Combination 1
Score:		0.6085990221036893

Decomposition of weighted lengths HyAsP|MOBsuite|Common:		59264.0|22823.0|8279.0|

HyAsP plasmids:
2:	115,90,128,120,93,105,130,85_0,81_0,
3:	99,145,122,118,100,137,167,54,172,116,182,165,112,163,63_0,46_0,
4:	169,179,101,176,73,61,184,194,56_0,60_0,
6:	51_0,
7:	47,148,130,140,138,124,96,121,163,84_0,71_0,83_0,
9:	65_0,
10:	78,
16:	80,
20:	75,117,122,107,97,109,63_1,

MOBsuite plasmids:
f9a72a142b2ed1c78a0160a31f376a2d:	51_0,
AE314:	84_0,83_0,85_0,63_1,46_0,81_0,
6ae43ea7e5f02a9e6268c11cf87ecd65:	69,71_0,56_0,60_0,
AF632:	65_0,
ec835789f92693bba811c885e41172ad:	52,59,

HyAsP splits:
{'84_0', '83_0'}{'71_0'}
{'84_0', '83_0'}{'71_0'}
{'46_0'}
{'81_0', '85_0'}
{'63_1'}
{'60_0', '56_0'}
{'51_0'}
{'65_0'}

MOBsuite splits:
{'81_0', '85_0'}{'46_0', '63_1', '84_0', '83_0'}
{'81_0', '85_0'}{'46_0'}{'63_1', '84_0', '83_0'}
{'81_0', '85_0'}{'46_0'}{'84_0', '83_0'}{'63_1'}
{'81_0', '85_0'}{'46_0'}{'84_0', '83_0'}{'63_1'}
{'60_0', '56_0'}{'71_0'}
{'60_0', '56_0'}{'71_0'}
{'51_0'}
{'65_0'}
#-------------------------



