Combination 0
Score:		0.31054908957513505

Decomposition of weighted lengths HyAsP|MOBsuite|Common:		14885.0|10633.0|11730.5|

HyAsP plasmids:
2:	99,45,52,106,
4:	57,49,41_0,
7:	69,103,71,58,97,88,98,57,56_0,28_0,25_0,
8:	30_0,
10:	98,88,97,60,58,87,44_0,
15:	38_0,

MOBsuite plasmids:
AE312:	30_0,38_0,
AB528:	50,51,53,41_0,56_0,44_0,28_0,25_0,
AF632:	42,

HyAsP splits:
{'28_0', '56_0', '25_0'}
{'41_0'}
{'44_0'}
{'38_0'}
{'30_0'}

MOBsuite splits:
{'41_0'}{'25_0', '44_0', '56_0', '28_0'}
{'41_0'}{'28_0', '56_0', '25_0'}{'44_0'}
{'41_0'}{'28_0', '56_0', '25_0'}{'44_0'}
{'30_0'}{'38_0'}
{'30_0'}{'38_0'}
#-------------------------



