Combination 0
Score:		0.5410617981678487

Decomposition of weighted lengths HyAsP|MOBsuite|Common:		57870.0|0.0|720.5|

HyAsP plasmids:
1:	25,31,42,35,38,12_0,16_0,21_0,
2:	25,31,42,35,10,38,43,15,28,21_1,
6:	13_0,21_2,
7:	28,19_0,
8:	18,41,17,37,

MOBsuite plasmids:
AD288:	12_0,16_0,21_0,
be12de5bff86c6afe2f905deb3ba2839:	19_0,13_0,

HyAsP splits:
{'12_0', '21_0', '16_0'}
{'19_0'}
{'13_0'}

MOBsuite splits:
{'12_0', '21_0', '16_0'}
{'13_0'}{'19_0'}
{'13_0'}{'19_0'}
#-------------------------



Combination 1
Score:		0.546126994680851

Decomposition of weighted lengths HyAsP|MOBsuite|Common:		57870.0|0.0|1269.0|

HyAsP plasmids:
1:	25,31,42,35,38,12_0,16_0,21_0,
2:	25,31,42,35,10,38,43,15,28,21_1,
6:	13_0,21_2,
7:	28,19_0,
8:	18,41,17,37,

MOBsuite plasmids:
AD288:	12_0,16_0,21_1,
be12de5bff86c6afe2f905deb3ba2839:	19_0,13_0,

HyAsP splits:
{'21_1'}
{'12_0', '16_0'}
{'19_0'}
{'13_0'}

MOBsuite splits:
{'12_0', '16_0'}{'21_1'}
{'12_0', '16_0'}{'21_1'}
{'13_0'}{'19_0'}
{'13_0'}{'19_0'}
#-------------------------



Combination 2
Score:		0.5511921911938534

Decomposition of weighted lengths HyAsP|MOBsuite|Common:		57870.0|0.0|1817.5|

HyAsP plasmids:
1:	25,31,42,35,38,12_0,16_0,21_0,
2:	25,31,42,35,10,38,43,15,28,21_1,
6:	13_0,21_2,
7:	28,19_0,
8:	18,41,17,37,

MOBsuite plasmids:
AD288:	12_0,16_0,21_2,
be12de5bff86c6afe2f905deb3ba2839:	19_0,13_0,

HyAsP splits:
{'19_0'}
{'21_2'}{'13_0'}
{'21_2'}{'13_0'}
{'12_0', '16_0'}

MOBsuite splits:
{'13_0'}{'19_0'}
{'13_0'}{'19_0'}
{'12_0', '16_0'}{'21_2'}
{'12_0', '16_0'}{'21_2'}
#-------------------------



