Combination 0
Score:		0.2689273922682423

Decomposition of weighted lengths HyAsP|MOBsuite|Common:		17922.0|0.0|10342.0|

HyAsP plasmids:
3:	47_0,
4:	71,69,56_0,23_0,
5:	71,69,24_0,57_0,
6:	28_0,
7:	34,
8:	50,
9:	63,64,59,69,38_0,
13:	51,
15:	45,61,

MOBsuite plasmids:
AE312:	24_0,
6ce346f291d9a95b80115af645291c08:	38_0,
AB528:	47_0,56_0,23_0,57_0,28_0,

HyAsP splits:
{'28_0'}
{'24_0'}{'57_0'}
{'24_0'}{'57_0'}
{'47_0'}
{'23_0', '56_0'}
{'38_0'}

MOBsuite splits:
{'24_0'}
{'47_0'}{'23_0', '28_0', '57_0', '56_0'}
{'47_0'}{'23_0', '56_0'}{'28_0', '57_0'}
{'47_0'}{'23_0', '56_0'}{'57_0'}{'28_0'}
{'47_0'}{'23_0', '56_0'}{'57_0'}{'28_0'}
{'38_0'}
#-------------------------



