Combination 1
Score:		0.7213157437944802

Decomposition of weighted lengths HyAsP|MOBsuite|Common:		47410.0|3604.0|11318.5|

HyAsP plasmids:
2:	37,67,66,55,51,70,43,63,31_0,46_0,32_0,
3:	67,66,55,51,64,34,30_0,
5:	27_0,
6:	24,63,70,41,46_1,
8:	49,40,
9:	42,

MOBsuite plasmids:
34dfa8476f48d1fbd20b9a3b7e860aa7:	27_0,31_0,
AD288:	38,30_0,46_1,32_0,

HyAsP splits:
{'30_0'}
{'31_0'}{'32_0'}
{'31_0'}{'32_0'}
{'46_1'}
{'27_0'}

MOBsuite splits:
{'32_0'}{'30_0', '46_1'}
{'32_0'}{'30_0'}{'46_1'}
{'32_0'}{'30_0'}{'46_1'}
{'31_0'}{'27_0'}
{'31_0'}{'27_0'}
#-------------------------



Combination 0
Score:		0.727344789677718

Decomposition of weighted lengths HyAsP|MOBsuite|Common:		47410.0|3604.0|11839.5|

HyAsP plasmids:
2:	37,67,66,55,51,70,43,63,31_0,46_0,32_0,
3:	67,66,55,51,64,34,30_0,
5:	27_0,
6:	24,63,70,41,46_1,
8:	49,40,
9:	42,

MOBsuite plasmids:
34dfa8476f48d1fbd20b9a3b7e860aa7:	27_0,31_0,
AD288:	38,30_0,46_0,32_0,

HyAsP splits:
{'30_0'}
{'31_0'}{'46_0', '32_0'}
{'31_0'}{'46_0', '32_0'}
{'27_0'}

MOBsuite splits:
{'46_0', '32_0'}{'30_0'}
{'46_0', '32_0'}{'30_0'}
{'31_0'}{'27_0'}
{'31_0'}{'27_0'}
#-------------------------



