Combination 0
Score:		0.4617089379862999

Decomposition of weighted lengths HyAsP|MOBsuite|Common:		16164.0|27869.0|37321.5|

HyAsP plasmids:
1:	82,71,51,59,58_0,43_0,32_0,41_0,
2:	55_0,
5:	44_0,
6:	123,94,68,31_0,56_0,
13:	77,92,47_0,

MOBsuite plasmids:
AD058:	43_0,
AD582:	50,57,44_0,58_0,
AF568:	48,63,64,47_0,31_0,55_0,56_0,32_0,41_0,

HyAsP splits:
{'47_0'}
{'56_0', '31_0'}
{'43_0'}{'32_0', '41_0', '58_0'}
{'43_0'}{'58_0'}{'32_0', '41_0'}
{'43_0'}{'58_0'}{'32_0', '41_0'}
{'55_0'}
{'44_0'}

MOBsuite splits:
{'58_0'}{'44_0'}
{'58_0'}{'44_0'}
{'43_0'}
{'32_0', '41_0'}{'56_0', '31_0', '55_0', '47_0'}
{'32_0', '41_0'}{'55_0'}{'56_0', '31_0', '47_0'}
{'32_0', '41_0'}{'55_0'}{'56_0', '31_0'}{'47_0'}
{'32_0', '41_0'}{'55_0'}{'56_0', '31_0'}{'47_0'}
#-------------------------



