Combination 0
Score:		0.6011475394378283

Decomposition of weighted lengths HyAsP|MOBsuite|Common:		41380.0|20312.0|2061.5|

HyAsP plasmids:
2:	143,48,68,73,51_0,75_0,39_0,
4:	55_0,
8:	106,120,192,188,180,190,213,227,130,189,231,
12:	126,142,138,118,103,99,165,80,160,220,157,124,140,113,152,144,86,97,159,71,46_0,70_0,52_0,58_0,56_0,60_0,
14:	119,83,223,110,38,91,230,92,51_1,

MOBsuite plasmids:
AD058:	51_0,75_0,39_0,
95c3d883c57e099ac356a29f4b455cf9:	45,49,59,72,78,81,46_0,70_0,52_0,55_0,58_0,56_0,60_0,

HyAsP splits:
{'39_0', '75_0', '51_0'}
{'55_0'}
{'60_0', '52_0', '70_0', '46_0', '58_0', '56_0'}

MOBsuite splits:
{'39_0', '75_0', '51_0'}
{'55_0'}{'60_0', '52_0', '70_0', '46_0', '58_0', '56_0'}
{'55_0'}{'60_0', '52_0', '70_0', '46_0', '58_0', '56_0'}
#-------------------------



Combination 1
Score:		0.6226179363148614

Decomposition of weighted lengths HyAsP|MOBsuite|Common:		41380.0|20312.0|4338.5|

HyAsP plasmids:
2:	143,48,68,73,51_0,75_0,39_0,
4:	55_0,
8:	106,120,192,188,180,190,213,227,130,189,231,
12:	126,142,138,118,103,99,165,80,160,220,157,124,140,113,152,144,86,97,159,71,46_0,70_0,52_0,58_0,56_0,60_0,
14:	119,83,223,110,38,91,230,92,51_1,

MOBsuite plasmids:
AD058:	51_1,75_0,39_0,
95c3d883c57e099ac356a29f4b455cf9:	45,49,59,72,78,81,46_0,70_0,52_0,55_0,58_0,56_0,60_0,

HyAsP splits:
{'51_1'}
{'39_0', '75_0'}
{'55_0'}
{'60_0', '52_0', '70_0', '46_0', '58_0', '56_0'}

MOBsuite splits:
{'39_0', '75_0'}{'51_1'}
{'39_0', '75_0'}{'51_1'}
{'55_0'}{'60_0', '52_0', '70_0', '46_0', '58_0', '56_0'}
{'55_0'}{'60_0', '52_0', '70_0', '46_0', '58_0', '56_0'}
#-------------------------



