Combination 0
Score:		0.674732442777908

Decomposition of weighted lengths HyAsP|MOBsuite|Common:		48771.0|1026.0|2026.5|

HyAsP plasmids:
2:	42,55,39,51,30,19_0,25_0,18_0,
6:	16,25_1,
7:	25_2,21_0,
9:	23,54,22,28,
12:	20,25_3,

MOBsuite plasmids:
AD288:	26,19_0,25_0,18_0,21_0,

HyAsP splits:
{'18_0', '19_0', '25_0'}
{'21_0'}

MOBsuite splits:
{'18_0', '19_0', '25_0'}{'21_0'}
{'18_0', '19_0', '25_0'}{'21_0'}
#-------------------------



Combination 1
Score:		0.6818738119417754

Decomposition of weighted lengths HyAsP|MOBsuite|Common:		48771.0|1026.0|2575.0|

HyAsP plasmids:
2:	42,55,39,51,30,19_0,25_0,18_0,
6:	16,25_1,
7:	25_2,21_0,
9:	23,54,22,28,
12:	20,25_3,

MOBsuite plasmids:
AD288:	26,19_0,25_1,18_0,21_0,

HyAsP splits:
{'18_0', '19_0'}
{'21_0'}
{'25_1'}

MOBsuite splits:
{'18_0', '19_0'}{'25_1', '21_0'}
{'18_0', '19_0'}{'25_1'}{'21_0'}
{'18_0', '19_0'}{'25_1'}{'21_0'}
#-------------------------



Combination 2
Score:		0.6818738119417754

Decomposition of weighted lengths HyAsP|MOBsuite|Common:		48771.0|1026.0|2575.0|

HyAsP plasmids:
2:	42,55,39,51,30,19_0,25_0,18_0,
6:	16,25_1,
7:	25_2,21_0,
9:	23,54,22,28,
12:	20,25_3,

MOBsuite plasmids:
AD288:	26,19_0,25_2,18_0,21_0,

HyAsP splits:
{'18_0', '19_0'}
{'25_2', '21_0'}

MOBsuite splits:
{'18_0', '19_0'}{'25_2', '21_0'}
{'18_0', '19_0'}{'25_2', '21_0'}
#-------------------------



Combination 3
Score:		0.6818738119417754

Decomposition of weighted lengths HyAsP|MOBsuite|Common:		48771.0|1026.0|2575.0|

HyAsP plasmids:
2:	42,55,39,51,30,19_0,25_0,18_0,
6:	16,25_1,
7:	25_2,21_0,
9:	23,54,22,28,
12:	20,25_3,

MOBsuite plasmids:
AD288:	26,19_0,25_3,18_0,21_0,

HyAsP splits:
{'18_0', '19_0'}
{'25_3'}
{'21_0'}

MOBsuite splits:
{'18_0', '19_0'}{'21_0', '25_3'}
{'18_0', '19_0'}{'21_0'}{'25_3'}
{'18_0', '19_0'}{'21_0'}{'25_3'}
#-------------------------



