Combination 0
Score:		0.6085527571438387

Decomposition of weighted lengths HyAsP|MOBsuite|Common:		58746.0|2328.0|18638.5|

HyAsP plasmids:
4:	83,81,55,22,64,46,67,34_0,44_0,30_0,28_0,
5:	70,53,63,59,56,25_0,27_0,
6:	73,60,91,72,64,61,75,31,90,92,93,41,40_0,33_0,
7:	87,72,91,46,60,73,29,67,35_0,
8:	46,32_0,
9:	38_0,
10:	42,
12:	37,51,
13:	37,85,

MOBsuite plasmids:
e7a78b9a682da9060c5d41980e3dc6b9:	44_0,30_0,
AD569:	38_0,
AD055:	45,27_0,
AD058:	25_0,
AD288:	47,32_0,34_0,40_0,33_0,35_0,28_0,

HyAsP splits:
{'44_0', '30_0'}{'28_0', '34_0'}
{'44_0', '30_0'}{'28_0', '34_0'}
{'35_0'}
{'32_0'}
{'33_0', '40_0'}
{'27_0'}{'25_0'}
{'27_0'}{'25_0'}
{'38_0'}

MOBsuite splits:
{'28_0', '34_0'}{'33_0', '35_0', '40_0', '32_0'}
{'28_0', '34_0'}{'33_0', '40_0'}{'35_0', '32_0'}
{'28_0', '34_0'}{'33_0', '40_0'}{'35_0'}{'32_0'}
{'28_0', '34_0'}{'33_0', '40_0'}{'35_0'}{'32_0'}
{'44_0', '30_0'}
{'25_0'}
{'27_0'}
{'38_0'}
#-------------------------



