Combination 0
Score:		0.680672852539171

Decomposition of weighted lengths HyAsP|MOBsuite|Common:		40053.0|3073.0|5877.0|

HyAsP plasmids:
2:	135,129,128,89,139,144,132,137,59,122,118_0,123_0,113_0,
3:	137,132,144,139,127,101_0,
6:	114_0,
8:	99_0,
9:	121,
12:	112,124,
13:	112,142,
14:	140,125,79_0,

MOBsuite plasmids:
AD288:	115,118_0,79_0,123_0,101_0,113_0,
AF632:	99_0,
AD569:	114_0,

HyAsP splits:
{'118_0', '113_0', '123_0'}
{'79_0'}
{'101_0'}
{'114_0'}
{'99_0'}

MOBsuite splits:
{'118_0', '113_0', '123_0'}{'79_0', '101_0'}
{'118_0', '113_0', '123_0'}{'101_0'}{'79_0'}
{'118_0', '113_0', '123_0'}{'101_0'}{'79_0'}
{'114_0'}
{'99_0'}
#-------------------------



