Combination 0
Score:		0.7817316160281814

Decomposition of weighted lengths HyAsP|MOBsuite|Common:		48222.0|3730.0|4858.0|

HyAsP plasmids:
2:	130,127,118,77_0,
3:	120,136,134,83,89_0,
4:	46,111,115_0,
5:	125,112_0,114_0,
6:	104,137,120,136,
7:	111,121,68,135,92_0,115_1,
8:	117,99,

MOBsuite plasmids:
AD288:	89_0,77_0,92_0,115_0,
AD569:	94,112_0,114_0,

HyAsP splits:
{'77_0'}
{'115_0'}
{'92_0'}
{'89_0'}
{'112_0', '114_0'}

MOBsuite splits:
{'77_0'}{'89_0', '92_0', '115_0'}
{'77_0'}{'89_0'}{'92_0', '115_0'}
{'77_0'}{'89_0'}{'115_0'}{'92_0'}
{'77_0'}{'89_0'}{'115_0'}{'92_0'}
{'112_0', '114_0'}
#-------------------------



Combination 1
Score:		0.7817316160281814

Decomposition of weighted lengths HyAsP|MOBsuite|Common:		48222.0|3730.0|4858.0|

HyAsP plasmids:
2:	130,127,118,77_0,
3:	120,136,134,83,89_0,
4:	46,111,115_0,
5:	125,112_0,114_0,
6:	104,137,120,136,
7:	111,121,68,135,92_0,115_1,
8:	117,99,

MOBsuite plasmids:
AD288:	89_0,77_0,92_0,115_1,
AD569:	94,112_0,114_0,

HyAsP splits:
{'77_0'}
{'115_1', '92_0'}
{'89_0'}
{'112_0', '114_0'}

MOBsuite splits:
{'77_0'}{'89_0', '115_1', '92_0'}
{'77_0'}{'89_0'}{'115_1', '92_0'}
{'77_0'}{'89_0'}{'115_1', '92_0'}
{'112_0', '114_0'}
#-------------------------



