Combination 0
Score:		0.5070759600043844

Decomposition of weighted lengths HyAsP|MOBsuite|Common:		37418.0|0.0|4217.5|

HyAsP plasmids:
1:	19_0,
2:	118,100,85,42,30,105,83,57,117,103,99,31_0,32_0,
4:	97,40,39,104,
5:	39,116,
11:	83,117,85,118,21,42,99,100,29,103,25_0,

MOBsuite plasmids:
2e560ee1c48efda5b7848203256f4091:	25_0,31_0,32_0,
AD055:	19_0,

HyAsP splits:
{'19_0'}
{'31_0', '32_0'}
{'25_0'}

MOBsuite splits:
{'19_0'}
{'31_0', '32_0'}{'25_0'}
{'31_0', '32_0'}{'25_0'}
#-------------------------



