Combination 0
Score:		0.718479181305515

Decomposition of weighted lengths HyAsP|MOBsuite|Common:		73937.0|0.0|5818.5|

HyAsP plasmids:
2:	60,57,46,28,52,63,50,53,64,48,54,26_0,39_0,32_0,
3:	53,64,48,54,23,42,41,33_0,
4:	42,35_0,
5:	49,56,29,50,62,65,66,25,48,67,30,46,36,
6:	42,52,50,66,34_0,
7:	38_0,
8:	31_0,
9:	40,
12:	37,45,
13:	37,61,

MOBsuite plasmids:
AF632:	31_0,
AD288:	26_0,34_0,35_0,33_0,39_0,32_0,
AD569:	38_0,

HyAsP splits:
{'33_0'}
{'39_0', '32_0', '26_0'}
{'34_0'}
{'35_0'}
{'38_0'}
{'31_0'}

MOBsuite splits:
{'39_0', '32_0', '26_0'}{'35_0', '33_0', '34_0'}
{'39_0', '32_0', '26_0'}{'33_0'}{'34_0', '35_0'}
{'39_0', '32_0', '26_0'}{'33_0'}{'35_0'}{'34_0'}
{'39_0', '32_0', '26_0'}{'33_0'}{'35_0'}{'34_0'}
{'38_0'}
{'31_0'}
#-------------------------



