Combination 0
Score:		0.3324259628013388

Decomposition of weighted lengths HyAsP|MOBsuite|Common:		13282.0|2596.0|15507.0|

HyAsP plasmids:
3:	59,54,57,82,
4:	45,72,75,62,68,47,
5:	72,76,62,68,42_0,38_0,
6:	83,39_0,43_0,32_0,
7:	28_0,
8:	30_0,
9:	46_0,
10:	41,
12:	44_0,

MOBsuite plasmids:
AD288:	39_0,43_0,32_0,38_0,
AD055:	30_0,28_0,
AD569:	48,46_0,
AD265:	42_0,44_0,

HyAsP splits:
{'39_0', '43_0', '32_0'}
{'38_0'}{'42_0'}
{'38_0'}{'42_0'}
{'44_0'}
{'30_0'}
{'28_0'}
{'46_0'}

MOBsuite splits:
{'38_0'}{'39_0', '43_0', '32_0'}
{'38_0'}{'39_0', '43_0', '32_0'}
{'42_0'}{'44_0'}
{'42_0'}{'44_0'}
{'28_0'}{'30_0'}
{'28_0'}{'30_0'}
{'46_0'}
#-------------------------



