Combination 0
Score:		0.36404828939049233

Decomposition of weighted lengths HyAsP|MOBsuite|Common:		36601.0|5454.0|25312.5|

HyAsP plasmids:
1:	124,69,
3:	120,78,44,45,60_0,
4:	43_0,
5:	93,97,85,119,115,137,118,51_0,55_0,20_0,25_0,71_0,
6:	31,
8:	77,87,101,46_0,
9:	62_0,
11:	93,92,130,96,119,115,23_0,49_0,
12:	40_0,
17:	58,80,
21:	110,122,72_0,39_0,32_0,

MOBsuite plasmids:
AD058:	54,65,60_0,43_0,
AB529:	23_0,62_0,32_0,
AB530:	51_0,55_0,20_0,46_0,72_0,25_0,71_0,49_0,40_0,
a18cd221a59dd4353478cd816a7a55b9:	39_0,

HyAsP splits:
{'43_0'}
{'60_0'}
{'62_0'}
{'23_0'}{'49_0'}
{'23_0'}{'49_0'}
{'40_0'}
{'46_0'}
{'32_0'}{'39_0', '72_0'}
{'32_0'}{'72_0'}{'39_0'}
{'32_0'}{'72_0'}{'39_0'}
{'25_0', '71_0', '20_0', '55_0', '51_0'}

MOBsuite splits:
{'60_0'}{'43_0'}
{'60_0'}{'43_0'}
{'62_0'}{'32_0', '23_0'}
{'62_0'}{'23_0'}{'32_0'}
{'62_0'}{'23_0'}{'32_0'}
{'39_0'}
{'25_0', '71_0', '20_0', '55_0', '51_0'}{'49_0', '46_0', '40_0', '72_0'}
{'25_0', '71_0', '20_0', '55_0', '51_0'}{'46_0'}{'49_0', '40_0', '72_0'}
{'25_0', '71_0', '20_0', '55_0', '51_0'}{'46_0'}{'49_0'}{'40_0', '72_0'}
{'25_0', '71_0', '20_0', '55_0', '51_0'}{'46_0'}{'49_0'}{'40_0'}{'72_0'}
{'25_0', '71_0', '20_0', '55_0', '51_0'}{'46_0'}{'49_0'}{'40_0'}{'72_0'}
#-------------------------



