Combination 0
Score:		0.28313721596080965

Decomposition of weighted lengths HyAsP|MOBsuite|Common:		7457.0|19608.0|7151.0|

HyAsP plasmids:
2:	55,52,25_0,
4:	54,52,31_0,
5:	55,52,20_0,
7:	47,50,44,39,45,19_0,34_0,30_0,
8:	54,52,24_0,
10:	33,53,
11:	37,

MOBsuite plasmids:
AE311:	26,28,29,20_0,
AD288:	31_0,25_0,
AD582:	35,19_0,24_0,34_0,30_0,

HyAsP splits:
{'25_0'}
{'31_0'}
{'20_0'}
{'24_0'}
{'30_0', '34_0', '19_0'}

MOBsuite splits:
{'25_0'}{'31_0'}
{'25_0'}{'31_0'}
{'20_0'}
{'30_0', '34_0', '19_0'}{'24_0'}
{'30_0', '34_0', '19_0'}{'24_0'}
#-------------------------



