Combination 0
Score:		0.5979317901657307

Decomposition of weighted lengths HyAsP|MOBsuite|Common:		42704.0|0.0|9682.0|

HyAsP plasmids:
2:	80,76,37_0,66_0,
3:	80,76,63_0,59_0,
4:	80,54_0,
5:	69_0,58_0,
6:	43,71_0,
7:	46,82,86,
8:	70,88,64,84,68,
11:	64,75,

MOBsuite plasmids:
AD058:	59_0,
AE309:	37_0,
AB756:	69_0,71_0,63_0,58_0,66_0,54_0,

HyAsP splits:
{'54_0'}
{'59_0'}{'63_0'}
{'59_0'}{'63_0'}
{'37_0'}{'66_0'}
{'37_0'}{'66_0'}
{'71_0'}
{'58_0', '69_0'}

MOBsuite splits:
{'66_0'}{'54_0', '63_0', '71_0', '58_0', '69_0'}
{'66_0'}{'63_0'}{'71_0', '54_0', '58_0', '69_0'}
{'66_0'}{'63_0'}{'54_0'}{'71_0', '58_0', '69_0'}
{'66_0'}{'63_0'}{'54_0'}{'58_0', '69_0'}{'71_0'}
{'66_0'}{'63_0'}{'54_0'}{'58_0', '69_0'}{'71_0'}
{'59_0'}
{'37_0'}
#-------------------------



