Combination 0
Score:		0.4024065514469453

Decomposition of weighted lengths HyAsP|MOBsuite|Common:		26364.0|14133.0|15569.499999999998|

HyAsP plasmids:
3:	77,54,33,55_0,42_0,56_0,
5:	39_0,
6:	76,70,61,63,66,44,46,58_0,29_0,49_0,28_0,47_0,
7:	36_0,
8:	34_0,
9:	31_0,
10:	38_0,
12:	51,83,43,79,

MOBsuite plasmids:
AD288:	35,57,39_0,42_0,56_0,
AF632:	38_0,
AB528:	48,50,58_0,55_0,36_0,29_0,49_0,31_0,28_0,47_0,
AG970:	34_0,

HyAsP splits:
{'29_0', '49_0', '47_0', '58_0', '28_0'}
{'39_0'}
{'31_0'}
{'56_0', '42_0'}{'55_0'}
{'56_0', '42_0'}{'55_0'}
{'36_0'}
{'34_0'}
{'38_0'}

MOBsuite splits:
{'56_0', '42_0'}{'39_0'}
{'56_0', '42_0'}{'39_0'}
{'55_0'}{'29_0', '49_0', '36_0', '47_0', '58_0', '31_0', '28_0'}
{'55_0'}{'29_0', '49_0', '47_0', '58_0', '28_0'}{'31_0', '36_0'}
{'55_0'}{'29_0', '49_0', '47_0', '58_0', '28_0'}{'36_0'}{'31_0'}
{'55_0'}{'29_0', '49_0', '47_0', '58_0', '28_0'}{'36_0'}{'31_0'}
{'34_0'}
{'38_0'}
#-------------------------



