Combination 0
Score:		0.42018900647718826

Decomposition of weighted lengths HyAsP|MOBsuite|Common:		38714.0|5638.0|15006.0|

HyAsP plasmids:
3:	41,25_0,53_0,
4:	49,
5:	34_0,
7:	50,79,75,76,59,52_0,
8:	61,
10:	60,
11:	64,
13:	57,71,
16:	32_0,51_0,

MOBsuite plasmids:
AD058:	52_0,
AE312:	32_0,
AB530:	56,66,25_0,34_0,53_0,51_0,

HyAsP splits:
{'32_0'}{'51_0'}
{'32_0'}{'51_0'}
{'34_0'}
{'53_0', '25_0'}
{'52_0'}

MOBsuite splits:
{'32_0'}
{'53_0', '25_0'}{'51_0', '34_0'}
{'53_0', '25_0'}{'34_0'}{'51_0'}
{'53_0', '25_0'}{'34_0'}{'51_0'}
{'52_0'}
#-------------------------



