Combination 0
Score:		0.6567416164757838

Decomposition of weighted lengths HyAsP|MOBsuite|Common:		124440.0|23672.0|4763.0|

HyAsP plasmids:
3:	36_0,
4:	35_0,
5:	57,12,54,64,43,56,32,38_0,45_0,18_0,
8:	42,
9:	40_0,
13:	39,49,

MOBsuite plasmids:
AE312:	26,
AB530:	46,38_0,45_0,18_0,
AD058:	40_0,35_0,36_0,

HyAsP splits:
{'40_0'}
{'36_0'}
{'35_0'}
{'38_0', '45_0', '18_0'}

MOBsuite splits:
{'36_0'}{'35_0', '40_0'}
{'36_0'}{'35_0'}{'40_0'}
{'36_0'}{'35_0'}{'40_0'}
{'38_0', '45_0', '18_0'}
#-------------------------



