Combination 0
Score:		0.39955772432026637

Decomposition of weighted lengths HyAsP|MOBsuite|Common:		43774.0|4337.0|25336.5|

HyAsP plasmids:
3:	93,69,102,89,53_0,54_0,42_0,16_0,
4:	37,
5:	75,98,40,100,102,89,53_1,23_0,
6:	77,75,47,34_0,48_0,
7:	31,
8:	69,93,89,55_0,45_0,22_0,
10:	68,87,62,38_0,
13:	68,94,81,59,39_0,
14:	52,
16:	46,101,

MOBsuite plasmids:
27eea0e20512127ff45a1f682f0f32c5:	41,
AB529:	39_0,23_0,48_0,22_0,
AB530:	53_0,38_0,55_0,45_0,54_0,42_0,16_0,
AD058:	34_0,

HyAsP splits:
{'38_0'}
{'53_0', '42_0', '54_0', '16_0'}
{'23_0'}
{'48_0'}{'34_0'}
{'48_0'}{'34_0'}
{'39_0'}
{'22_0'}{'45_0', '55_0'}
{'22_0'}{'45_0', '55_0'}

MOBsuite splits:
{'23_0'}{'22_0', '39_0', '48_0'}
{'23_0'}{'48_0'}{'22_0', '39_0'}
{'23_0'}{'48_0'}{'22_0'}{'39_0'}
{'23_0'}{'48_0'}{'22_0'}{'39_0'}
{'53_0', '42_0', '54_0', '16_0'}{'38_0', '45_0', '55_0'}
{'53_0', '42_0', '54_0', '16_0'}{'45_0', '55_0'}{'38_0'}
{'53_0', '42_0', '54_0', '16_0'}{'45_0', '55_0'}{'38_0'}
{'34_0'}
#-------------------------



Combination 1
Score:		0.40772867230255355

Decomposition of weighted lengths HyAsP|MOBsuite|Common:		43774.0|4337.0|26838.5|

HyAsP plasmids:
3:	93,69,102,89,53_0,54_0,42_0,16_0,
4:	37,
5:	75,98,40,100,102,89,53_1,23_0,
6:	77,75,47,34_0,48_0,
7:	31,
8:	69,93,89,55_0,45_0,22_0,
10:	68,87,62,38_0,
13:	68,94,81,59,39_0,
14:	52,
16:	46,101,

MOBsuite plasmids:
27eea0e20512127ff45a1f682f0f32c5:	41,
AB529:	39_0,23_0,48_0,22_0,
AB530:	53_1,38_0,55_0,45_0,54_0,42_0,16_0,
AD058:	34_0,

HyAsP splits:
{'38_0'}
{'54_0', '42_0', '16_0'}
{'23_0'}{'53_1'}
{'23_0'}{'53_1'}
{'48_0'}{'34_0'}
{'48_0'}{'34_0'}
{'39_0'}
{'22_0'}{'45_0', '55_0'}
{'22_0'}{'45_0', '55_0'}

MOBsuite splits:
{'23_0'}{'22_0', '39_0', '48_0'}
{'23_0'}{'48_0'}{'22_0', '39_0'}
{'23_0'}{'48_0'}{'22_0'}{'39_0'}
{'23_0'}{'48_0'}{'22_0'}{'39_0'}
{'54_0', '42_0', '16_0'}{'53_1', '38_0', '45_0', '55_0'}
{'54_0', '42_0', '16_0'}{'53_1'}{'38_0', '45_0', '55_0'}
{'54_0', '42_0', '16_0'}{'53_1'}{'45_0', '55_0'}{'38_0'}
{'54_0', '42_0', '16_0'}{'53_1'}{'45_0', '55_0'}{'38_0'}
{'34_0'}
#-------------------------



