Combination 1
Score:		0.32089435438792624

Decomposition of weighted lengths HyAsP|MOBsuite|Common:		18553.0|14908.0|23947.0|

HyAsP plasmids:
3:	54_0,
4:	93,79,92,86,45_0,32_0,59_0,
7:	58_0,33_0,59_1,
8:	98,94,90,84,83,35_0,69_0,62_0,
9:	94,90,84,83,36_0,
10:	74,96,71_0,31_0,
11:	61,
12:	52_0,
14:	64,
15:	65,
17:	57,75,
21:	67,

MOBsuite plasmids:
AB528:	68,58_0,36_0,33_0,59_1,62_0,
AB530:	70,35_0,45_0,32_0,71_0,69_0,
AF632:	52_0,
AD058:	49,51,54_0,
AE312:	31_0,

HyAsP splits:
{'54_0'}
{'62_0'}{'35_0', '69_0'}
{'62_0'}{'35_0', '69_0'}
{'33_0', '58_0', '59_1'}
{'71_0'}{'31_0'}
{'71_0'}{'31_0'}
{'32_0', '45_0'}
{'36_0'}
{'52_0'}

MOBsuite splits:
{'54_0'}
{'33_0', '58_0', '59_1'}{'36_0', '62_0'}
{'33_0', '58_0', '59_1'}{'62_0'}{'36_0'}
{'33_0', '58_0', '59_1'}{'62_0'}{'36_0'}
{'31_0'}
{'32_0', '45_0'}{'35_0', '69_0', '71_0'}
{'32_0', '45_0'}{'35_0', '69_0'}{'71_0'}
{'32_0', '45_0'}{'35_0', '69_0'}{'71_0'}
{'52_0'}
#-------------------------



Combination 0
Score:		0.3356400223588597

Decomposition of weighted lengths HyAsP|MOBsuite|Common:		18553.0|14908.0|26585.0|

HyAsP plasmids:
3:	54_0,
4:	93,79,92,86,45_0,32_0,59_0,
7:	58_0,33_0,59_1,
8:	98,94,90,84,83,35_0,69_0,62_0,
9:	94,90,84,83,36_0,
10:	74,96,71_0,31_0,
11:	61,
12:	52_0,
14:	64,
15:	65,
17:	57,75,
21:	67,

MOBsuite plasmids:
AB528:	68,58_0,36_0,33_0,59_0,62_0,
AB530:	70,35_0,45_0,32_0,71_0,69_0,
AF632:	52_0,
AD058:	49,51,54_0,
AE312:	31_0,

HyAsP splits:
{'54_0'}
{'62_0'}{'35_0', '69_0'}
{'62_0'}{'35_0', '69_0'}
{'33_0', '58_0'}
{'71_0'}{'31_0'}
{'71_0'}{'31_0'}
{'59_0'}{'32_0', '45_0'}
{'59_0'}{'32_0', '45_0'}
{'36_0'}
{'52_0'}

MOBsuite splits:
{'54_0'}
{'32_0', '45_0'}{'35_0', '69_0', '71_0'}
{'32_0', '45_0'}{'35_0', '69_0'}{'71_0'}
{'32_0', '45_0'}{'35_0', '69_0'}{'71_0'}
{'31_0'}
{'59_0'}{'33_0', '58_0', '62_0', '36_0'}
{'59_0'}{'33_0', '58_0'}{'36_0', '62_0'}
{'59_0'}{'33_0', '58_0'}{'62_0'}{'36_0'}
{'59_0'}{'33_0', '58_0'}{'62_0'}{'36_0'}
{'52_0'}
#-------------------------



