Combination 0
Score:		0.6360154069048376

Decomposition of weighted lengths HyAsP|MOBsuite|Common:		35195.0|43662.0|11136.0|

HyAsP plasmids:
2:	91,59,54,46,51,39_0,38_0,29_0,43_0,
3:	60,65,16_0,
5:	22,76,72,95,32,87,103,79,84,
6:	28_0,
8:	44,
11:	36,61,

MOBsuite plasmids:
AB530:	24,34,41,16_0,29_0,
AE312:	21,
AB915:	39_0,38_0,28_0,43_0,

HyAsP splits:
{'16_0'}
{'29_0'}{'43_0', '38_0', '39_0'}
{'29_0'}{'43_0', '38_0', '39_0'}
{'28_0'}

MOBsuite splits:
{'29_0'}{'16_0'}
{'29_0'}{'16_0'}
{'43_0', '38_0', '39_0'}{'28_0'}
{'43_0', '38_0', '39_0'}{'28_0'}
#-------------------------



