Combination 0
Score:		0.2571695247158727

Decomposition of weighted lengths HyAsP|MOBsuite|Common:		12101.0|0.0|16003.0|

HyAsP plasmids:
2:	51,64,38,49,50,54,65,31,43,62,20_0,14_0,34_0,32_0,
3:	30_0,
6:	36,

MOBsuite plasmids:
AE312:	20_0,
AB530:	14_0,34_0,
AD058:	32_0,30_0,

HyAsP splits:
{'30_0'}
{'20_0'}{'34_0', '32_0', '14_0'}
{'20_0'}{'34_0', '14_0'}{'32_0'}
{'20_0'}{'34_0', '14_0'}{'32_0'}

MOBsuite splits:
{'20_0'}
{'32_0'}{'30_0'}
{'32_0'}{'30_0'}
{'34_0', '14_0'}
#-------------------------



