Combination 3
Score:		0.6536468355234398

Decomposition of weighted lengths HyAsP|MOBsuite|Common:		153550.0|0.0|21394.0|

HyAsP plasmids:
2:	90,47,54,66,9,94,36,72,71,88,76,89,85,78,80,65,64,82,93,30,45_0,44_0,34_0,62_0,48_0,60_0,61_0,15_0,58_0,32_0,57_0,59_0,53_0,
5:	39,
6:	88,75,50,89,84,77,81,27_0,60_1,61_1,
7:	41,91,46_0,
8:	51,
14:	56,

MOBsuite plasmids:
3ec7fbd195d6aed2d04cd0dddfea1d39:	45_0,44_0,62_0,
AB530:	34_0,46_0,15_0,58_0,57_0,59_0,53_0,
AE312:	27_0,48_0,60_1,61_1,32_0,

HyAsP splits:
{'60_1', '27_0', '61_1'}
{'62_0', '44_0', '45_0'}{'59_0', '58_0', '57_0', '32_0', '48_0', '34_0', '15_0', '53_0'}
{'45_0', '62_0', '44_0'}{'59_0', '58_0', '57_0', '34_0', '15_0', '53_0'}{'32_0', '48_0'}
{'62_0', '44_0', '45_0'}{'59_0', '58_0', '57_0', '34_0', '15_0', '53_0'}{'32_0', '48_0'}
{'46_0'}

MOBsuite splits:
{'62_0', '44_0', '45_0'}
{'32_0', '48_0'}{'60_1', '27_0', '61_1'}
{'32_0', '48_0'}{'60_1', '27_0', '61_1'}
{'59_0', '58_0', '57_0', '34_0', '15_0', '53_0'}{'46_0'}
{'59_0', '58_0', '57_0', '34_0', '15_0', '53_0'}{'46_0'}
#-------------------------



Combination 0
Score:		0.6569702925165238

Decomposition of weighted lengths HyAsP|MOBsuite|Common:		153550.0|0.0|22283.5|

HyAsP plasmids:
2:	90,47,54,66,9,94,36,72,71,88,76,89,85,78,80,65,64,82,93,30,45_0,44_0,34_0,62_0,48_0,60_0,61_0,15_0,58_0,32_0,57_0,59_0,53_0,
5:	39,
6:	88,75,50,89,84,77,81,27_0,60_1,61_1,
7:	41,91,46_0,
8:	51,
14:	56,

MOBsuite plasmids:
3ec7fbd195d6aed2d04cd0dddfea1d39:	45_0,44_0,62_0,
AB530:	34_0,46_0,15_0,58_0,57_0,59_0,53_0,
AE312:	27_0,48_0,60_0,61_0,32_0,

HyAsP splits:
{'27_0'}
{'62_0', '44_0', '45_0'}{'61_0', '59_0', '58_0', '57_0', '32_0', '60_0', '48_0', '34_0', '15_0', '53_0'}
{'45_0', '62_0', '44_0'}{'59_0', '58_0', '57_0', '34_0', '15_0', '53_0'}{'61_0', '32_0', '60_0', '48_0'}
{'62_0', '44_0', '45_0'}{'59_0', '58_0', '57_0', '34_0', '15_0', '53_0'}{'61_0', '32_0', '60_0', '48_0'}
{'46_0'}

MOBsuite splits:
{'62_0', '44_0', '45_0'}
{'61_0', '32_0', '60_0', '48_0'}{'27_0'}
{'61_0', '32_0', '60_0', '48_0'}{'27_0'}
{'59_0', '58_0', '57_0', '34_0', '15_0', '53_0'}{'46_0'}
{'59_0', '58_0', '57_0', '34_0', '15_0', '53_0'}{'46_0'}
#-------------------------



Combination 1
Score:		0.6569702925165238

Decomposition of weighted lengths HyAsP|MOBsuite|Common:		153550.0|0.0|22283.5|

HyAsP plasmids:
2:	90,47,54,66,9,94,36,72,71,88,76,89,85,78,80,65,64,82,93,30,45_0,44_0,34_0,62_0,48_0,60_0,61_0,15_0,58_0,32_0,57_0,59_0,53_0,
5:	39,
6:	88,75,50,89,84,77,81,27_0,60_1,61_1,
7:	41,91,46_0,
8:	51,
14:	56,

MOBsuite plasmids:
3ec7fbd195d6aed2d04cd0dddfea1d39:	45_0,44_0,62_0,
AB530:	34_0,46_0,15_0,58_0,57_0,59_0,53_0,
AE312:	27_0,48_0,60_0,61_1,32_0,

HyAsP splits:
{'27_0', '61_1'}
{'62_0', '44_0', '45_0'}{'59_0', '58_0', '57_0', '32_0', '60_0', '48_0', '34_0', '15_0', '53_0'}
{'45_0', '62_0', '44_0'}{'59_0', '58_0', '57_0', '34_0', '15_0', '53_0'}{'32_0', '60_0', '48_0'}
{'62_0', '44_0', '45_0'}{'59_0', '58_0', '57_0', '34_0', '15_0', '53_0'}{'32_0', '60_0', '48_0'}
{'46_0'}

MOBsuite splits:
{'62_0', '44_0', '45_0'}
{'32_0', '60_0', '48_0'}{'27_0', '61_1'}
{'32_0', '60_0', '48_0'}{'27_0', '61_1'}
{'59_0', '58_0', '57_0', '34_0', '15_0', '53_0'}{'46_0'}
{'59_0', '58_0', '57_0', '34_0', '15_0', '53_0'}{'46_0'}
#-------------------------



Combination 2
Score:		0.6569702925165238

Decomposition of weighted lengths HyAsP|MOBsuite|Common:		153550.0|0.0|22283.5|

HyAsP plasmids:
2:	90,47,54,66,9,94,36,72,71,88,76,89,85,78,80,65,64,82,93,30,45_0,44_0,34_0,62_0,48_0,60_0,61_0,15_0,58_0,32_0,57_0,59_0,53_0,
5:	39,
6:	88,75,50,89,84,77,81,27_0,60_1,61_1,
7:	41,91,46_0,
8:	51,
14:	56,

MOBsuite plasmids:
3ec7fbd195d6aed2d04cd0dddfea1d39:	45_0,44_0,62_0,
AB530:	34_0,46_0,15_0,58_0,57_0,59_0,53_0,
AE312:	27_0,48_0,60_1,61_0,32_0,

HyAsP splits:
{'60_1', '27_0'}
{'62_0', '44_0', '45_0'}{'61_0', '59_0', '58_0', '57_0', '32_0', '48_0', '34_0', '15_0', '53_0'}
{'45_0', '62_0', '44_0'}{'59_0', '58_0', '57_0', '34_0', '15_0', '53_0'}{'61_0', '32_0', '48_0'}
{'62_0', '44_0', '45_0'}{'59_0', '58_0', '57_0', '34_0', '15_0', '53_0'}{'61_0', '32_0', '48_0'}
{'46_0'}

MOBsuite splits:
{'62_0', '44_0', '45_0'}
{'61_0', '32_0', '48_0'}{'60_1', '27_0'}
{'61_0', '32_0', '48_0'}{'60_1', '27_0'}
{'59_0', '58_0', '57_0', '34_0', '15_0', '53_0'}{'46_0'}
{'59_0', '58_0', '57_0', '34_0', '15_0', '53_0'}{'46_0'}
#-------------------------



