Combination 0
Score:		0.40932910867873423

Decomposition of weighted lengths HyAsP|MOBsuite|Common:		55919.0|5802.0|19279.5|

HyAsP plasmids:
2:	39_0,
3:	64,
4:	104,96,91,103,102,34_0,85_0,74_0,
5:	40,35_0,
6:	112,56,54_0,
8:	80,
9:	72_0,
11:	104,42_0,84_0,
13:	82,
16:	79,92,
17:	79,108,

MOBsuite plasmids:
AB530:	77,86,87,54_0,34_0,85_0,74_0,84_0,
AE312:	42_0,35_0,
AF632:	72_0,
AB174:	39_0,

HyAsP splits:
{'39_0'}
{'35_0'}
{'74_0', '34_0', '85_0'}
{'54_0'}
{'84_0'}{'42_0'}
{'84_0'}{'42_0'}
{'72_0'}

MOBsuite splits:
{'39_0'}
{'35_0'}{'42_0'}
{'35_0'}{'42_0'}
{'74_0', '34_0', '85_0'}{'54_0', '84_0'}
{'74_0', '34_0', '85_0'}{'54_0'}{'84_0'}
{'74_0', '34_0', '85_0'}{'54_0'}{'84_0'}
{'72_0'}
#-------------------------



