Combination 0
Score:		0.10693412399184939

Decomposition of weighted lengths HyAsP|MOBsuite|Common:		3059.0|2558.0|3147.0|

HyAsP plasmids:
1:	67,56,213,128,133,86,105,58,18_0,31_0,44_0,
4:	51,84,33_0,42_0,
14:	43_0,

MOBsuite plasmids:
AB756:	43_0,33_0,
AD582:	45,49,18_0,31_0,42_0,44_0,

HyAsP splits:
{'18_0', '44_0', '31_0'}
{'43_0'}
{'33_0'}{'42_0'}
{'33_0'}{'42_0'}

MOBsuite splits:
{'18_0', '44_0', '31_0'}{'42_0'}
{'18_0', '44_0', '31_0'}{'42_0'}
{'33_0'}{'43_0'}
{'33_0'}{'43_0'}
#-------------------------



