Combination 0
Score:		0.8086772149693655

Decomposition of weighted lengths HyAsP|MOBsuite|Common:		137196.0|15844.0|9437.0|

HyAsP plasmids:
2:	69,58,70_0,
3:	87,113,80,101,115,92,103,90,61_0,37_0,
5:	35,41,
6:	45,134,75,44,
7:	71,97,79,94,110,108,66_0,63_0,56_0,54_0,46_0,
8:	57,130,124,76,32,131,75,133,33,
11:	40,84,91,98,79,95,110,109,66_1,54_1,
13:	120,105,121,111,92,140,122,82,73_0,61_1,48_0,
14:	64,
17:	55,83,

MOBsuite plasmids:
11fa5edf54bb2162aad8860186ebaf3b:	52,62,73_0,70_0,48_0,
AF632:	51,
AB528:	67,68,74,66_0,63_0,56_0,54_0,61_0,46_0,37_0,

HyAsP splits:
{'73_0', '48_0'}
{'70_0'}
{'63_0', '56_0', '66_0', '46_0', '54_0'}
{'37_0', '61_0'}

MOBsuite splits:
{'70_0'}{'73_0', '48_0'}
{'70_0'}{'73_0', '48_0'}
{'37_0', '61_0'}{'63_0', '56_0', '66_0', '46_0', '54_0'}
{'37_0', '61_0'}{'63_0', '56_0', '66_0', '46_0', '54_0'}
#-------------------------



Combination 2
Score:		0.8086772149693655

Decomposition of weighted lengths HyAsP|MOBsuite|Common:		137196.0|15844.0|9437.0|

HyAsP plasmids:
2:	69,58,70_0,
3:	87,113,80,101,115,92,103,90,61_0,37_0,
5:	35,41,
6:	45,134,75,44,
7:	71,97,79,94,110,108,66_0,63_0,56_0,54_0,46_0,
8:	57,130,124,76,32,131,75,133,33,
11:	40,84,91,98,79,95,110,109,66_1,54_1,
13:	120,105,121,111,92,140,122,82,73_0,61_1,48_0,
14:	64,
17:	55,83,

MOBsuite plasmids:
11fa5edf54bb2162aad8860186ebaf3b:	52,62,73_0,70_0,48_0,
AF632:	51,
AB528:	67,68,74,66_0,63_0,56_0,54_1,61_0,46_0,37_0,

HyAsP splits:
{'73_0', '48_0'}
{'70_0'}
{'66_0', '56_0', '46_0', '63_0'}
{'54_1'}
{'37_0', '61_0'}

MOBsuite splits:
{'70_0'}{'73_0', '48_0'}
{'70_0'}{'73_0', '48_0'}
{'37_0', '61_0'}{'54_1', '63_0', '56_0', '66_0', '46_0'}
{'37_0', '61_0'}{'66_0', '56_0', '46_0', '63_0'}{'54_1'}
{'37_0', '61_0'}{'66_0', '56_0', '46_0', '63_0'}{'54_1'}
#-------------------------



Combination 4
Score:		0.8086772149693655

Decomposition of weighted lengths HyAsP|MOBsuite|Common:		137196.0|15844.0|9437.0|

HyAsP plasmids:
2:	69,58,70_0,
3:	87,113,80,101,115,92,103,90,61_0,37_0,
5:	35,41,
6:	45,134,75,44,
7:	71,97,79,94,110,108,66_0,63_0,56_0,54_0,46_0,
8:	57,130,124,76,32,131,75,133,33,
11:	40,84,91,98,79,95,110,109,66_1,54_1,
13:	120,105,121,111,92,140,122,82,73_0,61_1,48_0,
14:	64,
17:	55,83,

MOBsuite plasmids:
11fa5edf54bb2162aad8860186ebaf3b:	52,62,73_0,70_0,48_0,
AF632:	51,
AB528:	67,68,74,66_1,63_0,56_0,54_0,61_0,46_0,37_0,

HyAsP splits:
{'73_0', '48_0'}
{'70_0'}
{'56_0', '54_0', '46_0', '63_0'}
{'66_1'}
{'37_0', '61_0'}

MOBsuite splits:
{'70_0'}{'73_0', '48_0'}
{'70_0'}{'73_0', '48_0'}
{'37_0', '61_0'}{'63_0', '56_0', '66_1', '46_0', '54_0'}
{'37_0', '61_0'}{'56_0', '54_0', '46_0', '63_0'}{'66_1'}
{'37_0', '61_0'}{'56_0', '54_0', '46_0', '63_0'}{'66_1'}
#-------------------------



Combination 6
Score:		0.8086772149693655

Decomposition of weighted lengths HyAsP|MOBsuite|Common:		137196.0|15844.0|9437.0|

HyAsP plasmids:
2:	69,58,70_0,
3:	87,113,80,101,115,92,103,90,61_0,37_0,
5:	35,41,
6:	45,134,75,44,
7:	71,97,79,94,110,108,66_0,63_0,56_0,54_0,46_0,
8:	57,130,124,76,32,131,75,133,33,
11:	40,84,91,98,79,95,110,109,66_1,54_1,
13:	120,105,121,111,92,140,122,82,73_0,61_1,48_0,
14:	64,
17:	55,83,

MOBsuite plasmids:
11fa5edf54bb2162aad8860186ebaf3b:	52,62,73_0,70_0,48_0,
AF632:	51,
AB528:	67,68,74,66_1,63_0,56_0,54_1,61_0,46_0,37_0,

HyAsP splits:
{'73_0', '48_0'}
{'70_0'}
{'56_0', '46_0', '63_0'}
{'54_1', '66_1'}
{'37_0', '61_0'}

MOBsuite splits:
{'70_0'}{'73_0', '48_0'}
{'70_0'}{'73_0', '48_0'}
{'37_0', '61_0'}{'54_1', '63_0', '56_0', '66_1', '46_0'}
{'37_0', '61_0'}{'56_0', '46_0', '63_0'}{'54_1', '66_1'}
{'37_0', '61_0'}{'56_0', '46_0', '63_0'}{'54_1', '66_1'}
#-------------------------



Combination 1
Score:		0.8187659580821931

Decomposition of weighted lengths HyAsP|MOBsuite|Common:		137196.0|15844.0|11464.0|

HyAsP plasmids:
2:	69,58,70_0,
3:	87,113,80,101,115,92,103,90,61_0,37_0,
5:	35,41,
6:	45,134,75,44,
7:	71,97,79,94,110,108,66_0,63_0,56_0,54_0,46_0,
8:	57,130,124,76,32,131,75,133,33,
11:	40,84,91,98,79,95,110,109,66_1,54_1,
13:	120,105,121,111,92,140,122,82,73_0,61_1,48_0,
14:	64,
17:	55,83,

MOBsuite plasmids:
11fa5edf54bb2162aad8860186ebaf3b:	52,62,73_0,70_0,48_0,
AF632:	51,
AB528:	67,68,74,66_0,63_0,56_0,54_0,61_1,46_0,37_0,

HyAsP splits:
{'37_0'}
{'73_0', '48_0'}{'61_1'}
{'73_0', '48_0'}{'61_1'}
{'63_0', '56_0', '66_0', '46_0', '54_0'}
{'70_0'}

MOBsuite splits:
{'70_0'}{'73_0', '48_0'}
{'70_0'}{'73_0', '48_0'}
{'37_0'}{'61_1', '63_0', '56_0', '66_0', '46_0', '54_0'}
{'37_0'}{'63_0', '56_0', '66_0', '46_0', '54_0'}{'61_1'}
{'37_0'}{'63_0', '56_0', '66_0', '46_0', '54_0'}{'61_1'}
#-------------------------



Combination 3
Score:		0.8187659580821931

Decomposition of weighted lengths HyAsP|MOBsuite|Common:		137196.0|15844.0|11464.0|

HyAsP plasmids:
2:	69,58,70_0,
3:	87,113,80,101,115,92,103,90,61_0,37_0,
5:	35,41,
6:	45,134,75,44,
7:	71,97,79,94,110,108,66_0,63_0,56_0,54_0,46_0,
8:	57,130,124,76,32,131,75,133,33,
11:	40,84,91,98,79,95,110,109,66_1,54_1,
13:	120,105,121,111,92,140,122,82,73_0,61_1,48_0,
14:	64,
17:	55,83,

MOBsuite plasmids:
11fa5edf54bb2162aad8860186ebaf3b:	52,62,73_0,70_0,48_0,
AF632:	51,
AB528:	67,68,74,66_0,63_0,56_0,54_1,61_1,46_0,37_0,

HyAsP splits:
{'66_0', '56_0', '46_0', '63_0'}
{'70_0'}
{'73_0', '48_0'}{'61_1'}
{'73_0', '48_0'}{'61_1'}
{'37_0'}
{'54_1'}

MOBsuite splits:
{'70_0'}{'73_0', '48_0'}
{'70_0'}{'73_0', '48_0'}
{'37_0'}{'61_1', '54_1', '63_0', '56_0', '66_0', '46_0'}
{'37_0'}{'66_0', '56_0', '46_0', '63_0'}{'61_1', '54_1'}
{'37_0'}{'66_0', '56_0', '46_0', '63_0'}{'54_1'}{'61_1'}
{'37_0'}{'66_0', '56_0', '46_0', '63_0'}{'54_1'}{'61_1'}
#-------------------------



Combination 5
Score:		0.8187659580821931

Decomposition of weighted lengths HyAsP|MOBsuite|Common:		137196.0|15844.0|11464.0|

HyAsP plasmids:
2:	69,58,70_0,
3:	87,113,80,101,115,92,103,90,61_0,37_0,
5:	35,41,
6:	45,134,75,44,
7:	71,97,79,94,110,108,66_0,63_0,56_0,54_0,46_0,
8:	57,130,124,76,32,131,75,133,33,
11:	40,84,91,98,79,95,110,109,66_1,54_1,
13:	120,105,121,111,92,140,122,82,73_0,61_1,48_0,
14:	64,
17:	55,83,

MOBsuite plasmids:
11fa5edf54bb2162aad8860186ebaf3b:	52,62,73_0,70_0,48_0,
AF632:	51,
AB528:	67,68,74,66_1,63_0,56_0,54_0,61_1,46_0,37_0,

HyAsP splits:
{'56_0', '54_0', '46_0', '63_0'}
{'70_0'}
{'73_0', '48_0'}{'61_1'}
{'73_0', '48_0'}{'61_1'}
{'37_0'}
{'66_1'}

MOBsuite splits:
{'70_0'}{'73_0', '48_0'}
{'70_0'}{'73_0', '48_0'}
{'37_0'}{'61_1', '63_0', '56_0', '66_1', '46_0', '54_0'}
{'37_0'}{'56_0', '54_0', '46_0', '63_0'}{'61_1', '66_1'}
{'37_0'}{'56_0', '54_0', '46_0', '63_0'}{'66_1'}{'61_1'}
{'37_0'}{'56_0', '54_0', '46_0', '63_0'}{'66_1'}{'61_1'}
#-------------------------



Combination 7
Score:		0.8187659580821931

Decomposition of weighted lengths HyAsP|MOBsuite|Common:		137196.0|15844.0|11464.0|

HyAsP plasmids:
2:	69,58,70_0,
3:	87,113,80,101,115,92,103,90,61_0,37_0,
5:	35,41,
6:	45,134,75,44,
7:	71,97,79,94,110,108,66_0,63_0,56_0,54_0,46_0,
8:	57,130,124,76,32,131,75,133,33,
11:	40,84,91,98,79,95,110,109,66_1,54_1,
13:	120,105,121,111,92,140,122,82,73_0,61_1,48_0,
14:	64,
17:	55,83,

MOBsuite plasmids:
11fa5edf54bb2162aad8860186ebaf3b:	52,62,73_0,70_0,48_0,
AF632:	51,
AB528:	67,68,74,66_1,63_0,56_0,54_1,61_1,46_0,37_0,

HyAsP splits:
{'56_0', '46_0', '63_0'}
{'70_0'}
{'73_0', '48_0'}{'61_1'}
{'73_0', '48_0'}{'61_1'}
{'37_0'}
{'54_1', '66_1'}

MOBsuite splits:
{'70_0'}{'73_0', '48_0'}
{'70_0'}{'73_0', '48_0'}
{'37_0'}{'61_1', '54_1', '63_0', '56_0', '66_1', '46_0'}
{'37_0'}{'56_0', '46_0', '63_0'}{'61_1', '54_1', '66_1'}
{'37_0'}{'56_0', '46_0', '63_0'}{'54_1', '66_1'}{'61_1'}
{'37_0'}{'56_0', '46_0', '63_0'}{'54_1', '66_1'}{'61_1'}
#-------------------------



