Combination 0
Score:		0.7664321052884384

Decomposition of weighted lengths HyAsP|MOBsuite|Common:		154116.0|1042.0|4405.5|

HyAsP plasmids:
0:	75,31,27,
2:	57,80,48,82,55,24_0,36_0,29_0,17_0,
3:	57,80,55,48,30,23_0,36_1,32_0,26_0,
4:	41,59,46,40,39,43,35,71,60,73,15,58,33,21,62,70,52,66,34,13,63,14,20_0,38_0,25_0,
5:	44,49,72,50,

MOBsuite plasmids:
AB756:	23_0,24_0,36_0,29_0,32_0,17_0,26_0,
AB528:	37,20_0,38_0,25_0,

HyAsP splits:
{'29_0', '17_0', '24_0', '36_0'}
{'32_0', '26_0', '23_0'}
{'38_0', '20_0', '25_0'}

MOBsuite splits:
{'29_0', '17_0', '24_0', '36_0'}{'32_0', '26_0', '23_0'}
{'29_0', '17_0', '24_0', '36_0'}{'32_0', '26_0', '23_0'}
{'38_0', '20_0', '25_0'}
#-------------------------



Combination 1
Score:		0.7689826600701283

Decomposition of weighted lengths HyAsP|MOBsuite|Common:		154116.0|1042.0|4936.5|

HyAsP plasmids:
0:	75,31,27,
2:	57,80,48,82,55,24_0,36_0,29_0,17_0,
3:	57,80,55,48,30,23_0,36_1,32_0,26_0,
4:	41,59,46,40,39,43,35,71,60,73,15,58,33,21,62,70,52,66,34,13,63,14,20_0,38_0,25_0,
5:	44,49,72,50,

MOBsuite plasmids:
AB756:	23_0,24_0,36_1,29_0,32_0,17_0,26_0,
AB528:	37,20_0,38_0,25_0,

HyAsP splits:
{'29_0', '17_0', '24_0'}
{'36_1', '32_0', '26_0', '23_0'}
{'38_0', '20_0', '25_0'}

MOBsuite splits:
{'29_0', '17_0', '24_0'}{'36_1', '32_0', '26_0', '23_0'}
{'29_0', '17_0', '24_0'}{'36_1', '32_0', '26_0', '23_0'}
{'38_0', '20_0', '25_0'}
#-------------------------



