Combination 0
Score:		0.5437219730941704

Decomposition of weighted lengths HyAsP|MOBsuite|Common:		69359.0|4790.0|14363.5|

HyAsP plasmids:
1:	101,134,92,96,61,120,84,63,116,71,78,75,68,47,
2:	64_0,
3:	115,83,53_0,62_0,77_0,
4:	119,81,136,167,25_0,
5:	55,
6:	92,133,56,152,166,188,193,150,90,107,103,167,34_0,
7:	51_0,
8:	60,
9:	43,109,228,88,223,91,224,
12:	82,87,202,191,247,214,149,209,230,168,100,

MOBsuite plasmids:
AB530:	67,76,64_0,53_0,51_0,62_0,25_0,77_0,
AE312:	34_0,

HyAsP splits:
{'25_0'}
{'77_0', '62_0', '53_0'}
{'51_0'}
{'64_0'}
{'34_0'}

MOBsuite splits:
{'64_0'}{'77_0', '53_0', '62_0', '25_0', '51_0'}
{'64_0'}{'77_0', '62_0', '53_0'}{'25_0', '51_0'}
{'64_0'}{'77_0', '62_0', '53_0'}{'25_0'}{'51_0'}
{'64_0'}{'77_0', '62_0', '53_0'}{'25_0'}{'51_0'}
{'34_0'}
#-------------------------



