Combination 0
Score:		0.18369031784616796

Decomposition of weighted lengths HyAsP|MOBsuite|Common:		17980.0|3028.0|3022.0|

HyAsP plasmids:
3:	36,56,27,26,42,16_0,
4:	27,12_0,
5:	35,49,37,55,42,46,33_0,30_0,19_0,25_0,
6:	49,28_0,
9:	32,62,
10:	24,40,61,

MOBsuite plasmids:
AA010:	31,
AE312:	16_0,30_0,
AB918:	33_0,28_0,19_0,25_0,
AB530:	34,12_0,

HyAsP splits:
{'30_0'}{'19_0', '33_0', '25_0'}
{'30_0'}{'19_0', '33_0', '25_0'}
{'28_0'}
{'16_0'}
{'12_0'}

MOBsuite splits:
{'19_0', '33_0', '25_0'}{'28_0'}
{'19_0', '33_0', '25_0'}{'28_0'}
{'16_0'}{'30_0'}
{'16_0'}{'30_0'}
{'12_0'}
#-------------------------



