Combination 3
Score:		0.4850569869939429

Decomposition of weighted lengths HyAsP|MOBsuite|Common:		44824.0|13180.0|30645.5|

HyAsP plasmids:
3:	42_0,
4:	96,89,85,66,60,92,77,59,94,79,88,40,34_0,18_0,
5:	45,
6:	91,93,87,96,69,75,64,79,72,80,88,94,43_0,46_0,61_0,58_0,41_0,36_0,30_0,53_0,
7:	92,78,49_0,37_0,
8:	44,
10:	51,
11:	54,
13:	47,67,
15:	69,86,76,46_1,36_1,

MOBsuite plasmids:
AE309:	49_0,37_0,30_0,42_0,
AE314:	35,43_0,46_1,61_0,34_0,36_1,
AB530:	50,57,58_0,41_0,18_0,53_0,

HyAsP splits:
{'49_0', '37_0'}
{'30_0'}{'43_0', '53_0', '58_0', '61_0', '41_0'}
{'30_0'}{'43_0', '61_0'}{'53_0', '58_0', '41_0'}
{'30_0'}{'43_0', '61_0'}{'53_0', '58_0', '41_0'}
{'42_0'}
{'34_0'}{'18_0'}
{'34_0'}{'18_0'}
{'36_1', '46_1'}

MOBsuite splits:
{'34_0'}{'43_0', '36_1', '61_0', '46_1'}
{'34_0'}{'43_0', '61_0'}{'46_1', '36_1'}
{'34_0'}{'43_0', '61_0'}{'36_1', '46_1'}
{'42_0'}{'30_0', '49_0', '37_0'}
{'42_0'}{'30_0'}{'49_0', '37_0'}
{'42_0'}{'30_0'}{'49_0', '37_0'}
{'18_0'}{'53_0', '58_0', '41_0'}
{'18_0'}{'53_0', '58_0', '41_0'}
#-------------------------



Combination 0
Score:		0.48694196245369636

Decomposition of weighted lengths HyAsP|MOBsuite|Common:		44824.0|13180.0|30990.0|

HyAsP plasmids:
3:	42_0,
4:	96,89,85,66,60,92,77,59,94,79,88,40,34_0,18_0,
5:	45,
6:	91,93,87,96,69,75,64,79,72,80,88,94,43_0,46_0,61_0,58_0,41_0,36_0,30_0,53_0,
7:	92,78,49_0,37_0,
8:	44,
10:	51,
11:	54,
13:	47,67,
15:	69,86,76,46_1,36_1,

MOBsuite plasmids:
AE309:	49_0,37_0,30_0,42_0,
AE314:	35,43_0,46_0,61_0,34_0,36_0,
AB530:	50,57,58_0,41_0,18_0,53_0,

HyAsP splits:
{'34_0'}{'18_0'}
{'34_0'}{'18_0'}
{'30_0'}{'43_0', '53_0', '58_0', '36_0', '46_0', '61_0', '41_0'}
{'30_0'}{'43_0', '46_0', '61_0', '36_0'}{'53_0', '58_0', '41_0'}
{'30_0'}{'43_0', '46_0', '61_0', '36_0'}{'53_0', '58_0', '41_0'}
{'42_0'}
{'49_0', '37_0'}

MOBsuite splits:
{'34_0'}{'43_0', '46_0', '61_0', '36_0'}
{'34_0'}{'43_0', '46_0', '61_0', '36_0'}
{'42_0'}{'30_0', '49_0', '37_0'}
{'42_0'}{'30_0'}{'49_0', '37_0'}
{'42_0'}{'30_0'}{'49_0', '37_0'}
{'18_0'}{'53_0', '58_0', '41_0'}
{'18_0'}{'53_0', '58_0', '41_0'}
#-------------------------



Combination 2
Score:		0.4966541001636016

Decomposition of weighted lengths HyAsP|MOBsuite|Common:		44824.0|13180.0|32765.000000000004|

HyAsP plasmids:
3:	42_0,
4:	96,89,85,66,60,92,77,59,94,79,88,40,34_0,18_0,
5:	45,
6:	91,93,87,96,69,75,64,79,72,80,88,94,43_0,46_0,61_0,58_0,41_0,36_0,30_0,53_0,
7:	92,78,49_0,37_0,
8:	44,
10:	51,
11:	54,
13:	47,67,
15:	69,86,76,46_1,36_1,

MOBsuite plasmids:
AE309:	49_0,37_0,30_0,42_0,
AE314:	35,43_0,46_1,61_0,34_0,36_0,
AB530:	50,57,58_0,41_0,18_0,53_0,

HyAsP splits:
{'49_0', '37_0'}
{'30_0'}{'43_0', '53_0', '58_0', '36_0', '61_0', '41_0'}
{'30_0'}{'43_0', '61_0', '36_0'}{'53_0', '58_0', '41_0'}
{'30_0'}{'43_0', '61_0', '36_0'}{'53_0', '58_0', '41_0'}
{'42_0'}
{'34_0'}{'18_0'}
{'34_0'}{'18_0'}
{'46_1'}

MOBsuite splits:
{'34_0'}{'43_0', '61_0', '36_0', '46_1'}
{'34_0'}{'43_0', '61_0', '36_0'}{'46_1'}
{'34_0'}{'43_0', '61_0', '36_0'}{'46_1'}
{'42_0'}{'30_0', '49_0', '37_0'}
{'42_0'}{'30_0'}{'49_0', '37_0'}
{'42_0'}{'30_0'}{'49_0', '37_0'}
{'18_0'}{'53_0', '58_0', '41_0'}
{'18_0'}{'53_0', '58_0', '41_0'}
#-------------------------



Combination 1
Score:		0.501581300167979

Decomposition of weighted lengths HyAsP|MOBsuite|Common:		44824.0|13180.0|33665.5|

HyAsP plasmids:
3:	42_0,
4:	96,89,85,66,60,92,77,59,94,79,88,40,34_0,18_0,
5:	45,
6:	91,93,87,96,69,75,64,79,72,80,88,94,43_0,46_0,61_0,58_0,41_0,36_0,30_0,53_0,
7:	92,78,49_0,37_0,
8:	44,
10:	51,
11:	54,
13:	47,67,
15:	69,86,76,46_1,36_1,

MOBsuite plasmids:
AE309:	49_0,37_0,30_0,42_0,
AE314:	35,43_0,46_0,61_0,34_0,36_1,
AB530:	50,57,58_0,41_0,18_0,53_0,

HyAsP splits:
{'49_0', '37_0'}
{'30_0'}{'43_0', '53_0', '58_0', '46_0', '61_0', '41_0'}
{'30_0'}{'43_0', '46_0', '61_0'}{'53_0', '58_0', '41_0'}
{'30_0'}{'43_0', '46_0', '61_0'}{'53_0', '58_0', '41_0'}
{'42_0'}
{'34_0'}{'18_0'}
{'34_0'}{'18_0'}
{'36_1'}

MOBsuite splits:
{'34_0'}{'43_0', '46_0', '61_0', '36_1'}
{'34_0'}{'43_0', '46_0', '61_0'}{'36_1'}
{'34_0'}{'43_0', '46_0', '61_0'}{'36_1'}
{'42_0'}{'30_0', '49_0', '37_0'}
{'42_0'}{'30_0'}{'49_0', '37_0'}
{'42_0'}{'30_0'}{'49_0', '37_0'}
{'18_0'}{'53_0', '58_0', '41_0'}
{'18_0'}{'53_0', '58_0', '41_0'}
#-------------------------



