Combination 0
Score:		0.4529781610422896

Decomposition of weighted lengths HyAsP|MOBsuite|Common:		6254.0|17709.0|9970.5|

HyAsP plasmids:
1:	70,63,73,79,53,75,
2:	69,61,54_0,50_0,31_0,46_0,55_0,
3:	60,36_0,
5:	42_0,
7:	57,41_0,
8:	53,78,

MOBsuite plasmids:
AA366:	33,46_0,
AE311:	52,41_0,54_0,50_0,36_0,31_0,55_0,
AF632:	42_0,

HyAsP splits:
{'41_0'}
{'46_0'}{'55_0', '31_0', '54_0', '50_0'}
{'46_0'}{'50_0', '55_0', '31_0', '54_0'}
{'36_0'}
{'42_0'}

MOBsuite splits:
{'46_0'}
{'50_0', '55_0', '31_0', '54_0'}{'36_0', '41_0'}
{'55_0', '31_0', '54_0', '50_0'}{'36_0'}{'41_0'}
{'50_0', '55_0', '31_0', '54_0'}{'36_0'}{'41_0'}
{'42_0'}
#-------------------------



