Combination 0
Score:		0.44576077131666164

Decomposition of weighted lengths HyAsP|MOBsuite|Common:		65288.0|8686.0|0.0|

HyAsP plasmids:
2:	63,35,39,66,17,40,55,64,51,53,33,43,36,
4:	42_0,12_0,
5:	52,51,65,32,42_1,19_0,
9:	35,47,
10:	40,37,57,

MOBsuite plasmids:
AE312:	19_0,
AB530:	28,42_0,12_0,

HyAsP splits:
{'12_0', '42_0'}
{'19_0'}

MOBsuite splits:
{'12_0', '42_0'}
{'19_0'}
#-------------------------



Combination 1
Score:		0.45187104549563123

Decomposition of weighted lengths HyAsP|MOBsuite|Common:		65288.0|8686.0|1014.0|

HyAsP plasmids:
2:	63,35,39,66,17,40,55,64,51,53,33,43,36,
4:	42_0,12_0,
5:	52,51,65,32,42_1,19_0,
9:	35,47,
10:	40,37,57,

MOBsuite plasmids:
AE312:	19_0,
AB530:	28,42_1,12_0,

HyAsP splits:
{'19_0'}{'42_1'}
{'19_0'}{'42_1'}
{'12_0'}

MOBsuite splits:
{'19_0'}
{'12_0'}{'42_1'}
{'12_0'}{'42_1'}
#-------------------------



