Combination 0
Score:		0.21243328636693565

Decomposition of weighted lengths HyAsP|MOBsuite|Common:		24877.0|0.0|0.0|

HyAsP plasmids:
4:	39_0,13_0,17_0,
5:	41,35,44,47,31,
6:	44,39_1,19_0,
7:	32,
8:	36,
10:	37,
12:	33,43,

MOBsuite plasmids:
AB530:	39_0,13_0,17_0,
AE312:	19_0,

HyAsP splits:
{'13_0', '39_0', '17_0'}
{'19_0'}

MOBsuite splits:
{'13_0', '39_0', '17_0'}
{'19_0'}
#-------------------------



Combination 1
Score:		0.22231330856923273

Decomposition of weighted lengths HyAsP|MOBsuite|Common:		24877.0|0.0|1157.0|

HyAsP plasmids:
4:	39_0,13_0,17_0,
5:	41,35,44,47,31,
6:	44,39_1,19_0,
7:	32,
8:	36,
10:	37,
12:	33,43,

MOBsuite plasmids:
AB530:	39_1,13_0,17_0,
AE312:	19_0,

HyAsP splits:
{'39_1'}{'19_0'}
{'39_1'}{'19_0'}
{'13_0', '17_0'}

MOBsuite splits:
{'13_0', '17_0'}{'39_1'}
{'13_0', '17_0'}{'39_1'}
{'19_0'}
#-------------------------



