Combination 0
Score:		0.40498755416244125

Decomposition of weighted lengths HyAsP|MOBsuite|Common:		15588.0|1860.0|4516.5|

HyAsP plasmids:
2:	88,72,90,81,78,91,51,67_0,30_0,62_0,65_0,
3:	63_0,
5:	69,96,60,92,
11:	64,70_0,

MOBsuite plasmids:
AB915:	70_0,63_0,62_0,65_0,
AE312:	67_0,30_0,
AA010:	68,

HyAsP splits:
{'62_0', '65_0'}{'67_0', '30_0'}
{'62_0', '65_0'}{'67_0', '30_0'}
{'70_0'}
{'63_0'}

MOBsuite splits:
{'67_0', '30_0'}
{'62_0', '65_0'}{'63_0', '70_0'}
{'62_0', '65_0'}{'63_0'}{'70_0'}
{'62_0', '65_0'}{'63_0'}{'70_0'}
#-------------------------



