Combination 0
Score:		0.28875912041040797

Decomposition of weighted lengths HyAsP|MOBsuite|Common:		10230.0|23551.0|610.5|

HyAsP plasmids:
2:	47,57,34,37,52,60,54,42,46,32_0,27_0,29_0,23_0,
3:	58,52,32_1,31_0,
4:	35,10_0,
7:	24_0,
8:	28,
10:	25,

MOBsuite plasmids:
AF632:	24_0,
AE312:	18,
AB530:	10_0,
AB915:	32_0,27_0,29_0,23_0,31_0,

HyAsP splits:
{'31_0'}
{'23_0', '29_0', '32_0', '27_0'}
{'10_0'}
{'24_0'}

MOBsuite splits:
{'23_0', '29_0', '32_0', '27_0'}{'31_0'}
{'23_0', '29_0', '32_0', '27_0'}{'31_0'}
{'10_0'}
{'24_0'}
#-------------------------



Combination 1
Score:		0.293691908548207

Decomposition of weighted lengths HyAsP|MOBsuite|Common:		10230.0|23551.0|1198.0|

HyAsP plasmids:
2:	47,57,34,37,52,60,54,42,46,32_0,27_0,29_0,23_0,
3:	58,52,32_1,31_0,
4:	35,10_0,
7:	24_0,
8:	28,
10:	25,

MOBsuite plasmids:
AF632:	24_0,
AE312:	18,
AB530:	10_0,
AB915:	32_1,27_0,29_0,23_0,31_0,

HyAsP splits:
{'32_1', '31_0'}
{'23_0', '29_0', '27_0'}
{'10_0'}
{'24_0'}

MOBsuite splits:
{'23_0', '29_0', '27_0'}{'32_1', '31_0'}
{'23_0', '29_0', '27_0'}{'32_1', '31_0'}
{'10_0'}
{'24_0'}
#-------------------------



