Combination 0
Score:		0.3727392671413028

Decomposition of weighted lengths HyAsP|MOBsuite|Common:		27846.0|0.0|15660.5|

HyAsP plasmids:
3:	47,
4:	33_0,
5:	38,
6:	32_0,
7:	62,39,24_0,
8:	21_0,
9:	36_0,
10:	48,
11:	43,
13:	49,
15:	45,54,

MOBsuite plasmids:
AB530:	21_0,32_0,33_0,36_0,
AE312:	24_0,

HyAsP splits:
{'33_0'}
{'21_0'}
{'36_0'}
{'32_0'}
{'24_0'}

MOBsuite splits:
{'33_0'}{'32_0', '21_0', '36_0'}
{'33_0'}{'32_0'}{'21_0', '36_0'}
{'33_0'}{'32_0'}{'21_0'}{'36_0'}
{'33_0'}{'32_0'}{'21_0'}{'36_0'}
{'24_0'}
#-------------------------



