Combination 1
Score:		0.380228454328109

Decomposition of weighted lengths HyAsP|MOBsuite|Common:		35406.0|0.0|14691.0|

HyAsP plasmids:
3:	40,71,52,44,59,73,34,
4:	54,49_0,18_0,
5:	33,
6:	59,54,24_0,50_0,
7:	64,50_1,22_0,
8:	37,
9:	36_0,
11:	41,
12:	46,
14:	39,55,

MOBsuite plasmids:
AE312:	24_0,
AB530:	50_1,49_0,18_0,22_0,
AF632:	36_0,

HyAsP splits:
{'50_1', '22_0'}
{'18_0', '49_0'}
{'24_0'}
{'36_0'}

MOBsuite splits:
{'18_0', '49_0'}{'50_1', '22_0'}
{'18_0', '49_0'}{'50_1', '22_0'}
{'24_0'}
{'36_0'}
#-------------------------



Combination 0
Score:		0.3851125194489773

Decomposition of weighted lengths HyAsP|MOBsuite|Common:		35406.0|0.0|15334.5|

HyAsP plasmids:
3:	40,71,52,44,59,73,34,
4:	54,49_0,18_0,
5:	33,
6:	59,54,24_0,50_0,
7:	64,50_1,22_0,
8:	37,
9:	36_0,
11:	41,
12:	46,
14:	39,55,

MOBsuite plasmids:
AE312:	24_0,
AB530:	50_0,49_0,18_0,22_0,
AF632:	36_0,

HyAsP splits:
{'22_0'}
{'18_0', '49_0'}
{'24_0'}{'50_0'}
{'24_0'}{'50_0'}
{'36_0'}

MOBsuite splits:
{'24_0'}
{'18_0', '49_0'}{'50_0', '22_0'}
{'18_0', '49_0'}{'50_0'}{'22_0'}
{'18_0', '49_0'}{'50_0'}{'22_0'}
{'36_0'}
#-------------------------



