Combination 0
Score:		0.39041624490389404

Decomposition of weighted lengths HyAsP|MOBsuite|Common:		39855.0|4914.0|25042.5|

HyAsP plasmids:
1:	88,41,44,54,30,
2:	83,61,80,82,81,68,79,72,86,60,84,76,85,46_0,40_0,37_0,38_0,15_0,47_0,48_0,22_0,45_0,
3:	64,89,35,82,72,86,60,84,23_0,
4:	72,79,68,81,40_1,38_1,48_1,45_1,33_0,
8:	41,90,

MOBsuite plasmids:
8e8abb705ed8ed851f1811d57c20f1b4:	33_0,
AB530:	42,43,46_0,40_0,37_0,38_0,15_0,47_0,48_0,45_0,
AE312:	23_0,22_0,

HyAsP splits:
{'38_0', '48_0', '37_0', '47_0', '46_0', '15_0', '40_0', '45_0'}{'22_0'}
{'38_0', '48_0', '37_0', '47_0', '46_0', '15_0', '40_0', '45_0'}{'22_0'}
{'23_0'}
{'33_0'}

MOBsuite splits:
{'22_0'}{'23_0'}
{'22_0'}{'23_0'}
{'38_0', '48_0', '37_0', '47_0', '46_0', '15_0', '40_0', '45_0'}
{'33_0'}
#-------------------------



Combination 2
Score:		0.3963721877044734

Decomposition of weighted lengths HyAsP|MOBsuite|Common:		39855.0|4914.0|26107.5|

HyAsP plasmids:
1:	88,41,44,54,30,
2:	83,61,80,82,81,68,79,72,86,60,84,76,85,46_0,40_0,37_0,38_0,15_0,47_0,48_0,22_0,45_0,
3:	64,89,35,82,72,86,60,84,23_0,
4:	72,79,68,81,40_1,38_1,48_1,45_1,33_0,
8:	41,90,

MOBsuite plasmids:
8e8abb705ed8ed851f1811d57c20f1b4:	33_0,
AB530:	42,43,46_0,40_0,37_0,38_0,15_0,47_0,48_1,45_0,
AE312:	23_0,22_0,

HyAsP splits:
{'38_0', '37_0', '47_0', '46_0', '15_0', '40_0', '45_0'}{'22_0'}
{'38_0', '37_0', '47_0', '46_0', '15_0', '40_0', '45_0'}{'22_0'}
{'23_0'}
{'33_0'}{'48_1'}
{'33_0'}{'48_1'}

MOBsuite splits:
{'22_0'}{'23_0'}
{'22_0'}{'23_0'}
{'33_0'}
{'38_0', '37_0', '47_0', '46_0', '15_0', '40_0', '45_0'}{'48_1'}
{'38_0', '37_0', '47_0', '46_0', '15_0', '40_0', '45_0'}{'48_1'}
#-------------------------



Combination 1
Score:		0.4000743793795753

Decomposition of weighted lengths HyAsP|MOBsuite|Common:		39855.0|4914.0|26769.5|

HyAsP plasmids:
1:	88,41,44,54,30,
2:	83,61,80,82,81,68,79,72,86,60,84,76,85,46_0,40_0,37_0,38_0,15_0,47_0,48_0,22_0,45_0,
3:	64,89,35,82,72,86,60,84,23_0,
4:	72,79,68,81,40_1,38_1,48_1,45_1,33_0,
8:	41,90,

MOBsuite plasmids:
8e8abb705ed8ed851f1811d57c20f1b4:	33_0,
AB530:	42,43,46_0,40_0,37_0,38_0,15_0,47_0,48_0,45_1,
AE312:	23_0,22_0,

HyAsP splits:
{'38_0', '48_0', '37_0', '47_0', '46_0', '15_0', '40_0'}{'22_0'}
{'38_0', '48_0', '37_0', '47_0', '46_0', '15_0', '40_0'}{'22_0'}
{'23_0'}
{'33_0'}{'45_1'}
{'33_0'}{'45_1'}

MOBsuite splits:
{'22_0'}{'23_0'}
{'22_0'}{'23_0'}
{'33_0'}
{'38_0', '48_0', '37_0', '47_0', '46_0', '15_0', '40_0'}{'45_1'}
{'38_0', '48_0', '37_0', '47_0', '46_0', '15_0', '40_0'}{'45_1'}
#-------------------------



Combination 3
Score:		0.40603032218015467

Decomposition of weighted lengths HyAsP|MOBsuite|Common:		39855.0|4914.0|27834.5|

HyAsP plasmids:
1:	88,41,44,54,30,
2:	83,61,80,82,81,68,79,72,86,60,84,76,85,46_0,40_0,37_0,38_0,15_0,47_0,48_0,22_0,45_0,
3:	64,89,35,82,72,86,60,84,23_0,
4:	72,79,68,81,40_1,38_1,48_1,45_1,33_0,
8:	41,90,

MOBsuite plasmids:
8e8abb705ed8ed851f1811d57c20f1b4:	33_0,
AB530:	42,43,46_0,40_0,37_0,38_0,15_0,47_0,48_1,45_1,
AE312:	23_0,22_0,

HyAsP splits:
{'38_0', '37_0', '47_0', '46_0', '15_0', '40_0'}{'22_0'}
{'38_0', '37_0', '47_0', '46_0', '15_0', '40_0'}{'22_0'}
{'23_0'}
{'33_0'}{'48_1', '45_1'}
{'33_0'}{'48_1', '45_1'}

MOBsuite splits:
{'22_0'}{'23_0'}
{'22_0'}{'23_0'}
{'33_0'}
{'38_0', '37_0', '47_0', '46_0', '15_0', '40_0'}{'48_1', '45_1'}
{'38_0', '37_0', '47_0', '46_0', '15_0', '40_0'}{'48_1', '45_1'}
#-------------------------



Combination 8
Score:		0.41092370241537246

Decomposition of weighted lengths HyAsP|MOBsuite|Common:		39855.0|4914.0|28709.5|

HyAsP plasmids:
1:	88,41,44,54,30,
2:	83,61,80,82,81,68,79,72,86,60,84,76,85,46_0,40_0,37_0,38_0,15_0,47_0,48_0,22_0,45_0,
3:	64,89,35,82,72,86,60,84,23_0,
4:	72,79,68,81,40_1,38_1,48_1,45_1,33_0,
8:	41,90,

MOBsuite plasmids:
8e8abb705ed8ed851f1811d57c20f1b4:	33_0,
AB530:	42,43,46_0,40_1,37_0,38_0,15_0,47_0,48_0,45_0,
AE312:	23_0,22_0,

HyAsP splits:
{'38_0', '48_0', '37_0', '47_0', '46_0', '15_0', '45_0'}{'22_0'}
{'38_0', '48_0', '37_0', '47_0', '46_0', '15_0', '45_0'}{'22_0'}
{'23_0'}
{'33_0'}{'40_1'}
{'33_0'}{'40_1'}

MOBsuite splits:
{'22_0'}{'23_0'}
{'22_0'}{'23_0'}
{'33_0'}
{'38_0', '48_0', '37_0', '47_0', '46_0', '15_0', '45_0'}{'40_1'}
{'38_0', '48_0', '37_0', '47_0', '46_0', '15_0', '45_0'}{'40_1'}
#-------------------------



Combination 4
Score:		0.4119471179388523

Decomposition of weighted lengths HyAsP|MOBsuite|Common:		39855.0|4914.0|28892.5|

HyAsP plasmids:
1:	88,41,44,54,30,
2:	83,61,80,82,81,68,79,72,86,60,84,76,85,46_0,40_0,37_0,38_0,15_0,47_0,48_0,22_0,45_0,
3:	64,89,35,82,72,86,60,84,23_0,
4:	72,79,68,81,40_1,38_1,48_1,45_1,33_0,
8:	41,90,

MOBsuite plasmids:
8e8abb705ed8ed851f1811d57c20f1b4:	33_0,
AB530:	42,43,46_0,40_0,37_0,38_1,15_0,47_0,48_0,45_0,
AE312:	23_0,22_0,

HyAsP splits:
{'48_0', '37_0', '47_0', '46_0', '15_0', '40_0', '45_0'}{'22_0'}
{'48_0', '37_0', '47_0', '46_0', '15_0', '40_0', '45_0'}{'22_0'}
{'23_0'}
{'33_0'}{'38_1'}
{'33_0'}{'38_1'}

MOBsuite splits:
{'22_0'}{'23_0'}
{'22_0'}{'23_0'}
{'33_0'}
{'48_0', '37_0', '47_0', '46_0', '15_0', '40_0', '45_0'}{'38_1'}
{'48_0', '37_0', '47_0', '46_0', '15_0', '40_0', '45_0'}{'38_1'}
#-------------------------



Combination 10
Score:		0.41687964521595183

Decomposition of weighted lengths HyAsP|MOBsuite|Common:		39855.0|4914.0|29774.5|

HyAsP plasmids:
1:	88,41,44,54,30,
2:	83,61,80,82,81,68,79,72,86,60,84,76,85,46_0,40_0,37_0,38_0,15_0,47_0,48_0,22_0,45_0,
3:	64,89,35,82,72,86,60,84,23_0,
4:	72,79,68,81,40_1,38_1,48_1,45_1,33_0,
8:	41,90,

MOBsuite plasmids:
8e8abb705ed8ed851f1811d57c20f1b4:	33_0,
AB530:	42,43,46_0,40_1,37_0,38_0,15_0,47_0,48_1,45_0,
AE312:	23_0,22_0,

HyAsP splits:
{'38_0', '37_0', '47_0', '46_0', '15_0', '45_0'}{'22_0'}
{'38_0', '37_0', '47_0', '46_0', '15_0', '45_0'}{'22_0'}
{'23_0'}
{'33_0'}{'40_1', '48_1'}
{'33_0'}{'40_1', '48_1'}

MOBsuite splits:
{'22_0'}{'23_0'}
{'22_0'}{'23_0'}
{'33_0'}
{'38_0', '37_0', '47_0', '46_0', '15_0', '45_0'}{'40_1', '48_1'}
{'38_0', '37_0', '47_0', '46_0', '15_0', '45_0'}{'40_1', '48_1'}
#-------------------------



Combination 6
Score:		0.4179030607394317

Decomposition of weighted lengths HyAsP|MOBsuite|Common:		39855.0|4914.0|29957.499999999996|

HyAsP plasmids:
1:	88,41,44,54,30,
2:	83,61,80,82,81,68,79,72,86,60,84,76,85,46_0,40_0,37_0,38_0,15_0,47_0,48_0,22_0,45_0,
3:	64,89,35,82,72,86,60,84,23_0,
4:	72,79,68,81,40_1,38_1,48_1,45_1,33_0,
8:	41,90,

MOBsuite plasmids:
8e8abb705ed8ed851f1811d57c20f1b4:	33_0,
AB530:	42,43,46_0,40_0,37_0,38_1,15_0,47_0,48_1,45_0,
AE312:	23_0,22_0,

HyAsP splits:
{'37_0', '47_0', '46_0', '15_0', '40_0', '45_0'}{'22_0'}
{'37_0', '47_0', '46_0', '15_0', '40_0', '45_0'}{'22_0'}
{'23_0'}
{'33_0'}{'48_1', '38_1'}
{'33_0'}{'48_1', '38_1'}

MOBsuite splits:
{'22_0'}{'23_0'}
{'22_0'}{'23_0'}
{'33_0'}
{'37_0', '47_0', '46_0', '15_0', '40_0', '45_0'}{'48_1', '38_1'}
{'37_0', '47_0', '46_0', '15_0', '40_0', '45_0'}{'48_1', '38_1'}
#-------------------------



Combination 9
Score:		0.4205818368910538

Decomposition of weighted lengths HyAsP|MOBsuite|Common:		39855.0|4914.0|30436.5|

HyAsP plasmids:
1:	88,41,44,54,30,
2:	83,61,80,82,81,68,79,72,86,60,84,76,85,46_0,40_0,37_0,38_0,15_0,47_0,48_0,22_0,45_0,
3:	64,89,35,82,72,86,60,84,23_0,
4:	72,79,68,81,40_1,38_1,48_1,45_1,33_0,
8:	41,90,

MOBsuite plasmids:
8e8abb705ed8ed851f1811d57c20f1b4:	33_0,
AB530:	42,43,46_0,40_1,37_0,38_0,15_0,47_0,48_0,45_1,
AE312:	23_0,22_0,

HyAsP splits:
{'38_0', '48_0', '37_0', '47_0', '46_0', '15_0'}{'22_0'}
{'38_0', '48_0', '37_0', '47_0', '46_0', '15_0'}{'22_0'}
{'23_0'}
{'33_0'}{'40_1', '45_1'}
{'33_0'}{'40_1', '45_1'}

MOBsuite splits:
{'22_0'}{'23_0'}
{'22_0'}{'23_0'}
{'33_0'}
{'38_0', '48_0', '37_0', '47_0', '46_0', '15_0'}{'40_1', '45_1'}
{'38_0', '48_0', '37_0', '47_0', '46_0', '15_0'}{'40_1', '45_1'}
#-------------------------



Combination 5
Score:		0.4216052524145336

Decomposition of weighted lengths HyAsP|MOBsuite|Common:		39855.0|4914.0|30619.5|

HyAsP plasmids:
1:	88,41,44,54,30,
2:	83,61,80,82,81,68,79,72,86,60,84,76,85,46_0,40_0,37_0,38_0,15_0,47_0,48_0,22_0,45_0,
3:	64,89,35,82,72,86,60,84,23_0,
4:	72,79,68,81,40_1,38_1,48_1,45_1,33_0,
8:	41,90,

MOBsuite plasmids:
8e8abb705ed8ed851f1811d57c20f1b4:	33_0,
AB530:	42,43,46_0,40_0,37_0,38_1,15_0,47_0,48_0,45_1,
AE312:	23_0,22_0,

HyAsP splits:
{'48_0', '37_0', '47_0', '46_0', '15_0', '40_0'}{'22_0'}
{'48_0', '37_0', '47_0', '46_0', '15_0', '40_0'}{'22_0'}
{'23_0'}
{'33_0'}{'45_1', '38_1'}
{'33_0'}{'45_1', '38_1'}

MOBsuite splits:
{'22_0'}{'23_0'}
{'22_0'}{'23_0'}
{'33_0'}
{'48_0', '37_0', '47_0', '46_0', '15_0', '40_0'}{'45_1', '38_1'}
{'48_0', '37_0', '47_0', '46_0', '15_0', '40_0'}{'45_1', '38_1'}
#-------------------------



Combination 11
Score:		0.42653777969163315

Decomposition of weighted lengths HyAsP|MOBsuite|Common:		39855.0|4914.0|31501.5|

HyAsP plasmids:
1:	88,41,44,54,30,
2:	83,61,80,82,81,68,79,72,86,60,84,76,85,46_0,40_0,37_0,38_0,15_0,47_0,48_0,22_0,45_0,
3:	64,89,35,82,72,86,60,84,23_0,
4:	72,79,68,81,40_1,38_1,48_1,45_1,33_0,
8:	41,90,

MOBsuite plasmids:
8e8abb705ed8ed851f1811d57c20f1b4:	33_0,
AB530:	42,43,46_0,40_1,37_0,38_0,15_0,47_0,48_1,45_1,
AE312:	23_0,22_0,

HyAsP splits:
{'38_0', '37_0', '47_0', '46_0', '15_0'}{'22_0'}
{'38_0', '37_0', '47_0', '46_0', '15_0'}{'22_0'}
{'23_0'}
{'33_0'}{'40_1', '48_1', '45_1'}
{'33_0'}{'40_1', '48_1', '45_1'}

MOBsuite splits:
{'22_0'}{'23_0'}
{'22_0'}{'23_0'}
{'33_0'}
{'38_0', '37_0', '47_0', '46_0', '15_0'}{'40_1', '48_1', '45_1'}
{'38_0', '37_0', '47_0', '46_0', '15_0'}{'40_1', '48_1', '45_1'}
#-------------------------



Combination 7
Score:		0.427561195215113

Decomposition of weighted lengths HyAsP|MOBsuite|Common:		39855.0|4914.0|31684.499999999996|

HyAsP plasmids:
1:	88,41,44,54,30,
2:	83,61,80,82,81,68,79,72,86,60,84,76,85,46_0,40_0,37_0,38_0,15_0,47_0,48_0,22_0,45_0,
3:	64,89,35,82,72,86,60,84,23_0,
4:	72,79,68,81,40_1,38_1,48_1,45_1,33_0,
8:	41,90,

MOBsuite plasmids:
8e8abb705ed8ed851f1811d57c20f1b4:	33_0,
AB530:	42,43,46_0,40_0,37_0,38_1,15_0,47_0,48_1,45_1,
AE312:	23_0,22_0,

HyAsP splits:
{'37_0', '47_0', '46_0', '15_0', '40_0'}{'22_0'}
{'37_0', '47_0', '46_0', '15_0', '40_0'}{'22_0'}
{'23_0'}
{'33_0'}{'48_1', '45_1', '38_1'}
{'33_0'}{'48_1', '45_1', '38_1'}

MOBsuite splits:
{'22_0'}{'23_0'}
{'22_0'}{'23_0'}
{'33_0'}
{'37_0', '47_0', '46_0', '15_0', '40_0'}{'48_1', '45_1', '38_1'}
{'37_0', '47_0', '46_0', '15_0', '40_0'}{'48_1', '45_1', '38_1'}
#-------------------------



Combination 12
Score:		0.4322672288927539

Decomposition of weighted lengths HyAsP|MOBsuite|Common:		39855.0|4914.0|32526.000000000004|

HyAsP plasmids:
1:	88,41,44,54,30,
2:	83,61,80,82,81,68,79,72,86,60,84,76,85,46_0,40_0,37_0,38_0,15_0,47_0,48_0,22_0,45_0,
3:	64,89,35,82,72,86,60,84,23_0,
4:	72,79,68,81,40_1,38_1,48_1,45_1,33_0,
8:	41,90,

MOBsuite plasmids:
8e8abb705ed8ed851f1811d57c20f1b4:	33_0,
AB530:	42,43,46_0,40_1,37_0,38_1,15_0,47_0,48_0,45_0,
AE312:	23_0,22_0,

HyAsP splits:
{'48_0', '37_0', '47_0', '46_0', '15_0', '45_0'}{'22_0'}
{'48_0', '37_0', '47_0', '46_0', '15_0', '45_0'}{'22_0'}
{'23_0'}
{'33_0'}{'40_1', '38_1'}
{'33_0'}{'40_1', '38_1'}

MOBsuite splits:
{'22_0'}{'23_0'}
{'22_0'}{'23_0'}
{'33_0'}
{'48_0', '37_0', '47_0', '46_0', '15_0', '45_0'}{'40_1', '38_1'}
{'48_0', '37_0', '47_0', '46_0', '15_0', '45_0'}{'40_1', '38_1'}
#-------------------------



Combination 14
Score:		0.4352452002930436

Decomposition of weighted lengths HyAsP|MOBsuite|Common:		39855.0|4914.0|33058.50000000001|

HyAsP plasmids:
1:	88,41,44,54,30,
2:	83,61,80,82,81,68,79,72,86,60,84,76,85,46_0,40_0,37_0,38_0,15_0,47_0,48_0,22_0,45_0,
3:	64,89,35,82,72,86,60,84,23_0,
4:	72,79,68,81,40_1,38_1,48_1,45_1,33_0,
8:	41,90,

MOBsuite plasmids:
8e8abb705ed8ed851f1811d57c20f1b4:	33_0,
AB530:	42,43,46_0,40_1,37_0,38_1,15_0,47_0,48_1,45_0,
AE312:	23_0,22_0,

HyAsP splits:
{'37_0', '47_0', '46_0', '15_0', '45_0'}{'22_0'}
{'37_0', '47_0', '46_0', '15_0', '45_0'}{'22_0'}
{'23_0'}
{'33_0'}{'40_1', '48_1', '38_1'}
{'33_0'}{'40_1', '48_1', '38_1'}

MOBsuite splits:
{'22_0'}{'23_0'}
{'22_0'}{'23_0'}
{'33_0'}
{'37_0', '47_0', '46_0', '15_0', '45_0'}{'40_1', '48_1', '38_1'}
{'37_0', '47_0', '46_0', '15_0', '45_0'}{'40_1', '48_1', '38_1'}
#-------------------------



Combination 13
Score:		0.43709629613059453

Decomposition of weighted lengths HyAsP|MOBsuite|Common:		39855.0|4914.0|33389.5|

HyAsP plasmids:
1:	88,41,44,54,30,
2:	83,61,80,82,81,68,79,72,86,60,84,76,85,46_0,40_0,37_0,38_0,15_0,47_0,48_0,22_0,45_0,
3:	64,89,35,82,72,86,60,84,23_0,
4:	72,79,68,81,40_1,38_1,48_1,45_1,33_0,
8:	41,90,

MOBsuite plasmids:
8e8abb705ed8ed851f1811d57c20f1b4:	33_0,
AB530:	42,43,46_0,40_1,37_0,38_1,15_0,47_0,48_0,45_1,
AE312:	23_0,22_0,

HyAsP splits:
{'48_0', '37_0', '47_0', '46_0', '15_0'}{'22_0'}
{'48_0', '37_0', '47_0', '46_0', '15_0'}{'22_0'}
{'23_0'}
{'33_0'}{'40_1', '45_1', '38_1'}
{'33_0'}{'40_1', '45_1', '38_1'}

MOBsuite splits:
{'22_0'}{'23_0'}
{'22_0'}{'23_0'}
{'33_0'}
{'48_0', '37_0', '47_0', '46_0', '15_0'}{'40_1', '45_1', '38_1'}
{'48_0', '37_0', '47_0', '46_0', '15_0'}{'40_1', '45_1', '38_1'}
#-------------------------



Combination 15
Score:		0.44007426753088424

Decomposition of weighted lengths HyAsP|MOBsuite|Common:		39855.0|4914.0|33922.0|

HyAsP plasmids:
1:	88,41,44,54,30,
2:	83,61,80,82,81,68,79,72,86,60,84,76,85,46_0,40_0,37_0,38_0,15_0,47_0,48_0,22_0,45_0,
3:	64,89,35,82,72,86,60,84,23_0,
4:	72,79,68,81,40_1,38_1,48_1,45_1,33_0,
8:	41,90,

MOBsuite plasmids:
8e8abb705ed8ed851f1811d57c20f1b4:	33_0,
AB530:	42,43,46_0,40_1,37_0,38_1,15_0,47_0,48_1,45_1,
AE312:	23_0,22_0,

HyAsP splits:
{'15_0', '47_0', '37_0', '46_0'}{'22_0'}
{'15_0', '47_0', '37_0', '46_0'}{'22_0'}
{'23_0'}
{'33_0'}{'40_1', '48_1', '45_1', '38_1'}
{'33_0'}{'40_1', '48_1', '45_1', '38_1'}

MOBsuite splits:
{'22_0'}{'23_0'}
{'22_0'}{'23_0'}
{'33_0'}
{'15_0', '47_0', '37_0', '46_0'}{'40_1', '48_1', '45_1', '38_1'}
{'15_0', '47_0', '37_0', '46_0'}{'40_1', '48_1', '45_1', '38_1'}
#-------------------------



