Combination 0
Score:		0.46938742454837

Decomposition of weighted lengths HyAsP|MOBsuite|Common:		19337.0|3606.0|20526.5|

HyAsP plasmids:
2:	60,71,54,53,69,59,68,67,52_0,44_0,50_0,43_0,28_0,27_0,47_0,45_0,
3:	32_0,
4:	37,72,60,63,48_0,
5:	39_0,
7:	49,75,
10:	42,55,
11:	42,73,

MOBsuite plasmids:
AA366:	46,51,50_0,28_0,
AB918:	52_0,44_0,43_0,32_0,45_0,
AF632:	39_0,
AE312:	48_0,27_0,47_0,

HyAsP splits:
{'32_0'}
{'48_0'}
{'28_0', '50_0'}{'45_0', '52_0', '27_0', '47_0', '43_0', '44_0'}
{'28_0', '50_0'}{'45_0', '44_0', '52_0', '43_0'}{'27_0', '47_0'}
{'28_0', '50_0'}{'45_0', '44_0', '52_0', '43_0'}{'27_0', '47_0'}
{'39_0'}

MOBsuite splits:
{'28_0', '50_0'}
{'45_0', '44_0', '52_0', '43_0'}{'32_0'}
{'45_0', '44_0', '52_0', '43_0'}{'32_0'}
{'27_0', '47_0'}{'48_0'}
{'27_0', '47_0'}{'48_0'}
{'39_0'}
#-------------------------



