Combination 0
Score:		0.5356043956043957

Decomposition of weighted lengths HyAsP|MOBsuite|Common:		41582.0|0.0|4720.999999999999|

HyAsP plasmids:
3:	62,34,64,59,65,42,26,49,27,33,41,46,54,36,43,40,55,35,30,28,22,14_0,19_0,11_0,17_0,
4:	20,31,
5:	20,63,
6:	23,
7:	37,54,44,45,40,50,35,29,39,33,32,49,42,38,64,28,34,14_1,19_1,21_0,24_0,

MOBsuite plasmids:
AD058:	17_0,
AE312:	14_0,19_0,11_0,21_0,24_0,

HyAsP splits:
{'17_0'}{'19_0', '14_0', '11_0'}
{'17_0'}{'19_0', '14_0', '11_0'}
{'21_0', '24_0'}

MOBsuite splits:
{'17_0'}
{'19_0', '14_0', '11_0'}{'21_0', '24_0'}
{'19_0', '14_0', '11_0'}{'21_0', '24_0'}
#-------------------------



Combination 1
Score:		0.5668363215731637

Decomposition of weighted lengths HyAsP|MOBsuite|Common:		41582.0|0.0|7421.0|

HyAsP plasmids:
3:	62,34,64,59,65,42,26,49,27,33,41,46,54,36,43,40,55,35,30,28,22,14_0,19_0,11_0,17_0,
4:	20,31,
5:	20,63,
6:	23,
7:	37,54,44,45,40,50,35,29,39,33,32,49,42,38,64,28,34,14_1,19_1,21_0,24_0,

MOBsuite plasmids:
AD058:	17_0,
AE312:	14_0,19_1,11_0,21_0,24_0,

HyAsP splits:
{'17_0'}{'14_0', '11_0'}
{'17_0'}{'11_0', '14_0'}
{'21_0', '19_1', '24_0'}

MOBsuite splits:
{'17_0'}
{'11_0', '14_0'}{'21_0', '19_1', '24_0'}
{'14_0', '11_0'}{'21_0', '19_1', '24_0'}
#-------------------------



Combination 2
Score:		0.5915558126084441

Decomposition of weighted lengths HyAsP|MOBsuite|Common:		41582.0|0.0|9558.0|

HyAsP plasmids:
3:	62,34,64,59,65,42,26,49,27,33,41,46,54,36,43,40,55,35,30,28,22,14_0,19_0,11_0,17_0,
4:	20,31,
5:	20,63,
6:	23,
7:	37,54,44,45,40,50,35,29,39,33,32,49,42,38,64,28,34,14_1,19_1,21_0,24_0,

MOBsuite plasmids:
AD058:	17_0,
AE312:	14_1,19_0,11_0,21_0,24_0,

HyAsP splits:
{'17_0'}{'19_0', '11_0'}
{'17_0'}{'19_0', '11_0'}
{'14_1', '21_0', '24_0'}

MOBsuite splits:
{'17_0'}
{'19_0', '11_0'}{'14_1', '21_0', '24_0'}
{'19_0', '11_0'}{'14_1', '21_0', '24_0'}
#-------------------------



Combination 3
Score:		0.6227877385772123

Decomposition of weighted lengths HyAsP|MOBsuite|Common:		41582.0|0.0|12258.0|

HyAsP plasmids:
3:	62,34,64,59,65,42,26,49,27,33,41,46,54,36,43,40,55,35,30,28,22,14_0,19_0,11_0,17_0,
4:	20,31,
5:	20,63,
6:	23,
7:	37,54,44,45,40,50,35,29,39,33,32,49,42,38,64,28,34,14_1,19_1,21_0,24_0,

MOBsuite plasmids:
AD058:	17_0,
AE312:	14_1,19_1,11_0,21_0,24_0,

HyAsP splits:
{'17_0'}{'11_0'}
{'17_0'}{'11_0'}
{'14_1', '21_0', '19_1', '24_0'}

MOBsuite splits:
{'17_0'}
{'11_0'}{'14_1', '21_0', '19_1', '24_0'}
{'11_0'}{'14_1', '21_0', '19_1', '24_0'}
#-------------------------



