Combination 1
Score:		0.2524798962386511

Decomposition of weighted lengths HyAsP|MOBsuite|Common:		31347.0|0.0|17318.5|

HyAsP plasmids:
0:	66,61,65,50_0,48_0,
4:	38_0,
5:	36_0,
6:	34_0,
7:	58,53,62,55,45,60,65,64,27_0,17_0,46_0,
8:	55,62,53,58,42_0,32_0,46_1,
9:	30,18_0,
10:	43_0,
11:	41_0,
13:	40_0,
15:	51,
17:	44,56,
19:	53,63,57,

MOBsuite plasmids:
AF632:	40_0,
fe0ede74711041d9f7b351427c09044e:	41_0,43_0,32_0,36_0,46_1,
AA088:	50_0,48_0,
AB530:	18_0,38_0,34_0,
AE315:	27_0,17_0,
c01b0091b3d8b24a97dadcf5121f7394:	42_0,

HyAsP splits:
{'50_0', '48_0'}
{'18_0'}
{'38_0'}
{'34_0'}
{'43_0'}
{'36_0'}
{'32_0', '46_1'}{'42_0'}
{'32_0', '46_1'}{'42_0'}
{'41_0'}
{'27_0', '17_0'}
{'40_0'}

MOBsuite splits:
{'50_0', '48_0'}
{'38_0'}{'18_0', '34_0'}
{'38_0'}{'34_0'}{'18_0'}
{'38_0'}{'34_0'}{'18_0'}
{'36_0'}{'41_0', '43_0', '32_0', '46_1'}
{'36_0'}{'32_0', '46_1'}{'41_0', '43_0'}
{'36_0'}{'32_0', '46_1'}{'43_0'}{'41_0'}
{'36_0'}{'32_0', '46_1'}{'43_0'}{'41_0'}
{'42_0'}
{'27_0', '17_0'}
{'40_0'}
#-------------------------



Combination 0
Score:		0.26680933852140076

Decomposition of weighted lengths HyAsP|MOBsuite|Common:		31347.0|0.0|20080.5|

HyAsP plasmids:
0:	66,61,65,50_0,48_0,
4:	38_0,
5:	36_0,
6:	34_0,
7:	58,53,62,55,45,60,65,64,27_0,17_0,46_0,
8:	55,62,53,58,42_0,32_0,46_1,
9:	30,18_0,
10:	43_0,
11:	41_0,
13:	40_0,
15:	51,
17:	44,56,
19:	53,63,57,

MOBsuite plasmids:
AF632:	40_0,
fe0ede74711041d9f7b351427c09044e:	41_0,43_0,32_0,36_0,46_0,
AA088:	50_0,48_0,
AB530:	18_0,38_0,34_0,
AE315:	27_0,17_0,
c01b0091b3d8b24a97dadcf5121f7394:	42_0,

HyAsP splits:
{'50_0', '48_0'}
{'18_0'}
{'38_0'}
{'34_0'}
{'46_0'}{'27_0', '17_0'}
{'46_0'}{'27_0', '17_0'}
{'32_0'}{'42_0'}
{'32_0'}{'42_0'}
{'43_0'}
{'36_0'}
{'41_0'}
{'40_0'}

MOBsuite splits:
{'50_0', '48_0'}
{'38_0'}{'18_0', '34_0'}
{'38_0'}{'34_0'}{'18_0'}
{'38_0'}{'34_0'}{'18_0'}
{'36_0'}{'41_0', '43_0', '32_0', '46_0'}
{'36_0'}{'46_0'}{'41_0', '32_0', '43_0'}
{'36_0'}{'46_0'}{'32_0'}{'41_0', '43_0'}
{'36_0'}{'46_0'}{'32_0'}{'43_0'}{'41_0'}
{'36_0'}{'46_0'}{'32_0'}{'43_0'}{'41_0'}
{'42_0'}
{'27_0', '17_0'}
{'40_0'}
#-------------------------



