Combination 11
Score:		0.6247110148095841

Decomposition of weighted lengths HyAsP|MOBsuite|Common:		67235.0|15520.0|46409.0|

HyAsP plasmids:
4:	93_0,
5:	105,
6:	118,131_0,164_0,94_0,66_0,153_0,
7:	204,209,196,194,222,197,221,207,185,200,176,208,183,201,39_0,162_0,131_1,157_0,132_0,125_0,110_0,158_0,
10:	167,87,160,165,82_0,98_0,114_0,
11:	223,202,216,205,142_0,150_0,109_0,
12:	152,
13:	145,
15:	135_0,
16:	185,106_0,90_0,
17:	113,
19:	174,191,169,178,156,200,175,208,184,201,172,149_0,117_0,123_0,
20:	78,
21:	127,
23:	120,182,
25:	143,224,
34:	160,203,214,207,158_1,
36:	210,134_0,164_1,
39:	179,117_1,103_0,

MOBsuite plasmids:
AB530:	39_0,131_1,106_0,82_0,98_0,114_0,66_0,153_0,
AB973:	126,134_0,164_0,94_0,
d41ac1073202db24df63c2d4de46c70c:	109_0,110_0,
AB759:	101,135_0,
AB174:	148,162_0,157_0,93_0,132_0,125_0,90_0,
AE313:	92,142_0,150_0,149_0,117_1,103_0,158_1,123_0,

HyAsP splits:
{'131_1', '39_0'}{'157_0', '125_0', '132_0', '162_0', '110_0'}
{'131_1', '39_0'}{'110_0'}{'162_0', '132_0', '125_0', '157_0'}
{'131_1', '39_0'}{'110_0'}{'162_0', '125_0', '132_0', '157_0'}
{'117_1', '103_0'}
{'109_0'}{'150_0', '142_0'}
{'109_0'}{'150_0', '142_0'}
{'134_0'}
{'158_1'}
{'149_0', '123_0'}
{'106_0'}{'90_0'}
{'106_0'}{'90_0'}
{'98_0', '82_0', '114_0'}
{'93_0'}
{'66_0', '153_0'}{'94_0', '164_0'}
{'66_0', '153_0'}{'94_0', '164_0'}
{'135_0'}

MOBsuite splits:
{'150_0', '142_0'}{'103_0', '158_1', '149_0', '117_1', '123_0'}
{'150_0', '142_0'}{'149_0', '123_0'}{'158_1', '117_1', '103_0'}
{'150_0', '142_0'}{'149_0', '123_0'}{'158_1'}{'117_1', '103_0'}
{'150_0', '142_0'}{'149_0', '123_0'}{'158_1'}{'117_1', '103_0'}
{'94_0', '164_0'}{'134_0'}
{'94_0', '164_0'}{'134_0'}
{'66_0', '153_0'}{'114_0', '131_1', '82_0', '106_0', '98_0', '39_0'}
{'66_0', '153_0'}{'131_1', '39_0'}{'106_0', '98_0', '82_0', '114_0'}
{'66_0', '153_0'}{'131_1', '39_0'}{'98_0', '82_0', '114_0'}{'106_0'}
{'66_0', '153_0'}{'131_1', '39_0'}{'98_0', '82_0', '114_0'}{'106_0'}
{'110_0'}{'109_0'}
{'110_0'}{'109_0'}
{'93_0'}{'157_0', '90_0', '132_0', '125_0', '162_0'}
{'93_0'}{'162_0', '125_0', '132_0', '157_0'}{'90_0'}
{'93_0'}{'162_0', '132_0', '125_0', '157_0'}{'90_0'}
{'135_0'}
#-------------------------



Combination 15
Score:		0.6247110148095841

Decomposition of weighted lengths HyAsP|MOBsuite|Common:		67235.0|15520.0|46409.0|

HyAsP plasmids:
4:	93_0,
5:	105,
6:	118,131_0,164_0,94_0,66_0,153_0,
7:	204,209,196,194,222,197,221,207,185,200,176,208,183,201,39_0,162_0,131_1,157_0,132_0,125_0,110_0,158_0,
10:	167,87,160,165,82_0,98_0,114_0,
11:	223,202,216,205,142_0,150_0,109_0,
12:	152,
13:	145,
15:	135_0,
16:	185,106_0,90_0,
17:	113,
19:	174,191,169,178,156,200,175,208,184,201,172,149_0,117_0,123_0,
20:	78,
21:	127,
23:	120,182,
25:	143,224,
34:	160,203,214,207,158_1,
36:	210,134_0,164_1,
39:	179,117_1,103_0,

MOBsuite plasmids:
AB530:	39_0,131_1,106_0,82_0,98_0,114_0,66_0,153_0,
AB973:	126,134_0,164_1,94_0,
d41ac1073202db24df63c2d4de46c70c:	109_0,110_0,
AB759:	101,135_0,
AB174:	148,162_0,157_0,93_0,132_0,125_0,90_0,
AE313:	92,142_0,150_0,149_0,117_1,103_0,158_1,123_0,

HyAsP splits:
{'131_1', '39_0'}{'157_0', '125_0', '132_0', '162_0', '110_0'}
{'131_1', '39_0'}{'110_0'}{'162_0', '132_0', '125_0', '157_0'}
{'131_1', '39_0'}{'110_0'}{'162_0', '125_0', '132_0', '157_0'}
{'117_1', '103_0'}
{'109_0'}{'150_0', '142_0'}
{'109_0'}{'150_0', '142_0'}
{'164_1', '134_0'}
{'158_1'}
{'149_0', '123_0'}
{'106_0'}{'90_0'}
{'106_0'}{'90_0'}
{'98_0', '82_0', '114_0'}
{'93_0'}
{'66_0', '153_0'}{'94_0'}
{'66_0', '153_0'}{'94_0'}
{'135_0'}

MOBsuite splits:
{'150_0', '142_0'}{'103_0', '158_1', '149_0', '117_1', '123_0'}
{'150_0', '142_0'}{'149_0', '123_0'}{'158_1', '117_1', '103_0'}
{'150_0', '142_0'}{'149_0', '123_0'}{'158_1'}{'117_1', '103_0'}
{'150_0', '142_0'}{'149_0', '123_0'}{'158_1'}{'117_1', '103_0'}
{'94_0'}{'164_1', '134_0'}
{'94_0'}{'164_1', '134_0'}
{'66_0', '153_0'}{'114_0', '131_1', '82_0', '106_0', '98_0', '39_0'}
{'66_0', '153_0'}{'131_1', '39_0'}{'106_0', '98_0', '82_0', '114_0'}
{'66_0', '153_0'}{'131_1', '39_0'}{'98_0', '82_0', '114_0'}{'106_0'}
{'66_0', '153_0'}{'131_1', '39_0'}{'98_0', '82_0', '114_0'}{'106_0'}
{'110_0'}{'109_0'}
{'110_0'}{'109_0'}
{'93_0'}{'157_0', '90_0', '132_0', '125_0', '162_0'}
{'93_0'}{'162_0', '125_0', '132_0', '157_0'}{'90_0'}
{'93_0'}{'162_0', '132_0', '125_0', '157_0'}{'90_0'}
{'135_0'}
#-------------------------



Combination 9
Score:		0.6249407519902495

Decomposition of weighted lengths HyAsP|MOBsuite|Common:		67235.0|15520.0|46456.5|

HyAsP plasmids:
4:	93_0,
5:	105,
6:	118,131_0,164_0,94_0,66_0,153_0,
7:	204,209,196,194,222,197,221,207,185,200,176,208,183,201,39_0,162_0,131_1,157_0,132_0,125_0,110_0,158_0,
10:	167,87,160,165,82_0,98_0,114_0,
11:	223,202,216,205,142_0,150_0,109_0,
12:	152,
13:	145,
15:	135_0,
16:	185,106_0,90_0,
17:	113,
19:	174,191,169,178,156,200,175,208,184,201,172,149_0,117_0,123_0,
20:	78,
21:	127,
23:	120,182,
25:	143,224,
34:	160,203,214,207,158_1,
36:	210,134_0,164_1,
39:	179,117_1,103_0,

MOBsuite plasmids:
AB530:	39_0,131_1,106_0,82_0,98_0,114_0,66_0,153_0,
AB973:	126,134_0,164_0,94_0,
d41ac1073202db24df63c2d4de46c70c:	109_0,110_0,
AB759:	101,135_0,
AB174:	148,162_0,157_0,93_0,132_0,125_0,90_0,
AE313:	92,142_0,150_0,149_0,117_0,103_0,158_1,123_0,

HyAsP splits:
{'131_1', '39_0'}{'157_0', '125_0', '132_0', '162_0', '110_0'}
{'131_1', '39_0'}{'110_0'}{'162_0', '132_0', '125_0', '157_0'}
{'131_1', '39_0'}{'110_0'}{'162_0', '125_0', '132_0', '157_0'}
{'103_0'}
{'109_0'}{'150_0', '142_0'}
{'109_0'}{'150_0', '142_0'}
{'134_0'}
{'158_1'}
{'149_0', '123_0', '117_0'}
{'106_0'}{'90_0'}
{'106_0'}{'90_0'}
{'98_0', '82_0', '114_0'}
{'93_0'}
{'66_0', '153_0'}{'94_0', '164_0'}
{'66_0', '153_0'}{'94_0', '164_0'}
{'135_0'}

MOBsuite splits:
{'150_0', '142_0'}{'123_0', '103_0', '158_1', '149_0', '117_0'}
{'150_0', '142_0'}{'149_0', '123_0', '117_0'}{'158_1', '103_0'}
{'150_0', '142_0'}{'149_0', '117_0', '123_0'}{'158_1'}{'103_0'}
{'150_0', '142_0'}{'149_0', '123_0', '117_0'}{'158_1'}{'103_0'}
{'94_0', '164_0'}{'134_0'}
{'94_0', '164_0'}{'134_0'}
{'66_0', '153_0'}{'114_0', '131_1', '82_0', '106_0', '98_0', '39_0'}
{'66_0', '153_0'}{'131_1', '39_0'}{'106_0', '98_0', '82_0', '114_0'}
{'66_0', '153_0'}{'131_1', '39_0'}{'98_0', '82_0', '114_0'}{'106_0'}
{'66_0', '153_0'}{'131_1', '39_0'}{'98_0', '82_0', '114_0'}{'106_0'}
{'110_0'}{'109_0'}
{'110_0'}{'109_0'}
{'93_0'}{'157_0', '90_0', '132_0', '125_0', '162_0'}
{'93_0'}{'162_0', '125_0', '132_0', '157_0'}{'90_0'}
{'93_0'}{'162_0', '132_0', '125_0', '157_0'}{'90_0'}
{'135_0'}
#-------------------------



Combination 13
Score:		0.6249407519902495

Decomposition of weighted lengths HyAsP|MOBsuite|Common:		67235.0|15520.0|46456.5|

HyAsP plasmids:
4:	93_0,
5:	105,
6:	118,131_0,164_0,94_0,66_0,153_0,
7:	204,209,196,194,222,197,221,207,185,200,176,208,183,201,39_0,162_0,131_1,157_0,132_0,125_0,110_0,158_0,
10:	167,87,160,165,82_0,98_0,114_0,
11:	223,202,216,205,142_0,150_0,109_0,
12:	152,
13:	145,
15:	135_0,
16:	185,106_0,90_0,
17:	113,
19:	174,191,169,178,156,200,175,208,184,201,172,149_0,117_0,123_0,
20:	78,
21:	127,
23:	120,182,
25:	143,224,
34:	160,203,214,207,158_1,
36:	210,134_0,164_1,
39:	179,117_1,103_0,

MOBsuite plasmids:
AB530:	39_0,131_1,106_0,82_0,98_0,114_0,66_0,153_0,
AB973:	126,134_0,164_1,94_0,
d41ac1073202db24df63c2d4de46c70c:	109_0,110_0,
AB759:	101,135_0,
AB174:	148,162_0,157_0,93_0,132_0,125_0,90_0,
AE313:	92,142_0,150_0,149_0,117_0,103_0,158_1,123_0,

HyAsP splits:
{'131_1', '39_0'}{'157_0', '125_0', '132_0', '162_0', '110_0'}
{'131_1', '39_0'}{'110_0'}{'162_0', '132_0', '125_0', '157_0'}
{'131_1', '39_0'}{'110_0'}{'162_0', '125_0', '132_0', '157_0'}
{'103_0'}
{'109_0'}{'150_0', '142_0'}
{'109_0'}{'150_0', '142_0'}
{'164_1', '134_0'}
{'158_1'}
{'149_0', '123_0', '117_0'}
{'106_0'}{'90_0'}
{'106_0'}{'90_0'}
{'98_0', '82_0', '114_0'}
{'93_0'}
{'66_0', '153_0'}{'94_0'}
{'66_0', '153_0'}{'94_0'}
{'135_0'}

MOBsuite splits:
{'150_0', '142_0'}{'123_0', '103_0', '158_1', '149_0', '117_0'}
{'150_0', '142_0'}{'149_0', '123_0', '117_0'}{'158_1', '103_0'}
{'150_0', '142_0'}{'149_0', '117_0', '123_0'}{'158_1'}{'103_0'}
{'150_0', '142_0'}{'149_0', '123_0', '117_0'}{'158_1'}{'103_0'}
{'94_0'}{'164_1', '134_0'}
{'94_0'}{'164_1', '134_0'}
{'66_0', '153_0'}{'114_0', '131_1', '82_0', '106_0', '98_0', '39_0'}
{'66_0', '153_0'}{'131_1', '39_0'}{'106_0', '98_0', '82_0', '114_0'}
{'66_0', '153_0'}{'131_1', '39_0'}{'98_0', '82_0', '114_0'}{'106_0'}
{'66_0', '153_0'}{'131_1', '39_0'}{'98_0', '82_0', '114_0'}{'106_0'}
{'110_0'}{'109_0'}
{'110_0'}{'109_0'}
{'93_0'}{'157_0', '90_0', '132_0', '125_0', '162_0'}
{'93_0'}{'162_0', '125_0', '132_0', '157_0'}{'90_0'}
{'93_0'}{'162_0', '132_0', '125_0', '157_0'}{'90_0'}
{'135_0'}
#-------------------------



Combination 10
Score:		0.6279200804805618

Decomposition of weighted lengths HyAsP|MOBsuite|Common:		67235.0|15520.0|47072.5|

HyAsP plasmids:
4:	93_0,
5:	105,
6:	118,131_0,164_0,94_0,66_0,153_0,
7:	204,209,196,194,222,197,221,207,185,200,176,208,183,201,39_0,162_0,131_1,157_0,132_0,125_0,110_0,158_0,
10:	167,87,160,165,82_0,98_0,114_0,
11:	223,202,216,205,142_0,150_0,109_0,
12:	152,
13:	145,
15:	135_0,
16:	185,106_0,90_0,
17:	113,
19:	174,191,169,178,156,200,175,208,184,201,172,149_0,117_0,123_0,
20:	78,
21:	127,
23:	120,182,
25:	143,224,
34:	160,203,214,207,158_1,
36:	210,134_0,164_1,
39:	179,117_1,103_0,

MOBsuite plasmids:
AB530:	39_0,131_1,106_0,82_0,98_0,114_0,66_0,153_0,
AB973:	126,134_0,164_0,94_0,
d41ac1073202db24df63c2d4de46c70c:	109_0,110_0,
AB759:	101,135_0,
AB174:	148,162_0,157_0,93_0,132_0,125_0,90_0,
AE313:	92,142_0,150_0,149_0,117_1,103_0,158_0,123_0,

HyAsP splits:
{'131_1', '39_0'}{'157_0', '158_0', '125_0', '132_0', '162_0', '110_0'}
{'131_1', '39_0'}{'110_0'}{'157_0', '158_0', '132_0', '125_0', '162_0'}
{'131_1', '39_0'}{'110_0'}{'162_0', '125_0', '132_0', '157_0'}{'158_0'}
{'131_1', '39_0'}{'110_0'}{'162_0', '132_0', '125_0', '157_0'}{'158_0'}
{'117_1', '103_0'}
{'109_0'}{'150_0', '142_0'}
{'109_0'}{'150_0', '142_0'}
{'134_0'}
{'149_0', '123_0'}
{'106_0'}{'90_0'}
{'106_0'}{'90_0'}
{'98_0', '82_0', '114_0'}
{'93_0'}
{'66_0', '153_0'}{'94_0', '164_0'}
{'66_0', '153_0'}{'94_0', '164_0'}
{'135_0'}

MOBsuite splits:
{'158_0'}{'150_0', '103_0', '149_0', '117_1', '142_0', '123_0'}
{'158_0'}{'150_0', '142_0'}{'149_0', '117_1', '123_0', '103_0'}
{'158_0'}{'150_0', '142_0'}{'149_0', '123_0'}{'117_1', '103_0'}
{'158_0'}{'150_0', '142_0'}{'149_0', '123_0'}{'117_1', '103_0'}
{'94_0', '164_0'}{'134_0'}
{'94_0', '164_0'}{'134_0'}
{'66_0', '153_0'}{'114_0', '131_1', '82_0', '106_0', '98_0', '39_0'}
{'66_0', '153_0'}{'131_1', '39_0'}{'106_0', '98_0', '82_0', '114_0'}
{'66_0', '153_0'}{'131_1', '39_0'}{'98_0', '82_0', '114_0'}{'106_0'}
{'66_0', '153_0'}{'131_1', '39_0'}{'98_0', '82_0', '114_0'}{'106_0'}
{'110_0'}{'109_0'}
{'110_0'}{'109_0'}
{'93_0'}{'157_0', '90_0', '132_0', '125_0', '162_0'}
{'93_0'}{'162_0', '125_0', '132_0', '157_0'}{'90_0'}
{'93_0'}{'162_0', '132_0', '125_0', '157_0'}{'90_0'}
{'135_0'}
#-------------------------



Combination 14
Score:		0.6279200804805618

Decomposition of weighted lengths HyAsP|MOBsuite|Common:		67235.0|15520.0|47072.50000000001|

HyAsP plasmids:
4:	93_0,
5:	105,
6:	118,131_0,164_0,94_0,66_0,153_0,
7:	204,209,196,194,222,197,221,207,185,200,176,208,183,201,39_0,162_0,131_1,157_0,132_0,125_0,110_0,158_0,
10:	167,87,160,165,82_0,98_0,114_0,
11:	223,202,216,205,142_0,150_0,109_0,
12:	152,
13:	145,
15:	135_0,
16:	185,106_0,90_0,
17:	113,
19:	174,191,169,178,156,200,175,208,184,201,172,149_0,117_0,123_0,
20:	78,
21:	127,
23:	120,182,
25:	143,224,
34:	160,203,214,207,158_1,
36:	210,134_0,164_1,
39:	179,117_1,103_0,

MOBsuite plasmids:
AB530:	39_0,131_1,106_0,82_0,98_0,114_0,66_0,153_0,
AB973:	126,134_0,164_1,94_0,
d41ac1073202db24df63c2d4de46c70c:	109_0,110_0,
AB759:	101,135_0,
AB174:	148,162_0,157_0,93_0,132_0,125_0,90_0,
AE313:	92,142_0,150_0,149_0,117_1,103_0,158_0,123_0,

HyAsP splits:
{'131_1', '39_0'}{'157_0', '158_0', '125_0', '132_0', '162_0', '110_0'}
{'131_1', '39_0'}{'110_0'}{'157_0', '158_0', '132_0', '125_0', '162_0'}
{'131_1', '39_0'}{'110_0'}{'162_0', '125_0', '132_0', '157_0'}{'158_0'}
{'131_1', '39_0'}{'110_0'}{'162_0', '132_0', '125_0', '157_0'}{'158_0'}
{'117_1', '103_0'}
{'109_0'}{'150_0', '142_0'}
{'109_0'}{'150_0', '142_0'}
{'164_1', '134_0'}
{'149_0', '123_0'}
{'106_0'}{'90_0'}
{'106_0'}{'90_0'}
{'98_0', '82_0', '114_0'}
{'93_0'}
{'66_0', '153_0'}{'94_0'}
{'66_0', '153_0'}{'94_0'}
{'135_0'}

MOBsuite splits:
{'158_0'}{'150_0', '103_0', '149_0', '117_1', '142_0', '123_0'}
{'158_0'}{'150_0', '142_0'}{'149_0', '117_1', '123_0', '103_0'}
{'158_0'}{'150_0', '142_0'}{'149_0', '123_0'}{'117_1', '103_0'}
{'158_0'}{'150_0', '142_0'}{'149_0', '123_0'}{'117_1', '103_0'}
{'94_0'}{'164_1', '134_0'}
{'94_0'}{'164_1', '134_0'}
{'66_0', '153_0'}{'114_0', '131_1', '82_0', '106_0', '98_0', '39_0'}
{'66_0', '153_0'}{'131_1', '39_0'}{'106_0', '98_0', '82_0', '114_0'}
{'66_0', '153_0'}{'131_1', '39_0'}{'98_0', '82_0', '114_0'}{'106_0'}
{'66_0', '153_0'}{'131_1', '39_0'}{'98_0', '82_0', '114_0'}{'106_0'}
{'110_0'}{'109_0'}
{'110_0'}{'109_0'}
{'93_0'}{'157_0', '90_0', '132_0', '125_0', '162_0'}
{'93_0'}{'162_0', '125_0', '132_0', '157_0'}{'90_0'}
{'93_0'}{'162_0', '132_0', '125_0', '157_0'}{'90_0'}
{'135_0'}
#-------------------------



Combination 8
Score:		0.6281498176612271

Decomposition of weighted lengths HyAsP|MOBsuite|Common:		67235.0|15520.0|47120.0|

HyAsP plasmids:
4:	93_0,
5:	105,
6:	118,131_0,164_0,94_0,66_0,153_0,
7:	204,209,196,194,222,197,221,207,185,200,176,208,183,201,39_0,162_0,131_1,157_0,132_0,125_0,110_0,158_0,
10:	167,87,160,165,82_0,98_0,114_0,
11:	223,202,216,205,142_0,150_0,109_0,
12:	152,
13:	145,
15:	135_0,
16:	185,106_0,90_0,
17:	113,
19:	174,191,169,178,156,200,175,208,184,201,172,149_0,117_0,123_0,
20:	78,
21:	127,
23:	120,182,
25:	143,224,
34:	160,203,214,207,158_1,
36:	210,134_0,164_1,
39:	179,117_1,103_0,

MOBsuite plasmids:
AB530:	39_0,131_1,106_0,82_0,98_0,114_0,66_0,153_0,
AB973:	126,134_0,164_0,94_0,
d41ac1073202db24df63c2d4de46c70c:	109_0,110_0,
AB759:	101,135_0,
AB174:	148,162_0,157_0,93_0,132_0,125_0,90_0,
AE313:	92,142_0,150_0,149_0,117_0,103_0,158_0,123_0,

HyAsP splits:
{'131_1', '39_0'}{'157_0', '158_0', '125_0', '132_0', '162_0', '110_0'}
{'131_1', '39_0'}{'110_0'}{'157_0', '158_0', '132_0', '125_0', '162_0'}
{'131_1', '39_0'}{'110_0'}{'162_0', '125_0', '132_0', '157_0'}{'158_0'}
{'131_1', '39_0'}{'110_0'}{'162_0', '132_0', '125_0', '157_0'}{'158_0'}
{'103_0'}
{'109_0'}{'150_0', '142_0'}
{'109_0'}{'150_0', '142_0'}
{'134_0'}
{'149_0', '123_0', '117_0'}
{'106_0'}{'90_0'}
{'106_0'}{'90_0'}
{'98_0', '82_0', '114_0'}
{'93_0'}
{'66_0', '153_0'}{'94_0', '164_0'}
{'66_0', '153_0'}{'94_0', '164_0'}
{'135_0'}

MOBsuite splits:
{'158_0'}{'150_0', '103_0', '117_0', '149_0', '142_0', '123_0'}
{'158_0'}{'150_0', '142_0'}{'149_0', '123_0', '117_0', '103_0'}
{'158_0'}{'150_0', '142_0'}{'149_0', '123_0', '117_0'}{'103_0'}
{'158_0'}{'150_0', '142_0'}{'149_0', '117_0', '123_0'}{'103_0'}
{'94_0', '164_0'}{'134_0'}
{'94_0', '164_0'}{'134_0'}
{'66_0', '153_0'}{'114_0', '131_1', '82_0', '106_0', '98_0', '39_0'}
{'66_0', '153_0'}{'131_1', '39_0'}{'106_0', '98_0', '82_0', '114_0'}
{'66_0', '153_0'}{'131_1', '39_0'}{'98_0', '82_0', '114_0'}{'106_0'}
{'66_0', '153_0'}{'131_1', '39_0'}{'98_0', '82_0', '114_0'}{'106_0'}
{'110_0'}{'109_0'}
{'110_0'}{'109_0'}
{'93_0'}{'157_0', '90_0', '132_0', '125_0', '162_0'}
{'93_0'}{'162_0', '125_0', '132_0', '157_0'}{'90_0'}
{'93_0'}{'162_0', '132_0', '125_0', '157_0'}{'90_0'}
{'135_0'}
#-------------------------



Combination 12
Score:		0.6281498176612271

Decomposition of weighted lengths HyAsP|MOBsuite|Common:		67235.0|15520.0|47119.99999999999|

HyAsP plasmids:
4:	93_0,
5:	105,
6:	118,131_0,164_0,94_0,66_0,153_0,
7:	204,209,196,194,222,197,221,207,185,200,176,208,183,201,39_0,162_0,131_1,157_0,132_0,125_0,110_0,158_0,
10:	167,87,160,165,82_0,98_0,114_0,
11:	223,202,216,205,142_0,150_0,109_0,
12:	152,
13:	145,
15:	135_0,
16:	185,106_0,90_0,
17:	113,
19:	174,191,169,178,156,200,175,208,184,201,172,149_0,117_0,123_0,
20:	78,
21:	127,
23:	120,182,
25:	143,224,
34:	160,203,214,207,158_1,
36:	210,134_0,164_1,
39:	179,117_1,103_0,

MOBsuite plasmids:
AB530:	39_0,131_1,106_0,82_0,98_0,114_0,66_0,153_0,
AB973:	126,134_0,164_1,94_0,
d41ac1073202db24df63c2d4de46c70c:	109_0,110_0,
AB759:	101,135_0,
AB174:	148,162_0,157_0,93_0,132_0,125_0,90_0,
AE313:	92,142_0,150_0,149_0,117_0,103_0,158_0,123_0,

HyAsP splits:
{'131_1', '39_0'}{'157_0', '158_0', '125_0', '132_0', '162_0', '110_0'}
{'131_1', '39_0'}{'110_0'}{'157_0', '158_0', '132_0', '125_0', '162_0'}
{'131_1', '39_0'}{'110_0'}{'162_0', '125_0', '132_0', '157_0'}{'158_0'}
{'131_1', '39_0'}{'110_0'}{'162_0', '132_0', '125_0', '157_0'}{'158_0'}
{'103_0'}
{'109_0'}{'150_0', '142_0'}
{'109_0'}{'150_0', '142_0'}
{'164_1', '134_0'}
{'149_0', '123_0', '117_0'}
{'106_0'}{'90_0'}
{'106_0'}{'90_0'}
{'98_0', '82_0', '114_0'}
{'93_0'}
{'66_0', '153_0'}{'94_0'}
{'66_0', '153_0'}{'94_0'}
{'135_0'}

MOBsuite splits:
{'158_0'}{'150_0', '103_0', '117_0', '149_0', '142_0', '123_0'}
{'158_0'}{'150_0', '142_0'}{'149_0', '123_0', '117_0', '103_0'}
{'158_0'}{'150_0', '142_0'}{'149_0', '123_0', '117_0'}{'103_0'}
{'158_0'}{'150_0', '142_0'}{'149_0', '117_0', '123_0'}{'103_0'}
{'94_0'}{'164_1', '134_0'}
{'94_0'}{'164_1', '134_0'}
{'66_0', '153_0'}{'114_0', '131_1', '82_0', '106_0', '98_0', '39_0'}
{'66_0', '153_0'}{'131_1', '39_0'}{'106_0', '98_0', '82_0', '114_0'}
{'66_0', '153_0'}{'131_1', '39_0'}{'98_0', '82_0', '114_0'}{'106_0'}
{'66_0', '153_0'}{'131_1', '39_0'}{'98_0', '82_0', '114_0'}{'106_0'}
{'110_0'}{'109_0'}
{'110_0'}{'109_0'}
{'93_0'}{'157_0', '90_0', '132_0', '125_0', '162_0'}
{'93_0'}{'162_0', '125_0', '132_0', '157_0'}{'90_0'}
{'93_0'}{'162_0', '132_0', '125_0', '157_0'}{'90_0'}
{'135_0'}
#-------------------------



Combination 3
Score:		0.6308728078236392

Decomposition of weighted lengths HyAsP|MOBsuite|Common:		67235.0|15520.0|47682.99999999999|

HyAsP plasmids:
4:	93_0,
5:	105,
6:	118,131_0,164_0,94_0,66_0,153_0,
7:	204,209,196,194,222,197,221,207,185,200,176,208,183,201,39_0,162_0,131_1,157_0,132_0,125_0,110_0,158_0,
10:	167,87,160,165,82_0,98_0,114_0,
11:	223,202,216,205,142_0,150_0,109_0,
12:	152,
13:	145,
15:	135_0,
16:	185,106_0,90_0,
17:	113,
19:	174,191,169,178,156,200,175,208,184,201,172,149_0,117_0,123_0,
20:	78,
21:	127,
23:	120,182,
25:	143,224,
34:	160,203,214,207,158_1,
36:	210,134_0,164_1,
39:	179,117_1,103_0,

MOBsuite plasmids:
AB530:	39_0,131_0,106_0,82_0,98_0,114_0,66_0,153_0,
AB973:	126,134_0,164_0,94_0,
d41ac1073202db24df63c2d4de46c70c:	109_0,110_0,
AB759:	101,135_0,
AB174:	148,162_0,157_0,93_0,132_0,125_0,90_0,
AE313:	92,142_0,150_0,149_0,117_1,103_0,158_1,123_0,

HyAsP splits:
{'39_0'}{'157_0', '132_0', '125_0', '162_0', '110_0'}
{'39_0'}{'110_0'}{'162_0', '125_0', '132_0', '157_0'}
{'39_0'}{'110_0'}{'162_0', '125_0', '132_0', '157_0'}
{'117_1', '103_0'}
{'109_0'}{'150_0', '142_0'}
{'109_0'}{'150_0', '142_0'}
{'134_0'}
{'158_1'}
{'149_0', '123_0'}
{'106_0'}{'90_0'}
{'106_0'}{'90_0'}
{'98_0', '82_0', '114_0'}
{'93_0'}
{'131_0', '66_0', '153_0'}{'94_0', '164_0'}
{'131_0', '66_0', '153_0'}{'94_0', '164_0'}
{'135_0'}

MOBsuite splits:
{'150_0', '142_0'}{'103_0', '158_1', '149_0', '117_1', '123_0'}
{'150_0', '142_0'}{'149_0', '123_0'}{'158_1', '117_1', '103_0'}
{'150_0', '142_0'}{'149_0', '123_0'}{'158_1'}{'117_1', '103_0'}
{'150_0', '142_0'}{'149_0', '123_0'}{'158_1'}{'117_1', '103_0'}
{'94_0', '164_0'}{'134_0'}
{'94_0', '164_0'}{'134_0'}
{'131_0', '66_0', '153_0'}{'114_0', '82_0', '106_0', '98_0', '39_0'}
{'131_0', '66_0', '153_0'}{'39_0'}{'106_0', '98_0', '82_0', '114_0'}
{'131_0', '66_0', '153_0'}{'39_0'}{'98_0', '82_0', '114_0'}{'106_0'}
{'131_0', '66_0', '153_0'}{'39_0'}{'98_0', '82_0', '114_0'}{'106_0'}
{'110_0'}{'109_0'}
{'110_0'}{'109_0'}
{'93_0'}{'157_0', '90_0', '132_0', '125_0', '162_0'}
{'93_0'}{'162_0', '125_0', '132_0', '157_0'}{'90_0'}
{'93_0'}{'162_0', '132_0', '125_0', '157_0'}{'90_0'}
{'135_0'}
#-------------------------



Combination 7
Score:		0.6308728078236392

Decomposition of weighted lengths HyAsP|MOBsuite|Common:		67235.0|15520.0|47683.0|

HyAsP plasmids:
4:	93_0,
5:	105,
6:	118,131_0,164_0,94_0,66_0,153_0,
7:	204,209,196,194,222,197,221,207,185,200,176,208,183,201,39_0,162_0,131_1,157_0,132_0,125_0,110_0,158_0,
10:	167,87,160,165,82_0,98_0,114_0,
11:	223,202,216,205,142_0,150_0,109_0,
12:	152,
13:	145,
15:	135_0,
16:	185,106_0,90_0,
17:	113,
19:	174,191,169,178,156,200,175,208,184,201,172,149_0,117_0,123_0,
20:	78,
21:	127,
23:	120,182,
25:	143,224,
34:	160,203,214,207,158_1,
36:	210,134_0,164_1,
39:	179,117_1,103_0,

MOBsuite plasmids:
AB530:	39_0,131_0,106_0,82_0,98_0,114_0,66_0,153_0,
AB973:	126,134_0,164_1,94_0,
d41ac1073202db24df63c2d4de46c70c:	109_0,110_0,
AB759:	101,135_0,
AB174:	148,162_0,157_0,93_0,132_0,125_0,90_0,
AE313:	92,142_0,150_0,149_0,117_1,103_0,158_1,123_0,

HyAsP splits:
{'39_0'}{'157_0', '132_0', '125_0', '162_0', '110_0'}
{'39_0'}{'110_0'}{'162_0', '125_0', '132_0', '157_0'}
{'39_0'}{'110_0'}{'162_0', '125_0', '132_0', '157_0'}
{'117_1', '103_0'}
{'109_0'}{'150_0', '142_0'}
{'109_0'}{'150_0', '142_0'}
{'164_1', '134_0'}
{'158_1'}
{'149_0', '123_0'}
{'106_0'}{'90_0'}
{'106_0'}{'90_0'}
{'98_0', '82_0', '114_0'}
{'93_0'}
{'131_0', '66_0', '153_0'}{'94_0'}
{'131_0', '66_0', '153_0'}{'94_0'}
{'135_0'}

MOBsuite splits:
{'150_0', '142_0'}{'103_0', '158_1', '149_0', '117_1', '123_0'}
{'150_0', '142_0'}{'149_0', '123_0'}{'158_1', '117_1', '103_0'}
{'150_0', '142_0'}{'149_0', '123_0'}{'158_1'}{'117_1', '103_0'}
{'150_0', '142_0'}{'149_0', '123_0'}{'158_1'}{'117_1', '103_0'}
{'94_0'}{'164_1', '134_0'}
{'94_0'}{'164_1', '134_0'}
{'131_0', '66_0', '153_0'}{'114_0', '82_0', '106_0', '98_0', '39_0'}
{'131_0', '66_0', '153_0'}{'39_0'}{'106_0', '98_0', '82_0', '114_0'}
{'131_0', '66_0', '153_0'}{'39_0'}{'98_0', '82_0', '114_0'}{'106_0'}
{'131_0', '66_0', '153_0'}{'39_0'}{'98_0', '82_0', '114_0'}{'106_0'}
{'110_0'}{'109_0'}
{'110_0'}{'109_0'}
{'93_0'}{'157_0', '90_0', '132_0', '125_0', '162_0'}
{'93_0'}{'162_0', '125_0', '132_0', '157_0'}{'90_0'}
{'93_0'}{'162_0', '132_0', '125_0', '157_0'}{'90_0'}
{'135_0'}
#-------------------------



Combination 1
Score:		0.6311025450043045

Decomposition of weighted lengths HyAsP|MOBsuite|Common:		67235.0|15520.0|47730.5|

HyAsP plasmids:
4:	93_0,
5:	105,
6:	118,131_0,164_0,94_0,66_0,153_0,
7:	204,209,196,194,222,197,221,207,185,200,176,208,183,201,39_0,162_0,131_1,157_0,132_0,125_0,110_0,158_0,
10:	167,87,160,165,82_0,98_0,114_0,
11:	223,202,216,205,142_0,150_0,109_0,
12:	152,
13:	145,
15:	135_0,
16:	185,106_0,90_0,
17:	113,
19:	174,191,169,178,156,200,175,208,184,201,172,149_0,117_0,123_0,
20:	78,
21:	127,
23:	120,182,
25:	143,224,
34:	160,203,214,207,158_1,
36:	210,134_0,164_1,
39:	179,117_1,103_0,

MOBsuite plasmids:
AB530:	39_0,131_0,106_0,82_0,98_0,114_0,66_0,153_0,
AB973:	126,134_0,164_0,94_0,
d41ac1073202db24df63c2d4de46c70c:	109_0,110_0,
AB759:	101,135_0,
AB174:	148,162_0,157_0,93_0,132_0,125_0,90_0,
AE313:	92,142_0,150_0,149_0,117_0,103_0,158_1,123_0,

HyAsP splits:
{'39_0'}{'157_0', '132_0', '125_0', '162_0', '110_0'}
{'39_0'}{'110_0'}{'162_0', '125_0', '132_0', '157_0'}
{'39_0'}{'110_0'}{'162_0', '125_0', '132_0', '157_0'}
{'103_0'}
{'109_0'}{'150_0', '142_0'}
{'109_0'}{'150_0', '142_0'}
{'134_0'}
{'158_1'}
{'149_0', '123_0', '117_0'}
{'106_0'}{'90_0'}
{'106_0'}{'90_0'}
{'98_0', '82_0', '114_0'}
{'93_0'}
{'131_0', '66_0', '153_0'}{'94_0', '164_0'}
{'131_0', '66_0', '153_0'}{'94_0', '164_0'}
{'135_0'}

MOBsuite splits:
{'150_0', '142_0'}{'123_0', '103_0', '158_1', '149_0', '117_0'}
{'150_0', '142_0'}{'149_0', '123_0', '117_0'}{'158_1', '103_0'}
{'150_0', '142_0'}{'149_0', '117_0', '123_0'}{'158_1'}{'103_0'}
{'150_0', '142_0'}{'149_0', '123_0', '117_0'}{'158_1'}{'103_0'}
{'94_0', '164_0'}{'134_0'}
{'94_0', '164_0'}{'134_0'}
{'131_0', '66_0', '153_0'}{'114_0', '82_0', '106_0', '98_0', '39_0'}
{'131_0', '66_0', '153_0'}{'39_0'}{'106_0', '98_0', '82_0', '114_0'}
{'131_0', '66_0', '153_0'}{'39_0'}{'98_0', '82_0', '114_0'}{'106_0'}
{'131_0', '66_0', '153_0'}{'39_0'}{'98_0', '82_0', '114_0'}{'106_0'}
{'110_0'}{'109_0'}
{'110_0'}{'109_0'}
{'93_0'}{'157_0', '90_0', '132_0', '125_0', '162_0'}
{'93_0'}{'162_0', '125_0', '132_0', '157_0'}{'90_0'}
{'93_0'}{'162_0', '132_0', '125_0', '157_0'}{'90_0'}
{'135_0'}
#-------------------------



Combination 5
Score:		0.6311025450043045

Decomposition of weighted lengths HyAsP|MOBsuite|Common:		67235.0|15520.0|47730.50000000001|

HyAsP plasmids:
4:	93_0,
5:	105,
6:	118,131_0,164_0,94_0,66_0,153_0,
7:	204,209,196,194,222,197,221,207,185,200,176,208,183,201,39_0,162_0,131_1,157_0,132_0,125_0,110_0,158_0,
10:	167,87,160,165,82_0,98_0,114_0,
11:	223,202,216,205,142_0,150_0,109_0,
12:	152,
13:	145,
15:	135_0,
16:	185,106_0,90_0,
17:	113,
19:	174,191,169,178,156,200,175,208,184,201,172,149_0,117_0,123_0,
20:	78,
21:	127,
23:	120,182,
25:	143,224,
34:	160,203,214,207,158_1,
36:	210,134_0,164_1,
39:	179,117_1,103_0,

MOBsuite plasmids:
AB530:	39_0,131_0,106_0,82_0,98_0,114_0,66_0,153_0,
AB973:	126,134_0,164_1,94_0,
d41ac1073202db24df63c2d4de46c70c:	109_0,110_0,
AB759:	101,135_0,
AB174:	148,162_0,157_0,93_0,132_0,125_0,90_0,
AE313:	92,142_0,150_0,149_0,117_0,103_0,158_1,123_0,

HyAsP splits:
{'39_0'}{'157_0', '132_0', '125_0', '162_0', '110_0'}
{'39_0'}{'110_0'}{'162_0', '125_0', '132_0', '157_0'}
{'39_0'}{'110_0'}{'162_0', '125_0', '132_0', '157_0'}
{'103_0'}
{'109_0'}{'150_0', '142_0'}
{'109_0'}{'150_0', '142_0'}
{'164_1', '134_0'}
{'158_1'}
{'149_0', '123_0', '117_0'}
{'106_0'}{'90_0'}
{'106_0'}{'90_0'}
{'98_0', '82_0', '114_0'}
{'93_0'}
{'131_0', '66_0', '153_0'}{'94_0'}
{'131_0', '66_0', '153_0'}{'94_0'}
{'135_0'}

MOBsuite splits:
{'150_0', '142_0'}{'123_0', '103_0', '158_1', '149_0', '117_0'}
{'150_0', '142_0'}{'149_0', '123_0', '117_0'}{'158_1', '103_0'}
{'150_0', '142_0'}{'149_0', '117_0', '123_0'}{'158_1'}{'103_0'}
{'150_0', '142_0'}{'149_0', '123_0', '117_0'}{'158_1'}{'103_0'}
{'94_0'}{'164_1', '134_0'}
{'94_0'}{'164_1', '134_0'}
{'131_0', '66_0', '153_0'}{'114_0', '82_0', '106_0', '98_0', '39_0'}
{'131_0', '66_0', '153_0'}{'39_0'}{'106_0', '98_0', '82_0', '114_0'}
{'131_0', '66_0', '153_0'}{'39_0'}{'98_0', '82_0', '114_0'}{'106_0'}
{'131_0', '66_0', '153_0'}{'39_0'}{'98_0', '82_0', '114_0'}{'106_0'}
{'110_0'}{'109_0'}
{'110_0'}{'109_0'}
{'93_0'}{'157_0', '90_0', '132_0', '125_0', '162_0'}
{'93_0'}{'162_0', '125_0', '132_0', '157_0'}{'90_0'}
{'93_0'}{'162_0', '132_0', '125_0', '157_0'}{'90_0'}
{'135_0'}
#-------------------------



Combination 2
Score:		0.6340818734946169

Decomposition of weighted lengths HyAsP|MOBsuite|Common:		67235.0|15520.0|48346.5|

HyAsP plasmids:
4:	93_0,
5:	105,
6:	118,131_0,164_0,94_0,66_0,153_0,
7:	204,209,196,194,222,197,221,207,185,200,176,208,183,201,39_0,162_0,131_1,157_0,132_0,125_0,110_0,158_0,
10:	167,87,160,165,82_0,98_0,114_0,
11:	223,202,216,205,142_0,150_0,109_0,
12:	152,
13:	145,
15:	135_0,
16:	185,106_0,90_0,
17:	113,
19:	174,191,169,178,156,200,175,208,184,201,172,149_0,117_0,123_0,
20:	78,
21:	127,
23:	120,182,
25:	143,224,
34:	160,203,214,207,158_1,
36:	210,134_0,164_1,
39:	179,117_1,103_0,

MOBsuite plasmids:
AB530:	39_0,131_0,106_0,82_0,98_0,114_0,66_0,153_0,
AB973:	126,134_0,164_0,94_0,
d41ac1073202db24df63c2d4de46c70c:	109_0,110_0,
AB759:	101,135_0,
AB174:	148,162_0,157_0,93_0,132_0,125_0,90_0,
AE313:	92,142_0,150_0,149_0,117_1,103_0,158_0,123_0,

HyAsP splits:
{'39_0'}{'157_0', '158_0', '132_0', '125_0', '162_0', '110_0'}
{'39_0'}{'110_0'}{'157_0', '158_0', '125_0', '132_0', '162_0'}
{'39_0'}{'110_0'}{'162_0', '125_0', '132_0', '157_0'}{'158_0'}
{'39_0'}{'110_0'}{'162_0', '132_0', '125_0', '157_0'}{'158_0'}
{'117_1', '103_0'}
{'109_0'}{'150_0', '142_0'}
{'109_0'}{'150_0', '142_0'}
{'134_0'}
{'149_0', '123_0'}
{'106_0'}{'90_0'}
{'106_0'}{'90_0'}
{'98_0', '82_0', '114_0'}
{'93_0'}
{'131_0', '66_0', '153_0'}{'94_0', '164_0'}
{'131_0', '66_0', '153_0'}{'94_0', '164_0'}
{'135_0'}

MOBsuite splits:
{'158_0'}{'150_0', '103_0', '149_0', '117_1', '142_0', '123_0'}
{'158_0'}{'150_0', '142_0'}{'149_0', '117_1', '123_0', '103_0'}
{'158_0'}{'150_0', '142_0'}{'149_0', '123_0'}{'117_1', '103_0'}
{'158_0'}{'150_0', '142_0'}{'149_0', '123_0'}{'117_1', '103_0'}
{'94_0', '164_0'}{'134_0'}
{'94_0', '164_0'}{'134_0'}
{'131_0', '66_0', '153_0'}{'114_0', '82_0', '106_0', '98_0', '39_0'}
{'131_0', '66_0', '153_0'}{'39_0'}{'106_0', '98_0', '82_0', '114_0'}
{'131_0', '66_0', '153_0'}{'39_0'}{'98_0', '82_0', '114_0'}{'106_0'}
{'131_0', '66_0', '153_0'}{'39_0'}{'98_0', '82_0', '114_0'}{'106_0'}
{'110_0'}{'109_0'}
{'110_0'}{'109_0'}
{'93_0'}{'157_0', '90_0', '132_0', '125_0', '162_0'}
{'93_0'}{'162_0', '125_0', '132_0', '157_0'}{'90_0'}
{'93_0'}{'162_0', '132_0', '125_0', '157_0'}{'90_0'}
{'135_0'}
#-------------------------



Combination 6
Score:		0.6340818734946169

Decomposition of weighted lengths HyAsP|MOBsuite|Common:		67235.0|15520.0|48346.50000000001|

HyAsP plasmids:
4:	93_0,
5:	105,
6:	118,131_0,164_0,94_0,66_0,153_0,
7:	204,209,196,194,222,197,221,207,185,200,176,208,183,201,39_0,162_0,131_1,157_0,132_0,125_0,110_0,158_0,
10:	167,87,160,165,82_0,98_0,114_0,
11:	223,202,216,205,142_0,150_0,109_0,
12:	152,
13:	145,
15:	135_0,
16:	185,106_0,90_0,
17:	113,
19:	174,191,169,178,156,200,175,208,184,201,172,149_0,117_0,123_0,
20:	78,
21:	127,
23:	120,182,
25:	143,224,
34:	160,203,214,207,158_1,
36:	210,134_0,164_1,
39:	179,117_1,103_0,

MOBsuite plasmids:
AB530:	39_0,131_0,106_0,82_0,98_0,114_0,66_0,153_0,
AB973:	126,134_0,164_1,94_0,
d41ac1073202db24df63c2d4de46c70c:	109_0,110_0,
AB759:	101,135_0,
AB174:	148,162_0,157_0,93_0,132_0,125_0,90_0,
AE313:	92,142_0,150_0,149_0,117_1,103_0,158_0,123_0,

HyAsP splits:
{'39_0'}{'157_0', '158_0', '132_0', '125_0', '162_0', '110_0'}
{'39_0'}{'110_0'}{'157_0', '158_0', '125_0', '132_0', '162_0'}
{'39_0'}{'110_0'}{'162_0', '125_0', '132_0', '157_0'}{'158_0'}
{'39_0'}{'110_0'}{'162_0', '132_0', '125_0', '157_0'}{'158_0'}
{'117_1', '103_0'}
{'109_0'}{'150_0', '142_0'}
{'109_0'}{'150_0', '142_0'}
{'164_1', '134_0'}
{'149_0', '123_0'}
{'106_0'}{'90_0'}
{'106_0'}{'90_0'}
{'98_0', '82_0', '114_0'}
{'93_0'}
{'131_0', '66_0', '153_0'}{'94_0'}
{'131_0', '66_0', '153_0'}{'94_0'}
{'135_0'}

MOBsuite splits:
{'158_0'}{'150_0', '103_0', '149_0', '117_1', '142_0', '123_0'}
{'158_0'}{'150_0', '142_0'}{'149_0', '117_1', '123_0', '103_0'}
{'158_0'}{'150_0', '142_0'}{'149_0', '123_0'}{'117_1', '103_0'}
{'158_0'}{'150_0', '142_0'}{'149_0', '123_0'}{'117_1', '103_0'}
{'94_0'}{'164_1', '134_0'}
{'94_0'}{'164_1', '134_0'}
{'131_0', '66_0', '153_0'}{'114_0', '82_0', '106_0', '98_0', '39_0'}
{'131_0', '66_0', '153_0'}{'39_0'}{'106_0', '98_0', '82_0', '114_0'}
{'131_0', '66_0', '153_0'}{'39_0'}{'98_0', '82_0', '114_0'}{'106_0'}
{'131_0', '66_0', '153_0'}{'39_0'}{'98_0', '82_0', '114_0'}{'106_0'}
{'110_0'}{'109_0'}
{'110_0'}{'109_0'}
{'93_0'}{'157_0', '90_0', '132_0', '125_0', '162_0'}
{'93_0'}{'162_0', '125_0', '132_0', '157_0'}{'90_0'}
{'93_0'}{'162_0', '132_0', '125_0', '157_0'}{'90_0'}
{'135_0'}
#-------------------------



Combination 0
Score:		0.6343116106752822

Decomposition of weighted lengths HyAsP|MOBsuite|Common:		67235.0|15520.0|48394.0|

HyAsP plasmids:
4:	93_0,
5:	105,
6:	118,131_0,164_0,94_0,66_0,153_0,
7:	204,209,196,194,222,197,221,207,185,200,176,208,183,201,39_0,162_0,131_1,157_0,132_0,125_0,110_0,158_0,
10:	167,87,160,165,82_0,98_0,114_0,
11:	223,202,216,205,142_0,150_0,109_0,
12:	152,
13:	145,
15:	135_0,
16:	185,106_0,90_0,
17:	113,
19:	174,191,169,178,156,200,175,208,184,201,172,149_0,117_0,123_0,
20:	78,
21:	127,
23:	120,182,
25:	143,224,
34:	160,203,214,207,158_1,
36:	210,134_0,164_1,
39:	179,117_1,103_0,

MOBsuite plasmids:
AB530:	39_0,131_0,106_0,82_0,98_0,114_0,66_0,153_0,
AB973:	126,134_0,164_0,94_0,
d41ac1073202db24df63c2d4de46c70c:	109_0,110_0,
AB759:	101,135_0,
AB174:	148,162_0,157_0,93_0,132_0,125_0,90_0,
AE313:	92,142_0,150_0,149_0,117_0,103_0,158_0,123_0,

HyAsP splits:
{'39_0'}{'157_0', '158_0', '132_0', '125_0', '162_0', '110_0'}
{'39_0'}{'110_0'}{'157_0', '158_0', '125_0', '132_0', '162_0'}
{'39_0'}{'110_0'}{'162_0', '125_0', '132_0', '157_0'}{'158_0'}
{'39_0'}{'110_0'}{'162_0', '132_0', '125_0', '157_0'}{'158_0'}
{'103_0'}
{'109_0'}{'150_0', '142_0'}
{'109_0'}{'150_0', '142_0'}
{'134_0'}
{'149_0', '123_0', '117_0'}
{'106_0'}{'90_0'}
{'106_0'}{'90_0'}
{'98_0', '82_0', '114_0'}
{'93_0'}
{'131_0', '66_0', '153_0'}{'94_0', '164_0'}
{'131_0', '66_0', '153_0'}{'94_0', '164_0'}
{'135_0'}

MOBsuite splits:
{'158_0'}{'150_0', '103_0', '117_0', '149_0', '142_0', '123_0'}
{'158_0'}{'150_0', '142_0'}{'149_0', '123_0', '117_0', '103_0'}
{'158_0'}{'150_0', '142_0'}{'149_0', '123_0', '117_0'}{'103_0'}
{'158_0'}{'150_0', '142_0'}{'149_0', '117_0', '123_0'}{'103_0'}
{'94_0', '164_0'}{'134_0'}
{'94_0', '164_0'}{'134_0'}
{'131_0', '66_0', '153_0'}{'114_0', '82_0', '106_0', '98_0', '39_0'}
{'131_0', '66_0', '153_0'}{'39_0'}{'106_0', '98_0', '82_0', '114_0'}
{'131_0', '66_0', '153_0'}{'39_0'}{'98_0', '82_0', '114_0'}{'106_0'}
{'131_0', '66_0', '153_0'}{'39_0'}{'98_0', '82_0', '114_0'}{'106_0'}
{'110_0'}{'109_0'}
{'110_0'}{'109_0'}
{'93_0'}{'157_0', '90_0', '132_0', '125_0', '162_0'}
{'93_0'}{'162_0', '125_0', '132_0', '157_0'}{'90_0'}
{'93_0'}{'162_0', '132_0', '125_0', '157_0'}{'90_0'}
{'135_0'}
#-------------------------



Combination 4
Score:		0.6343116106752822

Decomposition of weighted lengths HyAsP|MOBsuite|Common:		67235.0|15520.0|48394.00000000001|

HyAsP plasmids:
4:	93_0,
5:	105,
6:	118,131_0,164_0,94_0,66_0,153_0,
7:	204,209,196,194,222,197,221,207,185,200,176,208,183,201,39_0,162_0,131_1,157_0,132_0,125_0,110_0,158_0,
10:	167,87,160,165,82_0,98_0,114_0,
11:	223,202,216,205,142_0,150_0,109_0,
12:	152,
13:	145,
15:	135_0,
16:	185,106_0,90_0,
17:	113,
19:	174,191,169,178,156,200,175,208,184,201,172,149_0,117_0,123_0,
20:	78,
21:	127,
23:	120,182,
25:	143,224,
34:	160,203,214,207,158_1,
36:	210,134_0,164_1,
39:	179,117_1,103_0,

MOBsuite plasmids:
AB530:	39_0,131_0,106_0,82_0,98_0,114_0,66_0,153_0,
AB973:	126,134_0,164_1,94_0,
d41ac1073202db24df63c2d4de46c70c:	109_0,110_0,
AB759:	101,135_0,
AB174:	148,162_0,157_0,93_0,132_0,125_0,90_0,
AE313:	92,142_0,150_0,149_0,117_0,103_0,158_0,123_0,

HyAsP splits:
{'39_0'}{'157_0', '158_0', '132_0', '125_0', '162_0', '110_0'}
{'39_0'}{'110_0'}{'157_0', '158_0', '125_0', '132_0', '162_0'}
{'39_0'}{'110_0'}{'162_0', '125_0', '132_0', '157_0'}{'158_0'}
{'39_0'}{'110_0'}{'162_0', '132_0', '125_0', '157_0'}{'158_0'}
{'103_0'}
{'109_0'}{'150_0', '142_0'}
{'109_0'}{'150_0', '142_0'}
{'164_1', '134_0'}
{'149_0', '123_0', '117_0'}
{'106_0'}{'90_0'}
{'106_0'}{'90_0'}
{'98_0', '82_0', '114_0'}
{'93_0'}
{'131_0', '66_0', '153_0'}{'94_0'}
{'131_0', '66_0', '153_0'}{'94_0'}
{'135_0'}

MOBsuite splits:
{'158_0'}{'150_0', '103_0', '117_0', '149_0', '142_0', '123_0'}
{'158_0'}{'150_0', '142_0'}{'149_0', '123_0', '117_0', '103_0'}
{'158_0'}{'150_0', '142_0'}{'149_0', '123_0', '117_0'}{'103_0'}
{'158_0'}{'150_0', '142_0'}{'149_0', '117_0', '123_0'}{'103_0'}
{'94_0'}{'164_1', '134_0'}
{'94_0'}{'164_1', '134_0'}
{'131_0', '66_0', '153_0'}{'114_0', '82_0', '106_0', '98_0', '39_0'}
{'131_0', '66_0', '153_0'}{'39_0'}{'106_0', '98_0', '82_0', '114_0'}
{'131_0', '66_0', '153_0'}{'39_0'}{'98_0', '82_0', '114_0'}{'106_0'}
{'131_0', '66_0', '153_0'}{'39_0'}{'98_0', '82_0', '114_0'}{'106_0'}
{'110_0'}{'109_0'}
{'110_0'}{'109_0'}
{'93_0'}{'157_0', '90_0', '132_0', '125_0', '162_0'}
{'93_0'}{'162_0', '125_0', '132_0', '157_0'}{'90_0'}
{'93_0'}{'162_0', '132_0', '125_0', '157_0'}{'90_0'}
{'135_0'}
#-------------------------



