Combination 0
Score:		0.454910954602548

Decomposition of weighted lengths HyAsP|MOBsuite|Common:		13948.0|14366.0|12249.5|

HyAsP plasmids:
2:	82,59,78,106,57,147,129,26_0,
3:	51,53,67,125,93,75,105,79,68,46,110,85,44,116,87,28_0,39_0,41_0,43_0,
4:	51,52,91,59,77,106,58,30_0,32_0,23_0,
5:	110,84,44,117,87,35_0,
12:	176,45,123,66,146,129,103,27_0,
16:	60,101,122,103,29_0,

MOBsuite plasmids:
30ecc44b9af044072b8d78144f6c955f:	26_0,
AD058:	38,27_0,
AE313:	30_0,32_0,39_0,41_0,43_0,
AE672:	33,36,
5f467d5e80e0085adafb4ddc5c0db159:	37,29_0,
AE674:	31,
0627eb3ba8dc536badf458a7b0ab7078:	40,42,35_0,28_0,23_0,

HyAsP splits:
{'26_0'}
{'35_0'}
{'30_0', '32_0'}{'23_0'}
{'30_0', '32_0'}{'23_0'}
{'41_0', '39_0', '43_0'}{'28_0'}
{'41_0', '39_0', '43_0'}{'28_0'}
{'27_0'}
{'29_0'}

MOBsuite splits:
{'26_0'}
{'28_0'}{'23_0', '35_0'}
{'28_0'}{'23_0'}{'35_0'}
{'28_0'}{'23_0'}{'35_0'}
{'41_0', '39_0', '43_0'}{'30_0', '32_0'}
{'41_0', '39_0', '43_0'}{'30_0', '32_0'}
{'27_0'}
{'29_0'}
#-------------------------



