Combination 0
Score:		0.4909208819714656

Decomposition of weighted lengths HyAsP|MOBsuite|Common:		51647.0|16604.0|29780.5|

HyAsP plasmids:
2:	84,55,77,61_0,
3:	117,99,122,120,30_0,67_0,87_0,
4:	40_0,
5:	68_0,
6:	97,81,31_0,
7:	122,120,69_0,
8:	43,118,112,97,93,125,
10:	75_0,
11:	56,
13:	78_0,
14:	117,35_0,86_0,
16:	82,
19:	72,96,

MOBsuite plasmids:
AD058:	66,78_0,68_0,61_0,75_0,
AE312:	31_0,35_0,
AB530:	70,73,76,90,91,30_0,67_0,87_0,69_0,40_0,86_0,

HyAsP splits:
{'78_0'}
{'75_0'}
{'68_0'}
{'61_0'}
{'69_0'}
{'67_0', '30_0', '87_0'}
{'35_0'}{'86_0'}
{'35_0'}{'86_0'}
{'31_0'}
{'40_0'}

MOBsuite splits:
{'61_0'}{'68_0', '75_0', '78_0'}
{'61_0'}{'68_0'}{'75_0', '78_0'}
{'61_0'}{'68_0'}{'75_0'}{'78_0'}
{'61_0'}{'68_0'}{'75_0'}{'78_0'}
{'67_0', '30_0', '87_0'}{'86_0', '69_0', '40_0'}
{'67_0', '30_0', '87_0'}{'40_0'}{'86_0', '69_0'}
{'67_0', '30_0', '87_0'}{'40_0'}{'69_0'}{'86_0'}
{'67_0', '30_0', '87_0'}{'40_0'}{'69_0'}{'86_0'}
{'31_0'}{'35_0'}
{'31_0'}{'35_0'}
#-------------------------



