Combination 0
Score:		0.3214997331435688

Decomposition of weighted lengths HyAsP|MOBsuite|Common:		11617.0|9938.0|14588.0|

HyAsP plasmids:
2:	90,76,86,85,68_0,51_0,60_0,31_0,61_0,64_0,
3:	45_0,
4:	69,87,38_0,62_0,
5:	50,91,76,80,70,65_0,
7:	52_0,
8:	27_0,
9:	59_0,
10:	66,98,

MOBsuite plasmids:
AE312:	65_0,31_0,64_0,
AA366:	48,45_0,
AB918:	38_0,60_0,59_0,61_0,62_0,
AC345:	63,67,27_0,68_0,51_0,
AF632:	52_0,

HyAsP splits:
{'65_0'}
{'59_0'}
{'62_0', '38_0'}
{'27_0'}
{'31_0', '64_0'}{'60_0', '61_0', '51_0', '68_0'}
{'31_0', '64_0'}{'60_0', '61_0'}{'51_0', '68_0'}
{'31_0', '64_0'}{'60_0', '61_0'}{'51_0', '68_0'}
{'45_0'}
{'52_0'}

MOBsuite splits:
{'60_0', '61_0'}{'62_0', '59_0', '38_0'}
{'60_0', '61_0'}{'62_0', '38_0'}{'59_0'}
{'60_0', '61_0'}{'62_0', '38_0'}{'59_0'}
{'51_0', '68_0'}{'27_0'}
{'51_0', '68_0'}{'27_0'}
{'31_0', '64_0'}{'65_0'}
{'31_0', '64_0'}{'65_0'}
{'45_0'}
{'52_0'}
#-------------------------



