Combination 0
Score:		0.4489817362693654

Decomposition of weighted lengths HyAsP|MOBsuite|Common:		35576.0|29445.0|3345.0|

HyAsP plasmids:
3:	27,17,13_0,
4:	20_0,
7:	31,61,25,37,
9:	49,56,39,26_0,29_0,
11:	35,32_0,

MOBsuite plasmids:
AA010:	30,
AB918:	26_0,32_0,20_0,
AE312:	16,29_0,
AB530:	33,13_0,

HyAsP splits:
{'13_0'}
{'32_0'}
{'26_0'}{'29_0'}
{'26_0'}{'29_0'}
{'20_0'}

MOBsuite splits:
{'13_0'}
{'29_0'}
{'20_0'}{'26_0', '32_0'}
{'20_0'}{'26_0'}{'32_0'}
{'20_0'}{'26_0'}{'32_0'}
#-------------------------



