Combination 0
Score:		0.34472454424874305

Decomposition of weighted lengths HyAsP|MOBsuite|Common:		29490.0|4078.0|11134.5|

HyAsP plasmids:
3:	51,40_0,38_0,
4:	29,34_0,17_0,
5:	24_0,
6:	47,53,31,34_1,23_0,
8:	39_0,
10:	41,
11:	36,46,

MOBsuite plasmids:
AB915:	35,39_0,40_0,38_0,
AE312:	23_0,
AB530:	24_0,34_0,17_0,

HyAsP splits:
{'40_0', '38_0'}
{'39_0'}
{'24_0'}
{'17_0', '34_0'}
{'23_0'}

MOBsuite splits:
{'40_0', '38_0'}{'39_0'}
{'40_0', '38_0'}{'39_0'}
{'17_0', '34_0'}{'24_0'}
{'17_0', '34_0'}{'24_0'}
{'23_0'}
#-------------------------



Combination 1
Score:		0.38312023813195967

Decomposition of weighted lengths HyAsP|MOBsuite|Common:		29490.0|4078.0|16113.5|

HyAsP plasmids:
3:	51,40_0,38_0,
4:	29,34_0,17_0,
5:	24_0,
6:	47,53,31,34_1,23_0,
8:	39_0,
10:	41,
11:	36,46,

MOBsuite plasmids:
AB915:	35,39_0,40_0,38_0,
AE312:	23_0,
AB530:	24_0,34_1,17_0,

HyAsP splits:
{'40_0', '38_0'}
{'39_0'}
{'23_0'}{'34_1'}
{'23_0'}{'34_1'}
{'24_0'}
{'17_0'}

MOBsuite splits:
{'40_0', '38_0'}{'39_0'}
{'40_0', '38_0'}{'39_0'}
{'23_0'}
{'17_0'}{'24_0', '34_1'}
{'17_0'}{'24_0'}{'34_1'}
{'17_0'}{'24_0'}{'34_1'}
#-------------------------



