Combination 0
Score:		0.6018442146840148

Decomposition of weighted lengths HyAsP|MOBsuite|Common:		79838.0|16441.0|7334.499999999999|

HyAsP plasmids:
2:	153,71,
3:	144_0,
5:	123_0,
6:	19_0,
7:	164_0,
8:	38_0,
9:	114,
11:	126_0,
12:	154,
13:	156,
14:	42,
15:	141,
16:	171,
17:	76,
18:	172,
20:	138,186,129,
21:	138,177,

MOBsuite plasmids:
AE312:	38_0,
AB530:	115,125,136,174,164_0,144_0,19_0,126_0,123_0,

HyAsP splits:
{'123_0'}
{'144_0'}
{'19_0'}
{'126_0'}
{'164_0'}
{'38_0'}

MOBsuite splits:
{'144_0'}{'123_0', '164_0', '19_0', '126_0'}
{'144_0'}{'123_0'}{'164_0', '19_0', '126_0'}
{'144_0'}{'123_0'}{'19_0'}{'164_0', '126_0'}
{'144_0'}{'123_0'}{'19_0'}{'164_0'}{'126_0'}
{'144_0'}{'123_0'}{'19_0'}{'164_0'}{'126_0'}
{'38_0'}
#-------------------------



