Combination 0
Score:		0.31113005557650375

Decomposition of weighted lengths HyAsP|MOBsuite|Common:		19352.0|7175.0|11429.0|

HyAsP plasmids:
3:	21_0,45_0,
4:	31_0,
5:	57,64,70,43,51_0,
6:	65,64,29_0,45_1,
9:	52_0,
10:	54,
12:	50,60,

MOBsuite plasmids:
AE312:	29_0,
AB915:	46,51_0,52_0,
AB530:	53,31_0,21_0,45_0,

HyAsP splits:
{'21_0', '45_0'}
{'31_0'}
{'52_0'}
{'51_0'}
{'29_0'}

MOBsuite splits:
{'21_0', '45_0'}{'31_0'}
{'21_0', '45_0'}{'31_0'}
{'51_0'}{'52_0'}
{'51_0'}{'52_0'}
{'29_0'}
#-------------------------



Combination 1
Score:		0.35359116022099446

Decomposition of weighted lengths HyAsP|MOBsuite|Common:		19352.0|7175.0|16609.0|

HyAsP plasmids:
3:	21_0,45_0,
4:	31_0,
5:	57,64,70,43,51_0,
6:	65,64,29_0,45_1,
9:	52_0,
10:	54,
12:	50,60,

MOBsuite plasmids:
AE312:	29_0,
AB915:	46,51_0,52_0,
AB530:	53,31_0,21_0,45_1,

HyAsP splits:
{'21_0'}
{'29_0'}{'45_1'}
{'29_0'}{'45_1'}
{'31_0'}
{'52_0'}
{'51_0'}

MOBsuite splits:
{'21_0'}{'31_0', '45_1'}
{'21_0'}{'31_0'}{'45_1'}
{'21_0'}{'31_0'}{'45_1'}
{'29_0'}
{'51_0'}{'52_0'}
{'51_0'}{'52_0'}
#-------------------------



