Combination 0
Score:		0.8831425094230383

Decomposition of weighted lengths HyAsP|MOBsuite|Common:		61368.0|8636.0|4739.0|

HyAsP plasmids:
2:	72,44,46,67,57,
3:	53,39,36,50,27,59,56,64,45_0,38_0,51_0,49_0,42_0,
4:	31,
8:	52,40,

MOBsuite plasmids:
AC670:	45_0,49_0,
AF632:	38_0,
a5d6c0c48fa2ce9aa2291eec56e4508a:	35,51_0,42_0,

HyAsP splits:
{'45_0', '49_0'}{'51_0', '38_0', '42_0'}
{'45_0', '49_0'}{'38_0'}{'51_0', '42_0'}
{'45_0', '49_0'}{'38_0'}{'51_0', '42_0'}

MOBsuite splits:
{'45_0', '49_0'}
{'51_0', '42_0'}
{'38_0'}
#-------------------------



