Combination 0
Score:		0.6260962757045648

Decomposition of weighted lengths HyAsP|MOBsuite|Common:		54320.0|0.0|12571.499999999998|

HyAsP plasmids:
1:	15,48,
2:	29,39,44,43,48,40,33,24_0,13_0,19_0,22_0,14_0,
3:	29,39,44,49,25,43,48,40,12,23,33,16_0,24_1,
7:	21,47,20,42,

MOBsuite plasmids:
0150463961816b156b491b9e229f43a9:	22_0,14_0,
AD288:	16_0,24_0,13_0,19_0,

HyAsP splits:
{'22_0', '14_0'}{'19_0', '13_0', '24_0'}
{'22_0', '14_0'}{'19_0', '13_0', '24_0'}
{'16_0'}

MOBsuite splits:
{'19_0', '13_0', '24_0'}{'16_0'}
{'19_0', '13_0', '24_0'}{'16_0'}
{'22_0', '14_0'}
#-------------------------



Combination 1
Score:		0.6312301687585994

Decomposition of weighted lengths HyAsP|MOBsuite|Common:		54320.0|0.0|13119.999999999998|

HyAsP plasmids:
1:	15,48,
2:	29,39,44,43,48,40,33,24_0,13_0,19_0,22_0,14_0,
3:	29,39,44,49,25,43,48,40,12,23,33,16_0,24_1,
7:	21,47,20,42,

MOBsuite plasmids:
0150463961816b156b491b9e229f43a9:	22_0,14_0,
AD288:	16_0,24_1,13_0,19_0,

HyAsP splits:
{'22_0', '14_0'}{'19_0', '13_0'}
{'22_0', '14_0'}{'19_0', '13_0'}
{'16_0', '24_1'}

MOBsuite splits:
{'19_0', '13_0'}{'16_0', '24_1'}
{'19_0', '13_0'}{'16_0', '24_1'}
{'22_0', '14_0'}
#-------------------------



