Combination 1
Score:		0.5537245907819912

Decomposition of weighted lengths HyAsP|MOBsuite|Common:		22312.0|18567.0|29619.0|

HyAsP plasmids:
3:	85,64_0,71_0,57_0,43_0,72_0,60_0,
4:	48_0,
5:	44_0,
6:	74,
7:	46,35_0,72_1,
9:	73,125,69,88,

MOBsuite plasmids:
AB756:	57_0,60_0,
AF568:	54,61,67,75,44_0,64_0,71_0,35_0,48_0,43_0,72_1,

HyAsP splits:
{'72_1', '35_0'}
{'44_0'}
{'48_0'}
{'60_0', '57_0'}{'43_0', '64_0', '71_0'}
{'60_0', '57_0'}{'71_0', '64_0', '43_0'}

MOBsuite splits:
{'60_0', '57_0'}
{'71_0', '64_0', '43_0'}{'72_1', '44_0', '35_0', '48_0'}
{'43_0', '64_0', '71_0'}{'48_0'}{'72_1', '44_0', '35_0'}
{'71_0', '64_0', '43_0'}{'48_0'}{'44_0'}{'72_1', '35_0'}
{'43_0', '64_0', '71_0'}{'48_0'}{'44_0'}{'72_1', '35_0'}
#-------------------------



Combination 0
Score:		0.5619403688460209

Decomposition of weighted lengths HyAsP|MOBsuite|Common:		22312.0|18567.0|30665.0|

HyAsP plasmids:
3:	85,64_0,71_0,57_0,43_0,72_0,60_0,
4:	48_0,
5:	44_0,
6:	74,
7:	46,35_0,72_1,
9:	73,125,69,88,

MOBsuite plasmids:
AB756:	57_0,60_0,
AF568:	54,61,67,75,44_0,64_0,71_0,35_0,48_0,43_0,72_0,

HyAsP splits:
{'35_0'}
{'44_0'}
{'48_0'}
{'60_0', '57_0'}{'43_0', '72_0', '64_0', '71_0'}
{'60_0', '57_0'}{'72_0', '71_0', '64_0', '43_0'}

MOBsuite splits:
{'60_0', '57_0'}
{'72_0', '71_0', '64_0', '43_0'}{'44_0', '35_0', '48_0'}
{'43_0', '72_0', '64_0', '71_0'}{'48_0'}{'44_0', '35_0'}
{'72_0', '71_0', '64_0', '43_0'}{'48_0'}{'44_0'}{'35_0'}
{'43_0', '72_0', '64_0', '71_0'}{'48_0'}{'44_0'}{'35_0'}
#-------------------------



