Combination 0
Score:		0.20451342076234832

Decomposition of weighted lengths HyAsP|MOBsuite|Common:		8978.0|0.0|4371.0|

HyAsP plasmids:
2:	76,43,49,72,58,
3:	56,47,66,46_0,50_0,37_0,41_0,51_0,48_0,
4:	22_0,

MOBsuite plasmids:
AB756:	37_0,41_0,
AA769:	46_0,51_0,48_0,
AD414:	22_0,50_0,

HyAsP splits:
{'37_0', '41_0'}{'50_0', '46_0', '48_0', '51_0'}
{'37_0', '41_0'}{'46_0', '48_0', '51_0'}{'50_0'}
{'37_0', '41_0'}{'46_0', '48_0', '51_0'}{'50_0'}
{'22_0'}

MOBsuite splits:
{'50_0'}{'22_0'}
{'50_0'}{'22_0'}
{'37_0', '41_0'}
{'46_0', '48_0', '51_0'}
#-------------------------



