Combination 0
Score:		0.43321398090024393

Decomposition of weighted lengths HyAsP|MOBsuite|Common:		51198.0|32041.0|2543.0|

HyAsP plasmids:
4:	91,115,86,90,82,100,59,65,73,25,54_0,55_0,43_0,
5:	13_0,
7:	74,157,85,81,87,146,84,190,47_0,37_0,44_0,60_0,53_0,
9:	62,
10:	49,123,
13:	89,145,84,187,47_1,

MOBsuite plasmids:
fc53d6ebccceb66e58d078b28d3d4711:	33,58,67,72,54_0,55_0,
AE313:	38,71,47_0,37_0,44_0,60_0,53_0,
AD059:	43_0,
AB530:	13_0,

HyAsP splits:
{'54_0', '55_0'}{'43_0'}
{'54_0', '55_0'}{'43_0'}
{'13_0'}
{'44_0', '60_0', '53_0', '47_0', '37_0'}

MOBsuite splits:
{'43_0'}
{'54_0', '55_0'}
{'13_0'}
{'44_0', '60_0', '53_0', '47_0', '37_0'}
#-------------------------



Combination 1
Score:		0.44283456136718297

Decomposition of weighted lengths HyAsP|MOBsuite|Common:		51198.0|32041.0|4448.0|

HyAsP plasmids:
4:	91,115,86,90,82,100,59,65,73,25,54_0,55_0,43_0,
5:	13_0,
7:	74,157,85,81,87,146,84,190,47_0,37_0,44_0,60_0,53_0,
9:	62,
10:	49,123,
13:	89,145,84,187,47_1,

MOBsuite plasmids:
fc53d6ebccceb66e58d078b28d3d4711:	33,58,67,72,54_0,55_0,
AE313:	38,71,47_1,37_0,44_0,60_0,53_0,
AD059:	43_0,
AB530:	13_0,

HyAsP splits:
{'54_0', '55_0'}{'43_0'}
{'54_0', '55_0'}{'43_0'}
{'13_0'}
{'47_1'}
{'44_0', '53_0', '60_0', '37_0'}

MOBsuite splits:
{'43_0'}
{'54_0', '55_0'}
{'13_0'}
{'44_0', '53_0', '60_0', '37_0'}{'47_1'}
{'44_0', '53_0', '37_0', '60_0'}{'47_1'}
#-------------------------



