Combination 1
Score:		0.2795065789473684

Decomposition of weighted lengths HyAsP|MOBsuite|Common:		10223.0|37956.0|7051.500000000001|

HyAsP plasmids:
3:	37,24_0,9_0,38_0,28_0,
5:	53,12_0,
6:	34,
7:	29,58,
10:	52,32,38_1,

MOBsuite plasmids:
AB529:	17,38_1,12_0,
AB530:	26,30,9_0,
AD058:	27,24_0,28_0,

HyAsP splits:
{'9_0'}{'24_0', '28_0'}
{'9_0'}{'24_0', '28_0'}
{'38_1'}
{'12_0'}

MOBsuite splits:
{'24_0', '28_0'}
{'9_0'}
{'12_0'}{'38_1'}
{'12_0'}{'38_1'}
#-------------------------



Combination 0
Score:		0.28231275303643727

Decomposition of weighted lengths HyAsP|MOBsuite|Common:		10223.0|37956.0|7606.0|

HyAsP plasmids:
3:	37,24_0,9_0,38_0,28_0,
5:	53,12_0,
6:	34,
7:	29,58,
10:	52,32,38_1,

MOBsuite plasmids:
AB529:	17,38_0,12_0,
AB530:	26,30,9_0,
AD058:	27,24_0,28_0,

HyAsP splits:
{'38_0'}{'9_0', '24_0', '28_0'}
{'38_0'}{'9_0'}{'24_0', '28_0'}
{'38_0'}{'9_0'}{'24_0', '28_0'}
{'12_0'}

MOBsuite splits:
{'24_0', '28_0'}
{'38_0'}{'12_0'}
{'38_0'}{'12_0'}
{'9_0'}
#-------------------------



