Combination 0
Score:		0.49279586032087186

Decomposition of weighted lengths HyAsP|MOBsuite|Common:		64225.0|2040.0|18112.0|

HyAsP plasmids:
3:	47_0,
4:	67,69,93,88,20_0,60_0,42_0,
6:	44,
7:	63,19,25_0,
8:	78,75,92,45,93,88,26_0,60_1,
11:	63,58_0,54_0,49_0,61_0,
12:	55,
14:	50,66,
19:	57,

MOBsuite plasmids:
AB530:	53,58_0,54_0,20_0,47_0,49_0,60_0,25_0,42_0,61_0,
AE312:	26_0,

HyAsP splits:
{'60_0', '20_0', '42_0'}
{'25_0'}
{'47_0'}
{'54_0', '61_0', '49_0', '58_0'}
{'26_0'}

MOBsuite splits:
{'47_0'}{'42_0', '60_0', '61_0', '49_0', '20_0', '58_0', '54_0', '25_0'}
{'47_0'}{'60_0', '20_0', '42_0'}{'61_0', '49_0', '58_0', '54_0', '25_0'}
{'47_0'}{'60_0', '20_0', '42_0'}{'25_0'}{'54_0', '61_0', '49_0', '58_0'}
{'47_0'}{'60_0', '20_0', '42_0'}{'25_0'}{'54_0', '61_0', '49_0', '58_0'}
{'26_0'}
#-------------------------



Combination 1
Score:		0.4989399664760748

Decomposition of weighted lengths HyAsP|MOBsuite|Common:		64225.0|2040.0|19164.0|

HyAsP plasmids:
3:	47_0,
4:	67,69,93,88,20_0,60_0,42_0,
6:	44,
7:	63,19,25_0,
8:	78,75,92,45,93,88,26_0,60_1,
11:	63,58_0,54_0,49_0,61_0,
12:	55,
14:	50,66,
19:	57,

MOBsuite plasmids:
AB530:	53,58_0,54_0,20_0,47_0,49_0,60_1,25_0,42_0,61_0,
AE312:	26_0,

HyAsP splits:
{'60_1'}{'26_0'}
{'60_1'}{'26_0'}
{'20_0', '42_0'}
{'25_0'}
{'47_0'}
{'54_0', '61_0', '49_0', '58_0'}

MOBsuite splits:
{'47_0'}{'60_1', '42_0', '61_0', '49_0', '20_0', '58_0', '54_0', '25_0'}
{'47_0'}{'20_0', '42_0'}{'60_1', '61_0', '49_0', '58_0', '54_0', '25_0'}
{'47_0'}{'20_0', '42_0'}{'25_0'}{'60_1', '61_0', '49_0', '58_0', '54_0'}
{'47_0'}{'20_0', '42_0'}{'25_0'}{'60_1'}{'54_0', '61_0', '49_0', '58_0'}
{'47_0'}{'20_0', '42_0'}{'25_0'}{'60_1'}{'54_0', '61_0', '49_0', '58_0'}
{'26_0'}
#-------------------------



