Combination 2
Score:		0.4029385059365801

Decomposition of weighted lengths HyAsP|MOBsuite|Common:		64197.0|3821.0|1654.4999999999998|

HyAsP plasmids:
2:	81,58,59,85,67,
3:	70,62,66,80,60,22_0,57_0,
4:	70,80,57_1,35_0,
5:	55,62,61,82,45,24_0,
6:	34,
7:	38,
12:	69,80,57_2,

MOBsuite plasmids:
AB527:	54,57_2,24_0,
40f917359f20524ef3e2c83db9bfc75e:	35_0,
AE312:	22_0,

HyAsP splits:
{'22_0'}
{'35_0'}
{'24_0'}
{'57_2'}

MOBsuite splits:
{'22_0'}
{'35_0'}
{'24_0'}{'57_2'}
{'24_0'}{'57_2'}
#-------------------------



Combination 0
Score:		0.41250701227799275

Decomposition of weighted lengths HyAsP|MOBsuite|Common:		64197.0|3821.0|3309.0|

HyAsP plasmids:
2:	81,58,59,85,67,
3:	70,62,66,80,60,22_0,57_0,
4:	70,80,57_1,35_0,
5:	55,62,61,82,45,24_0,
6:	34,
7:	38,
12:	69,80,57_2,

MOBsuite plasmids:
AB527:	54,57_0,24_0,
40f917359f20524ef3e2c83db9bfc75e:	35_0,
AE312:	22_0,

HyAsP splits:
{'57_0'}{'22_0'}
{'57_0'}{'22_0'}
{'24_0'}
{'35_0'}

MOBsuite splits:
{'22_0'}
{'57_0'}{'24_0'}
{'57_0'}{'24_0'}
{'35_0'}
#-------------------------



Combination 1
Score:		0.41250701227799275

Decomposition of weighted lengths HyAsP|MOBsuite|Common:		64197.0|3821.0|3309.0|

HyAsP plasmids:
2:	81,58,59,85,67,
3:	70,62,66,80,60,22_0,57_0,
4:	70,80,57_1,35_0,
5:	55,62,61,82,45,24_0,
6:	34,
7:	38,
12:	69,80,57_2,

MOBsuite plasmids:
AB527:	54,57_1,24_0,
40f917359f20524ef3e2c83db9bfc75e:	35_0,
AE312:	22_0,

HyAsP splits:
{'22_0'}
{'24_0'}
{'57_1'}{'35_0'}
{'57_1'}{'35_0'}

MOBsuite splits:
{'22_0'}
{'35_0'}
{'57_1'}{'24_0'}
{'57_1'}{'24_0'}
#-------------------------



