Combination 1
Score:		0.6940970537992703

Decomposition of weighted lengths HyAsP|MOBsuite|Common:		54802.0|94992.0|14766.0|

HyAsP plasmids:
3:	96,89,125,87,100,80,122,108,106,110,33_0,
5:	60,99,67,98,74,77,65,119,64,94,112,68,101,128,75,117,107,22_0,36_0,31_0,49_0,32_0,34_0,
6:	60,99,67,98,74,76,107,49_1,
9:	125,37_0,
10:	104,100,80,122,108,106,58,110,53_0,35_0,25_0,44_0,
11:	23,113,101,128,75,117,97,50,54,103,92,79,
13:	90,24_0,46_0,
14:	113,62,101,128,75,48_0,46_1,
15:	40,51,26,
17:	47,
19:	39,61,

MOBsuite plasmids:
AB530:	18,27,38,52,53_0,37_0,35_0,44_0,
AE310:	48_0,24_0,46_0,
AE315:	22_0,36_0,32_0,34_0,33_0,
AB529:	19,31_0,49_1,25_0,

HyAsP splits:
{'37_0'}
{'33_0'}
{'32_0', '22_0', '36_0', '34_0'}{'31_0'}
{'32_0', '22_0', '36_0', '34_0'}{'31_0'}
{'49_1'}
{'44_0', '35_0', '53_0'}{'25_0'}
{'44_0', '35_0', '53_0'}{'25_0'}
{'24_0', '46_0'}
{'48_0'}

MOBsuite splits:
{'33_0'}{'32_0', '22_0', '36_0', '34_0'}
{'33_0'}{'32_0', '22_0', '36_0', '34_0'}
{'37_0'}{'44_0', '35_0', '53_0'}
{'37_0'}{'44_0', '35_0', '53_0'}
{'31_0'}{'49_1', '25_0'}
{'31_0'}{'49_1'}{'25_0'}
{'31_0'}{'49_1'}{'25_0'}
{'24_0', '46_0'}{'48_0'}
{'24_0', '46_0'}{'48_0'}
#-------------------------



Combination 0
Score:		0.6970748887529788

Decomposition of weighted lengths HyAsP|MOBsuite|Common:		54802.0|94992.0|15472.0|

HyAsP plasmids:
3:	96,89,125,87,100,80,122,108,106,110,33_0,
5:	60,99,67,98,74,77,65,119,64,94,112,68,101,128,75,117,107,22_0,36_0,31_0,49_0,32_0,34_0,
6:	60,99,67,98,74,76,107,49_1,
9:	125,37_0,
10:	104,100,80,122,108,106,58,110,53_0,35_0,25_0,44_0,
11:	23,113,101,128,75,117,97,50,54,103,92,79,
13:	90,24_0,46_0,
14:	113,62,101,128,75,48_0,46_1,
15:	40,51,26,
17:	47,
19:	39,61,

MOBsuite plasmids:
AB530:	18,27,38,52,53_0,37_0,35_0,44_0,
AE310:	48_0,24_0,46_0,
AE315:	22_0,36_0,32_0,34_0,33_0,
AB529:	19,31_0,49_0,25_0,

HyAsP splits:
{'32_0', '22_0', '36_0', '34_0'}{'31_0', '49_0'}
{'32_0', '22_0', '36_0', '34_0'}{'31_0', '49_0'}
{'37_0'}
{'44_0', '35_0', '53_0'}{'25_0'}
{'44_0', '35_0', '53_0'}{'25_0'}
{'33_0'}
{'24_0', '46_0'}
{'48_0'}

MOBsuite splits:
{'33_0'}{'32_0', '22_0', '36_0', '34_0'}
{'33_0'}{'32_0', '22_0', '36_0', '34_0'}
{'37_0'}{'44_0', '35_0', '53_0'}
{'37_0'}{'44_0', '35_0', '53_0'}
{'31_0', '49_0'}{'25_0'}
{'31_0', '49_0'}{'25_0'}
{'24_0', '46_0'}{'48_0'}
{'24_0', '46_0'}{'48_0'}
#-------------------------



Combination 3
Score:		0.6980196975768185

Decomposition of weighted lengths HyAsP|MOBsuite|Common:		54802.0|94992.0|15696.0|

HyAsP plasmids:
3:	96,89,125,87,100,80,122,108,106,110,33_0,
5:	60,99,67,98,74,77,65,119,64,94,112,68,101,128,75,117,107,22_0,36_0,31_0,49_0,32_0,34_0,
6:	60,99,67,98,74,76,107,49_1,
9:	125,37_0,
10:	104,100,80,122,108,106,58,110,53_0,35_0,25_0,44_0,
11:	23,113,101,128,75,117,97,50,54,103,92,79,
13:	90,24_0,46_0,
14:	113,62,101,128,75,48_0,46_1,
15:	40,51,26,
17:	47,
19:	39,61,

MOBsuite plasmids:
AB530:	18,27,38,52,53_0,37_0,35_0,44_0,
AE310:	48_0,24_0,46_1,
AE315:	22_0,36_0,32_0,34_0,33_0,
AB529:	19,31_0,49_1,25_0,

HyAsP splits:
{'37_0'}
{'33_0'}
{'32_0', '22_0', '36_0', '34_0'}{'31_0'}
{'32_0', '22_0', '36_0', '34_0'}{'31_0'}
{'49_1'}
{'44_0', '35_0', '53_0'}{'25_0'}
{'44_0', '35_0', '53_0'}{'25_0'}
{'24_0'}
{'46_1', '48_0'}

MOBsuite splits:
{'33_0'}{'32_0', '22_0', '36_0', '34_0'}
{'33_0'}{'32_0', '22_0', '36_0', '34_0'}
{'37_0'}{'44_0', '35_0', '53_0'}
{'37_0'}{'44_0', '35_0', '53_0'}
{'31_0'}{'49_1', '25_0'}
{'31_0'}{'49_1'}{'25_0'}
{'31_0'}{'49_1'}{'25_0'}
{'24_0'}{'46_1', '48_0'}
{'24_0'}{'46_1', '48_0'}
#-------------------------



Combination 2
Score:		0.700997532530527

Decomposition of weighted lengths HyAsP|MOBsuite|Common:		54802.0|94992.0|16402.0|

HyAsP plasmids:
3:	96,89,125,87,100,80,122,108,106,110,33_0,
5:	60,99,67,98,74,77,65,119,64,94,112,68,101,128,75,117,107,22_0,36_0,31_0,49_0,32_0,34_0,
6:	60,99,67,98,74,76,107,49_1,
9:	125,37_0,
10:	104,100,80,122,108,106,58,110,53_0,35_0,25_0,44_0,
11:	23,113,101,128,75,117,97,50,54,103,92,79,
13:	90,24_0,46_0,
14:	113,62,101,128,75,48_0,46_1,
15:	40,51,26,
17:	47,
19:	39,61,

MOBsuite plasmids:
AB530:	18,27,38,52,53_0,37_0,35_0,44_0,
AE310:	48_0,24_0,46_1,
AE315:	22_0,36_0,32_0,34_0,33_0,
AB529:	19,31_0,49_0,25_0,

HyAsP splits:
{'32_0', '22_0', '36_0', '34_0'}{'31_0', '49_0'}
{'32_0', '22_0', '36_0', '34_0'}{'31_0', '49_0'}
{'37_0'}
{'44_0', '35_0', '53_0'}{'25_0'}
{'44_0', '35_0', '53_0'}{'25_0'}
{'33_0'}
{'24_0'}
{'46_1', '48_0'}

MOBsuite splits:
{'33_0'}{'32_0', '22_0', '36_0', '34_0'}
{'33_0'}{'32_0', '22_0', '36_0', '34_0'}
{'37_0'}{'44_0', '35_0', '53_0'}
{'37_0'}{'44_0', '35_0', '53_0'}
{'31_0', '49_0'}{'25_0'}
{'31_0', '49_0'}{'25_0'}
{'24_0'}{'46_1', '48_0'}
{'24_0'}{'46_1', '48_0'}
#-------------------------



