Combination 0
Score:		0.44814657181654205

Decomposition of weighted lengths HyAsP|MOBsuite|Common:		44712.0|11438.0|54410.0|

HyAsP plasmids:
1:	66_0,
2:	98,88,117,100,111,102,119,104,112,118,120,107,121,39_0,93_0,45_0,72_0,87_0,63_0,92_0,43_0,58_0,57_0,47_0,
3:	64,102,111,100,117,94,110,92_1,31_0,75_0,
4:	32_0,
5:	60,86,88,107,130,120,49_0,61_0,76_0,
6:	50_0,
7:	129,42_0,
8:	93_1,81_0,
9:	119,103,113,118,106,115,96,80,34_0,87_1,48_0,
10:	70,
11:	94,123,120,107,67_0,
17:	82,125,
18:	73,126,
22:	85,106,

MOBsuite plasmids:
AB117:	63_0,
AE310:	55,67_0,
AD582:	49_0,61_0,32_0,48_0,58_0,76_0,57_0,47_0,
AB530:	77,39_0,93_0,45_0,72_0,87_0,92_0,43_0,81_0,50_0,66_0,
AB528:	91,31_0,75_0,
AE313:	34_0,42_0,

HyAsP splits:
{'32_0'}
{'42_0'}
{'81_0'}
{'63_0'}{'93_0', '39_0', '92_0', '57_0', '58_0', '87_0', '47_0', '72_0', '43_0', '45_0'}
{'63_0'}{'57_0', '47_0', '58_0'}{'93_0', '39_0', '92_0', '87_0', '72_0', '43_0', '45_0'}
{'63_0'}{'57_0', '47_0', '58_0'}{'93_0', '39_0', '92_0', '87_0', '72_0', '43_0', '45_0'}
{'61_0', '49_0', '76_0'}
{'50_0'}
{'48_0'}{'34_0'}
{'48_0'}{'34_0'}
{'66_0'}
{'75_0', '31_0'}
{'67_0'}

MOBsuite splits:
{'57_0', '47_0', '58_0'}{'49_0', '32_0', '61_0', '76_0', '48_0'}
{'57_0', '47_0', '58_0'}{'32_0'}{'61_0', '48_0', '49_0', '76_0'}
{'57_0', '47_0', '58_0'}{'32_0'}{'61_0', '49_0', '76_0'}{'48_0'}
{'57_0', '47_0', '58_0'}{'32_0'}{'61_0', '49_0', '76_0'}{'48_0'}
{'66_0'}{'93_0', '39_0', '81_0', '92_0', '50_0', '87_0', '72_0', '43_0', '45_0'}
{'66_0'}{'93_0', '39_0', '92_0', '87_0', '72_0', '43_0', '45_0'}{'81_0', '50_0'}
{'66_0'}{'93_0', '39_0', '92_0', '87_0', '72_0', '43_0', '45_0'}{'50_0'}{'81_0'}
{'66_0'}{'93_0', '39_0', '92_0', '87_0', '72_0', '43_0', '45_0'}{'50_0'}{'81_0'}
{'63_0'}
{'42_0'}{'34_0'}
{'42_0'}{'34_0'}
{'75_0', '31_0'}
{'67_0'}
#-------------------------



Combination 4
Score:		0.45019963113840417

Decomposition of weighted lengths HyAsP|MOBsuite|Common:		44712.0|11438.0|54916.49999999999|

HyAsP plasmids:
1:	66_0,
2:	98,88,117,100,111,102,119,104,112,118,120,107,121,39_0,93_0,45_0,72_0,87_0,63_0,92_0,43_0,58_0,57_0,47_0,
3:	64,102,111,100,117,94,110,92_1,31_0,75_0,
4:	32_0,
5:	60,86,88,107,130,120,49_0,61_0,76_0,
6:	50_0,
7:	129,42_0,
8:	93_1,81_0,
9:	119,103,113,118,106,115,96,80,34_0,87_1,48_0,
10:	70,
11:	94,123,120,107,67_0,
17:	82,125,
18:	73,126,
22:	85,106,

MOBsuite plasmids:
AB117:	63_0,
AE310:	55,67_0,
AD582:	49_0,61_0,32_0,48_0,58_0,76_0,57_0,47_0,
AB530:	77,39_0,93_1,45_0,72_0,87_0,92_0,43_0,81_0,50_0,66_0,
AB528:	91,31_0,75_0,
AE313:	34_0,42_0,

HyAsP splits:
{'32_0'}
{'42_0'}
{'81_0', '93_1'}
{'63_0'}{'39_0', '92_0', '57_0', '58_0', '87_0', '47_0', '72_0', '43_0', '45_0'}
{'63_0'}{'57_0', '47_0', '58_0'}{'39_0', '92_0', '87_0', '72_0', '43_0', '45_0'}
{'63_0'}{'57_0', '47_0', '58_0'}{'39_0', '92_0', '87_0', '72_0', '43_0', '45_0'}
{'61_0', '49_0', '76_0'}
{'50_0'}
{'48_0'}{'34_0'}
{'48_0'}{'34_0'}
{'66_0'}
{'75_0', '31_0'}
{'67_0'}

MOBsuite splits:
{'57_0', '47_0', '58_0'}{'49_0', '32_0', '61_0', '76_0', '48_0'}
{'57_0', '47_0', '58_0'}{'32_0'}{'61_0', '48_0', '49_0', '76_0'}
{'57_0', '47_0', '58_0'}{'32_0'}{'61_0', '49_0', '76_0'}{'48_0'}
{'57_0', '47_0', '58_0'}{'32_0'}{'61_0', '49_0', '76_0'}{'48_0'}
{'66_0'}{'39_0', '81_0', '93_1', '92_0', '50_0', '87_0', '72_0', '43_0', '45_0'}
{'66_0'}{'39_0', '92_0', '87_0', '72_0', '43_0', '45_0'}{'50_0', '81_0', '93_1'}
{'66_0'}{'39_0', '92_0', '87_0', '72_0', '43_0', '45_0'}{'50_0'}{'81_0', '93_1'}
{'66_0'}{'39_0', '92_0', '87_0', '72_0', '43_0', '45_0'}{'50_0'}{'81_0', '93_1'}
{'63_0'}
{'42_0'}{'34_0'}
{'42_0'}{'34_0'}
{'75_0', '31_0'}
{'67_0'}
#-------------------------



Combination 1
Score:		0.452333758942867

Decomposition of weighted lengths HyAsP|MOBsuite|Common:		44712.0|11438.0|55442.99999999999|

HyAsP plasmids:
1:	66_0,
2:	98,88,117,100,111,102,119,104,112,118,120,107,121,39_0,93_0,45_0,72_0,87_0,63_0,92_0,43_0,58_0,57_0,47_0,
3:	64,102,111,100,117,94,110,92_1,31_0,75_0,
4:	32_0,
5:	60,86,88,107,130,120,49_0,61_0,76_0,
6:	50_0,
7:	129,42_0,
8:	93_1,81_0,
9:	119,103,113,118,106,115,96,80,34_0,87_1,48_0,
10:	70,
11:	94,123,120,107,67_0,
17:	82,125,
18:	73,126,
22:	85,106,

MOBsuite plasmids:
AB117:	63_0,
AE310:	55,67_0,
AD582:	49_0,61_0,32_0,48_0,58_0,76_0,57_0,47_0,
AB530:	77,39_0,93_0,45_0,72_0,87_0,92_1,43_0,81_0,50_0,66_0,
AB528:	91,31_0,75_0,
AE313:	34_0,42_0,

HyAsP splits:
{'32_0'}
{'42_0'}
{'81_0'}
{'92_1'}{'75_0', '31_0'}
{'92_1'}{'75_0', '31_0'}
{'63_0'}{'93_0', '39_0', '57_0', '58_0', '87_0', '47_0', '72_0', '43_0', '45_0'}
{'63_0'}{'57_0', '47_0', '58_0'}{'93_0', '39_0', '87_0', '72_0', '43_0', '45_0'}
{'63_0'}{'57_0', '47_0', '58_0'}{'93_0', '39_0', '87_0', '72_0', '43_0', '45_0'}
{'61_0', '49_0', '76_0'}
{'50_0'}
{'48_0'}{'34_0'}
{'48_0'}{'34_0'}
{'66_0'}
{'67_0'}

MOBsuite splits:
{'63_0'}
{'66_0'}{'93_0', '92_1', '39_0', '81_0', '50_0', '87_0', '72_0', '43_0', '45_0'}
{'66_0'}{'93_0', '39_0', '87_0', '72_0', '43_0', '45_0'}{'92_1', '81_0', '50_0'}
{'66_0'}{'93_0', '39_0', '87_0', '72_0', '43_0', '45_0'}{'92_1'}{'81_0', '50_0'}
{'66_0'}{'93_0', '39_0', '87_0', '72_0', '43_0', '45_0'}{'92_1'}{'50_0'}{'81_0'}
{'66_0'}{'93_0', '39_0', '87_0', '72_0', '43_0', '45_0'}{'92_1'}{'50_0'}{'81_0'}
{'75_0', '31_0'}
{'42_0'}{'34_0'}
{'42_0'}{'34_0'}
{'57_0', '47_0', '58_0'}{'49_0', '32_0', '61_0', '76_0', '48_0'}
{'57_0', '47_0', '58_0'}{'32_0'}{'61_0', '48_0', '49_0', '76_0'}
{'57_0', '47_0', '58_0'}{'32_0'}{'61_0', '49_0', '76_0'}{'48_0'}
{'57_0', '47_0', '58_0'}{'32_0'}{'61_0', '49_0', '76_0'}{'48_0'}
{'67_0'}
#-------------------------



Combination 2
Score:		0.4533754889442857

Decomposition of weighted lengths HyAsP|MOBsuite|Common:		44712.0|11438.0|55700.0|

HyAsP plasmids:
1:	66_0,
2:	98,88,117,100,111,102,119,104,112,118,120,107,121,39_0,93_0,45_0,72_0,87_0,63_0,92_0,43_0,58_0,57_0,47_0,
3:	64,102,111,100,117,94,110,92_1,31_0,75_0,
4:	32_0,
5:	60,86,88,107,130,120,49_0,61_0,76_0,
6:	50_0,
7:	129,42_0,
8:	93_1,81_0,
9:	119,103,113,118,106,115,96,80,34_0,87_1,48_0,
10:	70,
11:	94,123,120,107,67_0,
17:	82,125,
18:	73,126,
22:	85,106,

MOBsuite plasmids:
AB117:	63_0,
AE310:	55,67_0,
AD582:	49_0,61_0,32_0,48_0,58_0,76_0,57_0,47_0,
AB530:	77,39_0,93_0,45_0,72_0,87_1,92_0,43_0,81_0,50_0,66_0,
AB528:	91,31_0,75_0,
AE313:	34_0,42_0,

HyAsP splits:
{'32_0'}
{'42_0'}
{'81_0'}
{'63_0'}{'93_0', '39_0', '92_0', '57_0', '58_0', '47_0', '72_0', '43_0', '45_0'}
{'63_0'}{'57_0', '47_0', '58_0'}{'93_0', '39_0', '92_0', '72_0', '43_0', '45_0'}
{'63_0'}{'57_0', '47_0', '58_0'}{'93_0', '39_0', '92_0', '72_0', '43_0', '45_0'}
{'61_0', '49_0', '76_0'}
{'50_0'}
{'48_0'}{'34_0', '87_1'}
{'48_0'}{'87_1'}{'34_0'}
{'48_0'}{'87_1'}{'34_0'}
{'66_0'}
{'75_0', '31_0'}
{'67_0'}

MOBsuite splits:
{'63_0'}
{'57_0', '47_0', '58_0'}{'49_0', '32_0', '61_0', '76_0', '48_0'}
{'57_0', '47_0', '58_0'}{'32_0'}{'61_0', '48_0', '49_0', '76_0'}
{'57_0', '47_0', '58_0'}{'32_0'}{'61_0', '49_0', '76_0'}{'48_0'}
{'57_0', '47_0', '58_0'}{'32_0'}{'61_0', '49_0', '76_0'}{'48_0'}
{'66_0'}{'93_0', '39_0', '81_0', '92_0', '87_1', '50_0', '72_0', '43_0', '45_0'}
{'66_0'}{'93_0', '39_0', '92_0', '72_0', '43_0', '45_0'}{'81_0', '50_0', '87_1'}
{'66_0'}{'93_0', '39_0', '92_0', '72_0', '43_0', '45_0'}{'50_0'}{'81_0', '87_1'}
{'66_0'}{'93_0', '39_0', '92_0', '72_0', '43_0', '45_0'}{'50_0'}{'81_0'}{'87_1'}
{'66_0'}{'93_0', '39_0', '92_0', '72_0', '43_0', '45_0'}{'50_0'}{'81_0'}{'87_1'}
{'42_0'}{'34_0'}
{'42_0'}{'34_0'}
{'75_0', '31_0'}
{'67_0'}
#-------------------------



Combination 5
Score:		0.45438681826472915

Decomposition of weighted lengths HyAsP|MOBsuite|Common:		44712.0|11438.0|55949.49999999999|

HyAsP plasmids:
1:	66_0,
2:	98,88,117,100,111,102,119,104,112,118,120,107,121,39_0,93_0,45_0,72_0,87_0,63_0,92_0,43_0,58_0,57_0,47_0,
3:	64,102,111,100,117,94,110,92_1,31_0,75_0,
4:	32_0,
5:	60,86,88,107,130,120,49_0,61_0,76_0,
6:	50_0,
7:	129,42_0,
8:	93_1,81_0,
9:	119,103,113,118,106,115,96,80,34_0,87_1,48_0,
10:	70,
11:	94,123,120,107,67_0,
17:	82,125,
18:	73,126,
22:	85,106,

MOBsuite plasmids:
AB117:	63_0,
AE310:	55,67_0,
AD582:	49_0,61_0,32_0,48_0,58_0,76_0,57_0,47_0,
AB530:	77,39_0,93_1,45_0,72_0,87_0,92_1,43_0,81_0,50_0,66_0,
AB528:	91,31_0,75_0,
AE313:	34_0,42_0,

HyAsP splits:
{'32_0'}
{'42_0'}
{'81_0', '93_1'}
{'92_1'}{'75_0', '31_0'}
{'92_1'}{'75_0', '31_0'}
{'63_0'}{'39_0', '57_0', '58_0', '87_0', '47_0', '72_0', '43_0', '45_0'}
{'63_0'}{'57_0', '47_0', '58_0'}{'39_0', '87_0', '72_0', '43_0', '45_0'}
{'63_0'}{'57_0', '47_0', '58_0'}{'39_0', '87_0', '72_0', '43_0', '45_0'}
{'61_0', '49_0', '76_0'}
{'50_0'}
{'48_0'}{'34_0'}
{'48_0'}{'34_0'}
{'66_0'}
{'67_0'}

MOBsuite splits:
{'63_0'}
{'66_0'}{'92_1', '39_0', '81_0', '93_1', '50_0', '87_0', '72_0', '43_0', '45_0'}
{'66_0'}{'39_0', '87_0', '72_0', '43_0', '45_0'}{'92_1', '50_0', '81_0', '93_1'}
{'66_0'}{'39_0', '87_0', '72_0', '43_0', '45_0'}{'92_1'}{'81_0', '93_1', '50_0'}
{'66_0'}{'39_0', '87_0', '72_0', '43_0', '45_0'}{'92_1'}{'50_0'}{'81_0', '93_1'}
{'66_0'}{'39_0', '87_0', '72_0', '43_0', '45_0'}{'92_1'}{'50_0'}{'81_0', '93_1'}
{'75_0', '31_0'}
{'42_0'}{'34_0'}
{'42_0'}{'34_0'}
{'57_0', '47_0', '58_0'}{'49_0', '32_0', '61_0', '76_0', '48_0'}
{'57_0', '47_0', '58_0'}{'32_0'}{'61_0', '48_0', '49_0', '76_0'}
{'57_0', '47_0', '58_0'}{'32_0'}{'61_0', '49_0', '76_0'}{'48_0'}
{'57_0', '47_0', '58_0'}{'32_0'}{'61_0', '49_0', '76_0'}{'48_0'}
{'67_0'}
#-------------------------



Combination 6
Score:		0.4554285482661478

Decomposition of weighted lengths HyAsP|MOBsuite|Common:		44712.0|11438.0|56206.5|

HyAsP plasmids:
1:	66_0,
2:	98,88,117,100,111,102,119,104,112,118,120,107,121,39_0,93_0,45_0,72_0,87_0,63_0,92_0,43_0,58_0,57_0,47_0,
3:	64,102,111,100,117,94,110,92_1,31_0,75_0,
4:	32_0,
5:	60,86,88,107,130,120,49_0,61_0,76_0,
6:	50_0,
7:	129,42_0,
8:	93_1,81_0,
9:	119,103,113,118,106,115,96,80,34_0,87_1,48_0,
10:	70,
11:	94,123,120,107,67_0,
17:	82,125,
18:	73,126,
22:	85,106,

MOBsuite plasmids:
AB117:	63_0,
AE310:	55,67_0,
AD582:	49_0,61_0,32_0,48_0,58_0,76_0,57_0,47_0,
AB530:	77,39_0,93_1,45_0,72_0,87_1,92_0,43_0,81_0,50_0,66_0,
AB528:	91,31_0,75_0,
AE313:	34_0,42_0,

HyAsP splits:
{'32_0'}
{'42_0'}
{'81_0', '93_1'}
{'63_0'}{'39_0', '92_0', '57_0', '58_0', '47_0', '72_0', '43_0', '45_0'}
{'63_0'}{'57_0', '47_0', '58_0'}{'39_0', '92_0', '72_0', '43_0', '45_0'}
{'63_0'}{'57_0', '47_0', '58_0'}{'39_0', '92_0', '72_0', '43_0', '45_0'}
{'61_0', '49_0', '76_0'}
{'50_0'}
{'48_0'}{'34_0', '87_1'}
{'48_0'}{'87_1'}{'34_0'}
{'48_0'}{'87_1'}{'34_0'}
{'66_0'}
{'75_0', '31_0'}
{'67_0'}

MOBsuite splits:
{'63_0'}
{'57_0', '47_0', '58_0'}{'49_0', '32_0', '61_0', '76_0', '48_0'}
{'57_0', '47_0', '58_0'}{'32_0'}{'61_0', '48_0', '49_0', '76_0'}
{'57_0', '47_0', '58_0'}{'32_0'}{'61_0', '49_0', '76_0'}{'48_0'}
{'57_0', '47_0', '58_0'}{'32_0'}{'61_0', '49_0', '76_0'}{'48_0'}
{'66_0'}{'39_0', '81_0', '93_1', '92_0', '87_1', '50_0', '72_0', '43_0', '45_0'}
{'66_0'}{'39_0', '92_0', '72_0', '43_0', '45_0'}{'50_0', '81_0', '93_1', '87_1'}
{'66_0'}{'39_0', '92_0', '72_0', '43_0', '45_0'}{'50_0'}{'81_0', '93_1', '87_1'}
{'66_0'}{'39_0', '92_0', '72_0', '43_0', '45_0'}{'50_0'}{'81_0', '93_1'}{'87_1'}
{'66_0'}{'39_0', '92_0', '72_0', '43_0', '45_0'}{'50_0'}{'81_0', '93_1'}{'87_1'}
{'42_0'}{'34_0'}
{'42_0'}{'34_0'}
{'75_0', '31_0'}
{'67_0'}
#-------------------------



Combination 3
Score:		0.45756267607061063

Decomposition of weighted lengths HyAsP|MOBsuite|Common:		44712.0|11438.0|56733.00000000001|

HyAsP plasmids:
1:	66_0,
2:	98,88,117,100,111,102,119,104,112,118,120,107,121,39_0,93_0,45_0,72_0,87_0,63_0,92_0,43_0,58_0,57_0,47_0,
3:	64,102,111,100,117,94,110,92_1,31_0,75_0,
4:	32_0,
5:	60,86,88,107,130,120,49_0,61_0,76_0,
6:	50_0,
7:	129,42_0,
8:	93_1,81_0,
9:	119,103,113,118,106,115,96,80,34_0,87_1,48_0,
10:	70,
11:	94,123,120,107,67_0,
17:	82,125,
18:	73,126,
22:	85,106,

MOBsuite plasmids:
AB117:	63_0,
AE310:	55,67_0,
AD582:	49_0,61_0,32_0,48_0,58_0,76_0,57_0,47_0,
AB530:	77,39_0,93_0,45_0,72_0,87_1,92_1,43_0,81_0,50_0,66_0,
AB528:	91,31_0,75_0,
AE313:	34_0,42_0,

HyAsP splits:
{'32_0'}
{'42_0'}
{'81_0'}
{'92_1'}{'75_0', '31_0'}
{'92_1'}{'75_0', '31_0'}
{'63_0'}{'93_0', '39_0', '57_0', '58_0', '47_0', '72_0', '43_0', '45_0'}
{'63_0'}{'57_0', '47_0', '58_0'}{'93_0', '39_0', '72_0', '43_0', '45_0'}
{'63_0'}{'57_0', '47_0', '58_0'}{'93_0', '39_0', '72_0', '43_0', '45_0'}
{'61_0', '49_0', '76_0'}
{'50_0'}
{'48_0'}{'34_0', '87_1'}
{'48_0'}{'87_1'}{'34_0'}
{'48_0'}{'87_1'}{'34_0'}
{'66_0'}
{'67_0'}

MOBsuite splits:
{'63_0'}
{'66_0'}{'93_0', '92_1', '39_0', '81_0', '87_1', '50_0', '72_0', '43_0', '45_0'}
{'66_0'}{'93_0', '39_0', '72_0', '43_0', '45_0'}{'92_1', '81_0', '50_0', '87_1'}
{'66_0'}{'93_0', '39_0', '72_0', '43_0', '45_0'}{'92_1'}{'81_0', '50_0', '87_1'}
{'66_0'}{'93_0', '39_0', '72_0', '43_0', '45_0'}{'92_1'}{'50_0'}{'81_0', '87_1'}
{'66_0'}{'93_0', '39_0', '72_0', '43_0', '45_0'}{'92_1'}{'50_0'}{'81_0'}{'87_1'}
{'66_0'}{'93_0', '39_0', '72_0', '43_0', '45_0'}{'92_1'}{'50_0'}{'81_0'}{'87_1'}
{'75_0', '31_0'}
{'42_0'}{'34_0'}
{'42_0'}{'34_0'}
{'57_0', '47_0', '58_0'}{'49_0', '32_0', '61_0', '76_0', '48_0'}
{'57_0', '47_0', '58_0'}{'32_0'}{'61_0', '48_0', '49_0', '76_0'}
{'57_0', '47_0', '58_0'}{'32_0'}{'61_0', '49_0', '76_0'}{'48_0'}
{'57_0', '47_0', '58_0'}{'32_0'}{'61_0', '49_0', '76_0'}{'48_0'}
{'67_0'}
#-------------------------



Combination 7
Score:		0.4596157353924728

Decomposition of weighted lengths HyAsP|MOBsuite|Common:		44712.0|11438.0|57239.50000000001|

HyAsP plasmids:
1:	66_0,
2:	98,88,117,100,111,102,119,104,112,118,120,107,121,39_0,93_0,45_0,72_0,87_0,63_0,92_0,43_0,58_0,57_0,47_0,
3:	64,102,111,100,117,94,110,92_1,31_0,75_0,
4:	32_0,
5:	60,86,88,107,130,120,49_0,61_0,76_0,
6:	50_0,
7:	129,42_0,
8:	93_1,81_0,
9:	119,103,113,118,106,115,96,80,34_0,87_1,48_0,
10:	70,
11:	94,123,120,107,67_0,
17:	82,125,
18:	73,126,
22:	85,106,

MOBsuite plasmids:
AB117:	63_0,
AE310:	55,67_0,
AD582:	49_0,61_0,32_0,48_0,58_0,76_0,57_0,47_0,
AB530:	77,39_0,93_1,45_0,72_0,87_1,92_1,43_0,81_0,50_0,66_0,
AB528:	91,31_0,75_0,
AE313:	34_0,42_0,

HyAsP splits:
{'32_0'}
{'42_0'}
{'81_0', '93_1'}
{'92_1'}{'75_0', '31_0'}
{'92_1'}{'75_0', '31_0'}
{'63_0'}{'39_0', '57_0', '58_0', '47_0', '72_0', '43_0', '45_0'}
{'63_0'}{'57_0', '47_0', '58_0'}{'72_0', '39_0', '43_0', '45_0'}
{'63_0'}{'57_0', '47_0', '58_0'}{'72_0', '39_0', '43_0', '45_0'}
{'61_0', '49_0', '76_0'}
{'50_0'}
{'48_0'}{'34_0', '87_1'}
{'48_0'}{'87_1'}{'34_0'}
{'48_0'}{'87_1'}{'34_0'}
{'66_0'}
{'67_0'}

MOBsuite splits:
{'63_0'}
{'66_0'}{'92_1', '39_0', '81_0', '93_1', '87_1', '50_0', '72_0', '43_0', '45_0'}
{'66_0'}{'72_0', '39_0', '43_0', '45_0'}{'92_1', '81_0', '93_1', '87_1', '50_0'}
{'66_0'}{'72_0', '39_0', '43_0', '45_0'}{'92_1'}{'50_0', '81_0', '93_1', '87_1'}
{'66_0'}{'72_0', '39_0', '43_0', '45_0'}{'92_1'}{'50_0'}{'81_0', '93_1', '87_1'}
{'66_0'}{'72_0', '39_0', '43_0', '45_0'}{'92_1'}{'50_0'}{'81_0', '93_1'}{'87_1'}
{'66_0'}{'72_0', '39_0', '43_0', '45_0'}{'92_1'}{'50_0'}{'81_0', '93_1'}{'87_1'}
{'75_0', '31_0'}
{'42_0'}{'34_0'}
{'42_0'}{'34_0'}
{'57_0', '47_0', '58_0'}{'49_0', '32_0', '61_0', '76_0', '48_0'}
{'57_0', '47_0', '58_0'}{'32_0'}{'61_0', '48_0', '49_0', '76_0'}
{'57_0', '47_0', '58_0'}{'32_0'}{'61_0', '49_0', '76_0'}{'48_0'}
{'57_0', '47_0', '58_0'}{'32_0'}{'61_0', '49_0', '76_0'}{'48_0'}
{'67_0'}
#-------------------------



