Combination 0
Score:		0.426212792784679

Decomposition of weighted lengths HyAsP|MOBsuite|Common:		25579.0|4708.0|35966.5|

HyAsP plasmids:
4:	26_0,
5:	38_0,
6:	69_0,
7:	49,
8:	83,50,37_0,
11:	45_0,34_0,
13:	75,
16:	68,81,

MOBsuite plasmids:
AB529:	37_0,34_0,
AB530:	26_0,45_0,69_0,38_0,
3849eeef0cda0bffc3ece9d0558270e0:	64,

HyAsP splits:
{'34_0'}{'45_0'}
{'34_0'}{'45_0'}
{'37_0'}
{'26_0'}
{'69_0'}
{'38_0'}

MOBsuite splits:
{'26_0'}{'45_0', '38_0', '69_0'}
{'26_0'}{'38_0'}{'45_0', '69_0'}
{'26_0'}{'38_0'}{'69_0'}{'45_0'}
{'26_0'}{'38_0'}{'69_0'}{'45_0'}
{'37_0'}{'34_0'}
{'37_0'}{'34_0'}
#-------------------------



