Combination 0
Score:		0.4170234055512051

Decomposition of weighted lengths HyAsP|MOBsuite|Common:		40460.0|0.0|7468.5|

HyAsP plasmids:
2:	77,
3:	99,119,131,121,
4:	64_0,
5:	94,112,41_0,
6:	120,147,87_0,
7:	83,
8:	107,
9:	57,120,124,148,
10:	39_0,
11:	116,122,140,143,66_0,
17:	103,

MOBsuite plasmids:
a4e360737d56a89b6176e48c727e406f:	66_0,
AE310:	41_0,87_0,
AC345:	39_0,64_0,

HyAsP splits:
{'64_0'}
{'39_0'}
{'87_0'}
{'41_0'}
{'66_0'}

MOBsuite splits:
{'64_0'}{'39_0'}
{'64_0'}{'39_0'}
{'41_0'}{'87_0'}
{'41_0'}{'87_0'}
{'66_0'}
#-------------------------



