Combination 0
Score:		0.44784731246456505

Decomposition of weighted lengths HyAsP|MOBsuite|Common:		63867.0|24294.0|1099.0|

HyAsP plasmids:
3:	36,53,65,49,38,48,39,10_0,23_0,32_0,22_0,
4:	38,34,48,50,65,52,36,58,69,42,73,80,31,18,12_0,22_1,
7:	25,41,
8:	28,
11:	42,69,72,29,78,14,33_0,

MOBsuite plasmids:
AB528:	17,26,32_0,
AE310:	12_0,33_0,
AB530:	24,10_0,23_0,22_0,

HyAsP splits:
{'32_0'}{'10_0', '23_0', '22_0'}
{'32_0'}{'10_0', '23_0', '22_0'}
{'12_0'}
{'33_0'}

MOBsuite splits:
{'32_0'}
{'10_0', '23_0', '22_0'}
{'12_0'}{'33_0'}
{'12_0'}{'33_0'}
#-------------------------



Combination 1
Score:		0.4701042100457079

Decomposition of weighted lengths HyAsP|MOBsuite|Common:		63867.0|24294.0|5535.0|

HyAsP plasmids:
3:	36,53,65,49,38,48,39,10_0,23_0,32_0,22_0,
4:	38,34,48,50,65,52,36,58,69,42,73,80,31,18,12_0,22_1,
7:	25,41,
8:	28,
11:	42,69,72,29,78,14,33_0,

MOBsuite plasmids:
AB528:	17,26,32_0,
AE310:	12_0,33_0,
AB530:	24,10_0,23_0,22_1,

HyAsP splits:
{'12_0'}{'22_1'}
{'12_0'}{'22_1'}
{'32_0'}{'10_0', '23_0'}
{'32_0'}{'10_0', '23_0'}
{'33_0'}

MOBsuite splits:
{'32_0'}
{'12_0'}{'33_0'}
{'12_0'}{'33_0'}
{'10_0', '23_0'}{'22_1'}
{'10_0', '23_0'}{'22_1'}
#-------------------------



