Combination 0
Score:		0.4097567087921361

Decomposition of weighted lengths HyAsP|MOBsuite|Common:		63906.0|6847.0|9365.5|

HyAsP plasmids:
0:	87,102,48,76,104,78,101,95,112,103,31_0,73_0,44_0,36_0,
4:	91,98,76,105,88,94,99,101,34_0,
5:	50,
6:	91,97,105,110,90,107,53,104,78,35_0,
7:	109,80,82,103,112,96,52_0,
10:	69,
12:	62,81,
14:	113,76,45_0,36_1,
17:	65,89,

MOBsuite plasmids:
AE312:	67,35_0,45_0,
AB528:	34_0,
AB530:	64,72,31_0,73_0,44_0,52_0,36_0,

HyAsP splits:
{'36_0', '31_0', '44_0', '73_0'}
{'52_0'}
{'34_0'}
{'45_0'}
{'35_0'}

MOBsuite splits:
{'36_0', '31_0', '44_0', '73_0'}{'52_0'}
{'44_0', '31_0', '36_0', '73_0'}{'52_0'}
{'34_0'}
{'35_0'}{'45_0'}
{'35_0'}{'45_0'}
#-------------------------



Combination 1
Score:		0.4944355511003595

Decomposition of weighted lengths HyAsP|MOBsuite|Common:		63906.0|6847.0|25922.499999999996|

HyAsP plasmids:
0:	87,102,48,76,104,78,101,95,112,103,31_0,73_0,44_0,36_0,
4:	91,98,76,105,88,94,99,101,34_0,
5:	50,
6:	91,97,105,110,90,107,53,104,78,35_0,
7:	109,80,82,103,112,96,52_0,
10:	69,
12:	62,81,
14:	113,76,45_0,36_1,
17:	65,89,

MOBsuite plasmids:
AE312:	67,35_0,45_0,
AB528:	34_0,
AB530:	64,72,31_0,73_0,44_0,52_0,36_1,

HyAsP splits:
{'45_0'}{'36_1'}
{'45_0'}{'36_1'}
{'35_0'}
{'31_0', '44_0', '73_0'}
{'52_0'}
{'34_0'}

MOBsuite splits:
{'35_0'}{'45_0'}
{'35_0'}{'45_0'}
{'31_0', '44_0', '73_0'}{'36_1', '52_0'}
{'31_0', '44_0', '73_0'}{'52_0'}{'36_1'}
{'31_0', '44_0', '73_0'}{'52_0'}{'36_1'}
{'34_0'}
#-------------------------



