Combination 1
Score:		0.4232272252634244

Decomposition of weighted lengths HyAsP|MOBsuite|Common:		33761.0|8554.0|11186.000000000002|

HyAsP plasmids:
1:	61,43,46,
3:	63,52,59,49_0,47_0,40_0,39_0,
4:	34_0,38_0,
5:	41_0,
6:	62,29,59,52,49_1,28_0,30_0,

MOBsuite plasmids:
AD058:	35,47_0,
AE314:	50,34_0,40_0,38_0,
AE309:	49_1,28_0,30_0,41_0,39_0,

HyAsP splits:
{'41_0'}
{'47_0'}{'39_0', '40_0'}
{'47_0'}{'40_0'}{'39_0'}
{'47_0'}{'40_0'}{'39_0'}
{'34_0', '38_0'}
{'49_1', '28_0', '30_0'}

MOBsuite splits:
{'39_0'}{'49_1', '28_0', '30_0', '41_0'}
{'39_0'}{'41_0'}{'49_1', '28_0', '30_0'}
{'39_0'}{'41_0'}{'49_1', '28_0', '30_0'}
{'40_0'}{'34_0', '38_0'}
{'40_0'}{'34_0', '38_0'}
{'47_0'}
#-------------------------



Combination 0
Score:		0.4283335442837705

Decomposition of weighted lengths HyAsP|MOBsuite|Common:		33761.0|8554.0|11831.5|

HyAsP plasmids:
1:	61,43,46,
3:	63,52,59,49_0,47_0,40_0,39_0,
4:	34_0,38_0,
5:	41_0,
6:	62,29,59,52,49_1,28_0,30_0,

MOBsuite plasmids:
AD058:	35,47_0,
AE314:	50,34_0,40_0,38_0,
AE309:	49_0,28_0,30_0,41_0,39_0,

HyAsP splits:
{'41_0'}
{'47_0'}{'49_0', '39_0', '40_0'}
{'47_0'}{'40_0'}{'49_0', '39_0'}
{'47_0'}{'40_0'}{'49_0', '39_0'}
{'34_0', '38_0'}
{'28_0', '30_0'}

MOBsuite splits:
{'49_0', '39_0'}{'28_0', '30_0', '41_0'}
{'49_0', '39_0'}{'41_0'}{'28_0', '30_0'}
{'49_0', '39_0'}{'41_0'}{'28_0', '30_0'}
{'40_0'}{'34_0', '38_0'}
{'40_0'}{'34_0', '38_0'}
{'47_0'}
#-------------------------



