Combination 0
Score:		0.37259006905141306

Decomposition of weighted lengths HyAsP|MOBsuite|Common:		50499.0|14111.0|37101.5|

HyAsP plasmids:
3:	126_0,
4:	145,
5:	264,209,234,262,287,236,295,231,213,286,297,278,175_0,93_0,
6:	181,223,256,216,204,177,265,222,283,267,278,284,210,21_0,140_0,
8:	135,
9:	245,255,247,226,273,240,301,256,216,265,222,283,243,286,253,277,227,97_0,47_0,169_0,143_0,
10:	188,
11:	279,223,110_0,127_0,
13:	96_0,
14:	86_0,
15:	166_0,
16:	118_0,
17:	113,257,279,223,
18:	178,
19:	158,
20:	271,187_0,121_0,
22:	128_0,
23:	274,261,296,265,298,282,212,27_0,
24:	117_0,
25:	245,254,247,281,249,290,273,241,66_0,
27:	153,217,
28:	186,302,
32:	221,194_0,

MOBsuite plasmids:
AB759:	148,166_0,
AB529:	27_0,127_0,
AE315:	156,192,194_0,110_0,187_0,97_0,47_0,169_0,121_0,143_0,140_0,175_0,93_0,
AE310:	117_0,118_0,66_0,
AF632:	128_0,
AB530:	195,21_0,126_0,
AB528:	147,86_0,96_0,

HyAsP splits:
{'194_0'}
{'126_0'}
{'127_0'}{'110_0'}
{'127_0'}{'110_0'}
{'27_0'}
{'93_0', '175_0'}
{'187_0', '121_0'}
{'140_0'}{'21_0'}
{'140_0'}{'21_0'}
{'47_0', '169_0', '143_0', '97_0'}
{'86_0'}
{'96_0'}
{'166_0'}
{'66_0'}
{'118_0'}
{'117_0'}
{'128_0'}

MOBsuite splits:
{'127_0'}{'27_0'}
{'127_0'}{'27_0'}
{'126_0'}{'21_0'}
{'126_0'}{'21_0'}
{'93_0', '175_0'}{'47_0', '97_0', '187_0', '194_0', '110_0', '143_0', '121_0', '140_0', '169_0'}
{'93_0', '175_0'}{'140_0'}{'47_0', '97_0', '187_0', '194_0', '110_0', '143_0', '121_0', '169_0'}
{'93_0', '175_0'}{'140_0'}{'47_0', '169_0', '143_0', '97_0'}{'187_0', '121_0', '194_0', '110_0'}
{'93_0', '175_0'}{'140_0'}{'47_0', '97_0', '143_0', '169_0'}{'110_0'}{'187_0', '194_0', '121_0'}
{'93_0', '175_0'}{'140_0'}{'47_0', '169_0', '143_0', '97_0'}{'110_0'}{'187_0', '121_0'}{'194_0'}
{'93_0', '175_0'}{'140_0'}{'47_0', '97_0', '143_0', '169_0'}{'110_0'}{'187_0', '121_0'}{'194_0'}
{'96_0'}{'86_0'}
{'96_0'}{'86_0'}
{'166_0'}
{'118_0'}{'117_0', '66_0'}
{'118_0'}{'117_0'}{'66_0'}
{'118_0'}{'117_0'}{'66_0'}
{'128_0'}
#-------------------------



