Combination 0
Score:		0.6029853342955822

Decomposition of weighted lengths HyAsP|MOBsuite|Common:		57213.0|22944.0|13421.5|

HyAsP plasmids:
1:	46,34,36,52,39,
2:	30,45,42,35_0,33_0,28_0,
3:	17_0,
4:	27,
8:	32,25_0,
9:	40,45,41,35_1,
10:	38,50,20,

MOBsuite plasmids:
AE310:	21,
AB530:	35_0,33_0,25_0,28_0,17_0,

HyAsP splits:
{'17_0'}
{'33_0', '35_0', '28_0'}
{'25_0'}

MOBsuite splits:
{'33_0', '35_0', '28_0'}{'25_0', '17_0'}
{'33_0', '35_0', '28_0'}{'17_0'}{'25_0'}
{'33_0', '35_0', '28_0'}{'17_0'}{'25_0'}
#-------------------------



Combination 1
Score:		0.6029853342955822

Decomposition of weighted lengths HyAsP|MOBsuite|Common:		57213.0|22944.0|13421.5|

HyAsP plasmids:
1:	46,34,36,52,39,
2:	30,45,42,35_0,33_0,28_0,
3:	17_0,
4:	27,
8:	32,25_0,
9:	40,45,41,35_1,
10:	38,50,20,

MOBsuite plasmids:
AE310:	21,
AB530:	35_1,33_0,25_0,28_0,17_0,

HyAsP splits:
{'17_0'}
{'33_0', '28_0'}
{'35_1'}
{'25_0'}

MOBsuite splits:
{'33_0', '28_0'}{'17_0', '25_0', '35_1'}
{'33_0', '28_0'}{'17_0'}{'25_0', '35_1'}
{'33_0', '28_0'}{'17_0'}{'25_0'}{'35_1'}
{'33_0', '28_0'}{'17_0'}{'25_0'}{'35_1'}
#-------------------------



