Combination 0
Score:		0.4149232821881254

Decomposition of weighted lengths HyAsP|MOBsuite|Common:		51987.0|4686.0|5523.999999999999|

HyAsP plasmids:
2:	68,54,56,66,61,
3:	48,67,63,22_0,59_0,55_0,53_0,
5:	41,
6:	62,67,59_1,36_0,
7:	44_0,
10:	60,32,

MOBsuite plasmids:
AB530:	22_0,59_0,44_0,55_0,53_0,
AE310:	50,36_0,

HyAsP splits:
{'55_0', '22_0', '53_0', '59_0'}
{'44_0'}
{'36_0'}

MOBsuite splits:
{'55_0', '22_0', '53_0', '59_0'}{'44_0'}
{'55_0', '22_0', '53_0', '59_0'}{'44_0'}
{'36_0'}
#-------------------------



Combination 1
Score:		0.42230820547031356

Decomposition of weighted lengths HyAsP|MOBsuite|Common:		51987.0|4686.0|6631.0|

HyAsP plasmids:
2:	68,54,56,66,61,
3:	48,67,63,22_0,59_0,55_0,53_0,
5:	41,
6:	62,67,59_1,36_0,
7:	44_0,
10:	60,32,

MOBsuite plasmids:
AB530:	22_0,59_1,44_0,55_0,53_0,
AE310:	50,36_0,

HyAsP splits:
{'55_0', '22_0', '53_0'}
{'44_0'}
{'59_1'}{'36_0'}
{'59_1'}{'36_0'}

MOBsuite splits:
{'55_0', '22_0', '53_0'}{'44_0', '59_1'}
{'55_0', '22_0', '53_0'}{'59_1'}{'44_0'}
{'55_0', '22_0', '53_0'}{'59_1'}{'44_0'}
{'36_0'}
#-------------------------



