Combination 0
Score:		0.6426979599113669

Decomposition of weighted lengths HyAsP|MOBsuite|Common:		97537.0|9851.0|44017.50000000001|

HyAsP plasmids:
0:	65,130,147,90,100,33,91,122,41,146,103,55_0,68_0,69_0,81_0,54_0,85_0,
1:	89,71_0,56_0,
2:	171,173,199,103,79,116,112,105,118,139,72_0,87_0,67_0,48_0,81_1,
3:	52,121,88,47,82,53,
4:	89,43_0,84_0,
6:	94,138,118,106,88,49_0,
7:	173,199,103,99,100,31_0,
8:	94,138,118,106,99,46_0,
9:	66,154,
11:	60,199,
25:	38_0,

MOBsuite plasmids:
AB759:	55_0,
AE315:	46_0,72_0,87_0,69_0,48_0,49_0,
AB528:	63,73,77,83,68_0,67_0,81_0,38_0,31_0,54_0,85_0,71_0,84_0,56_0,
AA366:	43_0,

HyAsP splits:
{'38_0'}
{'56_0', '71_0'}
{'55_0'}{'68_0', '69_0', '85_0', '81_0', '54_0'}
{'55_0'}{'69_0'}{'68_0', '81_0', '54_0', '85_0'}
{'55_0'}{'69_0'}{'68_0', '81_0', '54_0', '85_0'}
{'49_0'}
{'72_0', '48_0', '87_0'}{'67_0'}
{'72_0', '48_0', '87_0'}{'67_0'}
{'31_0'}
{'46_0'}
{'84_0'}{'43_0'}
{'84_0'}{'43_0'}

MOBsuite splits:
{'55_0'}
{'69_0'}{'46_0', '48_0', '72_0', '49_0', '87_0'}
{'69_0'}{'72_0', '48_0', '87_0'}{'49_0', '46_0'}
{'69_0'}{'72_0', '48_0', '87_0'}{'49_0'}{'46_0'}
{'69_0'}{'72_0', '48_0', '87_0'}{'49_0'}{'46_0'}
{'68_0', '81_0', '54_0', '85_0'}{'38_0', '56_0', '84_0', '67_0', '31_0', '71_0'}
{'68_0', '81_0', '54_0', '85_0'}{'56_0', '71_0'}{'67_0', '38_0', '84_0', '31_0'}
{'68_0', '81_0', '54_0', '85_0'}{'56_0', '71_0'}{'67_0'}{'38_0', '84_0', '31_0'}
{'68_0', '81_0', '54_0', '85_0'}{'56_0', '71_0'}{'67_0'}{'84_0'}{'38_0', '31_0'}
{'68_0', '81_0', '54_0', '85_0'}{'56_0', '71_0'}{'67_0'}{'84_0'}{'31_0'}{'38_0'}
{'68_0', '81_0', '54_0', '85_0'}{'56_0', '71_0'}{'67_0'}{'84_0'}{'31_0'}{'38_0'}
{'43_0'}
#-------------------------



Combination 1
Score:		0.6455080695141312

Decomposition of weighted lengths HyAsP|MOBsuite|Common:		97537.0|9851.0|44679.5|

HyAsP plasmids:
0:	65,130,147,90,100,33,91,122,41,146,103,55_0,68_0,69_0,81_0,54_0,85_0,
1:	89,71_0,56_0,
2:	171,173,199,103,79,116,112,105,118,139,72_0,87_0,67_0,48_0,81_1,
3:	52,121,88,47,82,53,
4:	89,43_0,84_0,
6:	94,138,118,106,88,49_0,
7:	173,199,103,99,100,31_0,
8:	94,138,118,106,99,46_0,
9:	66,154,
11:	60,199,
25:	38_0,

MOBsuite plasmids:
AB759:	55_0,
AE315:	46_0,72_0,87_0,69_0,48_0,49_0,
AB528:	63,73,77,83,68_0,67_0,81_1,38_0,31_0,54_0,85_0,71_0,84_0,56_0,
AA366:	43_0,

HyAsP splits:
{'38_0'}
{'56_0', '71_0'}
{'55_0'}{'68_0', '85_0', '54_0', '69_0'}
{'55_0'}{'69_0'}{'68_0', '54_0', '85_0'}
{'55_0'}{'69_0'}{'68_0', '54_0', '85_0'}
{'49_0'}
{'72_0', '48_0', '87_0'}{'67_0', '81_1'}
{'72_0', '48_0', '87_0'}{'67_0', '81_1'}
{'31_0'}
{'46_0'}
{'84_0'}{'43_0'}
{'84_0'}{'43_0'}

MOBsuite splits:
{'55_0'}
{'69_0'}{'46_0', '48_0', '72_0', '49_0', '87_0'}
{'69_0'}{'72_0', '48_0', '87_0'}{'49_0', '46_0'}
{'69_0'}{'72_0', '48_0', '87_0'}{'49_0'}{'46_0'}
{'69_0'}{'72_0', '48_0', '87_0'}{'49_0'}{'46_0'}
{'68_0', '54_0', '85_0'}{'81_1', '38_0', '56_0', '84_0', '67_0', '31_0', '71_0'}
{'68_0', '54_0', '85_0'}{'56_0', '71_0'}{'81_1', '38_0', '84_0', '67_0', '31_0'}
{'68_0', '54_0', '85_0'}{'56_0', '71_0'}{'67_0', '81_1'}{'38_0', '84_0', '31_0'}
{'68_0', '54_0', '85_0'}{'56_0', '71_0'}{'67_0', '81_1'}{'84_0'}{'38_0', '31_0'}
{'68_0', '54_0', '85_0'}{'56_0', '71_0'}{'67_0', '81_1'}{'84_0'}{'31_0'}{'38_0'}
{'68_0', '54_0', '85_0'}{'56_0', '71_0'}{'67_0', '81_1'}{'84_0'}{'31_0'}{'38_0'}
{'43_0'}
#-------------------------



