Combination 0
Score:		0.5381423407039411

Decomposition of weighted lengths HyAsP|MOBsuite|Common:		89359.0|11898.0|20064.5|

HyAsP plasmids:
2:	128,130,134,114,68_0,76_0,105_0,89_0,86_0,
3:	52_0,
4:	82,114,112,68_1,57_0,
6:	103,56,119,109,121,37_0,
7:	119,139,114,109,121,45_0,
8:	83,
9:	98,
10:	129,139,114,96_0,
11:	81,
12:	88_0,
13:	84,
14:	135,116,75_0,102_0,
15:	58,104,61,
17:	125,99_0,94_0,
18:	100,136,
20:	91,137,95,140,
22:	91,107,

MOBsuite plasmids:
AB528:	37_0,89_0,
AE312:	78,45_0,76_0,102_0,
AD100:	97,57_0,88_0,
AA366:	52_0,
AE315:	87,68_0,96_0,99_0,75_0,105_0,94_0,86_0,

HyAsP splits:
{'89_0'}{'86_0', '105_0', '68_0', '76_0'}
{'89_0'}{'76_0'}{'86_0', '105_0', '68_0'}
{'89_0'}{'76_0'}{'86_0', '105_0', '68_0'}
{'102_0'}{'75_0'}
{'102_0'}{'75_0'}
{'45_0'}
{'94_0', '99_0'}
{'37_0'}
{'96_0'}
{'52_0'}
{'88_0'}
{'57_0'}

MOBsuite splits:
{'76_0'}{'102_0', '45_0'}
{'76_0'}{'45_0'}{'102_0'}
{'76_0'}{'45_0'}{'102_0'}
{'89_0'}{'37_0'}
{'89_0'}{'37_0'}
{'86_0', '105_0', '68_0'}{'96_0', '99_0', '75_0', '94_0'}
{'86_0', '105_0', '68_0'}{'96_0'}{'94_0', '99_0', '75_0'}
{'86_0', '105_0', '68_0'}{'96_0'}{'75_0'}{'94_0', '99_0'}
{'86_0', '105_0', '68_0'}{'96_0'}{'75_0'}{'94_0', '99_0'}
{'52_0'}
{'57_0'}{'88_0'}
{'57_0'}{'88_0'}
#-------------------------



Combination 1
Score:		0.5656701190977844

Decomposition of weighted lengths HyAsP|MOBsuite|Common:		89359.0|11898.0|26270.5|

HyAsP plasmids:
2:	128,130,134,114,68_0,76_0,105_0,89_0,86_0,
3:	52_0,
4:	82,114,112,68_1,57_0,
6:	103,56,119,109,121,37_0,
7:	119,139,114,109,121,45_0,
8:	83,
9:	98,
10:	129,139,114,96_0,
11:	81,
12:	88_0,
13:	84,
14:	135,116,75_0,102_0,
15:	58,104,61,
17:	125,99_0,94_0,
18:	100,136,
20:	91,137,95,140,
22:	91,107,

MOBsuite plasmids:
AB528:	37_0,89_0,
AE312:	78,45_0,76_0,102_0,
AD100:	97,57_0,88_0,
AA366:	52_0,
AE315:	87,68_1,96_0,99_0,75_0,105_0,94_0,86_0,

HyAsP splits:
{'89_0'}{'86_0', '76_0', '105_0'}
{'89_0'}{'76_0'}{'86_0', '105_0'}
{'89_0'}{'76_0'}{'86_0', '105_0'}
{'102_0'}{'75_0'}
{'102_0'}{'75_0'}
{'45_0'}
{'94_0', '99_0'}
{'88_0'}
{'37_0'}
{'57_0'}{'68_1'}
{'57_0'}{'68_1'}
{'96_0'}
{'52_0'}

MOBsuite splits:
{'76_0'}{'102_0', '45_0'}
{'76_0'}{'45_0'}{'102_0'}
{'76_0'}{'45_0'}{'102_0'}
{'89_0'}{'37_0'}
{'89_0'}{'37_0'}
{'57_0'}{'88_0'}
{'57_0'}{'88_0'}
{'86_0', '105_0'}{'75_0', '99_0', '96_0', '94_0', '68_1'}
{'86_0', '105_0'}{'68_1'}{'96_0', '99_0', '75_0', '94_0'}
{'86_0', '105_0'}{'68_1'}{'96_0'}{'94_0', '99_0', '75_0'}
{'86_0', '105_0'}{'68_1'}{'96_0'}{'75_0'}{'94_0', '99_0'}
{'86_0', '105_0'}{'68_1'}{'96_0'}{'75_0'}{'94_0', '99_0'}
{'52_0'}
#-------------------------



