Combination 1
Score:		0.5569643046912822

Decomposition of weighted lengths HyAsP|MOBsuite|Common:		75921.0|9501.0|8915.5|

HyAsP plasmids:
2:	38,142,59,75,34,102,56_0,55_0,62_0,73_0,
3:	140,103,108,107,241,132,94,137,85,88,244,78,52,62_1,26_0,49_0,
4:	78,108,74,118,178,132,94,137,117,143,201,112,42_0,

MOBsuite plasmids:
AE315:	60,70,71,56_0,55_0,62_1,73_0,26_0,49_0,
AB528:	42_0,

HyAsP splits:
{'26_0', '49_0', '62_1'}
{'73_0', '56_0', '55_0'}
{'42_0'}

MOBsuite splits:
{'73_0', '56_0', '55_0'}{'26_0', '49_0', '62_1'}
{'55_0', '56_0', '73_0'}{'26_0', '49_0', '62_1'}
{'42_0'}
#-------------------------



Combination 0
Score:		0.569297665576403

Decomposition of weighted lengths HyAsP|MOBsuite|Common:		75921.0|9501.0|11004.5|

HyAsP plasmids:
2:	38,142,59,75,34,102,56_0,55_0,62_0,73_0,
3:	140,103,108,107,241,132,94,137,85,88,244,78,52,62_1,26_0,49_0,
4:	78,108,74,118,178,132,94,137,117,143,201,112,42_0,

MOBsuite plasmids:
AE315:	60,70,71,56_0,55_0,62_0,73_0,26_0,49_0,
AB528:	42_0,

HyAsP splits:
{'26_0', '49_0'}
{'73_0', '56_0', '55_0', '62_0'}
{'42_0'}

MOBsuite splits:
{'73_0', '56_0', '55_0', '62_0'}{'26_0', '49_0'}
{'55_0', '56_0', '73_0', '62_0'}{'26_0', '49_0'}
{'42_0'}
#-------------------------



