Combination 1
Score:		0.6917773566855545

Decomposition of weighted lengths HyAsP|MOBsuite|Common:		97104.0|28693.0|24612.0|

HyAsP plasmids:
3:	52,68,108,101,86,113,99,47,70_0,
4:	32_0,
5:	39,58,77,93,87,74,44,95,96,105,82,106,90,34_0,49_0,51_0,
6:	73,92,40_0,45_0,36_0,48_0,
7:	86,98,50_0,64_0,
9:	88,85,92,95,72,55_0,51_1,69_0,
11:	62,
13:	63,58,107,68,
14:	23,93,
15:	81,91,41_0,
16:	61,
17:	53,89,
23:	79,86,101,100,54_0,60_0,64_1,

MOBsuite plasmids:
AB530:	26,57,54_0,60_0,45_0,36_0,48_0,64_1,70_0,41_0,
AE314:	50_0,49_0,32_0,
AE312:	40_0,55_0,34_0,51_0,69_0,

HyAsP splits:
{'49_0'}{'34_0', '51_0'}
{'49_0'}{'34_0', '51_0'}
{'60_0', '64_1', '54_0'}
{'70_0'}
{'45_0', '36_0', '48_0'}{'40_0'}
{'45_0', '36_0', '48_0'}{'40_0'}
{'32_0'}
{'55_0', '69_0'}
{'50_0'}
{'41_0'}

MOBsuite splits:
{'34_0', '51_0'}{'55_0', '40_0', '69_0'}
{'34_0', '51_0'}{'40_0'}{'55_0', '69_0'}
{'34_0', '51_0'}{'40_0'}{'55_0', '69_0'}
{'70_0'}{'36_0', '41_0', '45_0', '54_0', '48_0', '64_1', '60_0'}
{'70_0'}{'45_0', '36_0', '48_0'}{'60_0', '64_1', '41_0', '54_0'}
{'70_0'}{'45_0', '36_0', '48_0'}{'41_0'}{'60_0', '64_1', '54_0'}
{'70_0'}{'45_0', '36_0', '48_0'}{'41_0'}{'60_0', '64_1', '54_0'}
{'32_0'}{'50_0', '49_0'}
{'32_0'}{'49_0'}{'50_0'}
{'32_0'}{'49_0'}{'50_0'}
#-------------------------



Combination 0
Score:		0.6953533188608433

Decomposition of weighted lengths HyAsP|MOBsuite|Common:		97104.0|28693.0|25389.5|

HyAsP plasmids:
3:	52,68,108,101,86,113,99,47,70_0,
4:	32_0,
5:	39,58,77,93,87,74,44,95,96,105,82,106,90,34_0,49_0,51_0,
6:	73,92,40_0,45_0,36_0,48_0,
7:	86,98,50_0,64_0,
9:	88,85,92,95,72,55_0,51_1,69_0,
11:	62,
13:	63,58,107,68,
14:	23,93,
15:	81,91,41_0,
16:	61,
17:	53,89,
23:	79,86,101,100,54_0,60_0,64_1,

MOBsuite plasmids:
AB530:	26,57,54_0,60_0,45_0,36_0,48_0,64_0,70_0,41_0,
AE314:	50_0,49_0,32_0,
AE312:	40_0,55_0,34_0,51_0,69_0,

HyAsP splits:
{'55_0', '69_0'}
{'60_0', '54_0'}
{'49_0'}{'34_0', '51_0'}
{'49_0'}{'34_0', '51_0'}
{'70_0'}
{'45_0', '36_0', '48_0'}{'40_0'}
{'45_0', '36_0', '48_0'}{'40_0'}
{'32_0'}
{'64_0'}{'50_0'}
{'64_0'}{'50_0'}
{'41_0'}

MOBsuite splits:
{'34_0', '51_0'}{'55_0', '40_0', '69_0'}
{'34_0', '51_0'}{'40_0'}{'55_0', '69_0'}
{'34_0', '51_0'}{'40_0'}{'55_0', '69_0'}
{'70_0'}{'36_0', '41_0', '64_0', '45_0', '54_0', '48_0', '60_0'}
{'70_0'}{'45_0', '36_0', '48_0'}{'60_0', '41_0', '64_0', '54_0'}
{'70_0'}{'45_0', '36_0', '48_0'}{'64_0'}{'60_0', '41_0', '54_0'}
{'70_0'}{'45_0', '36_0', '48_0'}{'64_0'}{'41_0'}{'60_0', '54_0'}
{'70_0'}{'45_0', '36_0', '48_0'}{'64_0'}{'41_0'}{'60_0', '54_0'}
{'32_0'}{'50_0', '49_0'}
{'32_0'}{'49_0'}{'50_0'}
{'32_0'}{'49_0'}{'50_0'}
#-------------------------



Combination 3
Score:		0.7001618956508942

Decomposition of weighted lengths HyAsP|MOBsuite|Common:		97104.0|28693.0|26435.000000000004|

HyAsP plasmids:
3:	52,68,108,101,86,113,99,47,70_0,
4:	32_0,
5:	39,58,77,93,87,74,44,95,96,105,82,106,90,34_0,49_0,51_0,
6:	73,92,40_0,45_0,36_0,48_0,
7:	86,98,50_0,64_0,
9:	88,85,92,95,72,55_0,51_1,69_0,
11:	62,
13:	63,58,107,68,
14:	23,93,
15:	81,91,41_0,
16:	61,
17:	53,89,
23:	79,86,101,100,54_0,60_0,64_1,

MOBsuite plasmids:
AB530:	26,57,54_0,60_0,45_0,36_0,48_0,64_1,70_0,41_0,
AE314:	50_0,49_0,32_0,
AE312:	40_0,55_0,34_0,51_1,69_0,

HyAsP splits:
{'49_0'}{'34_0'}
{'49_0'}{'34_0'}
{'60_0', '64_1', '54_0'}
{'70_0'}
{'45_0', '36_0', '48_0'}{'40_0'}
{'45_0', '36_0', '48_0'}{'40_0'}
{'32_0'}
{'55_0', '51_1', '69_0'}
{'50_0'}
{'41_0'}

MOBsuite splits:
{'34_0'}{'55_0', '40_0', '51_1', '69_0'}
{'34_0'}{'40_0'}{'55_0', '51_1', '69_0'}
{'34_0'}{'40_0'}{'55_0', '51_1', '69_0'}
{'70_0'}{'36_0', '41_0', '45_0', '54_0', '48_0', '64_1', '60_0'}
{'70_0'}{'45_0', '36_0', '48_0'}{'60_0', '64_1', '41_0', '54_0'}
{'70_0'}{'45_0', '36_0', '48_0'}{'41_0'}{'60_0', '64_1', '54_0'}
{'70_0'}{'45_0', '36_0', '48_0'}{'41_0'}{'60_0', '64_1', '54_0'}
{'32_0'}{'50_0', '49_0'}
{'32_0'}{'49_0'}{'50_0'}
{'32_0'}{'49_0'}{'50_0'}
#-------------------------



Combination 2
Score:		0.7037378578261829

Decomposition of weighted lengths HyAsP|MOBsuite|Common:		97104.0|28693.0|27212.5|

HyAsP plasmids:
3:	52,68,108,101,86,113,99,47,70_0,
4:	32_0,
5:	39,58,77,93,87,74,44,95,96,105,82,106,90,34_0,49_0,51_0,
6:	73,92,40_0,45_0,36_0,48_0,
7:	86,98,50_0,64_0,
9:	88,85,92,95,72,55_0,51_1,69_0,
11:	62,
13:	63,58,107,68,
14:	23,93,
15:	81,91,41_0,
16:	61,
17:	53,89,
23:	79,86,101,100,54_0,60_0,64_1,

MOBsuite plasmids:
AB530:	26,57,54_0,60_0,45_0,36_0,48_0,64_0,70_0,41_0,
AE314:	50_0,49_0,32_0,
AE312:	40_0,55_0,34_0,51_1,69_0,

HyAsP splits:
{'55_0', '51_1', '69_0'}
{'60_0', '54_0'}
{'49_0'}{'34_0'}
{'49_0'}{'34_0'}
{'70_0'}
{'45_0', '36_0', '48_0'}{'40_0'}
{'45_0', '36_0', '48_0'}{'40_0'}
{'32_0'}
{'64_0'}{'50_0'}
{'64_0'}{'50_0'}
{'41_0'}

MOBsuite splits:
{'34_0'}{'55_0', '40_0', '51_1', '69_0'}
{'34_0'}{'40_0'}{'55_0', '51_1', '69_0'}
{'34_0'}{'40_0'}{'55_0', '51_1', '69_0'}
{'70_0'}{'36_0', '41_0', '64_0', '45_0', '54_0', '48_0', '60_0'}
{'70_0'}{'45_0', '36_0', '48_0'}{'60_0', '41_0', '64_0', '54_0'}
{'70_0'}{'45_0', '36_0', '48_0'}{'64_0'}{'60_0', '41_0', '54_0'}
{'70_0'}{'45_0', '36_0', '48_0'}{'64_0'}{'41_0'}{'60_0', '54_0'}
{'70_0'}{'45_0', '36_0', '48_0'}{'64_0'}{'41_0'}{'60_0', '54_0'}
{'32_0'}{'50_0', '49_0'}
{'32_0'}{'49_0'}{'50_0'}
{'32_0'}{'49_0'}{'50_0'}
#-------------------------



