Combination 0
Score:		0.48876471876597033

Decomposition of weighted lengths HyAsP|MOBsuite|Common:		55434.0|22301.0|15991.499999999998|

HyAsP plasmids:
5:	111,106,30_0,57_0,73_0,
6:	71,128,99,75,68,126,54,104,97,86,91,103,112,124,114,123,
8:	92,
10:	100,121,127,110,129,107,102,66_0,48_0,
12:	74_0,
13:	118,105,109,127,122,64_0,55_0,
14:	106,120,129,108,102,72_0,
16:	84,
17:	85,
18:	37_0,
19:	90,
21:	76,101,
23:	95,89,

MOBsuite plasmids:
AB530:	52,62,94,72_0,30_0,57_0,66_0,73_0,
e742485c29e37a43493daeef3ba0c6b9:	74_0,
AE310:	93,64_0,55_0,
AB529:	37_0,48_0,

HyAsP splits:
{'37_0'}
{'66_0'}{'48_0'}
{'66_0'}{'48_0'}
{'72_0'}
{'30_0', '73_0', '57_0'}
{'74_0'}
{'64_0', '55_0'}

MOBsuite splits:
{'30_0', '73_0', '57_0'}{'72_0', '66_0'}
{'30_0', '73_0', '57_0'}{'66_0'}{'72_0'}
{'30_0', '73_0', '57_0'}{'66_0'}{'72_0'}
{'48_0'}{'37_0'}
{'48_0'}{'37_0'}
{'74_0'}
{'64_0', '55_0'}
#-------------------------



