Combination 0
Score:		0.4740486245596024

Decomposition of weighted lengths HyAsP|MOBsuite|Common:		33167.0|2353.0|5114.499999999999|

HyAsP plasmids:
0:	119_0,
3:	167,138,
4:	114,
5:	22_0,
6:	169,159,66,129_0,156_0,
7:	135_0,
8:	86,

MOBsuite plasmids:
AE314:	146,156_0,119_0,135_0,
AE311:	22_0,129_0,

HyAsP splits:
{'119_0'}
{'135_0'}
{'156_0'}{'129_0'}
{'156_0'}{'129_0'}
{'22_0'}

MOBsuite splits:
{'22_0'}{'129_0'}
{'22_0'}{'129_0'}
{'119_0'}{'156_0', '135_0'}
{'119_0'}{'156_0'}{'135_0'}
{'119_0'}{'156_0'}{'135_0'}
#-------------------------



