Combination 0
Score:		0.3641537491815016

Decomposition of weighted lengths HyAsP|MOBsuite|Common:		31227.0|28279.0|0.0|

HyAsP plasmids:
3:	24,40,20,30,89,44,77,50,65,27_0,45_0,21_0,18_0,11_0,
6:	54,71,37,62,73,56,70,79,57,46,45_1,14_0,35_0,28_0,43_0,19_0,
10:	38,
12:	25,94,

MOBsuite plasmids:
AD059:	22,
AB530:	16,27_0,45_0,21_0,18_0,11_0,
78c5ae958a647ade09f66fce9a4bec64:	23,
AE672:	36,
AB922:	29,
AE312:	14_0,35_0,28_0,43_0,19_0,

HyAsP splits:
{'18_0', '11_0', '27_0', '45_0', '21_0'}
{'28_0', '43_0', '19_0', '35_0', '14_0'}

MOBsuite splits:
{'18_0', '11_0', '27_0', '45_0', '21_0'}
{'28_0', '43_0', '19_0', '35_0', '14_0'}
#-------------------------



Combination 1
Score:		0.3708302480279544

Decomposition of weighted lengths HyAsP|MOBsuite|Common:		31227.0|28279.0|1091.0|

HyAsP plasmids:
3:	24,40,20,30,89,44,77,50,65,27_0,45_0,21_0,18_0,11_0,
6:	54,71,37,62,73,56,70,79,57,46,45_1,14_0,35_0,28_0,43_0,19_0,
10:	38,
12:	25,94,

MOBsuite plasmids:
AD059:	22,
AB530:	16,27_0,45_1,21_0,18_0,11_0,
78c5ae958a647ade09f66fce9a4bec64:	23,
AE672:	36,
AB922:	29,
AE312:	14_0,35_0,28_0,43_0,19_0,

HyAsP splits:
{'45_1'}{'28_0', '43_0', '19_0', '35_0', '14_0'}
{'45_1'}{'28_0', '43_0', '19_0', '35_0', '14_0'}
{'27_0', '18_0', '11_0', '21_0'}

MOBsuite splits:
{'28_0', '43_0', '19_0', '35_0', '14_0'}
{'27_0', '18_0', '11_0', '21_0'}{'45_1'}
{'27_0', '18_0', '11_0', '21_0'}{'45_1'}
#-------------------------



