Combination 1
Score:		0.3642641388486903

Decomposition of weighted lengths HyAsP|MOBsuite|Common:		59956.0|2945.0|12109.0|

HyAsP plasmids:
0:	130,101,173,86,195,116,135,205,128,191,169,56_0,45_0,24_0,81_0,61_0,67_0,
1:	89,112,90,47_0,
2:	57,
3:	26_0,
4:	70,128,196,187,
5:	199,190,198,135,80_0,54_0,
6:	74,198,135,116,195,65,
7:	176,202,187,196,128,117,146,175,179,113,159,172,125,157,20_0,50_0,
8:	43,144,174,93,107,176,177,196,76_0,77_0,
10:	174,75_0,
11:	44,176,177,196,
16:	79,
18:	64,115,
19:	64,193,197,
30:	102,130,112,176,202,56_1,

MOBsuite plasmids:
AE315:	82,45_0,24_0,80_0,81_0,61_0,67_0,54_0,
AB529:	83,76_0,56_1,20_0,47_0,77_0,75_0,50_0,
AB528:	26_0,

HyAsP splits:
{'54_0', '80_0'}
{'45_0', '67_0', '81_0', '61_0', '24_0'}
{'75_0'}
{'47_0'}
{'20_0', '50_0'}
{'56_1'}
{'77_0', '76_0'}
{'26_0'}

MOBsuite splits:
{'45_0', '67_0', '81_0', '61_0', '24_0'}{'54_0', '80_0'}
{'45_0', '67_0', '81_0', '61_0', '24_0'}{'54_0', '80_0'}
{'47_0'}{'75_0', '76_0', '20_0', '77_0', '56_1', '50_0'}
{'47_0'}{'20_0', '50_0'}{'75_0', '56_1', '77_0', '76_0'}
{'47_0'}{'20_0', '50_0'}{'77_0', '76_0'}{'75_0', '56_1'}
{'47_0'}{'20_0', '50_0'}{'77_0', '76_0'}{'75_0'}{'56_1'}
{'47_0'}{'20_0', '50_0'}{'77_0', '76_0'}{'75_0'}{'56_1'}
{'26_0'}
#-------------------------



Combination 0
Score:		0.37613028233991513

Decomposition of weighted lengths HyAsP|MOBsuite|Common:		59956.0|2945.0|14552.5|

HyAsP plasmids:
0:	130,101,173,86,195,116,135,205,128,191,169,56_0,45_0,24_0,81_0,61_0,67_0,
1:	89,112,90,47_0,
2:	57,
3:	26_0,
4:	70,128,196,187,
5:	199,190,198,135,80_0,54_0,
6:	74,198,135,116,195,65,
7:	176,202,187,196,128,117,146,175,179,113,159,172,125,157,20_0,50_0,
8:	43,144,174,93,107,176,177,196,76_0,77_0,
10:	174,75_0,
11:	44,176,177,196,
16:	79,
18:	64,115,
19:	64,193,197,
30:	102,130,112,176,202,56_1,

MOBsuite plasmids:
AE315:	82,45_0,24_0,80_0,81_0,61_0,67_0,54_0,
AB529:	83,76_0,56_0,20_0,47_0,77_0,75_0,50_0,
AB528:	26_0,

HyAsP splits:
{'75_0'}
{'77_0', '76_0'}
{'47_0'}
{'54_0', '80_0'}
{'20_0', '50_0'}
{'45_0', '67_0', '81_0', '61_0', '24_0'}{'56_0'}
{'45_0', '67_0', '81_0', '61_0', '24_0'}{'56_0'}
{'26_0'}

MOBsuite splits:
{'56_0'}{'75_0', '76_0', '20_0', '77_0', '47_0', '50_0'}
{'56_0'}{'47_0'}{'75_0', '76_0', '20_0', '77_0', '50_0'}
{'56_0'}{'47_0'}{'20_0', '50_0'}{'75_0', '77_0', '76_0'}
{'56_0'}{'47_0'}{'20_0', '50_0'}{'77_0', '76_0'}{'75_0'}
{'56_0'}{'47_0'}{'20_0', '50_0'}{'77_0', '76_0'}{'75_0'}
{'45_0', '67_0', '81_0', '61_0', '24_0'}{'54_0', '80_0'}
{'45_0', '67_0', '81_0', '61_0', '24_0'}{'54_0', '80_0'}
{'26_0'}
#-------------------------



