Combination 2
Score:		0.5364920219870959

Decomposition of weighted lengths HyAsP|MOBsuite|Common:		106113.0|10474.0|15955.5|

HyAsP plasmids:
2:	140,113,70,
4:	118,108,112,119,116,136,82,94,125,141,49,61,111,90,148,143,151,67_0,75_0,48_0,80_0,64_0,73_0,57_0,74_0,65_0,
5:	107,100,151,103,131,89,150,16,117,12_0,55_0,41_0,74_1,
6:	33,119,132,127,129,
8:	43_0,
11:	55_1,52_0,
18:	110,91,64_1,

MOBsuite plasmids:
AB530:	75_0,12_0,55_0,
f6888e707667add23a73e6a684184bcd:	71,67_0,48_0,80_0,52_0,74_0,
AG970:	43_0,
a0a2b4b904194c0fcc1fef99f6124e1b:	64_1,73_0,41_0,
AB915:	66,57_0,65_0,
AD058:	50,

HyAsP splits:
{'64_1'}
{'55_0', '12_0'}{'41_0'}
{'55_0', '12_0'}{'41_0'}
{'52_0'}
{'75_0'}{'48_0', '67_0', '65_0', '74_0', '57_0', '73_0', '80_0'}
{'75_0'}{'48_0', '80_0', '74_0', '67_0'}{'65_0', '57_0', '73_0'}
{'75_0'}{'80_0', '48_0', '74_0', '67_0'}{'73_0'}{'65_0', '57_0'}
{'75_0'}{'48_0', '80_0', '74_0', '67_0'}{'73_0'}{'65_0', '57_0'}
{'43_0'}

MOBsuite splits:
{'75_0'}{'55_0', '12_0'}
{'75_0'}{'55_0', '12_0'}
{'65_0', '57_0'}
{'73_0'}{'41_0', '64_1'}
{'73_0'}{'41_0'}{'64_1'}
{'73_0'}{'41_0'}{'64_1'}
{'48_0', '80_0', '74_0', '67_0'}{'52_0'}
{'80_0', '48_0', '74_0', '67_0'}{'52_0'}
{'43_0'}
#-------------------------



Combination 0
Score:		0.5415172391460976

Decomposition of weighted lengths HyAsP|MOBsuite|Common:		106113.0|10474.0|17197.0|

HyAsP plasmids:
2:	140,113,70,
4:	118,108,112,119,116,136,82,94,125,141,49,61,111,90,148,143,151,67_0,75_0,48_0,80_0,64_0,73_0,57_0,74_0,65_0,
5:	107,100,151,103,131,89,150,16,117,12_0,55_0,41_0,74_1,
6:	33,119,132,127,129,
8:	43_0,
11:	55_1,52_0,
18:	110,91,64_1,

MOBsuite plasmids:
AB530:	75_0,12_0,55_0,
f6888e707667add23a73e6a684184bcd:	71,67_0,48_0,80_0,52_0,74_0,
AG970:	43_0,
a0a2b4b904194c0fcc1fef99f6124e1b:	64_0,73_0,41_0,
AB915:	66,57_0,65_0,
AD058:	50,

HyAsP splits:
{'55_0', '12_0'}{'41_0'}
{'55_0', '12_0'}{'41_0'}
{'52_0'}
{'75_0'}{'48_0', '67_0', '65_0', '74_0', '57_0', '73_0', '80_0', '64_0'}
{'75_0'}{'48_0', '80_0', '74_0', '67_0'}{'64_0', '65_0', '57_0', '73_0'}
{'75_0'}{'80_0', '48_0', '74_0', '67_0'}{'64_0', '73_0'}{'65_0', '57_0'}
{'75_0'}{'48_0', '80_0', '74_0', '67_0'}{'64_0', '73_0'}{'65_0', '57_0'}
{'43_0'}

MOBsuite splits:
{'75_0'}{'55_0', '12_0'}
{'75_0'}{'55_0', '12_0'}
{'65_0', '57_0'}
{'64_0', '73_0'}{'41_0'}
{'64_0', '73_0'}{'41_0'}
{'48_0', '80_0', '74_0', '67_0'}{'52_0'}
{'80_0', '48_0', '74_0', '67_0'}{'52_0'}
{'43_0'}
#-------------------------



Combination 3
Score:		0.5427092862289216

Decomposition of weighted lengths HyAsP|MOBsuite|Common:		106113.0|10474.0|17491.5|

HyAsP plasmids:
2:	140,113,70,
4:	118,108,112,119,116,136,82,94,125,141,49,61,111,90,148,143,151,67_0,75_0,48_0,80_0,64_0,73_0,57_0,74_0,65_0,
5:	107,100,151,103,131,89,150,16,117,12_0,55_0,41_0,74_1,
6:	33,119,132,127,129,
8:	43_0,
11:	55_1,52_0,
18:	110,91,64_1,

MOBsuite plasmids:
AB530:	75_0,12_0,55_0,
f6888e707667add23a73e6a684184bcd:	71,67_0,48_0,80_0,52_0,74_1,
AG970:	43_0,
a0a2b4b904194c0fcc1fef99f6124e1b:	64_1,73_0,41_0,
AB915:	66,57_0,65_0,
AD058:	50,

HyAsP splits:
{'64_1'}
{'55_0', '12_0'}{'41_0', '74_1'}
{'55_0', '12_0'}{'74_1'}{'41_0'}
{'55_0', '12_0'}{'74_1'}{'41_0'}
{'52_0'}
{'75_0'}{'67_0', '65_0', '57_0', '73_0', '80_0', '48_0'}
{'75_0'}{'48_0', '80_0', '67_0'}{'65_0', '57_0', '73_0'}
{'75_0'}{'80_0', '48_0', '67_0'}{'73_0'}{'65_0', '57_0'}
{'75_0'}{'48_0', '80_0', '67_0'}{'73_0'}{'65_0', '57_0'}
{'43_0'}

MOBsuite splits:
{'75_0'}{'55_0', '12_0'}
{'75_0'}{'55_0', '12_0'}
{'65_0', '57_0'}
{'73_0'}{'41_0', '64_1'}
{'73_0'}{'41_0'}{'64_1'}
{'73_0'}{'41_0'}{'64_1'}
{'48_0', '80_0', '67_0'}{'52_0', '74_1'}
{'80_0', '48_0', '67_0'}{'74_1'}{'52_0'}
{'48_0', '80_0', '67_0'}{'74_1'}{'52_0'}
{'43_0'}
#-------------------------



Combination 1
Score:		0.5477345033879233

Decomposition of weighted lengths HyAsP|MOBsuite|Common:		106113.0|10474.0|18732.999999999996|

HyAsP plasmids:
2:	140,113,70,
4:	118,108,112,119,116,136,82,94,125,141,49,61,111,90,148,143,151,67_0,75_0,48_0,80_0,64_0,73_0,57_0,74_0,65_0,
5:	107,100,151,103,131,89,150,16,117,12_0,55_0,41_0,74_1,
6:	33,119,132,127,129,
8:	43_0,
11:	55_1,52_0,
18:	110,91,64_1,

MOBsuite plasmids:
AB530:	75_0,12_0,55_0,
f6888e707667add23a73e6a684184bcd:	71,67_0,48_0,80_0,52_0,74_1,
AG970:	43_0,
a0a2b4b904194c0fcc1fef99f6124e1b:	64_0,73_0,41_0,
AB915:	66,57_0,65_0,
AD058:	50,

HyAsP splits:
{'55_0', '12_0'}{'41_0', '74_1'}
{'55_0', '12_0'}{'74_1'}{'41_0'}
{'55_0', '12_0'}{'74_1'}{'41_0'}
{'52_0'}
{'75_0'}{'48_0', '67_0', '65_0', '57_0', '73_0', '80_0', '64_0'}
{'75_0'}{'48_0', '80_0', '67_0'}{'64_0', '65_0', '57_0', '73_0'}
{'75_0'}{'80_0', '48_0', '67_0'}{'64_0', '73_0'}{'65_0', '57_0'}
{'75_0'}{'48_0', '80_0', '67_0'}{'64_0', '73_0'}{'65_0', '57_0'}
{'43_0'}

MOBsuite splits:
{'75_0'}{'55_0', '12_0'}
{'75_0'}{'55_0', '12_0'}
{'65_0', '57_0'}
{'64_0', '73_0'}{'41_0'}
{'64_0', '73_0'}{'41_0'}
{'48_0', '80_0', '67_0'}{'52_0', '74_1'}
{'80_0', '48_0', '67_0'}{'74_1'}{'52_0'}
{'48_0', '80_0', '67_0'}{'74_1'}{'52_0'}
{'43_0'}
#-------------------------



Combination 6
Score:		0.5524197139087001

Decomposition of weighted lengths HyAsP|MOBsuite|Common:		106113.0|10474.0|19890.500000000004|

HyAsP plasmids:
2:	140,113,70,
4:	118,108,112,119,116,136,82,94,125,141,49,61,111,90,148,143,151,67_0,75_0,48_0,80_0,64_0,73_0,57_0,74_0,65_0,
5:	107,100,151,103,131,89,150,16,117,12_0,55_0,41_0,74_1,
6:	33,119,132,127,129,
8:	43_0,
11:	55_1,52_0,
18:	110,91,64_1,

MOBsuite plasmids:
AB530:	75_0,12_0,55_1,
f6888e707667add23a73e6a684184bcd:	71,67_0,48_0,80_0,52_0,74_0,
AG970:	43_0,
a0a2b4b904194c0fcc1fef99f6124e1b:	64_1,73_0,41_0,
AB915:	66,57_0,65_0,
AD058:	50,

HyAsP splits:
{'64_1'}
{'12_0'}{'41_0'}
{'12_0'}{'41_0'}
{'55_1'}{'52_0'}
{'55_1'}{'52_0'}
{'75_0'}{'48_0', '67_0', '65_0', '74_0', '57_0', '73_0', '80_0'}
{'75_0'}{'48_0', '80_0', '74_0', '67_0'}{'65_0', '57_0', '73_0'}
{'75_0'}{'80_0', '48_0', '74_0', '67_0'}{'73_0'}{'65_0', '57_0'}
{'75_0'}{'48_0', '80_0', '74_0', '67_0'}{'73_0'}{'65_0', '57_0'}
{'43_0'}

MOBsuite splits:
{'75_0'}{'55_1', '12_0'}
{'75_0'}{'12_0'}{'55_1'}
{'75_0'}{'12_0'}{'55_1'}
{'65_0', '57_0'}
{'73_0'}{'41_0', '64_1'}
{'73_0'}{'41_0'}{'64_1'}
{'73_0'}{'41_0'}{'64_1'}
{'48_0', '80_0', '74_0', '67_0'}{'52_0'}
{'80_0', '48_0', '74_0', '67_0'}{'52_0'}
{'43_0'}
#-------------------------



Combination 4
Score:		0.5574449310677018

Decomposition of weighted lengths HyAsP|MOBsuite|Common:		106113.0|10474.0|21132.0|

HyAsP plasmids:
2:	140,113,70,
4:	118,108,112,119,116,136,82,94,125,141,49,61,111,90,148,143,151,67_0,75_0,48_0,80_0,64_0,73_0,57_0,74_0,65_0,
5:	107,100,151,103,131,89,150,16,117,12_0,55_0,41_0,74_1,
6:	33,119,132,127,129,
8:	43_0,
11:	55_1,52_0,
18:	110,91,64_1,

MOBsuite plasmids:
AB530:	75_0,12_0,55_1,
f6888e707667add23a73e6a684184bcd:	71,67_0,48_0,80_0,52_0,74_0,
AG970:	43_0,
a0a2b4b904194c0fcc1fef99f6124e1b:	64_0,73_0,41_0,
AB915:	66,57_0,65_0,
AD058:	50,

HyAsP splits:
{'12_0'}{'41_0'}
{'12_0'}{'41_0'}
{'55_1'}{'52_0'}
{'55_1'}{'52_0'}
{'75_0'}{'48_0', '67_0', '65_0', '74_0', '57_0', '73_0', '80_0', '64_0'}
{'75_0'}{'48_0', '80_0', '74_0', '67_0'}{'64_0', '65_0', '57_0', '73_0'}
{'75_0'}{'80_0', '48_0', '74_0', '67_0'}{'64_0', '73_0'}{'65_0', '57_0'}
{'75_0'}{'48_0', '80_0', '74_0', '67_0'}{'64_0', '73_0'}{'65_0', '57_0'}
{'43_0'}

MOBsuite splits:
{'75_0'}{'55_1', '12_0'}
{'75_0'}{'12_0'}{'55_1'}
{'75_0'}{'12_0'}{'55_1'}
{'65_0', '57_0'}
{'64_0', '73_0'}{'41_0'}
{'64_0', '73_0'}{'41_0'}
{'48_0', '80_0', '74_0', '67_0'}{'52_0'}
{'80_0', '48_0', '74_0', '67_0'}{'52_0'}
{'43_0'}
#-------------------------



Combination 7
Score:		0.5586369781505258

Decomposition of weighted lengths HyAsP|MOBsuite|Common:		106113.0|10474.0|21426.499999999996|

HyAsP plasmids:
2:	140,113,70,
4:	118,108,112,119,116,136,82,94,125,141,49,61,111,90,148,143,151,67_0,75_0,48_0,80_0,64_0,73_0,57_0,74_0,65_0,
5:	107,100,151,103,131,89,150,16,117,12_0,55_0,41_0,74_1,
6:	33,119,132,127,129,
8:	43_0,
11:	55_1,52_0,
18:	110,91,64_1,

MOBsuite plasmids:
AB530:	75_0,12_0,55_1,
f6888e707667add23a73e6a684184bcd:	71,67_0,48_0,80_0,52_0,74_1,
AG970:	43_0,
a0a2b4b904194c0fcc1fef99f6124e1b:	64_1,73_0,41_0,
AB915:	66,57_0,65_0,
AD058:	50,

HyAsP splits:
{'64_1'}
{'12_0'}{'41_0', '74_1'}
{'12_0'}{'74_1'}{'41_0'}
{'12_0'}{'74_1'}{'41_0'}
{'55_1'}{'52_0'}
{'55_1'}{'52_0'}
{'75_0'}{'67_0', '65_0', '57_0', '73_0', '80_0', '48_0'}
{'75_0'}{'48_0', '80_0', '67_0'}{'65_0', '57_0', '73_0'}
{'75_0'}{'80_0', '48_0', '67_0'}{'73_0'}{'65_0', '57_0'}
{'75_0'}{'48_0', '80_0', '67_0'}{'73_0'}{'65_0', '57_0'}
{'43_0'}

MOBsuite splits:
{'75_0'}{'55_1', '12_0'}
{'75_0'}{'12_0'}{'55_1'}
{'75_0'}{'12_0'}{'55_1'}
{'65_0', '57_0'}
{'73_0'}{'41_0', '64_1'}
{'73_0'}{'41_0'}{'64_1'}
{'73_0'}{'41_0'}{'64_1'}
{'48_0', '80_0', '67_0'}{'52_0', '74_1'}
{'80_0', '48_0', '67_0'}{'74_1'}{'52_0'}
{'48_0', '80_0', '67_0'}{'74_1'}{'52_0'}
{'43_0'}
#-------------------------



Combination 5
Score:		0.5636621953095274

Decomposition of weighted lengths HyAsP|MOBsuite|Common:		106113.0|10474.0|22668.0|

HyAsP plasmids:
2:	140,113,70,
4:	118,108,112,119,116,136,82,94,125,141,49,61,111,90,148,143,151,67_0,75_0,48_0,80_0,64_0,73_0,57_0,74_0,65_0,
5:	107,100,151,103,131,89,150,16,117,12_0,55_0,41_0,74_1,
6:	33,119,132,127,129,
8:	43_0,
11:	55_1,52_0,
18:	110,91,64_1,

MOBsuite plasmids:
AB530:	75_0,12_0,55_1,
f6888e707667add23a73e6a684184bcd:	71,67_0,48_0,80_0,52_0,74_1,
AG970:	43_0,
a0a2b4b904194c0fcc1fef99f6124e1b:	64_0,73_0,41_0,
AB915:	66,57_0,65_0,
AD058:	50,

HyAsP splits:
{'12_0'}{'41_0', '74_1'}
{'12_0'}{'74_1'}{'41_0'}
{'12_0'}{'74_1'}{'41_0'}
{'55_1'}{'52_0'}
{'55_1'}{'52_0'}
{'75_0'}{'48_0', '67_0', '65_0', '57_0', '73_0', '80_0', '64_0'}
{'75_0'}{'48_0', '80_0', '67_0'}{'64_0', '65_0', '57_0', '73_0'}
{'75_0'}{'80_0', '48_0', '67_0'}{'64_0', '73_0'}{'65_0', '57_0'}
{'75_0'}{'48_0', '80_0', '67_0'}{'64_0', '73_0'}{'65_0', '57_0'}
{'43_0'}

MOBsuite splits:
{'75_0'}{'55_1', '12_0'}
{'75_0'}{'12_0'}{'55_1'}
{'75_0'}{'12_0'}{'55_1'}
{'65_0', '57_0'}
{'64_0', '73_0'}{'41_0'}
{'64_0', '73_0'}{'41_0'}
{'48_0', '80_0', '67_0'}{'52_0', '74_1'}
{'80_0', '48_0', '67_0'}{'74_1'}{'52_0'}
{'48_0', '80_0', '67_0'}{'74_1'}{'52_0'}
{'43_0'}
#-------------------------



