Combination 12
Score:		0.536679725076329

Decomposition of weighted lengths HyAsP|MOBsuite|Common:		83197.0|6997.0|25292.5|

HyAsP plasmids:
2:	97,229,491,54,127,194,528,518,203,245,503,12_0,
3:	194,528,127,112,503,
4:	206,291,409,507,445,443,245,164_0,93_0,55_0,185_0,141_0,
5:	409,292,193,411,293,337,225,257,306,456,184,31,125,421,144_0,180_0,122_0,87_0,141_1,42_0,
7:	153,130,502,327,557,506,30_0,
8:	100,517,275,297,541,314,
9:	193,412,294,496,540,336,518,203,144_1,180_1,62_0,82_0,120_0,
10:	444,177,514,127,
11:	150,544,
14:	103,531,
16:	213,230,169,451,186_0,
20:	457,306,510,502,256,327,556,122_1,
23:	126_0,

MOBsuite plasmids:
AE312:	144_1,180_1,62_0,122_0,82_0,120_0,42_0,
AB915:	71,186_0,126_0,
AB530:	172,164_0,93_0,55_0,185_0,141_0,12_0,30_0,
2a5e6a4c16d2b985b3894ae971597eae:	87_0,

HyAsP splits:
{'30_0'}
{'12_0'}
{'185_0', '164_0', '55_0', '141_0', '93_0'}
{'62_0', '120_0', '144_1', '180_1', '82_0'}
{'122_0', '42_0'}{'87_0'}
{'122_0', '42_0'}{'87_0'}
{'126_0'}
{'186_0'}

MOBsuite splits:
{'12_0'}{'185_0', '164_0', '55_0', '141_0', '93_0', '30_0'}
{'12_0'}{'185_0', '164_0', '55_0', '141_0', '93_0'}{'30_0'}
{'12_0'}{'185_0', '164_0', '55_0', '141_0', '93_0'}{'30_0'}
{'122_0', '42_0'}{'62_0', '120_0', '144_1', '180_1', '82_0'}
{'122_0', '42_0'}{'62_0', '120_0', '144_1', '180_1', '82_0'}
{'87_0'}
{'186_0'}{'126_0'}
{'186_0'}{'126_0'}
#-------------------------



Combination 14
Score:		0.536679725076329

Decomposition of weighted lengths HyAsP|MOBsuite|Common:		83197.0|6997.0|25292.5|

HyAsP plasmids:
2:	97,229,491,54,127,194,528,518,203,245,503,12_0,
3:	194,528,127,112,503,
4:	206,291,409,507,445,443,245,164_0,93_0,55_0,185_0,141_0,
5:	409,292,193,411,293,337,225,257,306,456,184,31,125,421,144_0,180_0,122_0,87_0,141_1,42_0,
7:	153,130,502,327,557,506,30_0,
8:	100,517,275,297,541,314,
9:	193,412,294,496,540,336,518,203,144_1,180_1,62_0,82_0,120_0,
10:	444,177,514,127,
11:	150,544,
14:	103,531,
16:	213,230,169,451,186_0,
20:	457,306,510,502,256,327,556,122_1,
23:	126_0,

MOBsuite plasmids:
AE312:	144_1,180_1,62_0,122_1,82_0,120_0,42_0,
AB915:	71,186_0,126_0,
AB530:	172,164_0,93_0,55_0,185_0,141_0,12_0,30_0,
2a5e6a4c16d2b985b3894ae971597eae:	87_0,

HyAsP splits:
{'30_0'}
{'12_0'}
{'185_0', '164_0', '55_0', '141_0', '93_0'}
{'62_0', '120_0', '144_1', '180_1', '82_0'}
{'42_0'}{'87_0'}
{'42_0'}{'87_0'}
{'122_1'}
{'126_0'}
{'186_0'}

MOBsuite splits:
{'12_0'}{'185_0', '164_0', '55_0', '141_0', '93_0', '30_0'}
{'12_0'}{'185_0', '164_0', '55_0', '141_0', '93_0'}{'30_0'}
{'12_0'}{'185_0', '164_0', '55_0', '141_0', '93_0'}{'30_0'}
{'42_0'}{'62_0', '120_0', '144_1', '180_1', '82_0', '122_1'}
{'42_0'}{'62_0', '120_0', '144_1', '180_1', '82_0'}{'122_1'}
{'42_0'}{'62_0', '120_0', '144_1', '180_1', '82_0'}{'122_1'}
{'87_0'}
{'186_0'}{'126_0'}
{'186_0'}{'126_0'}
#-------------------------



Combination 0
Score:		0.5389893441518308

Decomposition of weighted lengths HyAsP|MOBsuite|Common:		83197.0|6997.0|25789.5|

HyAsP plasmids:
2:	97,229,491,54,127,194,528,518,203,245,503,12_0,
3:	194,528,127,112,503,
4:	206,291,409,507,445,443,245,164_0,93_0,55_0,185_0,141_0,
5:	409,292,193,411,293,337,225,257,306,456,184,31,125,421,144_0,180_0,122_0,87_0,141_1,42_0,
7:	153,130,502,327,557,506,30_0,
8:	100,517,275,297,541,314,
9:	193,412,294,496,540,336,518,203,144_1,180_1,62_0,82_0,120_0,
10:	444,177,514,127,
11:	150,544,
14:	103,531,
16:	213,230,169,451,186_0,
20:	457,306,510,502,256,327,556,122_1,
23:	126_0,

MOBsuite plasmids:
AE312:	144_0,180_0,62_0,122_0,82_0,120_0,42_0,
AB915:	71,186_0,126_0,
AB530:	172,164_0,93_0,55_0,185_0,141_0,12_0,30_0,
2a5e6a4c16d2b985b3894ae971597eae:	87_0,

HyAsP splits:
{'30_0'}
{'12_0'}
{'185_0', '164_0', '55_0', '141_0', '93_0'}
{'62_0', '82_0', '120_0'}
{'144_0', '180_0', '122_0', '42_0'}{'87_0'}
{'144_0', '180_0', '122_0', '42_0'}{'87_0'}
{'126_0'}
{'186_0'}

MOBsuite splits:
{'12_0'}{'185_0', '164_0', '55_0', '141_0', '93_0', '30_0'}
{'12_0'}{'185_0', '164_0', '55_0', '141_0', '93_0'}{'30_0'}
{'12_0'}{'185_0', '164_0', '55_0', '141_0', '93_0'}{'30_0'}
{'144_0', '180_0', '122_0', '42_0'}{'62_0', '82_0', '120_0'}
{'144_0', '180_0', '122_0', '42_0'}{'62_0', '82_0', '120_0'}
{'87_0'}
{'186_0'}{'126_0'}
{'186_0'}{'126_0'}
#-------------------------



Combination 8
Score:		0.5392658478439682

Decomposition of weighted lengths HyAsP|MOBsuite|Common:		83197.0|6997.0|25849.0|

HyAsP plasmids:
2:	97,229,491,54,127,194,528,518,203,245,503,12_0,
3:	194,528,127,112,503,
4:	206,291,409,507,445,443,245,164_0,93_0,55_0,185_0,141_0,
5:	409,292,193,411,293,337,225,257,306,456,184,31,125,421,144_0,180_0,122_0,87_0,141_1,42_0,
7:	153,130,502,327,557,506,30_0,
8:	100,517,275,297,541,314,
9:	193,412,294,496,540,336,518,203,144_1,180_1,62_0,82_0,120_0,
10:	444,177,514,127,
11:	150,544,
14:	103,531,
16:	213,230,169,451,186_0,
20:	457,306,510,502,256,327,556,122_1,
23:	126_0,

MOBsuite plasmids:
AE312:	144_1,180_0,62_0,122_0,82_0,120_0,42_0,
AB915:	71,186_0,126_0,
AB530:	172,164_0,93_0,55_0,185_0,141_0,12_0,30_0,
2a5e6a4c16d2b985b3894ae971597eae:	87_0,

HyAsP splits:
{'30_0'}
{'12_0'}
{'185_0', '164_0', '55_0', '141_0', '93_0'}
{'62_0', '82_0', '144_1', '120_0'}
{'180_0', '122_0', '42_0'}{'87_0'}
{'180_0', '122_0', '42_0'}{'87_0'}
{'126_0'}
{'186_0'}

MOBsuite splits:
{'12_0'}{'185_0', '164_0', '55_0', '141_0', '93_0', '30_0'}
{'12_0'}{'185_0', '164_0', '55_0', '141_0', '93_0'}{'30_0'}
{'12_0'}{'185_0', '164_0', '55_0', '141_0', '93_0'}{'30_0'}
{'180_0', '122_0', '42_0'}{'62_0', '82_0', '144_1', '120_0'}
{'180_0', '122_0', '42_0'}{'62_0', '82_0', '144_1', '120_0'}
{'87_0'}
{'186_0'}{'126_0'}
{'186_0'}{'126_0'}
#-------------------------



Combination 10
Score:		0.5392658478439682

Decomposition of weighted lengths HyAsP|MOBsuite|Common:		83197.0|6997.0|25849.0|

HyAsP plasmids:
2:	97,229,491,54,127,194,528,518,203,245,503,12_0,
3:	194,528,127,112,503,
4:	206,291,409,507,445,443,245,164_0,93_0,55_0,185_0,141_0,
5:	409,292,193,411,293,337,225,257,306,456,184,31,125,421,144_0,180_0,122_0,87_0,141_1,42_0,
7:	153,130,502,327,557,506,30_0,
8:	100,517,275,297,541,314,
9:	193,412,294,496,540,336,518,203,144_1,180_1,62_0,82_0,120_0,
10:	444,177,514,127,
11:	150,544,
14:	103,531,
16:	213,230,169,451,186_0,
20:	457,306,510,502,256,327,556,122_1,
23:	126_0,

MOBsuite plasmids:
AE312:	144_1,180_0,62_0,122_1,82_0,120_0,42_0,
AB915:	71,186_0,126_0,
AB530:	172,164_0,93_0,55_0,185_0,141_0,12_0,30_0,
2a5e6a4c16d2b985b3894ae971597eae:	87_0,

HyAsP splits:
{'30_0'}
{'12_0'}
{'185_0', '164_0', '55_0', '141_0', '93_0'}
{'62_0', '82_0', '144_1', '120_0'}
{'180_0', '42_0'}{'87_0'}
{'180_0', '42_0'}{'87_0'}
{'122_1'}
{'126_0'}
{'186_0'}

MOBsuite splits:
{'12_0'}{'185_0', '164_0', '55_0', '141_0', '93_0', '30_0'}
{'12_0'}{'185_0', '164_0', '55_0', '141_0', '93_0'}{'30_0'}
{'12_0'}{'185_0', '164_0', '55_0', '141_0', '93_0'}{'30_0'}
{'180_0', '42_0'}{'62_0', '120_0', '144_1', '82_0', '122_1'}
{'180_0', '42_0'}{'62_0', '82_0', '144_1', '120_0'}{'122_1'}
{'180_0', '42_0'}{'62_0', '82_0', '144_1', '120_0'}{'122_1'}
{'87_0'}
{'186_0'}{'126_0'}
{'186_0'}{'126_0'}
#-------------------------



Combination 4
Score:		0.5411734909636735

Decomposition of weighted lengths HyAsP|MOBsuite|Common:		83197.0|6997.0|26259.5|

HyAsP plasmids:
2:	97,229,491,54,127,194,528,518,203,245,503,12_0,
3:	194,528,127,112,503,
4:	206,291,409,507,445,443,245,164_0,93_0,55_0,185_0,141_0,
5:	409,292,193,411,293,337,225,257,306,456,184,31,125,421,144_0,180_0,122_0,87_0,141_1,42_0,
7:	153,130,502,327,557,506,30_0,
8:	100,517,275,297,541,314,
9:	193,412,294,496,540,336,518,203,144_1,180_1,62_0,82_0,120_0,
10:	444,177,514,127,
11:	150,544,
14:	103,531,
16:	213,230,169,451,186_0,
20:	457,306,510,502,256,327,556,122_1,
23:	126_0,

MOBsuite plasmids:
AE312:	144_0,180_1,62_0,122_0,82_0,120_0,42_0,
AB915:	71,186_0,126_0,
AB530:	172,164_0,93_0,55_0,185_0,141_0,12_0,30_0,
2a5e6a4c16d2b985b3894ae971597eae:	87_0,

HyAsP splits:
{'30_0'}
{'12_0'}
{'185_0', '164_0', '55_0', '141_0', '93_0'}
{'62_0', '82_0', '120_0', '180_1'}
{'144_0', '122_0', '42_0'}{'87_0'}
{'144_0', '122_0', '42_0'}{'87_0'}
{'126_0'}
{'186_0'}

MOBsuite splits:
{'12_0'}{'185_0', '164_0', '55_0', '141_0', '93_0', '30_0'}
{'12_0'}{'185_0', '164_0', '55_0', '141_0', '93_0'}{'30_0'}
{'12_0'}{'185_0', '164_0', '55_0', '141_0', '93_0'}{'30_0'}
{'144_0', '122_0', '42_0'}{'62_0', '82_0', '120_0', '180_1'}
{'144_0', '122_0', '42_0'}{'62_0', '82_0', '120_0', '180_1'}
{'87_0'}
{'186_0'}{'126_0'}
{'186_0'}{'126_0'}
#-------------------------



Combination 6
Score:		0.5411734909636735

Decomposition of weighted lengths HyAsP|MOBsuite|Common:		83197.0|6997.0|26259.5|

HyAsP plasmids:
2:	97,229,491,54,127,194,528,518,203,245,503,12_0,
3:	194,528,127,112,503,
4:	206,291,409,507,445,443,245,164_0,93_0,55_0,185_0,141_0,
5:	409,292,193,411,293,337,225,257,306,456,184,31,125,421,144_0,180_0,122_0,87_0,141_1,42_0,
7:	153,130,502,327,557,506,30_0,
8:	100,517,275,297,541,314,
9:	193,412,294,496,540,336,518,203,144_1,180_1,62_0,82_0,120_0,
10:	444,177,514,127,
11:	150,544,
14:	103,531,
16:	213,230,169,451,186_0,
20:	457,306,510,502,256,327,556,122_1,
23:	126_0,

MOBsuite plasmids:
AE312:	144_0,180_1,62_0,122_1,82_0,120_0,42_0,
AB915:	71,186_0,126_0,
AB530:	172,164_0,93_0,55_0,185_0,141_0,12_0,30_0,
2a5e6a4c16d2b985b3894ae971597eae:	87_0,

HyAsP splits:
{'30_0'}
{'12_0'}
{'185_0', '164_0', '55_0', '141_0', '93_0'}
{'62_0', '82_0', '120_0', '180_1'}
{'144_0', '42_0'}{'87_0'}
{'144_0', '42_0'}{'87_0'}
{'122_1'}
{'126_0'}
{'186_0'}

MOBsuite splits:
{'12_0'}{'185_0', '164_0', '55_0', '141_0', '93_0', '30_0'}
{'12_0'}{'185_0', '164_0', '55_0', '141_0', '93_0'}{'30_0'}
{'12_0'}{'185_0', '164_0', '55_0', '141_0', '93_0'}{'30_0'}
{'144_0', '42_0'}{'62_0', '120_0', '180_1', '82_0', '122_1'}
{'144_0', '42_0'}{'62_0', '82_0', '120_0', '180_1'}{'122_1'}
{'144_0', '42_0'}{'62_0', '82_0', '120_0', '180_1'}{'122_1'}
{'87_0'}
{'186_0'}{'126_0'}
{'186_0'}{'126_0'}
#-------------------------



Combination 13
Score:		0.5412826983042656

Decomposition of weighted lengths HyAsP|MOBsuite|Common:		83197.0|6997.0|26283.0|

HyAsP plasmids:
2:	97,229,491,54,127,194,528,518,203,245,503,12_0,
3:	194,528,127,112,503,
4:	206,291,409,507,445,443,245,164_0,93_0,55_0,185_0,141_0,
5:	409,292,193,411,293,337,225,257,306,456,184,31,125,421,144_0,180_0,122_0,87_0,141_1,42_0,
7:	153,130,502,327,557,506,30_0,
8:	100,517,275,297,541,314,
9:	193,412,294,496,540,336,518,203,144_1,180_1,62_0,82_0,120_0,
10:	444,177,514,127,
11:	150,544,
14:	103,531,
16:	213,230,169,451,186_0,
20:	457,306,510,502,256,327,556,122_1,
23:	126_0,

MOBsuite plasmids:
AE312:	144_1,180_1,62_0,122_0,82_0,120_0,42_0,
AB915:	71,186_0,126_0,
AB530:	172,164_0,93_0,55_0,185_0,141_1,12_0,30_0,
2a5e6a4c16d2b985b3894ae971597eae:	87_0,

HyAsP splits:
{'30_0'}
{'93_0', '55_0', '185_0', '164_0'}
{'62_0', '120_0', '144_1', '180_1', '82_0'}
{'122_0', '42_0'}{'87_0', '141_1'}
{'122_0', '42_0'}{'141_1'}{'87_0'}
{'122_0', '42_0'}{'141_1'}{'87_0'}
{'12_0'}
{'126_0'}
{'186_0'}

MOBsuite splits:
{'12_0'}{'185_0', '164_0', '55_0', '93_0', '30_0', '141_1'}
{'12_0'}{'93_0', '55_0', '185_0', '164_0'}{'30_0', '141_1'}
{'12_0'}{'93_0', '55_0', '185_0', '164_0'}{'141_1'}{'30_0'}
{'12_0'}{'93_0', '55_0', '185_0', '164_0'}{'141_1'}{'30_0'}
{'122_0', '42_0'}{'62_0', '120_0', '144_1', '180_1', '82_0'}
{'122_0', '42_0'}{'62_0', '120_0', '144_1', '180_1', '82_0'}
{'87_0'}
{'186_0'}{'126_0'}
{'186_0'}{'126_0'}
#-------------------------



Combination 15
Score:		0.5412826983042656

Decomposition of weighted lengths HyAsP|MOBsuite|Common:		83197.0|6997.0|26283.0|

HyAsP plasmids:
2:	97,229,491,54,127,194,528,518,203,245,503,12_0,
3:	194,528,127,112,503,
4:	206,291,409,507,445,443,245,164_0,93_0,55_0,185_0,141_0,
5:	409,292,193,411,293,337,225,257,306,456,184,31,125,421,144_0,180_0,122_0,87_0,141_1,42_0,
7:	153,130,502,327,557,506,30_0,
8:	100,517,275,297,541,314,
9:	193,412,294,496,540,336,518,203,144_1,180_1,62_0,82_0,120_0,
10:	444,177,514,127,
11:	150,544,
14:	103,531,
16:	213,230,169,451,186_0,
20:	457,306,510,502,256,327,556,122_1,
23:	126_0,

MOBsuite plasmids:
AE312:	144_1,180_1,62_0,122_1,82_0,120_0,42_0,
AB915:	71,186_0,126_0,
AB530:	172,164_0,93_0,55_0,185_0,141_1,12_0,30_0,
2a5e6a4c16d2b985b3894ae971597eae:	87_0,

HyAsP splits:
{'30_0'}
{'93_0', '55_0', '185_0', '164_0'}
{'62_0', '120_0', '144_1', '180_1', '82_0'}
{'42_0'}{'87_0', '141_1'}
{'42_0'}{'141_1'}{'87_0'}
{'42_0'}{'141_1'}{'87_0'}
{'122_1'}
{'12_0'}
{'126_0'}
{'186_0'}

MOBsuite splits:
{'12_0'}{'185_0', '164_0', '55_0', '93_0', '30_0', '141_1'}
{'12_0'}{'93_0', '55_0', '185_0', '164_0'}{'30_0', '141_1'}
{'12_0'}{'93_0', '55_0', '185_0', '164_0'}{'141_1'}{'30_0'}
{'12_0'}{'93_0', '55_0', '185_0', '164_0'}{'141_1'}{'30_0'}
{'42_0'}{'62_0', '120_0', '144_1', '180_1', '82_0', '122_1'}
{'42_0'}{'62_0', '120_0', '144_1', '180_1', '82_0'}{'122_1'}
{'42_0'}{'62_0', '120_0', '144_1', '180_1', '82_0'}{'122_1'}
{'87_0'}
{'186_0'}{'126_0'}
{'186_0'}{'126_0'}
#-------------------------



Combination 1
Score:		0.5435923173797673

Decomposition of weighted lengths HyAsP|MOBsuite|Common:		83197.0|6997.0|26780.0|

HyAsP plasmids:
2:	97,229,491,54,127,194,528,518,203,245,503,12_0,
3:	194,528,127,112,503,
4:	206,291,409,507,445,443,245,164_0,93_0,55_0,185_0,141_0,
5:	409,292,193,411,293,337,225,257,306,456,184,31,125,421,144_0,180_0,122_0,87_0,141_1,42_0,
7:	153,130,502,327,557,506,30_0,
8:	100,517,275,297,541,314,
9:	193,412,294,496,540,336,518,203,144_1,180_1,62_0,82_0,120_0,
10:	444,177,514,127,
11:	150,544,
14:	103,531,
16:	213,230,169,451,186_0,
20:	457,306,510,502,256,327,556,122_1,
23:	126_0,

MOBsuite plasmids:
AE312:	144_0,180_0,62_0,122_0,82_0,120_0,42_0,
AB915:	71,186_0,126_0,
AB530:	172,164_0,93_0,55_0,185_0,141_1,12_0,30_0,
2a5e6a4c16d2b985b3894ae971597eae:	87_0,

HyAsP splits:
{'30_0'}
{'93_0', '55_0', '185_0', '164_0'}
{'62_0', '82_0', '120_0'}
{'144_0', '180_0', '122_0', '42_0'}{'141_1', '87_0'}
{'144_0', '180_0', '122_0', '42_0'}{'141_1'}{'87_0'}
{'144_0', '180_0', '122_0', '42_0'}{'141_1'}{'87_0'}
{'12_0'}
{'126_0'}
{'186_0'}

MOBsuite splits:
{'12_0'}{'185_0', '164_0', '55_0', '93_0', '30_0', '141_1'}
{'12_0'}{'93_0', '55_0', '185_0', '164_0'}{'30_0', '141_1'}
{'12_0'}{'93_0', '55_0', '185_0', '164_0'}{'141_1'}{'30_0'}
{'12_0'}{'93_0', '55_0', '185_0', '164_0'}{'141_1'}{'30_0'}
{'144_0', '180_0', '122_0', '42_0'}{'62_0', '82_0', '120_0'}
{'144_0', '180_0', '122_0', '42_0'}{'62_0', '82_0', '120_0'}
{'87_0'}
{'186_0'}{'126_0'}
{'186_0'}{'126_0'}
#-------------------------



Combination 2
Score:		0.5437596137313128

Decomposition of weighted lengths HyAsP|MOBsuite|Common:		83197.0|6997.0|26816.0|

HyAsP plasmids:
2:	97,229,491,54,127,194,528,518,203,245,503,12_0,
3:	194,528,127,112,503,
4:	206,291,409,507,445,443,245,164_0,93_0,55_0,185_0,141_0,
5:	409,292,193,411,293,337,225,257,306,456,184,31,125,421,144_0,180_0,122_0,87_0,141_1,42_0,
7:	153,130,502,327,557,506,30_0,
8:	100,517,275,297,541,314,
9:	193,412,294,496,540,336,518,203,144_1,180_1,62_0,82_0,120_0,
10:	444,177,514,127,
11:	150,544,
14:	103,531,
16:	213,230,169,451,186_0,
20:	457,306,510,502,256,327,556,122_1,
23:	126_0,

MOBsuite plasmids:
AE312:	144_0,180_0,62_0,122_1,82_0,120_0,42_0,
AB915:	71,186_0,126_0,
AB530:	172,164_0,93_0,55_0,185_0,141_0,12_0,30_0,
2a5e6a4c16d2b985b3894ae971597eae:	87_0,

HyAsP splits:
{'30_0'}
{'12_0'}
{'185_0', '164_0', '55_0', '141_0', '93_0'}
{'62_0', '82_0', '120_0'}
{'144_0', '180_0', '42_0'}{'87_0'}
{'144_0', '180_0', '42_0'}{'87_0'}
{'122_1'}
{'126_0'}
{'186_0'}

MOBsuite splits:
{'12_0'}{'185_0', '164_0', '55_0', '141_0', '93_0', '30_0'}
{'12_0'}{'185_0', '164_0', '55_0', '141_0', '93_0'}{'30_0'}
{'12_0'}{'185_0', '164_0', '55_0', '141_0', '93_0'}{'30_0'}
{'144_0', '180_0', '42_0'}{'62_0', '82_0', '122_1', '120_0'}
{'144_0', '180_0', '42_0'}{'62_0', '82_0', '120_0'}{'122_1'}
{'144_0', '180_0', '42_0'}{'62_0', '82_0', '120_0'}{'122_1'}
{'87_0'}
{'186_0'}{'126_0'}
{'186_0'}{'126_0'}
#-------------------------



Combination 9
Score:		0.5438688210719049

Decomposition of weighted lengths HyAsP|MOBsuite|Common:		83197.0|6997.0|26839.5|

HyAsP plasmids:
2:	97,229,491,54,127,194,528,518,203,245,503,12_0,
3:	194,528,127,112,503,
4:	206,291,409,507,445,443,245,164_0,93_0,55_0,185_0,141_0,
5:	409,292,193,411,293,337,225,257,306,456,184,31,125,421,144_0,180_0,122_0,87_0,141_1,42_0,
7:	153,130,502,327,557,506,30_0,
8:	100,517,275,297,541,314,
9:	193,412,294,496,540,336,518,203,144_1,180_1,62_0,82_0,120_0,
10:	444,177,514,127,
11:	150,544,
14:	103,531,
16:	213,230,169,451,186_0,
20:	457,306,510,502,256,327,556,122_1,
23:	126_0,

MOBsuite plasmids:
AE312:	144_1,180_0,62_0,122_0,82_0,120_0,42_0,
AB915:	71,186_0,126_0,
AB530:	172,164_0,93_0,55_0,185_0,141_1,12_0,30_0,
2a5e6a4c16d2b985b3894ae971597eae:	87_0,

HyAsP splits:
{'30_0'}
{'93_0', '55_0', '185_0', '164_0'}
{'62_0', '82_0', '144_1', '120_0'}
{'180_0', '122_0', '42_0'}{'141_1', '87_0'}
{'180_0', '122_0', '42_0'}{'141_1'}{'87_0'}
{'180_0', '122_0', '42_0'}{'141_1'}{'87_0'}
{'12_0'}
{'126_0'}
{'186_0'}

MOBsuite splits:
{'12_0'}{'185_0', '164_0', '55_0', '93_0', '30_0', '141_1'}
{'12_0'}{'93_0', '55_0', '185_0', '164_0'}{'30_0', '141_1'}
{'12_0'}{'93_0', '55_0', '185_0', '164_0'}{'141_1'}{'30_0'}
{'12_0'}{'93_0', '55_0', '185_0', '164_0'}{'141_1'}{'30_0'}
{'180_0', '122_0', '42_0'}{'62_0', '82_0', '144_1', '120_0'}
{'180_0', '122_0', '42_0'}{'62_0', '82_0', '144_1', '120_0'}
{'87_0'}
{'186_0'}{'126_0'}
{'186_0'}{'126_0'}
#-------------------------



Combination 11
Score:		0.5438688210719049

Decomposition of weighted lengths HyAsP|MOBsuite|Common:		83197.0|6997.0|26839.5|

HyAsP plasmids:
2:	97,229,491,54,127,194,528,518,203,245,503,12_0,
3:	194,528,127,112,503,
4:	206,291,409,507,445,443,245,164_0,93_0,55_0,185_0,141_0,
5:	409,292,193,411,293,337,225,257,306,456,184,31,125,421,144_0,180_0,122_0,87_0,141_1,42_0,
7:	153,130,502,327,557,506,30_0,
8:	100,517,275,297,541,314,
9:	193,412,294,496,540,336,518,203,144_1,180_1,62_0,82_0,120_0,
10:	444,177,514,127,
11:	150,544,
14:	103,531,
16:	213,230,169,451,186_0,
20:	457,306,510,502,256,327,556,122_1,
23:	126_0,

MOBsuite plasmids:
AE312:	144_1,180_0,62_0,122_1,82_0,120_0,42_0,
AB915:	71,186_0,126_0,
AB530:	172,164_0,93_0,55_0,185_0,141_1,12_0,30_0,
2a5e6a4c16d2b985b3894ae971597eae:	87_0,

HyAsP splits:
{'30_0'}
{'93_0', '55_0', '185_0', '164_0'}
{'62_0', '82_0', '144_1', '120_0'}
{'180_0', '42_0'}{'87_0', '141_1'}
{'180_0', '42_0'}{'141_1'}{'87_0'}
{'180_0', '42_0'}{'141_1'}{'87_0'}
{'122_1'}
{'12_0'}
{'126_0'}
{'186_0'}

MOBsuite splits:
{'12_0'}{'185_0', '164_0', '55_0', '93_0', '30_0', '141_1'}
{'12_0'}{'93_0', '55_0', '185_0', '164_0'}{'30_0', '141_1'}
{'12_0'}{'93_0', '55_0', '185_0', '164_0'}{'141_1'}{'30_0'}
{'12_0'}{'93_0', '55_0', '185_0', '164_0'}{'141_1'}{'30_0'}
{'180_0', '42_0'}{'62_0', '120_0', '144_1', '82_0', '122_1'}
{'180_0', '42_0'}{'62_0', '82_0', '144_1', '120_0'}{'122_1'}
{'180_0', '42_0'}{'62_0', '82_0', '144_1', '120_0'}{'122_1'}
{'87_0'}
{'186_0'}{'126_0'}
{'186_0'}{'126_0'}
#-------------------------



Combination 5
Score:		0.5457764641916101

Decomposition of weighted lengths HyAsP|MOBsuite|Common:		83197.0|6997.0|27250.0|

HyAsP plasmids:
2:	97,229,491,54,127,194,528,518,203,245,503,12_0,
3:	194,528,127,112,503,
4:	206,291,409,507,445,443,245,164_0,93_0,55_0,185_0,141_0,
5:	409,292,193,411,293,337,225,257,306,456,184,31,125,421,144_0,180_0,122_0,87_0,141_1,42_0,
7:	153,130,502,327,557,506,30_0,
8:	100,517,275,297,541,314,
9:	193,412,294,496,540,336,518,203,144_1,180_1,62_0,82_0,120_0,
10:	444,177,514,127,
11:	150,544,
14:	103,531,
16:	213,230,169,451,186_0,
20:	457,306,510,502,256,327,556,122_1,
23:	126_0,

MOBsuite plasmids:
AE312:	144_0,180_1,62_0,122_0,82_0,120_0,42_0,
AB915:	71,186_0,126_0,
AB530:	172,164_0,93_0,55_0,185_0,141_1,12_0,30_0,
2a5e6a4c16d2b985b3894ae971597eae:	87_0,

HyAsP splits:
{'30_0'}
{'93_0', '55_0', '185_0', '164_0'}
{'62_0', '82_0', '120_0', '180_1'}
{'144_0', '122_0', '42_0'}{'141_1', '87_0'}
{'144_0', '122_0', '42_0'}{'141_1'}{'87_0'}
{'144_0', '122_0', '42_0'}{'141_1'}{'87_0'}
{'12_0'}
{'126_0'}
{'186_0'}

MOBsuite splits:
{'12_0'}{'185_0', '164_0', '55_0', '93_0', '30_0', '141_1'}
{'12_0'}{'93_0', '55_0', '185_0', '164_0'}{'30_0', '141_1'}
{'12_0'}{'93_0', '55_0', '185_0', '164_0'}{'141_1'}{'30_0'}
{'12_0'}{'93_0', '55_0', '185_0', '164_0'}{'141_1'}{'30_0'}
{'144_0', '122_0', '42_0'}{'62_0', '82_0', '120_0', '180_1'}
{'144_0', '122_0', '42_0'}{'62_0', '82_0', '120_0', '180_1'}
{'87_0'}
{'186_0'}{'126_0'}
{'186_0'}{'126_0'}
#-------------------------



Combination 7
Score:		0.5457764641916101

Decomposition of weighted lengths HyAsP|MOBsuite|Common:		83197.0|6997.0|27250.0|

HyAsP plasmids:
2:	97,229,491,54,127,194,528,518,203,245,503,12_0,
3:	194,528,127,112,503,
4:	206,291,409,507,445,443,245,164_0,93_0,55_0,185_0,141_0,
5:	409,292,193,411,293,337,225,257,306,456,184,31,125,421,144_0,180_0,122_0,87_0,141_1,42_0,
7:	153,130,502,327,557,506,30_0,
8:	100,517,275,297,541,314,
9:	193,412,294,496,540,336,518,203,144_1,180_1,62_0,82_0,120_0,
10:	444,177,514,127,
11:	150,544,
14:	103,531,
16:	213,230,169,451,186_0,
20:	457,306,510,502,256,327,556,122_1,
23:	126_0,

MOBsuite plasmids:
AE312:	144_0,180_1,62_0,122_1,82_0,120_0,42_0,
AB915:	71,186_0,126_0,
AB530:	172,164_0,93_0,55_0,185_0,141_1,12_0,30_0,
2a5e6a4c16d2b985b3894ae971597eae:	87_0,

HyAsP splits:
{'30_0'}
{'93_0', '55_0', '185_0', '164_0'}
{'62_0', '82_0', '120_0', '180_1'}
{'144_0', '42_0'}{'87_0', '141_1'}
{'144_0', '42_0'}{'141_1'}{'87_0'}
{'144_0', '42_0'}{'141_1'}{'87_0'}
{'122_1'}
{'12_0'}
{'126_0'}
{'186_0'}

MOBsuite splits:
{'12_0'}{'185_0', '164_0', '55_0', '93_0', '30_0', '141_1'}
{'12_0'}{'93_0', '55_0', '185_0', '164_0'}{'30_0', '141_1'}
{'12_0'}{'93_0', '55_0', '185_0', '164_0'}{'141_1'}{'30_0'}
{'12_0'}{'93_0', '55_0', '185_0', '164_0'}{'141_1'}{'30_0'}
{'144_0', '42_0'}{'62_0', '120_0', '180_1', '82_0', '122_1'}
{'144_0', '42_0'}{'62_0', '82_0', '120_0', '180_1'}{'122_1'}
{'144_0', '42_0'}{'62_0', '82_0', '120_0', '180_1'}{'122_1'}
{'87_0'}
{'186_0'}{'126_0'}
{'186_0'}{'126_0'}
#-------------------------



Combination 3
Score:		0.5483625869592494

Decomposition of weighted lengths HyAsP|MOBsuite|Common:		83197.0|6997.0|27806.499999999996|

HyAsP plasmids:
2:	97,229,491,54,127,194,528,518,203,245,503,12_0,
3:	194,528,127,112,503,
4:	206,291,409,507,445,443,245,164_0,93_0,55_0,185_0,141_0,
5:	409,292,193,411,293,337,225,257,306,456,184,31,125,421,144_0,180_0,122_0,87_0,141_1,42_0,
7:	153,130,502,327,557,506,30_0,
8:	100,517,275,297,541,314,
9:	193,412,294,496,540,336,518,203,144_1,180_1,62_0,82_0,120_0,
10:	444,177,514,127,
11:	150,544,
14:	103,531,
16:	213,230,169,451,186_0,
20:	457,306,510,502,256,327,556,122_1,
23:	126_0,

MOBsuite plasmids:
AE312:	144_0,180_0,62_0,122_1,82_0,120_0,42_0,
AB915:	71,186_0,126_0,
AB530:	172,164_0,93_0,55_0,185_0,141_1,12_0,30_0,
2a5e6a4c16d2b985b3894ae971597eae:	87_0,

HyAsP splits:
{'30_0'}
{'93_0', '55_0', '185_0', '164_0'}
{'62_0', '82_0', '120_0'}
{'144_0', '180_0', '42_0'}{'141_1', '87_0'}
{'144_0', '180_0', '42_0'}{'141_1'}{'87_0'}
{'144_0', '180_0', '42_0'}{'141_1'}{'87_0'}
{'122_1'}
{'12_0'}
{'126_0'}
{'186_0'}

MOBsuite splits:
{'12_0'}{'185_0', '164_0', '55_0', '93_0', '30_0', '141_1'}
{'12_0'}{'93_0', '55_0', '185_0', '164_0'}{'30_0', '141_1'}
{'12_0'}{'93_0', '55_0', '185_0', '164_0'}{'141_1'}{'30_0'}
{'12_0'}{'93_0', '55_0', '185_0', '164_0'}{'141_1'}{'30_0'}
{'144_0', '180_0', '42_0'}{'62_0', '82_0', '122_1', '120_0'}
{'144_0', '180_0', '42_0'}{'62_0', '82_0', '120_0'}{'122_1'}
{'144_0', '180_0', '42_0'}{'62_0', '82_0', '120_0'}{'122_1'}
{'87_0'}
{'186_0'}{'126_0'}
{'186_0'}{'126_0'}
#-------------------------



