Combination 0
Score:		0.39874149783581275

Decomposition of weighted lengths HyAsP|MOBsuite|Common:		36034.0|8603.0|10176.0|

HyAsP plasmids:
3:	65,
4:	107,22_0,79_0,
5:	50_0,
6:	58_0,
7:	107,52,32_0,
8:	53,
10:	83,
11:	84,
14:	76,90,
17:	86,

MOBsuite plasmids:
AB530:	50_0,22_0,79_0,58_0,
AD058:	57,
AE312:	32_0,

HyAsP splits:
{'22_0', '79_0'}
{'58_0'}
{'50_0'}
{'32_0'}

MOBsuite splits:
{'22_0', '79_0'}{'50_0', '58_0'}
{'22_0', '79_0'}{'50_0'}{'58_0'}
{'22_0', '79_0'}{'50_0'}{'58_0'}
{'32_0'}
#-------------------------



