Combination 0
Score:		0.6238941783647389

Decomposition of weighted lengths HyAsP|MOBsuite|Common:		30752.0|49556.0|23291.5|

HyAsP plasmids:
0:	34,36,112,90,138,169,101,166,141,122,165,128,62_0,63_0,44_0,39_0,46_0,25_0,45_0,28_0,48_0,30_0,
3:	55,141,122,165,101,112,90,
4:	138,169,101,165,122,43_0,
7:	58,123,89,

MOBsuite plasmids:
AE315:	47,53,61,63_0,44_0,39_0,46_0,45_0,43_0,28_0,
AC345:	27,48_0,30_0,
AE309:	37,38,49,56,65,71,62_0,25_0,

HyAsP splits:
{'44_0', '28_0', '46_0', '63_0', '39_0', '45_0'}{'62_0', '25_0', '30_0', '48_0'}
{'44_0', '28_0', '46_0', '63_0', '39_0', '45_0'}{'30_0', '48_0'}{'62_0', '25_0'}
{'44_0', '28_0', '46_0', '63_0', '39_0', '45_0'}{'30_0', '48_0'}{'62_0', '25_0'}
{'43_0'}

MOBsuite splits:
{'44_0', '28_0', '46_0', '63_0', '39_0', '45_0'}{'43_0'}
{'44_0', '28_0', '46_0', '63_0', '39_0', '45_0'}{'43_0'}
{'62_0', '25_0'}
{'30_0', '48_0'}
#-------------------------



