Combination 0
Score:		0.680109112356237

Decomposition of weighted lengths HyAsP|MOBsuite|Common:		46190.0|2473.0|6687.0|

HyAsP plasmids:
0:	139,131,119,142,140,
1:	102,
2:	145,105,75_0,67_0,
3:	72,106_0,
4:	86,
5:	117_0,
6:	123,
7:	100,
8:	116,

MOBsuite plasmids:
132bf64a5ce90d63053fc3628ed45bba:	106_0,
AB174:	122,117_0,67_0,
AE310:	75_0,

HyAsP splits:
{'117_0'}
{'67_0'}{'75_0'}
{'67_0'}{'75_0'}
{'106_0'}

MOBsuite splits:
{'67_0'}{'117_0'}
{'67_0'}{'117_0'}
{'75_0'}
{'106_0'}
#-------------------------



