Combination 0
Score:		0.4421097440755867

Decomposition of weighted lengths HyAsP|MOBsuite|Common:		42284.0|3240.0|23541.5|

HyAsP plasmids:
2:	49_0,
3:	60,
4:	87,77,80,93,47,34_0,58_0,
5:	85,81,45_0,51_0,
7:	29_0,
8:	63,
9:	88,71_0,43_0,
10:	46,85,91,
12:	70,
13:	72,
16:	66,79,

MOBsuite plasmids:
AB530:	67,49_0,71_0,45_0,34_0,58_0,51_0,
AE312:	43_0,29_0,

HyAsP splits:
{'49_0'}
{'51_0', '45_0'}
{'29_0'}
{'71_0'}{'43_0'}
{'71_0'}{'43_0'}
{'34_0', '58_0'}

MOBsuite splits:
{'49_0'}{'34_0', '71_0', '58_0', '51_0', '45_0'}
{'49_0'}{'34_0', '58_0'}{'51_0', '45_0', '71_0'}
{'49_0'}{'34_0', '58_0'}{'51_0', '45_0'}{'71_0'}
{'49_0'}{'34_0', '58_0'}{'51_0', '45_0'}{'71_0'}
{'29_0'}{'43_0'}
{'29_0'}{'43_0'}
#-------------------------



