Combination 0
Score:		0.3040803626009902

Decomposition of weighted lengths HyAsP|MOBsuite|Common:		46169.0|1349.0|7696.0|

HyAsP plasmids:
3:	43,
4:	73,63,71,38,68,77,49_0,37_0,39_0,19_0,
5:	69,37_1,53_0,58_0,56_0,48_0,22_0,33_0,
6:	73,63,68,77,45,64,67,41_0,53_1,58_1,56_1,
7:	67,68,63,47_0,
8:	44,
10:	51,61,
12:	54,
15:	67,68,63,42,

MOBsuite plasmids:
AB756:	41_0,
AB528:	49_0,37_0,19_0,47_0,
AE315:	57,53_0,58_0,39_0,56_0,48_0,22_0,33_0,

HyAsP splits:
{'19_0', '49_0', '37_0'}{'39_0'}
{'19_0', '49_0', '37_0'}{'39_0'}
{'47_0'}
{'48_0', '33_0', '56_0', '58_0', '22_0', '53_0'}
{'41_0'}

MOBsuite splits:
{'19_0', '49_0', '37_0'}{'47_0'}
{'19_0', '49_0', '37_0'}{'47_0'}
{'39_0'}{'33_0', '48_0', '56_0', '58_0', '22_0', '53_0'}
{'39_0'}{'48_0', '33_0', '56_0', '58_0', '22_0', '53_0'}
{'41_0'}
#-------------------------



Combination 2
Score:		0.31033666158158796

Decomposition of weighted lengths HyAsP|MOBsuite|Common:		46169.0|1349.0|8832.000000000002|

HyAsP plasmids:
3:	43,
4:	73,63,71,38,68,77,49_0,37_0,39_0,19_0,
5:	69,37_1,53_0,58_0,56_0,48_0,22_0,33_0,
6:	73,63,68,77,45,64,67,41_0,53_1,58_1,56_1,
7:	67,68,63,47_0,
8:	44,
10:	51,61,
12:	54,
15:	67,68,63,42,

MOBsuite plasmids:
AB756:	41_0,
AB528:	49_0,37_0,19_0,47_0,
AE315:	57,53_0,58_1,39_0,56_0,48_0,22_0,33_0,

HyAsP splits:
{'19_0', '49_0', '37_0'}{'39_0'}
{'19_0', '49_0', '37_0'}{'39_0'}
{'41_0'}{'58_1'}
{'41_0'}{'58_1'}
{'47_0'}
{'56_0', '48_0', '33_0', '22_0', '53_0'}

MOBsuite splits:
{'41_0'}
{'19_0', '49_0', '37_0'}{'47_0'}
{'19_0', '49_0', '37_0'}{'47_0'}
{'39_0'}{'33_0', '58_1', '48_0', '56_0', '22_0', '53_0'}
{'39_0'}{'56_0', '48_0', '33_0', '22_0', '53_0'}{'58_1'}
{'39_0'}{'48_0', '56_0', '33_0', '22_0', '53_0'}{'58_1'}
#-------------------------



Combination 1
Score:		0.31150971764045005

Decomposition of weighted lengths HyAsP|MOBsuite|Common:		46169.0|1349.0|9045.000000000002|

HyAsP plasmids:
3:	43,
4:	73,63,71,38,68,77,49_0,37_0,39_0,19_0,
5:	69,37_1,53_0,58_0,56_0,48_0,22_0,33_0,
6:	73,63,68,77,45,64,67,41_0,53_1,58_1,56_1,
7:	67,68,63,47_0,
8:	44,
10:	51,61,
12:	54,
15:	67,68,63,42,

MOBsuite plasmids:
AB756:	41_0,
AB528:	49_0,37_0,19_0,47_0,
AE315:	57,53_0,58_0,39_0,56_1,48_0,22_0,33_0,

HyAsP splits:
{'19_0', '49_0', '37_0'}{'39_0'}
{'19_0', '49_0', '37_0'}{'39_0'}
{'41_0'}{'56_1'}
{'41_0'}{'56_1'}
{'47_0'}
{'48_0', '33_0', '58_0', '22_0', '53_0'}

MOBsuite splits:
{'41_0'}
{'19_0', '49_0', '37_0'}{'47_0'}
{'19_0', '49_0', '37_0'}{'47_0'}
{'39_0'}{'48_0', '33_0', '56_1', '58_0', '22_0', '53_0'}
{'39_0'}{'48_0', '33_0', '58_0', '22_0', '53_0'}{'56_1'}
{'39_0'}{'48_0', '33_0', '58_0', '22_0', '53_0'}{'56_1'}
#-------------------------



Combination 3
Score:		0.3177660166210478

Decomposition of weighted lengths HyAsP|MOBsuite|Common:		46169.0|1349.0|10181.0|

HyAsP plasmids:
3:	43,
4:	73,63,71,38,68,77,49_0,37_0,39_0,19_0,
5:	69,37_1,53_0,58_0,56_0,48_0,22_0,33_0,
6:	73,63,68,77,45,64,67,41_0,53_1,58_1,56_1,
7:	67,68,63,47_0,
8:	44,
10:	51,61,
12:	54,
15:	67,68,63,42,

MOBsuite plasmids:
AB756:	41_0,
AB528:	49_0,37_0,19_0,47_0,
AE315:	57,53_0,58_1,39_0,56_1,48_0,22_0,33_0,

HyAsP splits:
{'19_0', '49_0', '37_0'}{'39_0'}
{'19_0', '49_0', '37_0'}{'39_0'}
{'41_0'}{'56_1', '58_1'}
{'41_0'}{'56_1', '58_1'}
{'47_0'}
{'53_0', '22_0', '48_0', '33_0'}

MOBsuite splits:
{'41_0'}
{'19_0', '49_0', '37_0'}{'47_0'}
{'19_0', '49_0', '37_0'}{'47_0'}
{'39_0'}{'33_0', '48_0', '58_1', '56_1', '22_0', '53_0'}
{'39_0'}{'53_0', '22_0', '48_0', '33_0'}{'56_1', '58_1'}
{'39_0'}{'53_0', '33_0', '48_0', '22_0'}{'56_1', '58_1'}
#-------------------------



Combination 4
Score:		0.31978169041233195

Decomposition of weighted lengths HyAsP|MOBsuite|Common:		46169.0|1349.0|10546.999999999998|

HyAsP plasmids:
3:	43,
4:	73,63,71,38,68,77,49_0,37_0,39_0,19_0,
5:	69,37_1,53_0,58_0,56_0,48_0,22_0,33_0,
6:	73,63,68,77,45,64,67,41_0,53_1,58_1,56_1,
7:	67,68,63,47_0,
8:	44,
10:	51,61,
12:	54,
15:	67,68,63,42,

MOBsuite plasmids:
AB756:	41_0,
AB528:	49_0,37_0,19_0,47_0,
AE315:	57,53_1,58_0,39_0,56_0,48_0,22_0,33_0,

HyAsP splits:
{'19_0', '49_0', '37_0'}{'39_0'}
{'19_0', '49_0', '37_0'}{'39_0'}
{'41_0'}{'53_1'}
{'41_0'}{'53_1'}
{'47_0'}
{'56_0', '48_0', '33_0', '58_0', '22_0'}

MOBsuite splits:
{'41_0'}
{'19_0', '49_0', '37_0'}{'47_0'}
{'19_0', '49_0', '37_0'}{'47_0'}
{'39_0'}{'53_1', '33_0', '48_0', '56_0', '58_0', '22_0'}
{'39_0'}{'56_0', '48_0', '33_0', '58_0', '22_0'}{'53_1'}
{'39_0'}{'48_0', '56_0', '33_0', '58_0', '22_0'}{'53_1'}
#-------------------------



Combination 6
Score:		0.3260379893929297

Decomposition of weighted lengths HyAsP|MOBsuite|Common:		46169.0|1349.0|11683.000000000002|

HyAsP plasmids:
3:	43,
4:	73,63,71,38,68,77,49_0,37_0,39_0,19_0,
5:	69,37_1,53_0,58_0,56_0,48_0,22_0,33_0,
6:	73,63,68,77,45,64,67,41_0,53_1,58_1,56_1,
7:	67,68,63,47_0,
8:	44,
10:	51,61,
12:	54,
15:	67,68,63,42,

MOBsuite plasmids:
AB756:	41_0,
AB528:	49_0,37_0,19_0,47_0,
AE315:	57,53_1,58_1,39_0,56_0,48_0,22_0,33_0,

HyAsP splits:
{'19_0', '49_0', '37_0'}{'39_0'}
{'19_0', '49_0', '37_0'}{'39_0'}
{'41_0'}{'53_1', '58_1'}
{'41_0'}{'53_1', '58_1'}
{'47_0'}
{'33_0', '56_0', '48_0', '22_0'}

MOBsuite splits:
{'41_0'}
{'19_0', '49_0', '37_0'}{'47_0'}
{'19_0', '49_0', '37_0'}{'47_0'}
{'39_0'}{'53_1', '33_0', '58_1', '48_0', '56_0', '22_0'}
{'39_0'}{'33_0', '56_0', '48_0', '22_0'}{'53_1', '58_1'}
{'39_0'}{'22_0', '48_0', '33_0', '56_0'}{'53_1', '58_1'}
#-------------------------



Combination 5
Score:		0.3272110454517918

Decomposition of weighted lengths HyAsP|MOBsuite|Common:		46169.0|1349.0|11896.000000000002|

HyAsP plasmids:
3:	43,
4:	73,63,71,38,68,77,49_0,37_0,39_0,19_0,
5:	69,37_1,53_0,58_0,56_0,48_0,22_0,33_0,
6:	73,63,68,77,45,64,67,41_0,53_1,58_1,56_1,
7:	67,68,63,47_0,
8:	44,
10:	51,61,
12:	54,
15:	67,68,63,42,

MOBsuite plasmids:
AB756:	41_0,
AB528:	49_0,37_0,19_0,47_0,
AE315:	57,53_1,58_0,39_0,56_1,48_0,22_0,33_0,

HyAsP splits:
{'19_0', '49_0', '37_0'}{'39_0'}
{'19_0', '49_0', '37_0'}{'39_0'}
{'41_0'}{'53_1', '56_1'}
{'41_0'}{'53_1', '56_1'}
{'47_0'}
{'58_0', '48_0', '33_0', '22_0'}

MOBsuite splits:
{'41_0'}
{'19_0', '49_0', '37_0'}{'47_0'}
{'19_0', '49_0', '37_0'}{'47_0'}
{'39_0'}{'53_1', '48_0', '33_0', '56_1', '58_0', '22_0'}
{'39_0'}{'58_0', '48_0', '33_0', '22_0'}{'53_1', '56_1'}
{'39_0'}{'58_0', '48_0', '33_0', '22_0'}{'53_1', '56_1'}
#-------------------------



Combination 7
Score:		0.33346734443238957

Decomposition of weighted lengths HyAsP|MOBsuite|Common:		46169.0|1349.0|13032.0|

HyAsP plasmids:
3:	43,
4:	73,63,71,38,68,77,49_0,37_0,39_0,19_0,
5:	69,37_1,53_0,58_0,56_0,48_0,22_0,33_0,
6:	73,63,68,77,45,64,67,41_0,53_1,58_1,56_1,
7:	67,68,63,47_0,
8:	44,
10:	51,61,
12:	54,
15:	67,68,63,42,

MOBsuite plasmids:
AB756:	41_0,
AB528:	49_0,37_0,19_0,47_0,
AE315:	57,53_1,58_1,39_0,56_1,48_0,22_0,33_0,

HyAsP splits:
{'19_0', '49_0', '37_0'}{'39_0'}
{'19_0', '49_0', '37_0'}{'39_0'}
{'41_0'}{'53_1', '56_1', '58_1'}
{'41_0'}{'53_1', '56_1', '58_1'}
{'47_0'}
{'22_0', '48_0', '33_0'}

MOBsuite splits:
{'41_0'}
{'19_0', '49_0', '37_0'}{'47_0'}
{'19_0', '49_0', '37_0'}{'47_0'}
{'39_0'}{'53_1', '33_0', '48_0', '58_1', '56_1', '22_0'}
{'39_0'}{'22_0', '48_0', '33_0'}{'53_1', '56_1', '58_1'}
{'39_0'}{'33_0', '48_0', '22_0'}{'53_1', '56_1', '58_1'}
#-------------------------



Combination 8
Score:		0.3424717888278802

Decomposition of weighted lengths HyAsP|MOBsuite|Common:		46169.0|1349.0|14667.0|

HyAsP plasmids:
3:	43,
4:	73,63,71,38,68,77,49_0,37_0,39_0,19_0,
5:	69,37_1,53_0,58_0,56_0,48_0,22_0,33_0,
6:	73,63,68,77,45,64,67,41_0,53_1,58_1,56_1,
7:	67,68,63,47_0,
8:	44,
10:	51,61,
12:	54,
15:	67,68,63,42,

MOBsuite plasmids:
AB756:	41_0,
AB528:	49_0,37_1,19_0,47_0,
AE315:	57,53_0,58_0,39_0,56_0,48_0,22_0,33_0,

HyAsP splits:
{'19_0', '49_0'}{'39_0'}
{'19_0', '49_0'}{'39_0'}
{'47_0'}
{'37_1'}{'33_0', '48_0', '56_0', '58_0', '22_0', '53_0'}
{'37_1'}{'48_0', '33_0', '56_0', '58_0', '22_0', '53_0'}
{'41_0'}

MOBsuite splits:
{'19_0', '49_0'}{'37_1', '47_0'}
{'19_0', '49_0'}{'37_1'}{'47_0'}
{'19_0', '49_0'}{'37_1'}{'47_0'}
{'39_0'}{'33_0', '48_0', '56_0', '58_0', '22_0', '53_0'}
{'39_0'}{'48_0', '33_0', '56_0', '58_0', '22_0', '53_0'}
{'41_0'}
#-------------------------



Combination 10
Score:		0.34872808780847797

Decomposition of weighted lengths HyAsP|MOBsuite|Common:		46169.0|1349.0|15803.000000000002|

HyAsP plasmids:
3:	43,
4:	73,63,71,38,68,77,49_0,37_0,39_0,19_0,
5:	69,37_1,53_0,58_0,56_0,48_0,22_0,33_0,
6:	73,63,68,77,45,64,67,41_0,53_1,58_1,56_1,
7:	67,68,63,47_0,
8:	44,
10:	51,61,
12:	54,
15:	67,68,63,42,

MOBsuite plasmids:
AB756:	41_0,
AB528:	49_0,37_1,19_0,47_0,
AE315:	57,53_0,58_1,39_0,56_0,48_0,22_0,33_0,

HyAsP splits:
{'19_0', '49_0'}{'39_0'}
{'19_0', '49_0'}{'39_0'}
{'41_0'}{'58_1'}
{'41_0'}{'58_1'}
{'47_0'}
{'37_1'}{'33_0', '48_0', '56_0', '22_0', '53_0'}
{'37_1'}{'48_0', '33_0', '56_0', '22_0', '53_0'}

MOBsuite splits:
{'41_0'}
{'19_0', '49_0'}{'37_1', '47_0'}
{'19_0', '49_0'}{'37_1'}{'47_0'}
{'19_0', '49_0'}{'37_1'}{'47_0'}
{'39_0'}{'33_0', '58_1', '48_0', '56_0', '22_0', '53_0'}
{'39_0'}{'48_0', '33_0', '56_0', '22_0', '53_0'}{'58_1'}
{'39_0'}{'56_0', '48_0', '33_0', '22_0', '53_0'}{'58_1'}
#-------------------------



Combination 9
Score:		0.34990114386734

Decomposition of weighted lengths HyAsP|MOBsuite|Common:		46169.0|1349.0|16016.000000000002|

HyAsP plasmids:
3:	43,
4:	73,63,71,38,68,77,49_0,37_0,39_0,19_0,
5:	69,37_1,53_0,58_0,56_0,48_0,22_0,33_0,
6:	73,63,68,77,45,64,67,41_0,53_1,58_1,56_1,
7:	67,68,63,47_0,
8:	44,
10:	51,61,
12:	54,
15:	67,68,63,42,

MOBsuite plasmids:
AB756:	41_0,
AB528:	49_0,37_1,19_0,47_0,
AE315:	57,53_0,58_0,39_0,56_1,48_0,22_0,33_0,

HyAsP splits:
{'19_0', '49_0'}{'39_0'}
{'19_0', '49_0'}{'39_0'}
{'41_0'}{'56_1'}
{'41_0'}{'56_1'}
{'47_0'}
{'37_1'}{'48_0', '33_0', '58_0', '22_0', '53_0'}
{'37_1'}{'48_0', '33_0', '58_0', '22_0', '53_0'}

MOBsuite splits:
{'41_0'}
{'19_0', '49_0'}{'37_1', '47_0'}
{'19_0', '49_0'}{'37_1'}{'47_0'}
{'19_0', '49_0'}{'37_1'}{'47_0'}
{'39_0'}{'48_0', '33_0', '56_1', '58_0', '22_0', '53_0'}
{'39_0'}{'48_0', '33_0', '58_0', '22_0', '53_0'}{'56_1'}
{'39_0'}{'48_0', '33_0', '58_0', '22_0', '53_0'}{'56_1'}
#-------------------------



Combination 11
Score:		0.35615744284793777

Decomposition of weighted lengths HyAsP|MOBsuite|Common:		46169.0|1349.0|17152.0|

HyAsP plasmids:
3:	43,
4:	73,63,71,38,68,77,49_0,37_0,39_0,19_0,
5:	69,37_1,53_0,58_0,56_0,48_0,22_0,33_0,
6:	73,63,68,77,45,64,67,41_0,53_1,58_1,56_1,
7:	67,68,63,47_0,
8:	44,
10:	51,61,
12:	54,
15:	67,68,63,42,

MOBsuite plasmids:
AB756:	41_0,
AB528:	49_0,37_1,19_0,47_0,
AE315:	57,53_0,58_1,39_0,56_1,48_0,22_0,33_0,

HyAsP splits:
{'19_0', '49_0'}{'39_0'}
{'19_0', '49_0'}{'39_0'}
{'41_0'}{'56_1', '58_1'}
{'41_0'}{'56_1', '58_1'}
{'47_0'}
{'37_1'}{'53_0', '48_0', '33_0', '22_0'}
{'37_1'}{'53_0', '22_0', '48_0', '33_0'}

MOBsuite splits:
{'41_0'}
{'19_0', '49_0'}{'37_1', '47_0'}
{'19_0', '49_0'}{'37_1'}{'47_0'}
{'19_0', '49_0'}{'37_1'}{'47_0'}
{'39_0'}{'33_0', '48_0', '58_1', '56_1', '22_0', '53_0'}
{'39_0'}{'53_0', '22_0', '48_0', '33_0'}{'56_1', '58_1'}
{'39_0'}{'53_0', '33_0', '48_0', '22_0'}{'56_1', '58_1'}
#-------------------------



Combination 12
Score:		0.3581731166392219

Decomposition of weighted lengths HyAsP|MOBsuite|Common:		46169.0|1349.0|17518.0|

HyAsP plasmids:
3:	43,
4:	73,63,71,38,68,77,49_0,37_0,39_0,19_0,
5:	69,37_1,53_0,58_0,56_0,48_0,22_0,33_0,
6:	73,63,68,77,45,64,67,41_0,53_1,58_1,56_1,
7:	67,68,63,47_0,
8:	44,
10:	51,61,
12:	54,
15:	67,68,63,42,

MOBsuite plasmids:
AB756:	41_0,
AB528:	49_0,37_1,19_0,47_0,
AE315:	57,53_1,58_0,39_0,56_0,48_0,22_0,33_0,

HyAsP splits:
{'19_0', '49_0'}{'39_0'}
{'19_0', '49_0'}{'39_0'}
{'41_0'}{'53_1'}
{'41_0'}{'53_1'}
{'47_0'}
{'37_1'}{'33_0', '48_0', '56_0', '58_0', '22_0'}
{'37_1'}{'48_0', '33_0', '56_0', '58_0', '22_0'}

MOBsuite splits:
{'41_0'}
{'19_0', '49_0'}{'37_1', '47_0'}
{'19_0', '49_0'}{'37_1'}{'47_0'}
{'19_0', '49_0'}{'37_1'}{'47_0'}
{'39_0'}{'53_1', '33_0', '48_0', '56_0', '58_0', '22_0'}
{'39_0'}{'48_0', '33_0', '56_0', '58_0', '22_0'}{'53_1'}
{'39_0'}{'56_0', '48_0', '33_0', '58_0', '22_0'}{'53_1'}
#-------------------------



Combination 14
Score:		0.3644294156198197

Decomposition of weighted lengths HyAsP|MOBsuite|Common:		46169.0|1349.0|18654.0|

HyAsP plasmids:
3:	43,
4:	73,63,71,38,68,77,49_0,37_0,39_0,19_0,
5:	69,37_1,53_0,58_0,56_0,48_0,22_0,33_0,
6:	73,63,68,77,45,64,67,41_0,53_1,58_1,56_1,
7:	67,68,63,47_0,
8:	44,
10:	51,61,
12:	54,
15:	67,68,63,42,

MOBsuite plasmids:
AB756:	41_0,
AB528:	49_0,37_1,19_0,47_0,
AE315:	57,53_1,58_1,39_0,56_0,48_0,22_0,33_0,

HyAsP splits:
{'19_0', '49_0'}{'39_0'}
{'19_0', '49_0'}{'39_0'}
{'41_0'}{'53_1', '58_1'}
{'41_0'}{'53_1', '58_1'}
{'47_0'}
{'37_1'}{'22_0', '48_0', '33_0', '56_0'}
{'37_1'}{'33_0', '56_0', '48_0', '22_0'}

MOBsuite splits:
{'41_0'}
{'19_0', '49_0'}{'37_1', '47_0'}
{'19_0', '49_0'}{'37_1'}{'47_0'}
{'19_0', '49_0'}{'37_1'}{'47_0'}
{'39_0'}{'53_1', '33_0', '58_1', '48_0', '56_0', '22_0'}
{'39_0'}{'33_0', '56_0', '48_0', '22_0'}{'53_1', '58_1'}
{'39_0'}{'22_0', '48_0', '33_0', '56_0'}{'53_1', '58_1'}
#-------------------------



Combination 13
Score:		0.36560247167868176

Decomposition of weighted lengths HyAsP|MOBsuite|Common:		46169.0|1349.0|18867.0|

HyAsP plasmids:
3:	43,
4:	73,63,71,38,68,77,49_0,37_0,39_0,19_0,
5:	69,37_1,53_0,58_0,56_0,48_0,22_0,33_0,
6:	73,63,68,77,45,64,67,41_0,53_1,58_1,56_1,
7:	67,68,63,47_0,
8:	44,
10:	51,61,
12:	54,
15:	67,68,63,42,

MOBsuite plasmids:
AB756:	41_0,
AB528:	49_0,37_1,19_0,47_0,
AE315:	57,53_1,58_0,39_0,56_1,48_0,22_0,33_0,

HyAsP splits:
{'19_0', '49_0'}{'39_0'}
{'19_0', '49_0'}{'39_0'}
{'41_0'}{'53_1', '56_1'}
{'41_0'}{'53_1', '56_1'}
{'47_0'}
{'37_1'}{'58_0', '48_0', '33_0', '22_0'}
{'37_1'}{'58_0', '48_0', '33_0', '22_0'}

MOBsuite splits:
{'41_0'}
{'19_0', '49_0'}{'37_1', '47_0'}
{'19_0', '49_0'}{'37_1'}{'47_0'}
{'19_0', '49_0'}{'37_1'}{'47_0'}
{'39_0'}{'53_1', '48_0', '33_0', '56_1', '58_0', '22_0'}
{'39_0'}{'58_0', '48_0', '33_0', '22_0'}{'53_1', '56_1'}
{'39_0'}{'58_0', '48_0', '33_0', '22_0'}{'53_1', '56_1'}
#-------------------------



Combination 15
Score:		0.3718587706592795

Decomposition of weighted lengths HyAsP|MOBsuite|Common:		46169.0|1349.0|20003.0|

HyAsP plasmids:
3:	43,
4:	73,63,71,38,68,77,49_0,37_0,39_0,19_0,
5:	69,37_1,53_0,58_0,56_0,48_0,22_0,33_0,
6:	73,63,68,77,45,64,67,41_0,53_1,58_1,56_1,
7:	67,68,63,47_0,
8:	44,
10:	51,61,
12:	54,
15:	67,68,63,42,

MOBsuite plasmids:
AB756:	41_0,
AB528:	49_0,37_1,19_0,47_0,
AE315:	57,53_1,58_1,39_0,56_1,48_0,22_0,33_0,

HyAsP splits:
{'19_0', '49_0'}{'39_0'}
{'19_0', '49_0'}{'39_0'}
{'41_0'}{'53_1', '56_1', '58_1'}
{'41_0'}{'53_1', '56_1', '58_1'}
{'47_0'}
{'37_1'}{'48_0', '33_0', '22_0'}
{'37_1'}{'22_0', '48_0', '33_0'}

MOBsuite splits:
{'41_0'}
{'19_0', '49_0'}{'37_1', '47_0'}
{'19_0', '49_0'}{'37_1'}{'47_0'}
{'19_0', '49_0'}{'37_1'}{'47_0'}
{'39_0'}{'53_1', '33_0', '48_0', '58_1', '56_1', '22_0'}
{'39_0'}{'22_0', '48_0', '33_0'}{'53_1', '56_1', '58_1'}
{'39_0'}{'33_0', '48_0', '22_0'}{'53_1', '56_1', '58_1'}
#-------------------------



