Combination 41
Score:		0.6412603017828227

Decomposition of weighted lengths HyAsP|MOBsuite|Common:		133056.0|4515.0|21627.0|

HyAsP plasmids:
2:	91,116,99,40,74,45,152,55,
3:	76,111,118,150,129,100,104,96,69,85,117,67,81,101,77,105,87,70,106,18_0,52_0,58_0,62_0,60_0,64_0,61_0,
4:	69,103,119,117,68,82,101,78,105,88,70,107,62_1,32_0,
5:	43,63,22,138,79,145,
6:	119,104,102,129,111,75,118,150,109,71,117,68,82,101,78,105,88,70,107,31_0,58_1,62_2,49_0,56_0,64_1,
7:	125,109,60_1,34_0,
8:	37,
10:	121,93,72,112,144,122,89,114,54_0,36_0,
11:	26_0,
13:	27,65,44,66,133,42,139,95,
14:	29,139,138,95,79,145,
16:	45,131,
22:	110,72,92,47_0,
23:	151,47_1,

MOBsuite plasmids:
AB530:	48,53,18_0,60_0,32_0,61_0,
02a60bb495965b701b8843ec91127d54:	47_0,34_0,
AB528:	31_0,52_0,58_1,54_0,36_0,62_2,49_0,26_0,56_0,64_1,

HyAsP splits:
{'26_0'}
{'64_1', '56_0', '62_2', '31_0', '49_0', '58_1'}
{'60_0', '18_0', '61_0'}{'52_0'}
{'60_0', '18_0', '61_0'}{'52_0'}
{'32_0'}
{'36_0', '54_0'}
{'47_0'}
{'34_0'}

MOBsuite splits:
{'60_0', '18_0', '61_0'}{'32_0'}
{'60_0', '18_0', '61_0'}{'32_0'}
{'52_0'}{'64_1', '56_0', '26_0', '62_2', '31_0', '49_0', '58_1', '36_0', '54_0'}
{'52_0'}{'64_1', '56_0', '62_2', '31_0', '49_0', '58_1'}{'36_0', '54_0', '26_0'}
{'52_0'}{'64_1', '56_0', '62_2', '31_0', '49_0', '58_1'}{'36_0', '54_0'}{'26_0'}
{'52_0'}{'64_1', '56_0', '62_2', '31_0', '49_0', '58_1'}{'36_0', '54_0'}{'26_0'}
{'34_0'}{'47_0'}
{'34_0'}{'47_0'}
#-------------------------



Combination 43
Score:		0.6412603017828227

Decomposition of weighted lengths HyAsP|MOBsuite|Common:		133056.0|4515.0|21627.0|

HyAsP plasmids:
2:	91,116,99,40,74,45,152,55,
3:	76,111,118,150,129,100,104,96,69,85,117,67,81,101,77,105,87,70,106,18_0,52_0,58_0,62_0,60_0,64_0,61_0,
4:	69,103,119,117,68,82,101,78,105,88,70,107,62_1,32_0,
5:	43,63,22,138,79,145,
6:	119,104,102,129,111,75,118,150,109,71,117,68,82,101,78,105,88,70,107,31_0,58_1,62_2,49_0,56_0,64_1,
7:	125,109,60_1,34_0,
8:	37,
10:	121,93,72,112,144,122,89,114,54_0,36_0,
11:	26_0,
13:	27,65,44,66,133,42,139,95,
14:	29,139,138,95,79,145,
16:	45,131,
22:	110,72,92,47_0,
23:	151,47_1,

MOBsuite plasmids:
AB530:	48,53,18_0,60_0,32_0,61_0,
02a60bb495965b701b8843ec91127d54:	47_1,34_0,
AB528:	31_0,52_0,58_1,54_0,36_0,62_2,49_0,26_0,56_0,64_1,

HyAsP splits:
{'26_0'}
{'64_1', '56_0', '62_2', '31_0', '49_0', '58_1'}
{'60_0', '18_0', '61_0'}{'52_0'}
{'60_0', '18_0', '61_0'}{'52_0'}
{'32_0'}
{'36_0', '54_0'}
{'47_1'}
{'34_0'}

MOBsuite splits:
{'60_0', '18_0', '61_0'}{'32_0'}
{'60_0', '18_0', '61_0'}{'32_0'}
{'52_0'}{'64_1', '56_0', '26_0', '62_2', '31_0', '49_0', '58_1', '36_0', '54_0'}
{'52_0'}{'64_1', '56_0', '62_2', '31_0', '49_0', '58_1'}{'36_0', '54_0', '26_0'}
{'52_0'}{'64_1', '56_0', '62_2', '31_0', '49_0', '58_1'}{'36_0', '54_0'}{'26_0'}
{'52_0'}{'64_1', '56_0', '62_2', '31_0', '49_0', '58_1'}{'36_0', '54_0'}{'26_0'}
{'34_0'}{'47_1'}
{'34_0'}{'47_1'}
#-------------------------



Combination 40
Score:		0.6456065866960984

Decomposition of weighted lengths HyAsP|MOBsuite|Common:		133056.0|4515.0|22706.0|

HyAsP plasmids:
2:	91,116,99,40,74,45,152,55,
3:	76,111,118,150,129,100,104,96,69,85,117,67,81,101,77,105,87,70,106,18_0,52_0,58_0,62_0,60_0,64_0,61_0,
4:	69,103,119,117,68,82,101,78,105,88,70,107,62_1,32_0,
5:	43,63,22,138,79,145,
6:	119,104,102,129,111,75,118,150,109,71,117,68,82,101,78,105,88,70,107,31_0,58_1,62_2,49_0,56_0,64_1,
7:	125,109,60_1,34_0,
8:	37,
10:	121,93,72,112,144,122,89,114,54_0,36_0,
11:	26_0,
13:	27,65,44,66,133,42,139,95,
14:	29,139,138,95,79,145,
16:	45,131,
22:	110,72,92,47_0,
23:	151,47_1,

MOBsuite plasmids:
AB530:	48,53,18_0,60_0,32_0,61_0,
02a60bb495965b701b8843ec91127d54:	47_0,34_0,
AB528:	31_0,52_0,58_1,54_0,36_0,62_2,49_0,26_0,56_0,64_0,

HyAsP splits:
{'26_0'}
{'56_0', '31_0', '62_2', '49_0', '58_1'}
{'60_0', '18_0', '61_0'}{'52_0', '64_0'}
{'60_0', '18_0', '61_0'}{'52_0', '64_0'}
{'32_0'}
{'36_0', '54_0'}
{'47_0'}
{'34_0'}

MOBsuite splits:
{'60_0', '18_0', '61_0'}{'32_0'}
{'60_0', '18_0', '61_0'}{'32_0'}
{'52_0', '64_0'}{'56_0', '26_0', '62_2', '49_0', '31_0', '36_0', '54_0', '58_1'}
{'52_0', '64_0'}{'56_0', '31_0', '62_2', '49_0', '58_1'}{'36_0', '54_0', '26_0'}
{'52_0', '64_0'}{'56_0', '31_0', '62_2', '49_0', '58_1'}{'36_0', '54_0'}{'26_0'}
{'52_0', '64_0'}{'56_0', '31_0', '62_2', '49_0', '58_1'}{'36_0', '54_0'}{'26_0'}
{'34_0'}{'47_0'}
{'34_0'}{'47_0'}
#-------------------------



Combination 42
Score:		0.6456065866960984

Decomposition of weighted lengths HyAsP|MOBsuite|Common:		133056.0|4515.0|22706.0|

HyAsP plasmids:
2:	91,116,99,40,74,45,152,55,
3:	76,111,118,150,129,100,104,96,69,85,117,67,81,101,77,105,87,70,106,18_0,52_0,58_0,62_0,60_0,64_0,61_0,
4:	69,103,119,117,68,82,101,78,105,88,70,107,62_1,32_0,
5:	43,63,22,138,79,145,
6:	119,104,102,129,111,75,118,150,109,71,117,68,82,101,78,105,88,70,107,31_0,58_1,62_2,49_0,56_0,64_1,
7:	125,109,60_1,34_0,
8:	37,
10:	121,93,72,112,144,122,89,114,54_0,36_0,
11:	26_0,
13:	27,65,44,66,133,42,139,95,
14:	29,139,138,95,79,145,
16:	45,131,
22:	110,72,92,47_0,
23:	151,47_1,

MOBsuite plasmids:
AB530:	48,53,18_0,60_0,32_0,61_0,
02a60bb495965b701b8843ec91127d54:	47_1,34_0,
AB528:	31_0,52_0,58_1,54_0,36_0,62_2,49_0,26_0,56_0,64_0,

HyAsP splits:
{'26_0'}
{'56_0', '31_0', '62_2', '49_0', '58_1'}
{'60_0', '18_0', '61_0'}{'52_0', '64_0'}
{'60_0', '18_0', '61_0'}{'52_0', '64_0'}
{'32_0'}
{'36_0', '54_0'}
{'47_1'}
{'34_0'}

MOBsuite splits:
{'60_0', '18_0', '61_0'}{'32_0'}
{'60_0', '18_0', '61_0'}{'32_0'}
{'52_0', '64_0'}{'56_0', '26_0', '62_2', '49_0', '31_0', '36_0', '54_0', '58_1'}
{'52_0', '64_0'}{'56_0', '31_0', '62_2', '49_0', '58_1'}{'36_0', '54_0', '26_0'}
{'52_0', '64_0'}{'56_0', '31_0', '62_2', '49_0', '58_1'}{'36_0', '54_0'}{'26_0'}
{'52_0', '64_0'}{'56_0', '31_0', '62_2', '49_0', '58_1'}{'36_0', '54_0'}{'26_0'}
{'34_0'}{'47_1'}
{'34_0'}{'47_1'}
#-------------------------



Combination 25
Score:		0.6457677093990929

Decomposition of weighted lengths HyAsP|MOBsuite|Common:		133056.0|4515.0|22746.0|

HyAsP plasmids:
2:	91,116,99,40,74,45,152,55,
3:	76,111,118,150,129,100,104,96,69,85,117,67,81,101,77,105,87,70,106,18_0,52_0,58_0,62_0,60_0,64_0,61_0,
4:	69,103,119,117,68,82,101,78,105,88,70,107,62_1,32_0,
5:	43,63,22,138,79,145,
6:	119,104,102,129,111,75,118,150,109,71,117,68,82,101,78,105,88,70,107,31_0,58_1,62_2,49_0,56_0,64_1,
7:	125,109,60_1,34_0,
8:	37,
10:	121,93,72,112,144,122,89,114,54_0,36_0,
11:	26_0,
13:	27,65,44,66,133,42,139,95,
14:	29,139,138,95,79,145,
16:	45,131,
22:	110,72,92,47_0,
23:	151,47_1,

MOBsuite plasmids:
AB530:	48,53,18_0,60_0,32_0,61_0,
02a60bb495965b701b8843ec91127d54:	47_0,34_0,
AB528:	31_0,52_0,58_1,54_0,36_0,62_0,49_0,26_0,56_0,64_1,

HyAsP splits:
{'26_0'}
{'64_1', '56_0', '31_0', '49_0', '58_1'}
{'60_0', '18_0', '61_0'}{'52_0', '62_0'}
{'60_0', '18_0', '61_0'}{'52_0', '62_0'}
{'32_0'}
{'36_0', '54_0'}
{'47_0'}
{'34_0'}

MOBsuite splits:
{'60_0', '18_0', '61_0'}{'32_0'}
{'60_0', '18_0', '61_0'}{'32_0'}
{'52_0', '62_0'}{'64_1', '56_0', '26_0', '31_0', '49_0', '58_1', '36_0', '54_0'}
{'52_0', '62_0'}{'64_1', '56_0', '31_0', '49_0', '58_1'}{'36_0', '54_0', '26_0'}
{'52_0', '62_0'}{'64_1', '56_0', '31_0', '49_0', '58_1'}{'36_0', '54_0'}{'26_0'}
{'52_0', '62_0'}{'64_1', '56_0', '31_0', '49_0', '58_1'}{'36_0', '54_0'}{'26_0'}
{'34_0'}{'47_0'}
{'34_0'}{'47_0'}
#-------------------------



Combination 27
Score:		0.6457677093990929

Decomposition of weighted lengths HyAsP|MOBsuite|Common:		133056.0|4515.0|22746.0|

HyAsP plasmids:
2:	91,116,99,40,74,45,152,55,
3:	76,111,118,150,129,100,104,96,69,85,117,67,81,101,77,105,87,70,106,18_0,52_0,58_0,62_0,60_0,64_0,61_0,
4:	69,103,119,117,68,82,101,78,105,88,70,107,62_1,32_0,
5:	43,63,22,138,79,145,
6:	119,104,102,129,111,75,118,150,109,71,117,68,82,101,78,105,88,70,107,31_0,58_1,62_2,49_0,56_0,64_1,
7:	125,109,60_1,34_0,
8:	37,
10:	121,93,72,112,144,122,89,114,54_0,36_0,
11:	26_0,
13:	27,65,44,66,133,42,139,95,
14:	29,139,138,95,79,145,
16:	45,131,
22:	110,72,92,47_0,
23:	151,47_1,

MOBsuite plasmids:
AB530:	48,53,18_0,60_0,32_0,61_0,
02a60bb495965b701b8843ec91127d54:	47_1,34_0,
AB528:	31_0,52_0,58_1,54_0,36_0,62_0,49_0,26_0,56_0,64_1,

HyAsP splits:
{'26_0'}
{'64_1', '56_0', '31_0', '49_0', '58_1'}
{'60_0', '18_0', '61_0'}{'52_0', '62_0'}
{'60_0', '18_0', '61_0'}{'52_0', '62_0'}
{'32_0'}
{'36_0', '54_0'}
{'47_1'}
{'34_0'}

MOBsuite splits:
{'60_0', '18_0', '61_0'}{'32_0'}
{'60_0', '18_0', '61_0'}{'32_0'}
{'52_0', '62_0'}{'64_1', '56_0', '26_0', '31_0', '49_0', '58_1', '36_0', '54_0'}
{'52_0', '62_0'}{'64_1', '56_0', '31_0', '49_0', '58_1'}{'36_0', '54_0', '26_0'}
{'52_0', '62_0'}{'64_1', '56_0', '31_0', '49_0', '58_1'}{'36_0', '54_0'}{'26_0'}
{'52_0', '62_0'}{'64_1', '56_0', '31_0', '49_0', '58_1'}{'36_0', '54_0'}{'26_0'}
{'34_0'}{'47_1'}
{'34_0'}{'47_1'}
#-------------------------



Combination 33
Score:		0.6457677093990929

Decomposition of weighted lengths HyAsP|MOBsuite|Common:		133056.0|4515.0|22746.0|

HyAsP plasmids:
2:	91,116,99,40,74,45,152,55,
3:	76,111,118,150,129,100,104,96,69,85,117,67,81,101,77,105,87,70,106,18_0,52_0,58_0,62_0,60_0,64_0,61_0,
4:	69,103,119,117,68,82,101,78,105,88,70,107,62_1,32_0,
5:	43,63,22,138,79,145,
6:	119,104,102,129,111,75,118,150,109,71,117,68,82,101,78,105,88,70,107,31_0,58_1,62_2,49_0,56_0,64_1,
7:	125,109,60_1,34_0,
8:	37,
10:	121,93,72,112,144,122,89,114,54_0,36_0,
11:	26_0,
13:	27,65,44,66,133,42,139,95,
14:	29,139,138,95,79,145,
16:	45,131,
22:	110,72,92,47_0,
23:	151,47_1,

MOBsuite plasmids:
AB530:	48,53,18_0,60_0,32_0,61_0,
02a60bb495965b701b8843ec91127d54:	47_0,34_0,
AB528:	31_0,52_0,58_1,54_0,36_0,62_1,49_0,26_0,56_0,64_1,

HyAsP splits:
{'26_0'}
{'64_1', '56_0', '31_0', '49_0', '58_1'}
{'60_0', '18_0', '61_0'}{'52_0'}
{'60_0', '18_0', '61_0'}{'52_0'}
{'32_0'}{'62_1'}
{'32_0'}{'62_1'}
{'36_0', '54_0'}
{'47_0'}
{'34_0'}

MOBsuite splits:
{'60_0', '18_0', '61_0'}{'32_0'}
{'60_0', '18_0', '61_0'}{'32_0'}
{'52_0'}{'64_1', '56_0', '62_1', '26_0', '31_0', '49_0', '58_1', '36_0', '54_0'}
{'52_0'}{'62_1'}{'64_1', '56_0', '26_0', '49_0', '31_0', '36_0', '54_0', '58_1'}
{'52_0'}{'62_1'}{'64_1', '56_0', '31_0', '49_0', '58_1'}{'36_0', '54_0', '26_0'}
{'52_0'}{'62_1'}{'64_1', '56_0', '31_0', '49_0', '58_1'}{'36_0', '54_0'}{'26_0'}
{'52_0'}{'62_1'}{'64_1', '56_0', '31_0', '49_0', '58_1'}{'36_0', '54_0'}{'26_0'}
{'34_0'}{'47_0'}
{'34_0'}{'47_0'}
#-------------------------



Combination 35
Score:		0.6457677093990929

Decomposition of weighted lengths HyAsP|MOBsuite|Common:		133056.0|4515.0|22746.0|

HyAsP plasmids:
2:	91,116,99,40,74,45,152,55,
3:	76,111,118,150,129,100,104,96,69,85,117,67,81,101,77,105,87,70,106,18_0,52_0,58_0,62_0,60_0,64_0,61_0,
4:	69,103,119,117,68,82,101,78,105,88,70,107,62_1,32_0,
5:	43,63,22,138,79,145,
6:	119,104,102,129,111,75,118,150,109,71,117,68,82,101,78,105,88,70,107,31_0,58_1,62_2,49_0,56_0,64_1,
7:	125,109,60_1,34_0,
8:	37,
10:	121,93,72,112,144,122,89,114,54_0,36_0,
11:	26_0,
13:	27,65,44,66,133,42,139,95,
14:	29,139,138,95,79,145,
16:	45,131,
22:	110,72,92,47_0,
23:	151,47_1,

MOBsuite plasmids:
AB530:	48,53,18_0,60_0,32_0,61_0,
02a60bb495965b701b8843ec91127d54:	47_1,34_0,
AB528:	31_0,52_0,58_1,54_0,36_0,62_1,49_0,26_0,56_0,64_1,

HyAsP splits:
{'26_0'}
{'64_1', '56_0', '31_0', '49_0', '58_1'}
{'60_0', '18_0', '61_0'}{'52_0'}
{'60_0', '18_0', '61_0'}{'52_0'}
{'32_0'}{'62_1'}
{'32_0'}{'62_1'}
{'36_0', '54_0'}
{'47_1'}
{'34_0'}

MOBsuite splits:
{'60_0', '18_0', '61_0'}{'32_0'}
{'60_0', '18_0', '61_0'}{'32_0'}
{'52_0'}{'64_1', '56_0', '62_1', '26_0', '31_0', '49_0', '58_1', '36_0', '54_0'}
{'52_0'}{'62_1'}{'64_1', '56_0', '26_0', '49_0', '31_0', '36_0', '54_0', '58_1'}
{'52_0'}{'62_1'}{'64_1', '56_0', '31_0', '49_0', '58_1'}{'36_0', '54_0', '26_0'}
{'52_0'}{'62_1'}{'64_1', '56_0', '31_0', '49_0', '58_1'}{'36_0', '54_0'}{'26_0'}
{'52_0'}{'62_1'}{'64_1', '56_0', '31_0', '49_0', '58_1'}{'36_0', '54_0'}{'26_0'}
{'34_0'}{'47_1'}
{'34_0'}{'47_1'}
#-------------------------



Combination 45
Score:		0.645824102345141

Decomposition of weighted lengths HyAsP|MOBsuite|Common:		133056.0|4515.0|22760.0|

HyAsP plasmids:
2:	91,116,99,40,74,45,152,55,
3:	76,111,118,150,129,100,104,96,69,85,117,67,81,101,77,105,87,70,106,18_0,52_0,58_0,62_0,60_0,64_0,61_0,
4:	69,103,119,117,68,82,101,78,105,88,70,107,62_1,32_0,
5:	43,63,22,138,79,145,
6:	119,104,102,129,111,75,118,150,109,71,117,68,82,101,78,105,88,70,107,31_0,58_1,62_2,49_0,56_0,64_1,
7:	125,109,60_1,34_0,
8:	37,
10:	121,93,72,112,144,122,89,114,54_0,36_0,
11:	26_0,
13:	27,65,44,66,133,42,139,95,
14:	29,139,138,95,79,145,
16:	45,131,
22:	110,72,92,47_0,
23:	151,47_1,

MOBsuite plasmids:
AB530:	48,53,18_0,60_1,32_0,61_0,
02a60bb495965b701b8843ec91127d54:	47_0,34_0,
AB528:	31_0,52_0,58_1,54_0,36_0,62_2,49_0,26_0,56_0,64_1,

HyAsP splits:
{'26_0'}
{'64_1', '56_0', '62_2', '31_0', '49_0', '58_1'}
{'47_0'}
{'60_1'}{'34_0'}
{'60_1'}{'34_0'}
{'18_0', '61_0'}{'52_0'}
{'18_0', '61_0'}{'52_0'}
{'32_0'}
{'36_0', '54_0'}

MOBsuite splits:
{'18_0', '61_0'}{'32_0', '60_1'}
{'18_0', '61_0'}{'32_0'}{'60_1'}
{'18_0', '61_0'}{'32_0'}{'60_1'}
{'52_0'}{'64_1', '56_0', '26_0', '62_2', '31_0', '49_0', '58_1', '36_0', '54_0'}
{'52_0'}{'64_1', '56_0', '62_2', '31_0', '49_0', '58_1'}{'36_0', '54_0', '26_0'}
{'52_0'}{'64_1', '56_0', '62_2', '31_0', '49_0', '58_1'}{'36_0', '54_0'}{'26_0'}
{'52_0'}{'64_1', '56_0', '62_2', '31_0', '49_0', '58_1'}{'36_0', '54_0'}{'26_0'}
{'34_0'}{'47_0'}
{'34_0'}{'47_0'}
#-------------------------



Combination 47
Score:		0.645824102345141

Decomposition of weighted lengths HyAsP|MOBsuite|Common:		133056.0|4515.0|22760.0|

HyAsP plasmids:
2:	91,116,99,40,74,45,152,55,
3:	76,111,118,150,129,100,104,96,69,85,117,67,81,101,77,105,87,70,106,18_0,52_0,58_0,62_0,60_0,64_0,61_0,
4:	69,103,119,117,68,82,101,78,105,88,70,107,62_1,32_0,
5:	43,63,22,138,79,145,
6:	119,104,102,129,111,75,118,150,109,71,117,68,82,101,78,105,88,70,107,31_0,58_1,62_2,49_0,56_0,64_1,
7:	125,109,60_1,34_0,
8:	37,
10:	121,93,72,112,144,122,89,114,54_0,36_0,
11:	26_0,
13:	27,65,44,66,133,42,139,95,
14:	29,139,138,95,79,145,
16:	45,131,
22:	110,72,92,47_0,
23:	151,47_1,

MOBsuite plasmids:
AB530:	48,53,18_0,60_1,32_0,61_0,
02a60bb495965b701b8843ec91127d54:	47_1,34_0,
AB528:	31_0,52_0,58_1,54_0,36_0,62_2,49_0,26_0,56_0,64_1,

HyAsP splits:
{'26_0'}
{'64_1', '56_0', '62_2', '31_0', '49_0', '58_1'}
{'60_1'}{'34_0'}
{'60_1'}{'34_0'}
{'18_0', '61_0'}{'52_0'}
{'18_0', '61_0'}{'52_0'}
{'32_0'}
{'47_1'}
{'36_0', '54_0'}

MOBsuite splits:
{'18_0', '61_0'}{'32_0', '60_1'}
{'18_0', '61_0'}{'32_0'}{'60_1'}
{'18_0', '61_0'}{'32_0'}{'60_1'}
{'52_0'}{'64_1', '56_0', '26_0', '62_2', '31_0', '49_0', '58_1', '36_0', '54_0'}
{'52_0'}{'64_1', '56_0', '62_2', '31_0', '49_0', '58_1'}{'36_0', '54_0', '26_0'}
{'52_0'}{'64_1', '56_0', '62_2', '31_0', '49_0', '58_1'}{'36_0', '54_0'}{'26_0'}
{'52_0'}{'64_1', '56_0', '62_2', '31_0', '49_0', '58_1'}{'36_0', '54_0'}{'26_0'}
{'34_0'}{'47_1'}
{'34_0'}{'47_1'}
#-------------------------



Combination 17
Score:		0.6466579123331373

Decomposition of weighted lengths HyAsP|MOBsuite|Common:		133056.0|4515.0|22967.0|

HyAsP plasmids:
2:	91,116,99,40,74,45,152,55,
3:	76,111,118,150,129,100,104,96,69,85,117,67,81,101,77,105,87,70,106,18_0,52_0,58_0,62_0,60_0,64_0,61_0,
4:	69,103,119,117,68,82,101,78,105,88,70,107,62_1,32_0,
5:	43,63,22,138,79,145,
6:	119,104,102,129,111,75,118,150,109,71,117,68,82,101,78,105,88,70,107,31_0,58_1,62_2,49_0,56_0,64_1,
7:	125,109,60_1,34_0,
8:	37,
10:	121,93,72,112,144,122,89,114,54_0,36_0,
11:	26_0,
13:	27,65,44,66,133,42,139,95,
14:	29,139,138,95,79,145,
16:	45,131,
22:	110,72,92,47_0,
23:	151,47_1,

MOBsuite plasmids:
AB530:	48,53,18_0,60_0,32_0,61_0,
02a60bb495965b701b8843ec91127d54:	47_0,34_0,
AB528:	31_0,52_0,58_0,54_0,36_0,62_2,49_0,26_0,56_0,64_1,

HyAsP splits:
{'26_0'}
{'64_1', '56_0', '62_2', '31_0', '49_0'}
{'60_0', '18_0', '61_0'}{'58_0', '52_0'}
{'60_0', '18_0', '61_0'}{'58_0', '52_0'}
{'32_0'}
{'36_0', '54_0'}
{'47_0'}
{'34_0'}

MOBsuite splits:
{'60_0', '18_0', '61_0'}{'32_0'}
{'60_0', '18_0', '61_0'}{'32_0'}
{'58_0', '52_0'}{'64_1', '56_0', '26_0', '62_2', '31_0', '49_0', '36_0', '54_0'}
{'58_0', '52_0'}{'64_1', '56_0', '62_2', '31_0', '49_0'}{'36_0', '54_0', '26_0'}
{'58_0', '52_0'}{'64_1', '56_0', '62_2', '31_0', '49_0'}{'36_0', '54_0'}{'26_0'}
{'58_0', '52_0'}{'64_1', '56_0', '62_2', '31_0', '49_0'}{'36_0', '54_0'}{'26_0'}
{'34_0'}{'47_0'}
{'34_0'}{'47_0'}
#-------------------------



Combination 19
Score:		0.6466579123331373

Decomposition of weighted lengths HyAsP|MOBsuite|Common:		133056.0|4515.0|22967.0|

HyAsP plasmids:
2:	91,116,99,40,74,45,152,55,
3:	76,111,118,150,129,100,104,96,69,85,117,67,81,101,77,105,87,70,106,18_0,52_0,58_0,62_0,60_0,64_0,61_0,
4:	69,103,119,117,68,82,101,78,105,88,70,107,62_1,32_0,
5:	43,63,22,138,79,145,
6:	119,104,102,129,111,75,118,150,109,71,117,68,82,101,78,105,88,70,107,31_0,58_1,62_2,49_0,56_0,64_1,
7:	125,109,60_1,34_0,
8:	37,
10:	121,93,72,112,144,122,89,114,54_0,36_0,
11:	26_0,
13:	27,65,44,66,133,42,139,95,
14:	29,139,138,95,79,145,
16:	45,131,
22:	110,72,92,47_0,
23:	151,47_1,

MOBsuite plasmids:
AB530:	48,53,18_0,60_0,32_0,61_0,
02a60bb495965b701b8843ec91127d54:	47_1,34_0,
AB528:	31_0,52_0,58_0,54_0,36_0,62_2,49_0,26_0,56_0,64_1,

HyAsP splits:
{'26_0'}
{'64_1', '56_0', '62_2', '31_0', '49_0'}
{'60_0', '18_0', '61_0'}{'58_0', '52_0'}
{'60_0', '18_0', '61_0'}{'58_0', '52_0'}
{'32_0'}
{'36_0', '54_0'}
{'47_1'}
{'34_0'}

MOBsuite splits:
{'60_0', '18_0', '61_0'}{'32_0'}
{'60_0', '18_0', '61_0'}{'32_0'}
{'58_0', '52_0'}{'64_1', '56_0', '26_0', '62_2', '31_0', '49_0', '36_0', '54_0'}
{'58_0', '52_0'}{'64_1', '56_0', '62_2', '31_0', '49_0'}{'36_0', '54_0', '26_0'}
{'58_0', '52_0'}{'64_1', '56_0', '62_2', '31_0', '49_0'}{'36_0', '54_0'}{'26_0'}
{'58_0', '52_0'}{'64_1', '56_0', '62_2', '31_0', '49_0'}{'36_0', '54_0'}{'26_0'}
{'34_0'}{'47_1'}
{'34_0'}{'47_1'}
#-------------------------



Combination 24
Score:		0.6501139943123686

Decomposition of weighted lengths HyAsP|MOBsuite|Common:		133056.0|4515.0|23825.0|

HyAsP plasmids:
2:	91,116,99,40,74,45,152,55,
3:	76,111,118,150,129,100,104,96,69,85,117,67,81,101,77,105,87,70,106,18_0,52_0,58_0,62_0,60_0,64_0,61_0,
4:	69,103,119,117,68,82,101,78,105,88,70,107,62_1,32_0,
5:	43,63,22,138,79,145,
6:	119,104,102,129,111,75,118,150,109,71,117,68,82,101,78,105,88,70,107,31_0,58_1,62_2,49_0,56_0,64_1,
7:	125,109,60_1,34_0,
8:	37,
10:	121,93,72,112,144,122,89,114,54_0,36_0,
11:	26_0,
13:	27,65,44,66,133,42,139,95,
14:	29,139,138,95,79,145,
16:	45,131,
22:	110,72,92,47_0,
23:	151,47_1,

MOBsuite plasmids:
AB530:	48,53,18_0,60_0,32_0,61_0,
02a60bb495965b701b8843ec91127d54:	47_0,34_0,
AB528:	31_0,52_0,58_1,54_0,36_0,62_0,49_0,26_0,56_0,64_0,

HyAsP splits:
{'26_0'}
{'49_0', '58_1', '56_0', '31_0'}
{'60_0', '18_0', '61_0'}{'52_0', '64_0', '62_0'}
{'60_0', '18_0', '61_0'}{'52_0', '64_0', '62_0'}
{'32_0'}
{'36_0', '54_0'}
{'47_0'}
{'34_0'}

MOBsuite splits:
{'60_0', '18_0', '61_0'}{'32_0'}
{'60_0', '18_0', '61_0'}{'32_0'}
{'52_0', '64_0', '62_0'}{'56_0', '26_0', '31_0', '49_0', '58_1', '36_0', '54_0'}
{'52_0', '64_0', '62_0'}{'49_0', '58_1', '56_0', '31_0'}{'36_0', '54_0', '26_0'}
{'52_0', '64_0', '62_0'}{'49_0', '58_1', '56_0', '31_0'}{'36_0', '54_0'}{'26_0'}
{'52_0', '64_0', '62_0'}{'49_0', '58_1', '56_0', '31_0'}{'36_0', '54_0'}{'26_0'}
{'34_0'}{'47_0'}
{'34_0'}{'47_0'}
#-------------------------



Combination 26
Score:		0.6501139943123686

Decomposition of weighted lengths HyAsP|MOBsuite|Common:		133056.0|4515.0|23825.0|

HyAsP plasmids:
2:	91,116,99,40,74,45,152,55,
3:	76,111,118,150,129,100,104,96,69,85,117,67,81,101,77,105,87,70,106,18_0,52_0,58_0,62_0,60_0,64_0,61_0,
4:	69,103,119,117,68,82,101,78,105,88,70,107,62_1,32_0,
5:	43,63,22,138,79,145,
6:	119,104,102,129,111,75,118,150,109,71,117,68,82,101,78,105,88,70,107,31_0,58_1,62_2,49_0,56_0,64_1,
7:	125,109,60_1,34_0,
8:	37,
10:	121,93,72,112,144,122,89,114,54_0,36_0,
11:	26_0,
13:	27,65,44,66,133,42,139,95,
14:	29,139,138,95,79,145,
16:	45,131,
22:	110,72,92,47_0,
23:	151,47_1,

MOBsuite plasmids:
AB530:	48,53,18_0,60_0,32_0,61_0,
02a60bb495965b701b8843ec91127d54:	47_1,34_0,
AB528:	31_0,52_0,58_1,54_0,36_0,62_0,49_0,26_0,56_0,64_0,

HyAsP splits:
{'26_0'}
{'49_0', '58_1', '56_0', '31_0'}
{'60_0', '18_0', '61_0'}{'52_0', '64_0', '62_0'}
{'60_0', '18_0', '61_0'}{'52_0', '64_0', '62_0'}
{'32_0'}
{'36_0', '54_0'}
{'47_1'}
{'34_0'}

MOBsuite splits:
{'60_0', '18_0', '61_0'}{'32_0'}
{'60_0', '18_0', '61_0'}{'32_0'}
{'52_0', '64_0', '62_0'}{'56_0', '26_0', '31_0', '49_0', '58_1', '36_0', '54_0'}
{'52_0', '64_0', '62_0'}{'49_0', '58_1', '56_0', '31_0'}{'36_0', '54_0', '26_0'}
{'52_0', '64_0', '62_0'}{'49_0', '58_1', '56_0', '31_0'}{'36_0', '54_0'}{'26_0'}
{'52_0', '64_0', '62_0'}{'49_0', '58_1', '56_0', '31_0'}{'36_0', '54_0'}{'26_0'}
{'34_0'}{'47_1'}
{'34_0'}{'47_1'}
#-------------------------



Combination 32
Score:		0.6501139943123686

Decomposition of weighted lengths HyAsP|MOBsuite|Common:		133056.0|4515.0|23825.0|

HyAsP plasmids:
2:	91,116,99,40,74,45,152,55,
3:	76,111,118,150,129,100,104,96,69,85,117,67,81,101,77,105,87,70,106,18_0,52_0,58_0,62_0,60_0,64_0,61_0,
4:	69,103,119,117,68,82,101,78,105,88,70,107,62_1,32_0,
5:	43,63,22,138,79,145,
6:	119,104,102,129,111,75,118,150,109,71,117,68,82,101,78,105,88,70,107,31_0,58_1,62_2,49_0,56_0,64_1,
7:	125,109,60_1,34_0,
8:	37,
10:	121,93,72,112,144,122,89,114,54_0,36_0,
11:	26_0,
13:	27,65,44,66,133,42,139,95,
14:	29,139,138,95,79,145,
16:	45,131,
22:	110,72,92,47_0,
23:	151,47_1,

MOBsuite plasmids:
AB530:	48,53,18_0,60_0,32_0,61_0,
02a60bb495965b701b8843ec91127d54:	47_0,34_0,
AB528:	31_0,52_0,58_1,54_0,36_0,62_1,49_0,26_0,56_0,64_0,

HyAsP splits:
{'26_0'}
{'49_0', '58_1', '56_0', '31_0'}
{'60_0', '18_0', '61_0'}{'52_0', '64_0'}
{'60_0', '18_0', '61_0'}{'52_0', '64_0'}
{'32_0'}{'62_1'}
{'32_0'}{'62_1'}
{'36_0', '54_0'}
{'47_0'}
{'34_0'}

MOBsuite splits:
{'60_0', '18_0', '61_0'}{'32_0'}
{'60_0', '18_0', '61_0'}{'32_0'}
{'52_0', '64_0'}{'56_0', '62_1', '26_0', '31_0', '49_0', '58_1', '36_0', '54_0'}
{'52_0', '64_0'}{'62_1'}{'56_0', '26_0', '31_0', '49_0', '58_1', '36_0', '54_0'}
{'52_0', '64_0'}{'62_1'}{'49_0', '58_1', '56_0', '31_0'}{'36_0', '54_0', '26_0'}
{'52_0', '64_0'}{'62_1'}{'49_0', '58_1', '56_0', '31_0'}{'36_0', '54_0'}{'26_0'}
{'52_0', '64_0'}{'62_1'}{'49_0', '58_1', '56_0', '31_0'}{'36_0', '54_0'}{'26_0'}
{'34_0'}{'47_0'}
{'34_0'}{'47_0'}
#-------------------------



Combination 34
Score:		0.6501139943123686

Decomposition of weighted lengths HyAsP|MOBsuite|Common:		133056.0|4515.0|23825.0|

HyAsP plasmids:
2:	91,116,99,40,74,45,152,55,
3:	76,111,118,150,129,100,104,96,69,85,117,67,81,101,77,105,87,70,106,18_0,52_0,58_0,62_0,60_0,64_0,61_0,
4:	69,103,119,117,68,82,101,78,105,88,70,107,62_1,32_0,
5:	43,63,22,138,79,145,
6:	119,104,102,129,111,75,118,150,109,71,117,68,82,101,78,105,88,70,107,31_0,58_1,62_2,49_0,56_0,64_1,
7:	125,109,60_1,34_0,
8:	37,
10:	121,93,72,112,144,122,89,114,54_0,36_0,
11:	26_0,
13:	27,65,44,66,133,42,139,95,
14:	29,139,138,95,79,145,
16:	45,131,
22:	110,72,92,47_0,
23:	151,47_1,

MOBsuite plasmids:
AB530:	48,53,18_0,60_0,32_0,61_0,
02a60bb495965b701b8843ec91127d54:	47_1,34_0,
AB528:	31_0,52_0,58_1,54_0,36_0,62_1,49_0,26_0,56_0,64_0,

HyAsP splits:
{'26_0'}
{'49_0', '58_1', '56_0', '31_0'}
{'60_0', '18_0', '61_0'}{'52_0', '64_0'}
{'60_0', '18_0', '61_0'}{'52_0', '64_0'}
{'32_0'}{'62_1'}
{'32_0'}{'62_1'}
{'36_0', '54_0'}
{'47_1'}
{'34_0'}

MOBsuite splits:
{'60_0', '18_0', '61_0'}{'32_0'}
{'60_0', '18_0', '61_0'}{'32_0'}
{'52_0', '64_0'}{'56_0', '62_1', '26_0', '31_0', '49_0', '58_1', '36_0', '54_0'}
{'52_0', '64_0'}{'62_1'}{'56_0', '26_0', '31_0', '49_0', '58_1', '36_0', '54_0'}
{'52_0', '64_0'}{'62_1'}{'49_0', '58_1', '56_0', '31_0'}{'36_0', '54_0', '26_0'}
{'52_0', '64_0'}{'62_1'}{'49_0', '58_1', '56_0', '31_0'}{'36_0', '54_0'}{'26_0'}
{'52_0', '64_0'}{'62_1'}{'49_0', '58_1', '56_0', '31_0'}{'36_0', '54_0'}{'26_0'}
{'34_0'}{'47_1'}
{'34_0'}{'47_1'}
#-------------------------



Combination 44
Score:		0.6501703872584167

Decomposition of weighted lengths HyAsP|MOBsuite|Common:		133056.0|4515.0|23839.0|

HyAsP plasmids:
2:	91,116,99,40,74,45,152,55,
3:	76,111,118,150,129,100,104,96,69,85,117,67,81,101,77,105,87,70,106,18_0,52_0,58_0,62_0,60_0,64_0,61_0,
4:	69,103,119,117,68,82,101,78,105,88,70,107,62_1,32_0,
5:	43,63,22,138,79,145,
6:	119,104,102,129,111,75,118,150,109,71,117,68,82,101,78,105,88,70,107,31_0,58_1,62_2,49_0,56_0,64_1,
7:	125,109,60_1,34_0,
8:	37,
10:	121,93,72,112,144,122,89,114,54_0,36_0,
11:	26_0,
13:	27,65,44,66,133,42,139,95,
14:	29,139,138,95,79,145,
16:	45,131,
22:	110,72,92,47_0,
23:	151,47_1,

MOBsuite plasmids:
AB530:	48,53,18_0,60_1,32_0,61_0,
02a60bb495965b701b8843ec91127d54:	47_0,34_0,
AB528:	31_0,52_0,58_1,54_0,36_0,62_2,49_0,26_0,56_0,64_0,

HyAsP splits:
{'26_0'}
{'56_0', '31_0', '62_2', '49_0', '58_1'}
{'47_0'}
{'60_1'}{'34_0'}
{'60_1'}{'34_0'}
{'18_0', '61_0'}{'52_0', '64_0'}
{'18_0', '61_0'}{'52_0', '64_0'}
{'32_0'}
{'36_0', '54_0'}

MOBsuite splits:
{'18_0', '61_0'}{'32_0', '60_1'}
{'18_0', '61_0'}{'32_0'}{'60_1'}
{'18_0', '61_0'}{'32_0'}{'60_1'}
{'52_0', '64_0'}{'56_0', '26_0', '62_2', '49_0', '31_0', '36_0', '54_0', '58_1'}
{'52_0', '64_0'}{'56_0', '31_0', '62_2', '49_0', '58_1'}{'36_0', '54_0', '26_0'}
{'52_0', '64_0'}{'56_0', '31_0', '62_2', '49_0', '58_1'}{'36_0', '54_0'}{'26_0'}
{'52_0', '64_0'}{'56_0', '31_0', '62_2', '49_0', '58_1'}{'36_0', '54_0'}{'26_0'}
{'34_0'}{'47_0'}
{'34_0'}{'47_0'}
#-------------------------



Combination 46
Score:		0.6501703872584167

Decomposition of weighted lengths HyAsP|MOBsuite|Common:		133056.0|4515.0|23839.0|

HyAsP plasmids:
2:	91,116,99,40,74,45,152,55,
3:	76,111,118,150,129,100,104,96,69,85,117,67,81,101,77,105,87,70,106,18_0,52_0,58_0,62_0,60_0,64_0,61_0,
4:	69,103,119,117,68,82,101,78,105,88,70,107,62_1,32_0,
5:	43,63,22,138,79,145,
6:	119,104,102,129,111,75,118,150,109,71,117,68,82,101,78,105,88,70,107,31_0,58_1,62_2,49_0,56_0,64_1,
7:	125,109,60_1,34_0,
8:	37,
10:	121,93,72,112,144,122,89,114,54_0,36_0,
11:	26_0,
13:	27,65,44,66,133,42,139,95,
14:	29,139,138,95,79,145,
16:	45,131,
22:	110,72,92,47_0,
23:	151,47_1,

MOBsuite plasmids:
AB530:	48,53,18_0,60_1,32_0,61_0,
02a60bb495965b701b8843ec91127d54:	47_1,34_0,
AB528:	31_0,52_0,58_1,54_0,36_0,62_2,49_0,26_0,56_0,64_0,

HyAsP splits:
{'26_0'}
{'56_0', '31_0', '62_2', '49_0', '58_1'}
{'60_1'}{'34_0'}
{'60_1'}{'34_0'}
{'18_0', '61_0'}{'52_0', '64_0'}
{'18_0', '61_0'}{'52_0', '64_0'}
{'32_0'}
{'47_1'}
{'36_0', '54_0'}

MOBsuite splits:
{'18_0', '61_0'}{'32_0', '60_1'}
{'18_0', '61_0'}{'32_0'}{'60_1'}
{'18_0', '61_0'}{'32_0'}{'60_1'}
{'52_0', '64_0'}{'56_0', '26_0', '62_2', '49_0', '31_0', '36_0', '54_0', '58_1'}
{'52_0', '64_0'}{'56_0', '31_0', '62_2', '49_0', '58_1'}{'36_0', '54_0', '26_0'}
{'52_0', '64_0'}{'56_0', '31_0', '62_2', '49_0', '58_1'}{'36_0', '54_0'}{'26_0'}
{'52_0', '64_0'}{'56_0', '31_0', '62_2', '49_0', '58_1'}{'36_0', '54_0'}{'26_0'}
{'34_0'}{'47_1'}
{'34_0'}{'47_1'}
#-------------------------



Combination 29
Score:		0.6503315099614111

Decomposition of weighted lengths HyAsP|MOBsuite|Common:		133056.0|4515.0|23879.0|

HyAsP plasmids:
2:	91,116,99,40,74,45,152,55,
3:	76,111,118,150,129,100,104,96,69,85,117,67,81,101,77,105,87,70,106,18_0,52_0,58_0,62_0,60_0,64_0,61_0,
4:	69,103,119,117,68,82,101,78,105,88,70,107,62_1,32_0,
5:	43,63,22,138,79,145,
6:	119,104,102,129,111,75,118,150,109,71,117,68,82,101,78,105,88,70,107,31_0,58_1,62_2,49_0,56_0,64_1,
7:	125,109,60_1,34_0,
8:	37,
10:	121,93,72,112,144,122,89,114,54_0,36_0,
11:	26_0,
13:	27,65,44,66,133,42,139,95,
14:	29,139,138,95,79,145,
16:	45,131,
22:	110,72,92,47_0,
23:	151,47_1,

MOBsuite plasmids:
AB530:	48,53,18_0,60_1,32_0,61_0,
02a60bb495965b701b8843ec91127d54:	47_0,34_0,
AB528:	31_0,52_0,58_1,54_0,36_0,62_0,49_0,26_0,56_0,64_1,

HyAsP splits:
{'26_0'}
{'64_1', '56_0', '31_0', '49_0', '58_1'}
{'47_0'}
{'60_1'}{'34_0'}
{'60_1'}{'34_0'}
{'18_0', '61_0'}{'52_0', '62_0'}
{'18_0', '61_0'}{'52_0', '62_0'}
{'32_0'}
{'36_0', '54_0'}

MOBsuite splits:
{'18_0', '61_0'}{'32_0', '60_1'}
{'18_0', '61_0'}{'32_0'}{'60_1'}
{'18_0', '61_0'}{'32_0'}{'60_1'}
{'52_0', '62_0'}{'64_1', '56_0', '26_0', '31_0', '49_0', '58_1', '36_0', '54_0'}
{'52_0', '62_0'}{'64_1', '56_0', '31_0', '49_0', '58_1'}{'36_0', '54_0', '26_0'}
{'52_0', '62_0'}{'64_1', '56_0', '31_0', '49_0', '58_1'}{'36_0', '54_0'}{'26_0'}
{'52_0', '62_0'}{'64_1', '56_0', '31_0', '49_0', '58_1'}{'36_0', '54_0'}{'26_0'}
{'34_0'}{'47_0'}
{'34_0'}{'47_0'}
#-------------------------



Combination 31
Score:		0.6503315099614111

Decomposition of weighted lengths HyAsP|MOBsuite|Common:		133056.0|4515.0|23879.0|

HyAsP plasmids:
2:	91,116,99,40,74,45,152,55,
3:	76,111,118,150,129,100,104,96,69,85,117,67,81,101,77,105,87,70,106,18_0,52_0,58_0,62_0,60_0,64_0,61_0,
4:	69,103,119,117,68,82,101,78,105,88,70,107,62_1,32_0,
5:	43,63,22,138,79,145,
6:	119,104,102,129,111,75,118,150,109,71,117,68,82,101,78,105,88,70,107,31_0,58_1,62_2,49_0,56_0,64_1,
7:	125,109,60_1,34_0,
8:	37,
10:	121,93,72,112,144,122,89,114,54_0,36_0,
11:	26_0,
13:	27,65,44,66,133,42,139,95,
14:	29,139,138,95,79,145,
16:	45,131,
22:	110,72,92,47_0,
23:	151,47_1,

MOBsuite plasmids:
AB530:	48,53,18_0,60_1,32_0,61_0,
02a60bb495965b701b8843ec91127d54:	47_1,34_0,
AB528:	31_0,52_0,58_1,54_0,36_0,62_0,49_0,26_0,56_0,64_1,

HyAsP splits:
{'26_0'}
{'64_1', '56_0', '31_0', '49_0', '58_1'}
{'60_1'}{'34_0'}
{'60_1'}{'34_0'}
{'18_0', '61_0'}{'52_0', '62_0'}
{'18_0', '61_0'}{'52_0', '62_0'}
{'32_0'}
{'47_1'}
{'36_0', '54_0'}

MOBsuite splits:
{'18_0', '61_0'}{'32_0', '60_1'}
{'18_0', '61_0'}{'32_0'}{'60_1'}
{'18_0', '61_0'}{'32_0'}{'60_1'}
{'52_0', '62_0'}{'64_1', '56_0', '26_0', '31_0', '49_0', '58_1', '36_0', '54_0'}
{'52_0', '62_0'}{'64_1', '56_0', '31_0', '49_0', '58_1'}{'36_0', '54_0', '26_0'}
{'52_0', '62_0'}{'64_1', '56_0', '31_0', '49_0', '58_1'}{'36_0', '54_0'}{'26_0'}
{'52_0', '62_0'}{'64_1', '56_0', '31_0', '49_0', '58_1'}{'36_0', '54_0'}{'26_0'}
{'34_0'}{'47_1'}
{'34_0'}{'47_1'}
#-------------------------



Combination 37
Score:		0.6503315099614111

Decomposition of weighted lengths HyAsP|MOBsuite|Common:		133056.0|4515.0|23879.0|

HyAsP plasmids:
2:	91,116,99,40,74,45,152,55,
3:	76,111,118,150,129,100,104,96,69,85,117,67,81,101,77,105,87,70,106,18_0,52_0,58_0,62_0,60_0,64_0,61_0,
4:	69,103,119,117,68,82,101,78,105,88,70,107,62_1,32_0,
5:	43,63,22,138,79,145,
6:	119,104,102,129,111,75,118,150,109,71,117,68,82,101,78,105,88,70,107,31_0,58_1,62_2,49_0,56_0,64_1,
7:	125,109,60_1,34_0,
8:	37,
10:	121,93,72,112,144,122,89,114,54_0,36_0,
11:	26_0,
13:	27,65,44,66,133,42,139,95,
14:	29,139,138,95,79,145,
16:	45,131,
22:	110,72,92,47_0,
23:	151,47_1,

MOBsuite plasmids:
AB530:	48,53,18_0,60_1,32_0,61_0,
02a60bb495965b701b8843ec91127d54:	47_0,34_0,
AB528:	31_0,52_0,58_1,54_0,36_0,62_1,49_0,26_0,56_0,64_1,

HyAsP splits:
{'26_0'}
{'64_1', '56_0', '31_0', '49_0', '58_1'}
{'47_0'}
{'60_1'}{'34_0'}
{'60_1'}{'34_0'}
{'18_0', '61_0'}{'52_0'}
{'18_0', '61_0'}{'52_0'}
{'32_0'}{'62_1'}
{'32_0'}{'62_1'}
{'36_0', '54_0'}

MOBsuite splits:
{'18_0', '61_0'}{'32_0', '60_1'}
{'18_0', '61_0'}{'32_0'}{'60_1'}
{'18_0', '61_0'}{'32_0'}{'60_1'}
{'52_0'}{'64_1', '56_0', '62_1', '26_0', '31_0', '49_0', '58_1', '36_0', '54_0'}
{'52_0'}{'62_1'}{'64_1', '56_0', '26_0', '49_0', '31_0', '36_0', '54_0', '58_1'}
{'52_0'}{'62_1'}{'64_1', '56_0', '31_0', '49_0', '58_1'}{'36_0', '54_0', '26_0'}
{'52_0'}{'62_1'}{'64_1', '56_0', '31_0', '49_0', '58_1'}{'36_0', '54_0'}{'26_0'}
{'52_0'}{'62_1'}{'64_1', '56_0', '31_0', '49_0', '58_1'}{'36_0', '54_0'}{'26_0'}
{'34_0'}{'47_0'}
{'34_0'}{'47_0'}
#-------------------------



Combination 39
Score:		0.6503315099614111

Decomposition of weighted lengths HyAsP|MOBsuite|Common:		133056.0|4515.0|23879.0|

HyAsP plasmids:
2:	91,116,99,40,74,45,152,55,
3:	76,111,118,150,129,100,104,96,69,85,117,67,81,101,77,105,87,70,106,18_0,52_0,58_0,62_0,60_0,64_0,61_0,
4:	69,103,119,117,68,82,101,78,105,88,70,107,62_1,32_0,
5:	43,63,22,138,79,145,
6:	119,104,102,129,111,75,118,150,109,71,117,68,82,101,78,105,88,70,107,31_0,58_1,62_2,49_0,56_0,64_1,
7:	125,109,60_1,34_0,
8:	37,
10:	121,93,72,112,144,122,89,114,54_0,36_0,
11:	26_0,
13:	27,65,44,66,133,42,139,95,
14:	29,139,138,95,79,145,
16:	45,131,
22:	110,72,92,47_0,
23:	151,47_1,

MOBsuite plasmids:
AB530:	48,53,18_0,60_1,32_0,61_0,
02a60bb495965b701b8843ec91127d54:	47_1,34_0,
AB528:	31_0,52_0,58_1,54_0,36_0,62_1,49_0,26_0,56_0,64_1,

HyAsP splits:
{'26_0'}
{'64_1', '56_0', '31_0', '49_0', '58_1'}
{'60_1'}{'34_0'}
{'60_1'}{'34_0'}
{'18_0', '61_0'}{'52_0'}
{'18_0', '61_0'}{'52_0'}
{'32_0'}{'62_1'}
{'32_0'}{'62_1'}
{'47_1'}
{'36_0', '54_0'}

MOBsuite splits:
{'18_0', '61_0'}{'32_0', '60_1'}
{'18_0', '61_0'}{'32_0'}{'60_1'}
{'18_0', '61_0'}{'32_0'}{'60_1'}
{'52_0'}{'64_1', '56_0', '62_1', '26_0', '31_0', '49_0', '58_1', '36_0', '54_0'}
{'52_0'}{'62_1'}{'64_1', '56_0', '26_0', '49_0', '31_0', '36_0', '54_0', '58_1'}
{'52_0'}{'62_1'}{'64_1', '56_0', '31_0', '49_0', '58_1'}{'36_0', '54_0', '26_0'}
{'52_0'}{'62_1'}{'64_1', '56_0', '31_0', '49_0', '58_1'}{'36_0', '54_0'}{'26_0'}
{'52_0'}{'62_1'}{'64_1', '56_0', '31_0', '49_0', '58_1'}{'36_0', '54_0'}{'26_0'}
{'34_0'}{'47_1'}
{'34_0'}{'47_1'}
#-------------------------



Combination 16
Score:		0.651004197246413

Decomposition of weighted lengths HyAsP|MOBsuite|Common:		133056.0|4515.0|24046.0|

HyAsP plasmids:
2:	91,116,99,40,74,45,152,55,
3:	76,111,118,150,129,100,104,96,69,85,117,67,81,101,77,105,87,70,106,18_0,52_0,58_0,62_0,60_0,64_0,61_0,
4:	69,103,119,117,68,82,101,78,105,88,70,107,62_1,32_0,
5:	43,63,22,138,79,145,
6:	119,104,102,129,111,75,118,150,109,71,117,68,82,101,78,105,88,70,107,31_0,58_1,62_2,49_0,56_0,64_1,
7:	125,109,60_1,34_0,
8:	37,
10:	121,93,72,112,144,122,89,114,54_0,36_0,
11:	26_0,
13:	27,65,44,66,133,42,139,95,
14:	29,139,138,95,79,145,
16:	45,131,
22:	110,72,92,47_0,
23:	151,47_1,

MOBsuite plasmids:
AB530:	48,53,18_0,60_0,32_0,61_0,
02a60bb495965b701b8843ec91127d54:	47_0,34_0,
AB528:	31_0,52_0,58_0,54_0,36_0,62_2,49_0,26_0,56_0,64_0,

HyAsP splits:
{'26_0'}
{'49_0', '56_0', '62_2', '31_0'}
{'60_0', '18_0', '61_0'}{'58_0', '52_0', '64_0'}
{'60_0', '18_0', '61_0'}{'58_0', '52_0', '64_0'}
{'32_0'}
{'36_0', '54_0'}
{'47_0'}
{'34_0'}

MOBsuite splits:
{'60_0', '18_0', '61_0'}{'32_0'}
{'60_0', '18_0', '61_0'}{'32_0'}
{'58_0', '52_0', '64_0'}{'56_0', '26_0', '62_2', '49_0', '31_0', '36_0', '54_0'}
{'58_0', '52_0', '64_0'}{'49_0', '56_0', '62_2', '31_0'}{'36_0', '54_0', '26_0'}
{'58_0', '52_0', '64_0'}{'49_0', '31_0', '56_0', '62_2'}{'36_0', '54_0'}{'26_0'}
{'58_0', '52_0', '64_0'}{'49_0', '56_0', '62_2', '31_0'}{'36_0', '54_0'}{'26_0'}
{'34_0'}{'47_0'}
{'34_0'}{'47_0'}
#-------------------------



Combination 18
Score:		0.651004197246413

Decomposition of weighted lengths HyAsP|MOBsuite|Common:		133056.0|4515.0|24046.0|

HyAsP plasmids:
2:	91,116,99,40,74,45,152,55,
3:	76,111,118,150,129,100,104,96,69,85,117,67,81,101,77,105,87,70,106,18_0,52_0,58_0,62_0,60_0,64_0,61_0,
4:	69,103,119,117,68,82,101,78,105,88,70,107,62_1,32_0,
5:	43,63,22,138,79,145,
6:	119,104,102,129,111,75,118,150,109,71,117,68,82,101,78,105,88,70,107,31_0,58_1,62_2,49_0,56_0,64_1,
7:	125,109,60_1,34_0,
8:	37,
10:	121,93,72,112,144,122,89,114,54_0,36_0,
11:	26_0,
13:	27,65,44,66,133,42,139,95,
14:	29,139,138,95,79,145,
16:	45,131,
22:	110,72,92,47_0,
23:	151,47_1,

MOBsuite plasmids:
AB530:	48,53,18_0,60_0,32_0,61_0,
02a60bb495965b701b8843ec91127d54:	47_1,34_0,
AB528:	31_0,52_0,58_0,54_0,36_0,62_2,49_0,26_0,56_0,64_0,

HyAsP splits:
{'26_0'}
{'49_0', '56_0', '62_2', '31_0'}
{'60_0', '18_0', '61_0'}{'58_0', '52_0', '64_0'}
{'60_0', '18_0', '61_0'}{'58_0', '52_0', '64_0'}
{'32_0'}
{'36_0', '54_0'}
{'47_1'}
{'34_0'}

MOBsuite splits:
{'60_0', '18_0', '61_0'}{'32_0'}
{'60_0', '18_0', '61_0'}{'32_0'}
{'58_0', '52_0', '64_0'}{'56_0', '26_0', '62_2', '49_0', '31_0', '36_0', '54_0'}
{'58_0', '52_0', '64_0'}{'49_0', '56_0', '62_2', '31_0'}{'36_0', '54_0', '26_0'}
{'58_0', '52_0', '64_0'}{'49_0', '31_0', '56_0', '62_2'}{'36_0', '54_0'}{'26_0'}
{'58_0', '52_0', '64_0'}{'49_0', '56_0', '62_2', '31_0'}{'36_0', '54_0'}{'26_0'}
{'34_0'}{'47_1'}
{'34_0'}{'47_1'}
#-------------------------



Combination 1
Score:		0.6511653199494075

Decomposition of weighted lengths HyAsP|MOBsuite|Common:		133056.0|4515.0|24086.0|

HyAsP plasmids:
2:	91,116,99,40,74,45,152,55,
3:	76,111,118,150,129,100,104,96,69,85,117,67,81,101,77,105,87,70,106,18_0,52_0,58_0,62_0,60_0,64_0,61_0,
4:	69,103,119,117,68,82,101,78,105,88,70,107,62_1,32_0,
5:	43,63,22,138,79,145,
6:	119,104,102,129,111,75,118,150,109,71,117,68,82,101,78,105,88,70,107,31_0,58_1,62_2,49_0,56_0,64_1,
7:	125,109,60_1,34_0,
8:	37,
10:	121,93,72,112,144,122,89,114,54_0,36_0,
11:	26_0,
13:	27,65,44,66,133,42,139,95,
14:	29,139,138,95,79,145,
16:	45,131,
22:	110,72,92,47_0,
23:	151,47_1,

MOBsuite plasmids:
AB530:	48,53,18_0,60_0,32_0,61_0,
02a60bb495965b701b8843ec91127d54:	47_0,34_0,
AB528:	31_0,52_0,58_0,54_0,36_0,62_0,49_0,26_0,56_0,64_1,

HyAsP splits:
{'26_0'}
{'49_0', '56_0', '64_1', '31_0'}
{'60_0', '18_0', '61_0'}{'58_0', '52_0', '62_0'}
{'60_0', '18_0', '61_0'}{'58_0', '52_0', '62_0'}
{'32_0'}
{'36_0', '54_0'}
{'47_0'}
{'34_0'}

MOBsuite splits:
{'60_0', '18_0', '61_0'}{'32_0'}
{'60_0', '18_0', '61_0'}{'32_0'}
{'58_0', '52_0', '62_0'}{'64_1', '56_0', '26_0', '31_0', '49_0', '36_0', '54_0'}
{'58_0', '52_0', '62_0'}{'49_0', '56_0', '64_1', '31_0'}{'36_0', '54_0', '26_0'}
{'58_0', '52_0', '62_0'}{'49_0', '56_0', '64_1', '31_0'}{'36_0', '54_0'}{'26_0'}
{'58_0', '52_0', '62_0'}{'49_0', '56_0', '64_1', '31_0'}{'36_0', '54_0'}{'26_0'}
{'34_0'}{'47_0'}
{'34_0'}{'47_0'}
#-------------------------



Combination 3
Score:		0.6511653199494075

Decomposition of weighted lengths HyAsP|MOBsuite|Common:		133056.0|4515.0|24086.0|

HyAsP plasmids:
2:	91,116,99,40,74,45,152,55,
3:	76,111,118,150,129,100,104,96,69,85,117,67,81,101,77,105,87,70,106,18_0,52_0,58_0,62_0,60_0,64_0,61_0,
4:	69,103,119,117,68,82,101,78,105,88,70,107,62_1,32_0,
5:	43,63,22,138,79,145,
6:	119,104,102,129,111,75,118,150,109,71,117,68,82,101,78,105,88,70,107,31_0,58_1,62_2,49_0,56_0,64_1,
7:	125,109,60_1,34_0,
8:	37,
10:	121,93,72,112,144,122,89,114,54_0,36_0,
11:	26_0,
13:	27,65,44,66,133,42,139,95,
14:	29,139,138,95,79,145,
16:	45,131,
22:	110,72,92,47_0,
23:	151,47_1,

MOBsuite plasmids:
AB530:	48,53,18_0,60_0,32_0,61_0,
02a60bb495965b701b8843ec91127d54:	47_1,34_0,
AB528:	31_0,52_0,58_0,54_0,36_0,62_0,49_0,26_0,56_0,64_1,

HyAsP splits:
{'26_0'}
{'49_0', '56_0', '64_1', '31_0'}
{'60_0', '18_0', '61_0'}{'58_0', '52_0', '62_0'}
{'60_0', '18_0', '61_0'}{'58_0', '52_0', '62_0'}
{'32_0'}
{'36_0', '54_0'}
{'47_1'}
{'34_0'}

MOBsuite splits:
{'60_0', '18_0', '61_0'}{'32_0'}
{'60_0', '18_0', '61_0'}{'32_0'}
{'58_0', '52_0', '62_0'}{'64_1', '56_0', '26_0', '31_0', '49_0', '36_0', '54_0'}
{'58_0', '52_0', '62_0'}{'49_0', '56_0', '64_1', '31_0'}{'36_0', '54_0', '26_0'}
{'58_0', '52_0', '62_0'}{'49_0', '56_0', '64_1', '31_0'}{'36_0', '54_0'}{'26_0'}
{'58_0', '52_0', '62_0'}{'49_0', '56_0', '64_1', '31_0'}{'36_0', '54_0'}{'26_0'}
{'34_0'}{'47_1'}
{'34_0'}{'47_1'}
#-------------------------



Combination 9
Score:		0.6511653199494075

Decomposition of weighted lengths HyAsP|MOBsuite|Common:		133056.0|4515.0|24086.0|

HyAsP plasmids:
2:	91,116,99,40,74,45,152,55,
3:	76,111,118,150,129,100,104,96,69,85,117,67,81,101,77,105,87,70,106,18_0,52_0,58_0,62_0,60_0,64_0,61_0,
4:	69,103,119,117,68,82,101,78,105,88,70,107,62_1,32_0,
5:	43,63,22,138,79,145,
6:	119,104,102,129,111,75,118,150,109,71,117,68,82,101,78,105,88,70,107,31_0,58_1,62_2,49_0,56_0,64_1,
7:	125,109,60_1,34_0,
8:	37,
10:	121,93,72,112,144,122,89,114,54_0,36_0,
11:	26_0,
13:	27,65,44,66,133,42,139,95,
14:	29,139,138,95,79,145,
16:	45,131,
22:	110,72,92,47_0,
23:	151,47_1,

MOBsuite plasmids:
AB530:	48,53,18_0,60_0,32_0,61_0,
02a60bb495965b701b8843ec91127d54:	47_0,34_0,
AB528:	31_0,52_0,58_0,54_0,36_0,62_1,49_0,26_0,56_0,64_1,

HyAsP splits:
{'26_0'}
{'49_0', '56_0', '64_1', '31_0'}
{'60_0', '18_0', '61_0'}{'58_0', '52_0'}
{'60_0', '18_0', '61_0'}{'58_0', '52_0'}
{'32_0'}{'62_1'}
{'32_0'}{'62_1'}
{'36_0', '54_0'}
{'47_0'}
{'34_0'}

MOBsuite splits:
{'60_0', '18_0', '61_0'}{'32_0'}
{'60_0', '18_0', '61_0'}{'32_0'}
{'58_0', '52_0'}{'64_1', '56_0', '62_1', '26_0', '31_0', '49_0', '36_0', '54_0'}
{'58_0', '52_0'}{'62_1'}{'64_1', '56_0', '26_0', '31_0', '49_0', '36_0', '54_0'}
{'58_0', '52_0'}{'62_1'}{'49_0', '56_0', '64_1', '31_0'}{'36_0', '54_0', '26_0'}
{'58_0', '52_0'}{'62_1'}{'49_0', '56_0', '64_1', '31_0'}{'36_0', '54_0'}{'26_0'}
{'58_0', '52_0'}{'62_1'}{'49_0', '56_0', '64_1', '31_0'}{'36_0', '54_0'}{'26_0'}
{'34_0'}{'47_0'}
{'34_0'}{'47_0'}
#-------------------------



Combination 11
Score:		0.6511653199494075

Decomposition of weighted lengths HyAsP|MOBsuite|Common:		133056.0|4515.0|24086.0|

HyAsP plasmids:
2:	91,116,99,40,74,45,152,55,
3:	76,111,118,150,129,100,104,96,69,85,117,67,81,101,77,105,87,70,106,18_0,52_0,58_0,62_0,60_0,64_0,61_0,
4:	69,103,119,117,68,82,101,78,105,88,70,107,62_1,32_0,
5:	43,63,22,138,79,145,
6:	119,104,102,129,111,75,118,150,109,71,117,68,82,101,78,105,88,70,107,31_0,58_1,62_2,49_0,56_0,64_1,
7:	125,109,60_1,34_0,
8:	37,
10:	121,93,72,112,144,122,89,114,54_0,36_0,
11:	26_0,
13:	27,65,44,66,133,42,139,95,
14:	29,139,138,95,79,145,
16:	45,131,
22:	110,72,92,47_0,
23:	151,47_1,

MOBsuite plasmids:
AB530:	48,53,18_0,60_0,32_0,61_0,
02a60bb495965b701b8843ec91127d54:	47_1,34_0,
AB528:	31_0,52_0,58_0,54_0,36_0,62_1,49_0,26_0,56_0,64_1,

HyAsP splits:
{'26_0'}
{'49_0', '56_0', '64_1', '31_0'}
{'60_0', '18_0', '61_0'}{'58_0', '52_0'}
{'60_0', '18_0', '61_0'}{'58_0', '52_0'}
{'32_0'}{'62_1'}
{'32_0'}{'62_1'}
{'36_0', '54_0'}
{'47_1'}
{'34_0'}

MOBsuite splits:
{'60_0', '18_0', '61_0'}{'32_0'}
{'60_0', '18_0', '61_0'}{'32_0'}
{'58_0', '52_0'}{'64_1', '56_0', '62_1', '26_0', '31_0', '49_0', '36_0', '54_0'}
{'58_0', '52_0'}{'62_1'}{'64_1', '56_0', '26_0', '31_0', '49_0', '36_0', '54_0'}
{'58_0', '52_0'}{'62_1'}{'49_0', '56_0', '64_1', '31_0'}{'36_0', '54_0', '26_0'}
{'58_0', '52_0'}{'62_1'}{'49_0', '56_0', '64_1', '31_0'}{'36_0', '54_0'}{'26_0'}
{'58_0', '52_0'}{'62_1'}{'49_0', '56_0', '64_1', '31_0'}{'36_0', '54_0'}{'26_0'}
{'34_0'}{'47_1'}
{'34_0'}{'47_1'}
#-------------------------



Combination 21
Score:		0.6512217128954555

Decomposition of weighted lengths HyAsP|MOBsuite|Common:		133056.0|4515.0|24100.0|

HyAsP plasmids:
2:	91,116,99,40,74,45,152,55,
3:	76,111,118,150,129,100,104,96,69,85,117,67,81,101,77,105,87,70,106,18_0,52_0,58_0,62_0,60_0,64_0,61_0,
4:	69,103,119,117,68,82,101,78,105,88,70,107,62_1,32_0,
5:	43,63,22,138,79,145,
6:	119,104,102,129,111,75,118,150,109,71,117,68,82,101,78,105,88,70,107,31_0,58_1,62_2,49_0,56_0,64_1,
7:	125,109,60_1,34_0,
8:	37,
10:	121,93,72,112,144,122,89,114,54_0,36_0,
11:	26_0,
13:	27,65,44,66,133,42,139,95,
14:	29,139,138,95,79,145,
16:	45,131,
22:	110,72,92,47_0,
23:	151,47_1,

MOBsuite plasmids:
AB530:	48,53,18_0,60_1,32_0,61_0,
02a60bb495965b701b8843ec91127d54:	47_0,34_0,
AB528:	31_0,52_0,58_0,54_0,36_0,62_2,49_0,26_0,56_0,64_1,

HyAsP splits:
{'26_0'}
{'64_1', '56_0', '62_2', '31_0', '49_0'}
{'47_0'}
{'60_1'}{'34_0'}
{'60_1'}{'34_0'}
{'18_0', '61_0'}{'58_0', '52_0'}
{'18_0', '61_0'}{'58_0', '52_0'}
{'32_0'}
{'36_0', '54_0'}

MOBsuite splits:
{'18_0', '61_0'}{'32_0', '60_1'}
{'18_0', '61_0'}{'32_0'}{'60_1'}
{'18_0', '61_0'}{'32_0'}{'60_1'}
{'58_0', '52_0'}{'64_1', '56_0', '26_0', '62_2', '31_0', '49_0', '36_0', '54_0'}
{'58_0', '52_0'}{'64_1', '56_0', '62_2', '31_0', '49_0'}{'36_0', '54_0', '26_0'}
{'58_0', '52_0'}{'64_1', '56_0', '62_2', '31_0', '49_0'}{'36_0', '54_0'}{'26_0'}
{'58_0', '52_0'}{'64_1', '56_0', '62_2', '31_0', '49_0'}{'36_0', '54_0'}{'26_0'}
{'34_0'}{'47_0'}
{'34_0'}{'47_0'}
#-------------------------



Combination 23
Score:		0.6512217128954555

Decomposition of weighted lengths HyAsP|MOBsuite|Common:		133056.0|4515.0|24100.0|

HyAsP plasmids:
2:	91,116,99,40,74,45,152,55,
3:	76,111,118,150,129,100,104,96,69,85,117,67,81,101,77,105,87,70,106,18_0,52_0,58_0,62_0,60_0,64_0,61_0,
4:	69,103,119,117,68,82,101,78,105,88,70,107,62_1,32_0,
5:	43,63,22,138,79,145,
6:	119,104,102,129,111,75,118,150,109,71,117,68,82,101,78,105,88,70,107,31_0,58_1,62_2,49_0,56_0,64_1,
7:	125,109,60_1,34_0,
8:	37,
10:	121,93,72,112,144,122,89,114,54_0,36_0,
11:	26_0,
13:	27,65,44,66,133,42,139,95,
14:	29,139,138,95,79,145,
16:	45,131,
22:	110,72,92,47_0,
23:	151,47_1,

MOBsuite plasmids:
AB530:	48,53,18_0,60_1,32_0,61_0,
02a60bb495965b701b8843ec91127d54:	47_1,34_0,
AB528:	31_0,52_0,58_0,54_0,36_0,62_2,49_0,26_0,56_0,64_1,

HyAsP splits:
{'26_0'}
{'64_1', '56_0', '62_2', '31_0', '49_0'}
{'60_1'}{'34_0'}
{'60_1'}{'34_0'}
{'18_0', '61_0'}{'58_0', '52_0'}
{'18_0', '61_0'}{'58_0', '52_0'}
{'32_0'}
{'47_1'}
{'36_0', '54_0'}

MOBsuite splits:
{'18_0', '61_0'}{'32_0', '60_1'}
{'18_0', '61_0'}{'32_0'}{'60_1'}
{'18_0', '61_0'}{'32_0'}{'60_1'}
{'58_0', '52_0'}{'64_1', '56_0', '26_0', '62_2', '31_0', '49_0', '36_0', '54_0'}
{'58_0', '52_0'}{'64_1', '56_0', '62_2', '31_0', '49_0'}{'36_0', '54_0', '26_0'}
{'58_0', '52_0'}{'64_1', '56_0', '62_2', '31_0', '49_0'}{'36_0', '54_0'}{'26_0'}
{'58_0', '52_0'}{'64_1', '56_0', '62_2', '31_0', '49_0'}{'36_0', '54_0'}{'26_0'}
{'34_0'}{'47_1'}
{'34_0'}{'47_1'}
#-------------------------



Combination 28
Score:		0.6546777948746868

Decomposition of weighted lengths HyAsP|MOBsuite|Common:		133056.0|4515.0|24958.0|

HyAsP plasmids:
2:	91,116,99,40,74,45,152,55,
3:	76,111,118,150,129,100,104,96,69,85,117,67,81,101,77,105,87,70,106,18_0,52_0,58_0,62_0,60_0,64_0,61_0,
4:	69,103,119,117,68,82,101,78,105,88,70,107,62_1,32_0,
5:	43,63,22,138,79,145,
6:	119,104,102,129,111,75,118,150,109,71,117,68,82,101,78,105,88,70,107,31_0,58_1,62_2,49_0,56_0,64_1,
7:	125,109,60_1,34_0,
8:	37,
10:	121,93,72,112,144,122,89,114,54_0,36_0,
11:	26_0,
13:	27,65,44,66,133,42,139,95,
14:	29,139,138,95,79,145,
16:	45,131,
22:	110,72,92,47_0,
23:	151,47_1,

MOBsuite plasmids:
AB530:	48,53,18_0,60_1,32_0,61_0,
02a60bb495965b701b8843ec91127d54:	47_0,34_0,
AB528:	31_0,52_0,58_1,54_0,36_0,62_0,49_0,26_0,56_0,64_0,

HyAsP splits:
{'26_0'}
{'49_0', '58_1', '56_0', '31_0'}
{'47_0'}
{'60_1'}{'34_0'}
{'60_1'}{'34_0'}
{'18_0', '61_0'}{'52_0', '64_0', '62_0'}
{'18_0', '61_0'}{'52_0', '64_0', '62_0'}
{'32_0'}
{'36_0', '54_0'}

MOBsuite splits:
{'18_0', '61_0'}{'32_0', '60_1'}
{'18_0', '61_0'}{'32_0'}{'60_1'}
{'18_0', '61_0'}{'32_0'}{'60_1'}
{'52_0', '64_0', '62_0'}{'56_0', '26_0', '31_0', '49_0', '58_1', '36_0', '54_0'}
{'52_0', '64_0', '62_0'}{'49_0', '58_1', '56_0', '31_0'}{'36_0', '54_0', '26_0'}
{'52_0', '64_0', '62_0'}{'49_0', '58_1', '56_0', '31_0'}{'36_0', '54_0'}{'26_0'}
{'52_0', '64_0', '62_0'}{'49_0', '58_1', '56_0', '31_0'}{'36_0', '54_0'}{'26_0'}
{'34_0'}{'47_0'}
{'34_0'}{'47_0'}
#-------------------------



Combination 30
Score:		0.6546777948746868

Decomposition of weighted lengths HyAsP|MOBsuite|Common:		133056.0|4515.0|24958.0|

HyAsP plasmids:
2:	91,116,99,40,74,45,152,55,
3:	76,111,118,150,129,100,104,96,69,85,117,67,81,101,77,105,87,70,106,18_0,52_0,58_0,62_0,60_0,64_0,61_0,
4:	69,103,119,117,68,82,101,78,105,88,70,107,62_1,32_0,
5:	43,63,22,138,79,145,
6:	119,104,102,129,111,75,118,150,109,71,117,68,82,101,78,105,88,70,107,31_0,58_1,62_2,49_0,56_0,64_1,
7:	125,109,60_1,34_0,
8:	37,
10:	121,93,72,112,144,122,89,114,54_0,36_0,
11:	26_0,
13:	27,65,44,66,133,42,139,95,
14:	29,139,138,95,79,145,
16:	45,131,
22:	110,72,92,47_0,
23:	151,47_1,

MOBsuite plasmids:
AB530:	48,53,18_0,60_1,32_0,61_0,
02a60bb495965b701b8843ec91127d54:	47_1,34_0,
AB528:	31_0,52_0,58_1,54_0,36_0,62_0,49_0,26_0,56_0,64_0,

HyAsP splits:
{'26_0'}
{'49_0', '58_1', '56_0', '31_0'}
{'60_1'}{'34_0'}
{'60_1'}{'34_0'}
{'18_0', '61_0'}{'52_0', '64_0', '62_0'}
{'18_0', '61_0'}{'52_0', '64_0', '62_0'}
{'32_0'}
{'47_1'}
{'36_0', '54_0'}

MOBsuite splits:
{'18_0', '61_0'}{'32_0', '60_1'}
{'18_0', '61_0'}{'32_0'}{'60_1'}
{'18_0', '61_0'}{'32_0'}{'60_1'}
{'52_0', '64_0', '62_0'}{'56_0', '26_0', '31_0', '49_0', '58_1', '36_0', '54_0'}
{'52_0', '64_0', '62_0'}{'49_0', '58_1', '56_0', '31_0'}{'36_0', '54_0', '26_0'}
{'52_0', '64_0', '62_0'}{'49_0', '58_1', '56_0', '31_0'}{'36_0', '54_0'}{'26_0'}
{'52_0', '64_0', '62_0'}{'49_0', '58_1', '56_0', '31_0'}{'36_0', '54_0'}{'26_0'}
{'34_0'}{'47_1'}
{'34_0'}{'47_1'}
#-------------------------



Combination 36
Score:		0.6546777948746868

Decomposition of weighted lengths HyAsP|MOBsuite|Common:		133056.0|4515.0|24958.0|

HyAsP plasmids:
2:	91,116,99,40,74,45,152,55,
3:	76,111,118,150,129,100,104,96,69,85,117,67,81,101,77,105,87,70,106,18_0,52_0,58_0,62_0,60_0,64_0,61_0,
4:	69,103,119,117,68,82,101,78,105,88,70,107,62_1,32_0,
5:	43,63,22,138,79,145,
6:	119,104,102,129,111,75,118,150,109,71,117,68,82,101,78,105,88,70,107,31_0,58_1,62_2,49_0,56_0,64_1,
7:	125,109,60_1,34_0,
8:	37,
10:	121,93,72,112,144,122,89,114,54_0,36_0,
11:	26_0,
13:	27,65,44,66,133,42,139,95,
14:	29,139,138,95,79,145,
16:	45,131,
22:	110,72,92,47_0,
23:	151,47_1,

MOBsuite plasmids:
AB530:	48,53,18_0,60_1,32_0,61_0,
02a60bb495965b701b8843ec91127d54:	47_0,34_0,
AB528:	31_0,52_0,58_1,54_0,36_0,62_1,49_0,26_0,56_0,64_0,

HyAsP splits:
{'26_0'}
{'49_0', '58_1', '56_0', '31_0'}
{'47_0'}
{'60_1'}{'34_0'}
{'60_1'}{'34_0'}
{'18_0', '61_0'}{'52_0', '64_0'}
{'18_0', '61_0'}{'52_0', '64_0'}
{'32_0'}{'62_1'}
{'32_0'}{'62_1'}
{'36_0', '54_0'}

MOBsuite splits:
{'18_0', '61_0'}{'32_0', '60_1'}
{'18_0', '61_0'}{'32_0'}{'60_1'}
{'18_0', '61_0'}{'32_0'}{'60_1'}
{'52_0', '64_0'}{'56_0', '62_1', '26_0', '31_0', '49_0', '58_1', '36_0', '54_0'}
{'52_0', '64_0'}{'62_1'}{'56_0', '26_0', '31_0', '49_0', '58_1', '36_0', '54_0'}
{'52_0', '64_0'}{'62_1'}{'49_0', '58_1', '56_0', '31_0'}{'36_0', '54_0', '26_0'}
{'52_0', '64_0'}{'62_1'}{'49_0', '58_1', '56_0', '31_0'}{'36_0', '54_0'}{'26_0'}
{'52_0', '64_0'}{'62_1'}{'49_0', '58_1', '56_0', '31_0'}{'36_0', '54_0'}{'26_0'}
{'34_0'}{'47_0'}
{'34_0'}{'47_0'}
#-------------------------



Combination 38
Score:		0.6546777948746868

Decomposition of weighted lengths HyAsP|MOBsuite|Common:		133056.0|4515.0|24958.0|

HyAsP plasmids:
2:	91,116,99,40,74,45,152,55,
3:	76,111,118,150,129,100,104,96,69,85,117,67,81,101,77,105,87,70,106,18_0,52_0,58_0,62_0,60_0,64_0,61_0,
4:	69,103,119,117,68,82,101,78,105,88,70,107,62_1,32_0,
5:	43,63,22,138,79,145,
6:	119,104,102,129,111,75,118,150,109,71,117,68,82,101,78,105,88,70,107,31_0,58_1,62_2,49_0,56_0,64_1,
7:	125,109,60_1,34_0,
8:	37,
10:	121,93,72,112,144,122,89,114,54_0,36_0,
11:	26_0,
13:	27,65,44,66,133,42,139,95,
14:	29,139,138,95,79,145,
16:	45,131,
22:	110,72,92,47_0,
23:	151,47_1,

MOBsuite plasmids:
AB530:	48,53,18_0,60_1,32_0,61_0,
02a60bb495965b701b8843ec91127d54:	47_1,34_0,
AB528:	31_0,52_0,58_1,54_0,36_0,62_1,49_0,26_0,56_0,64_0,

HyAsP splits:
{'26_0'}
{'49_0', '58_1', '56_0', '31_0'}
{'60_1'}{'34_0'}
{'60_1'}{'34_0'}
{'18_0', '61_0'}{'52_0', '64_0'}
{'18_0', '61_0'}{'52_0', '64_0'}
{'32_0'}{'62_1'}
{'32_0'}{'62_1'}
{'47_1'}
{'36_0', '54_0'}

MOBsuite splits:
{'18_0', '61_0'}{'32_0', '60_1'}
{'18_0', '61_0'}{'32_0'}{'60_1'}
{'18_0', '61_0'}{'32_0'}{'60_1'}
{'52_0', '64_0'}{'56_0', '62_1', '26_0', '31_0', '49_0', '58_1', '36_0', '54_0'}
{'52_0', '64_0'}{'62_1'}{'56_0', '26_0', '31_0', '49_0', '58_1', '36_0', '54_0'}
{'52_0', '64_0'}{'62_1'}{'49_0', '58_1', '56_0', '31_0'}{'36_0', '54_0', '26_0'}
{'52_0', '64_0'}{'62_1'}{'49_0', '58_1', '56_0', '31_0'}{'36_0', '54_0'}{'26_0'}
{'52_0', '64_0'}{'62_1'}{'49_0', '58_1', '56_0', '31_0'}{'36_0', '54_0'}{'26_0'}
{'34_0'}{'47_1'}
{'34_0'}{'47_1'}
#-------------------------



Combination 0
Score:		0.6555116048626832

Decomposition of weighted lengths HyAsP|MOBsuite|Common:		133056.0|4515.0|25165.0|

HyAsP plasmids:
2:	91,116,99,40,74,45,152,55,
3:	76,111,118,150,129,100,104,96,69,85,117,67,81,101,77,105,87,70,106,18_0,52_0,58_0,62_0,60_0,64_0,61_0,
4:	69,103,119,117,68,82,101,78,105,88,70,107,62_1,32_0,
5:	43,63,22,138,79,145,
6:	119,104,102,129,111,75,118,150,109,71,117,68,82,101,78,105,88,70,107,31_0,58_1,62_2,49_0,56_0,64_1,
7:	125,109,60_1,34_0,
8:	37,
10:	121,93,72,112,144,122,89,114,54_0,36_0,
11:	26_0,
13:	27,65,44,66,133,42,139,95,
14:	29,139,138,95,79,145,
16:	45,131,
22:	110,72,92,47_0,
23:	151,47_1,

MOBsuite plasmids:
AB530:	48,53,18_0,60_0,32_0,61_0,
02a60bb495965b701b8843ec91127d54:	47_0,34_0,
AB528:	31_0,52_0,58_0,54_0,36_0,62_0,49_0,26_0,56_0,64_0,

HyAsP splits:
{'26_0'}
{'49_0', '56_0', '31_0'}
{'60_0', '18_0', '61_0'}{'58_0', '52_0', '64_0', '62_0'}
{'60_0', '18_0', '61_0'}{'58_0', '52_0', '64_0', '62_0'}
{'32_0'}
{'36_0', '54_0'}
{'47_0'}
{'34_0'}

MOBsuite splits:
{'60_0', '18_0', '61_0'}{'32_0'}
{'60_0', '18_0', '61_0'}{'32_0'}
{'58_0', '52_0', '64_0', '62_0'}{'56_0', '26_0', '31_0', '49_0', '36_0', '54_0'}
{'58_0', '52_0', '64_0', '62_0'}{'49_0', '56_0', '31_0'}{'36_0', '54_0', '26_0'}
{'58_0', '52_0', '64_0', '62_0'}{'49_0', '56_0', '31_0'}{'36_0', '54_0'}{'26_0'}
{'58_0', '52_0', '64_0', '62_0'}{'49_0', '56_0', '31_0'}{'36_0', '54_0'}{'26_0'}
{'34_0'}{'47_0'}
{'34_0'}{'47_0'}
#-------------------------



Combination 2
Score:		0.6555116048626832

Decomposition of weighted lengths HyAsP|MOBsuite|Common:		133056.0|4515.0|25165.0|

HyAsP plasmids:
2:	91,116,99,40,74,45,152,55,
3:	76,111,118,150,129,100,104,96,69,85,117,67,81,101,77,105,87,70,106,18_0,52_0,58_0,62_0,60_0,64_0,61_0,
4:	69,103,119,117,68,82,101,78,105,88,70,107,62_1,32_0,
5:	43,63,22,138,79,145,
6:	119,104,102,129,111,75,118,150,109,71,117,68,82,101,78,105,88,70,107,31_0,58_1,62_2,49_0,56_0,64_1,
7:	125,109,60_1,34_0,
8:	37,
10:	121,93,72,112,144,122,89,114,54_0,36_0,
11:	26_0,
13:	27,65,44,66,133,42,139,95,
14:	29,139,138,95,79,145,
16:	45,131,
22:	110,72,92,47_0,
23:	151,47_1,

MOBsuite plasmids:
AB530:	48,53,18_0,60_0,32_0,61_0,
02a60bb495965b701b8843ec91127d54:	47_1,34_0,
AB528:	31_0,52_0,58_0,54_0,36_0,62_0,49_0,26_0,56_0,64_0,

HyAsP splits:
{'26_0'}
{'49_0', '56_0', '31_0'}
{'60_0', '18_0', '61_0'}{'58_0', '52_0', '64_0', '62_0'}
{'60_0', '18_0', '61_0'}{'58_0', '52_0', '64_0', '62_0'}
{'32_0'}
{'36_0', '54_0'}
{'47_1'}
{'34_0'}

MOBsuite splits:
{'60_0', '18_0', '61_0'}{'32_0'}
{'60_0', '18_0', '61_0'}{'32_0'}
{'58_0', '52_0', '64_0', '62_0'}{'56_0', '26_0', '31_0', '49_0', '36_0', '54_0'}
{'58_0', '52_0', '64_0', '62_0'}{'49_0', '56_0', '31_0'}{'36_0', '54_0', '26_0'}
{'58_0', '52_0', '64_0', '62_0'}{'49_0', '56_0', '31_0'}{'36_0', '54_0'}{'26_0'}
{'58_0', '52_0', '64_0', '62_0'}{'49_0', '56_0', '31_0'}{'36_0', '54_0'}{'26_0'}
{'34_0'}{'47_1'}
{'34_0'}{'47_1'}
#-------------------------



Combination 8
Score:		0.6555116048626832

Decomposition of weighted lengths HyAsP|MOBsuite|Common:		133056.0|4515.0|25165.0|

HyAsP plasmids:
2:	91,116,99,40,74,45,152,55,
3:	76,111,118,150,129,100,104,96,69,85,117,67,81,101,77,105,87,70,106,18_0,52_0,58_0,62_0,60_0,64_0,61_0,
4:	69,103,119,117,68,82,101,78,105,88,70,107,62_1,32_0,
5:	43,63,22,138,79,145,
6:	119,104,102,129,111,75,118,150,109,71,117,68,82,101,78,105,88,70,107,31_0,58_1,62_2,49_0,56_0,64_1,
7:	125,109,60_1,34_0,
8:	37,
10:	121,93,72,112,144,122,89,114,54_0,36_0,
11:	26_0,
13:	27,65,44,66,133,42,139,95,
14:	29,139,138,95,79,145,
16:	45,131,
22:	110,72,92,47_0,
23:	151,47_1,

MOBsuite plasmids:
AB530:	48,53,18_0,60_0,32_0,61_0,
02a60bb495965b701b8843ec91127d54:	47_0,34_0,
AB528:	31_0,52_0,58_0,54_0,36_0,62_1,49_0,26_0,56_0,64_0,

HyAsP splits:
{'26_0'}
{'49_0', '56_0', '31_0'}
{'60_0', '18_0', '61_0'}{'58_0', '52_0', '64_0'}
{'60_0', '18_0', '61_0'}{'58_0', '52_0', '64_0'}
{'32_0'}{'62_1'}
{'32_0'}{'62_1'}
{'36_0', '54_0'}
{'47_0'}
{'34_0'}

MOBsuite splits:
{'60_0', '18_0', '61_0'}{'32_0'}
{'60_0', '18_0', '61_0'}{'32_0'}
{'58_0', '52_0', '64_0'}{'56_0', '62_1', '26_0', '31_0', '49_0', '36_0', '54_0'}
{'58_0', '52_0', '64_0'}{'62_1'}{'56_0', '26_0', '31_0', '49_0', '36_0', '54_0'}
{'58_0', '52_0', '64_0'}{'62_1'}{'49_0', '56_0', '31_0'}{'36_0', '54_0', '26_0'}
{'58_0', '52_0', '64_0'}{'62_1'}{'49_0', '56_0', '31_0'}{'36_0', '54_0'}{'26_0'}
{'58_0', '52_0', '64_0'}{'62_1'}{'49_0', '56_0', '31_0'}{'36_0', '54_0'}{'26_0'}
{'34_0'}{'47_0'}
{'34_0'}{'47_0'}
#-------------------------



Combination 10
Score:		0.6555116048626832

Decomposition of weighted lengths HyAsP|MOBsuite|Common:		133056.0|4515.0|25165.0|

HyAsP plasmids:
2:	91,116,99,40,74,45,152,55,
3:	76,111,118,150,129,100,104,96,69,85,117,67,81,101,77,105,87,70,106,18_0,52_0,58_0,62_0,60_0,64_0,61_0,
4:	69,103,119,117,68,82,101,78,105,88,70,107,62_1,32_0,
5:	43,63,22,138,79,145,
6:	119,104,102,129,111,75,118,150,109,71,117,68,82,101,78,105,88,70,107,31_0,58_1,62_2,49_0,56_0,64_1,
7:	125,109,60_1,34_0,
8:	37,
10:	121,93,72,112,144,122,89,114,54_0,36_0,
11:	26_0,
13:	27,65,44,66,133,42,139,95,
14:	29,139,138,95,79,145,
16:	45,131,
22:	110,72,92,47_0,
23:	151,47_1,

MOBsuite plasmids:
AB530:	48,53,18_0,60_0,32_0,61_0,
02a60bb495965b701b8843ec91127d54:	47_1,34_0,
AB528:	31_0,52_0,58_0,54_0,36_0,62_1,49_0,26_0,56_0,64_0,

HyAsP splits:
{'26_0'}
{'49_0', '56_0', '31_0'}
{'60_0', '18_0', '61_0'}{'58_0', '52_0', '64_0'}
{'60_0', '18_0', '61_0'}{'58_0', '52_0', '64_0'}
{'32_0'}{'62_1'}
{'32_0'}{'62_1'}
{'36_0', '54_0'}
{'47_1'}
{'34_0'}

MOBsuite splits:
{'60_0', '18_0', '61_0'}{'32_0'}
{'60_0', '18_0', '61_0'}{'32_0'}
{'58_0', '52_0', '64_0'}{'56_0', '62_1', '26_0', '31_0', '49_0', '36_0', '54_0'}
{'58_0', '52_0', '64_0'}{'62_1'}{'56_0', '26_0', '31_0', '49_0', '36_0', '54_0'}
{'58_0', '52_0', '64_0'}{'62_1'}{'49_0', '56_0', '31_0'}{'36_0', '54_0', '26_0'}
{'58_0', '52_0', '64_0'}{'62_1'}{'49_0', '56_0', '31_0'}{'36_0', '54_0'}{'26_0'}
{'58_0', '52_0', '64_0'}{'62_1'}{'49_0', '56_0', '31_0'}{'36_0', '54_0'}{'26_0'}
{'34_0'}{'47_1'}
{'34_0'}{'47_1'}
#-------------------------



Combination 20
Score:		0.6555679978087312

Decomposition of weighted lengths HyAsP|MOBsuite|Common:		133056.0|4515.0|25179.0|

HyAsP plasmids:
2:	91,116,99,40,74,45,152,55,
3:	76,111,118,150,129,100,104,96,69,85,117,67,81,101,77,105,87,70,106,18_0,52_0,58_0,62_0,60_0,64_0,61_0,
4:	69,103,119,117,68,82,101,78,105,88,70,107,62_1,32_0,
5:	43,63,22,138,79,145,
6:	119,104,102,129,111,75,118,150,109,71,117,68,82,101,78,105,88,70,107,31_0,58_1,62_2,49_0,56_0,64_1,
7:	125,109,60_1,34_0,
8:	37,
10:	121,93,72,112,144,122,89,114,54_0,36_0,
11:	26_0,
13:	27,65,44,66,133,42,139,95,
14:	29,139,138,95,79,145,
16:	45,131,
22:	110,72,92,47_0,
23:	151,47_1,

MOBsuite plasmids:
AB530:	48,53,18_0,60_1,32_0,61_0,
02a60bb495965b701b8843ec91127d54:	47_0,34_0,
AB528:	31_0,52_0,58_0,54_0,36_0,62_2,49_0,26_0,56_0,64_0,

HyAsP splits:
{'26_0'}
{'49_0', '56_0', '62_2', '31_0'}
{'47_0'}
{'60_1'}{'34_0'}
{'60_1'}{'34_0'}
{'18_0', '61_0'}{'58_0', '52_0', '64_0'}
{'18_0', '61_0'}{'58_0', '52_0', '64_0'}
{'32_0'}
{'36_0', '54_0'}

MOBsuite splits:
{'18_0', '61_0'}{'32_0', '60_1'}
{'18_0', '61_0'}{'32_0'}{'60_1'}
{'18_0', '61_0'}{'32_0'}{'60_1'}
{'58_0', '52_0', '64_0'}{'56_0', '26_0', '62_2', '49_0', '31_0', '36_0', '54_0'}
{'58_0', '52_0', '64_0'}{'49_0', '56_0', '62_2', '31_0'}{'36_0', '54_0', '26_0'}
{'58_0', '52_0', '64_0'}{'49_0', '31_0', '56_0', '62_2'}{'36_0', '54_0'}{'26_0'}
{'58_0', '52_0', '64_0'}{'49_0', '56_0', '62_2', '31_0'}{'36_0', '54_0'}{'26_0'}
{'34_0'}{'47_0'}
{'34_0'}{'47_0'}
#-------------------------



Combination 22
Score:		0.6555679978087312

Decomposition of weighted lengths HyAsP|MOBsuite|Common:		133056.0|4515.0|25179.0|

HyAsP plasmids:
2:	91,116,99,40,74,45,152,55,
3:	76,111,118,150,129,100,104,96,69,85,117,67,81,101,77,105,87,70,106,18_0,52_0,58_0,62_0,60_0,64_0,61_0,
4:	69,103,119,117,68,82,101,78,105,88,70,107,62_1,32_0,
5:	43,63,22,138,79,145,
6:	119,104,102,129,111,75,118,150,109,71,117,68,82,101,78,105,88,70,107,31_0,58_1,62_2,49_0,56_0,64_1,
7:	125,109,60_1,34_0,
8:	37,
10:	121,93,72,112,144,122,89,114,54_0,36_0,
11:	26_0,
13:	27,65,44,66,133,42,139,95,
14:	29,139,138,95,79,145,
16:	45,131,
22:	110,72,92,47_0,
23:	151,47_1,

MOBsuite plasmids:
AB530:	48,53,18_0,60_1,32_0,61_0,
02a60bb495965b701b8843ec91127d54:	47_1,34_0,
AB528:	31_0,52_0,58_0,54_0,36_0,62_2,49_0,26_0,56_0,64_0,

HyAsP splits:
{'26_0'}
{'49_0', '56_0', '62_2', '31_0'}
{'60_1'}{'34_0'}
{'60_1'}{'34_0'}
{'18_0', '61_0'}{'58_0', '52_0', '64_0'}
{'18_0', '61_0'}{'58_0', '52_0', '64_0'}
{'32_0'}
{'47_1'}
{'36_0', '54_0'}

MOBsuite splits:
{'18_0', '61_0'}{'32_0', '60_1'}
{'18_0', '61_0'}{'32_0'}{'60_1'}
{'18_0', '61_0'}{'32_0'}{'60_1'}
{'58_0', '52_0', '64_0'}{'56_0', '26_0', '62_2', '49_0', '31_0', '36_0', '54_0'}
{'58_0', '52_0', '64_0'}{'49_0', '56_0', '62_2', '31_0'}{'36_0', '54_0', '26_0'}
{'58_0', '52_0', '64_0'}{'49_0', '31_0', '56_0', '62_2'}{'36_0', '54_0'}{'26_0'}
{'58_0', '52_0', '64_0'}{'49_0', '56_0', '62_2', '31_0'}{'36_0', '54_0'}{'26_0'}
{'34_0'}{'47_1'}
{'34_0'}{'47_1'}
#-------------------------



Combination 5
Score:		0.6557291205117257

Decomposition of weighted lengths HyAsP|MOBsuite|Common:		133056.0|4515.0|25219.0|

HyAsP plasmids:
2:	91,116,99,40,74,45,152,55,
3:	76,111,118,150,129,100,104,96,69,85,117,67,81,101,77,105,87,70,106,18_0,52_0,58_0,62_0,60_0,64_0,61_0,
4:	69,103,119,117,68,82,101,78,105,88,70,107,62_1,32_0,
5:	43,63,22,138,79,145,
6:	119,104,102,129,111,75,118,150,109,71,117,68,82,101,78,105,88,70,107,31_0,58_1,62_2,49_0,56_0,64_1,
7:	125,109,60_1,34_0,
8:	37,
10:	121,93,72,112,144,122,89,114,54_0,36_0,
11:	26_0,
13:	27,65,44,66,133,42,139,95,
14:	29,139,138,95,79,145,
16:	45,131,
22:	110,72,92,47_0,
23:	151,47_1,

MOBsuite plasmids:
AB530:	48,53,18_0,60_1,32_0,61_0,
02a60bb495965b701b8843ec91127d54:	47_0,34_0,
AB528:	31_0,52_0,58_0,54_0,36_0,62_0,49_0,26_0,56_0,64_1,

HyAsP splits:
{'26_0'}
{'49_0', '56_0', '64_1', '31_0'}
{'47_0'}
{'60_1'}{'34_0'}
{'60_1'}{'34_0'}
{'18_0', '61_0'}{'58_0', '52_0', '62_0'}
{'18_0', '61_0'}{'58_0', '52_0', '62_0'}
{'32_0'}
{'36_0', '54_0'}

MOBsuite splits:
{'18_0', '61_0'}{'32_0', '60_1'}
{'18_0', '61_0'}{'32_0'}{'60_1'}
{'18_0', '61_0'}{'32_0'}{'60_1'}
{'58_0', '52_0', '62_0'}{'64_1', '56_0', '26_0', '31_0', '49_0', '36_0', '54_0'}
{'58_0', '52_0', '62_0'}{'49_0', '56_0', '64_1', '31_0'}{'36_0', '54_0', '26_0'}
{'58_0', '52_0', '62_0'}{'49_0', '56_0', '64_1', '31_0'}{'36_0', '54_0'}{'26_0'}
{'58_0', '52_0', '62_0'}{'49_0', '56_0', '64_1', '31_0'}{'36_0', '54_0'}{'26_0'}
{'34_0'}{'47_0'}
{'34_0'}{'47_0'}
#-------------------------



Combination 7
Score:		0.6557291205117257

Decomposition of weighted lengths HyAsP|MOBsuite|Common:		133056.0|4515.0|25219.0|

HyAsP plasmids:
2:	91,116,99,40,74,45,152,55,
3:	76,111,118,150,129,100,104,96,69,85,117,67,81,101,77,105,87,70,106,18_0,52_0,58_0,62_0,60_0,64_0,61_0,
4:	69,103,119,117,68,82,101,78,105,88,70,107,62_1,32_0,
5:	43,63,22,138,79,145,
6:	119,104,102,129,111,75,118,150,109,71,117,68,82,101,78,105,88,70,107,31_0,58_1,62_2,49_0,56_0,64_1,
7:	125,109,60_1,34_0,
8:	37,
10:	121,93,72,112,144,122,89,114,54_0,36_0,
11:	26_0,
13:	27,65,44,66,133,42,139,95,
14:	29,139,138,95,79,145,
16:	45,131,
22:	110,72,92,47_0,
23:	151,47_1,

MOBsuite plasmids:
AB530:	48,53,18_0,60_1,32_0,61_0,
02a60bb495965b701b8843ec91127d54:	47_1,34_0,
AB528:	31_0,52_0,58_0,54_0,36_0,62_0,49_0,26_0,56_0,64_1,

HyAsP splits:
{'26_0'}
{'49_0', '56_0', '64_1', '31_0'}
{'60_1'}{'34_0'}
{'60_1'}{'34_0'}
{'18_0', '61_0'}{'58_0', '52_0', '62_0'}
{'18_0', '61_0'}{'58_0', '52_0', '62_0'}
{'32_0'}
{'47_1'}
{'36_0', '54_0'}

MOBsuite splits:
{'18_0', '61_0'}{'32_0', '60_1'}
{'18_0', '61_0'}{'32_0'}{'60_1'}
{'18_0', '61_0'}{'32_0'}{'60_1'}
{'58_0', '52_0', '62_0'}{'64_1', '56_0', '26_0', '31_0', '49_0', '36_0', '54_0'}
{'58_0', '52_0', '62_0'}{'49_0', '56_0', '64_1', '31_0'}{'36_0', '54_0', '26_0'}
{'58_0', '52_0', '62_0'}{'49_0', '56_0', '64_1', '31_0'}{'36_0', '54_0'}{'26_0'}
{'58_0', '52_0', '62_0'}{'49_0', '56_0', '64_1', '31_0'}{'36_0', '54_0'}{'26_0'}
{'34_0'}{'47_1'}
{'34_0'}{'47_1'}
#-------------------------



Combination 13
Score:		0.6557291205117257

Decomposition of weighted lengths HyAsP|MOBsuite|Common:		133056.0|4515.0|25219.0|

HyAsP plasmids:
2:	91,116,99,40,74,45,152,55,
3:	76,111,118,150,129,100,104,96,69,85,117,67,81,101,77,105,87,70,106,18_0,52_0,58_0,62_0,60_0,64_0,61_0,
4:	69,103,119,117,68,82,101,78,105,88,70,107,62_1,32_0,
5:	43,63,22,138,79,145,
6:	119,104,102,129,111,75,118,150,109,71,117,68,82,101,78,105,88,70,107,31_0,58_1,62_2,49_0,56_0,64_1,
7:	125,109,60_1,34_0,
8:	37,
10:	121,93,72,112,144,122,89,114,54_0,36_0,
11:	26_0,
13:	27,65,44,66,133,42,139,95,
14:	29,139,138,95,79,145,
16:	45,131,
22:	110,72,92,47_0,
23:	151,47_1,

MOBsuite plasmids:
AB530:	48,53,18_0,60_1,32_0,61_0,
02a60bb495965b701b8843ec91127d54:	47_0,34_0,
AB528:	31_0,52_0,58_0,54_0,36_0,62_1,49_0,26_0,56_0,64_1,

HyAsP splits:
{'26_0'}
{'49_0', '56_0', '64_1', '31_0'}
{'47_0'}
{'60_1'}{'34_0'}
{'60_1'}{'34_0'}
{'18_0', '61_0'}{'58_0', '52_0'}
{'18_0', '61_0'}{'58_0', '52_0'}
{'32_0'}{'62_1'}
{'32_0'}{'62_1'}
{'36_0', '54_0'}

MOBsuite splits:
{'18_0', '61_0'}{'32_0', '60_1'}
{'18_0', '61_0'}{'32_0'}{'60_1'}
{'18_0', '61_0'}{'32_0'}{'60_1'}
{'58_0', '52_0'}{'64_1', '56_0', '62_1', '26_0', '31_0', '49_0', '36_0', '54_0'}
{'58_0', '52_0'}{'62_1'}{'64_1', '56_0', '26_0', '31_0', '49_0', '36_0', '54_0'}
{'58_0', '52_0'}{'62_1'}{'49_0', '56_0', '64_1', '31_0'}{'36_0', '54_0', '26_0'}
{'58_0', '52_0'}{'62_1'}{'49_0', '56_0', '64_1', '31_0'}{'36_0', '54_0'}{'26_0'}
{'58_0', '52_0'}{'62_1'}{'49_0', '56_0', '64_1', '31_0'}{'36_0', '54_0'}{'26_0'}
{'34_0'}{'47_0'}
{'34_0'}{'47_0'}
#-------------------------



Combination 15
Score:		0.6557291205117257

Decomposition of weighted lengths HyAsP|MOBsuite|Common:		133056.0|4515.0|25219.0|

HyAsP plasmids:
2:	91,116,99,40,74,45,152,55,
3:	76,111,118,150,129,100,104,96,69,85,117,67,81,101,77,105,87,70,106,18_0,52_0,58_0,62_0,60_0,64_0,61_0,
4:	69,103,119,117,68,82,101,78,105,88,70,107,62_1,32_0,
5:	43,63,22,138,79,145,
6:	119,104,102,129,111,75,118,150,109,71,117,68,82,101,78,105,88,70,107,31_0,58_1,62_2,49_0,56_0,64_1,
7:	125,109,60_1,34_0,
8:	37,
10:	121,93,72,112,144,122,89,114,54_0,36_0,
11:	26_0,
13:	27,65,44,66,133,42,139,95,
14:	29,139,138,95,79,145,
16:	45,131,
22:	110,72,92,47_0,
23:	151,47_1,

MOBsuite plasmids:
AB530:	48,53,18_0,60_1,32_0,61_0,
02a60bb495965b701b8843ec91127d54:	47_1,34_0,
AB528:	31_0,52_0,58_0,54_0,36_0,62_1,49_0,26_0,56_0,64_1,

HyAsP splits:
{'26_0'}
{'49_0', '56_0', '64_1', '31_0'}
{'60_1'}{'34_0'}
{'60_1'}{'34_0'}
{'18_0', '61_0'}{'58_0', '52_0'}
{'18_0', '61_0'}{'58_0', '52_0'}
{'32_0'}{'62_1'}
{'32_0'}{'62_1'}
{'47_1'}
{'36_0', '54_0'}

MOBsuite splits:
{'18_0', '61_0'}{'32_0', '60_1'}
{'18_0', '61_0'}{'32_0'}{'60_1'}
{'18_0', '61_0'}{'32_0'}{'60_1'}
{'58_0', '52_0'}{'64_1', '56_0', '62_1', '26_0', '31_0', '49_0', '36_0', '54_0'}
{'58_0', '52_0'}{'62_1'}{'64_1', '56_0', '26_0', '31_0', '49_0', '36_0', '54_0'}
{'58_0', '52_0'}{'62_1'}{'49_0', '56_0', '64_1', '31_0'}{'36_0', '54_0', '26_0'}
{'58_0', '52_0'}{'62_1'}{'49_0', '56_0', '64_1', '31_0'}{'36_0', '54_0'}{'26_0'}
{'58_0', '52_0'}{'62_1'}{'49_0', '56_0', '64_1', '31_0'}{'36_0', '54_0'}{'26_0'}
{'34_0'}{'47_1'}
{'34_0'}{'47_1'}
#-------------------------



Combination 4
Score:		0.6600754054250014

Decomposition of weighted lengths HyAsP|MOBsuite|Common:		133056.0|4515.0|26298.000000000004|

HyAsP plasmids:
2:	91,116,99,40,74,45,152,55,
3:	76,111,118,150,129,100,104,96,69,85,117,67,81,101,77,105,87,70,106,18_0,52_0,58_0,62_0,60_0,64_0,61_0,
4:	69,103,119,117,68,82,101,78,105,88,70,107,62_1,32_0,
5:	43,63,22,138,79,145,
6:	119,104,102,129,111,75,118,150,109,71,117,68,82,101,78,105,88,70,107,31_0,58_1,62_2,49_0,56_0,64_1,
7:	125,109,60_1,34_0,
8:	37,
10:	121,93,72,112,144,122,89,114,54_0,36_0,
11:	26_0,
13:	27,65,44,66,133,42,139,95,
14:	29,139,138,95,79,145,
16:	45,131,
22:	110,72,92,47_0,
23:	151,47_1,

MOBsuite plasmids:
AB530:	48,53,18_0,60_1,32_0,61_0,
02a60bb495965b701b8843ec91127d54:	47_0,34_0,
AB528:	31_0,52_0,58_0,54_0,36_0,62_0,49_0,26_0,56_0,64_0,

HyAsP splits:
{'26_0'}
{'49_0', '56_0', '31_0'}
{'47_0'}
{'60_1'}{'34_0'}
{'60_1'}{'34_0'}
{'18_0', '61_0'}{'58_0', '52_0', '64_0', '62_0'}
{'18_0', '61_0'}{'58_0', '52_0', '64_0', '62_0'}
{'32_0'}
{'36_0', '54_0'}

MOBsuite splits:
{'18_0', '61_0'}{'32_0', '60_1'}
{'18_0', '61_0'}{'32_0'}{'60_1'}
{'18_0', '61_0'}{'32_0'}{'60_1'}
{'58_0', '52_0', '64_0', '62_0'}{'56_0', '26_0', '31_0', '49_0', '36_0', '54_0'}
{'58_0', '52_0', '64_0', '62_0'}{'49_0', '56_0', '31_0'}{'36_0', '54_0', '26_0'}
{'58_0', '52_0', '64_0', '62_0'}{'49_0', '56_0', '31_0'}{'36_0', '54_0'}{'26_0'}
{'58_0', '52_0', '64_0', '62_0'}{'49_0', '56_0', '31_0'}{'36_0', '54_0'}{'26_0'}
{'34_0'}{'47_0'}
{'34_0'}{'47_0'}
#-------------------------



Combination 6
Score:		0.6600754054250014

Decomposition of weighted lengths HyAsP|MOBsuite|Common:		133056.0|4515.0|26298.000000000004|

HyAsP plasmids:
2:	91,116,99,40,74,45,152,55,
3:	76,111,118,150,129,100,104,96,69,85,117,67,81,101,77,105,87,70,106,18_0,52_0,58_0,62_0,60_0,64_0,61_0,
4:	69,103,119,117,68,82,101,78,105,88,70,107,62_1,32_0,
5:	43,63,22,138,79,145,
6:	119,104,102,129,111,75,118,150,109,71,117,68,82,101,78,105,88,70,107,31_0,58_1,62_2,49_0,56_0,64_1,
7:	125,109,60_1,34_0,
8:	37,
10:	121,93,72,112,144,122,89,114,54_0,36_0,
11:	26_0,
13:	27,65,44,66,133,42,139,95,
14:	29,139,138,95,79,145,
16:	45,131,
22:	110,72,92,47_0,
23:	151,47_1,

MOBsuite plasmids:
AB530:	48,53,18_0,60_1,32_0,61_0,
02a60bb495965b701b8843ec91127d54:	47_1,34_0,
AB528:	31_0,52_0,58_0,54_0,36_0,62_0,49_0,26_0,56_0,64_0,

HyAsP splits:
{'26_0'}
{'49_0', '56_0', '31_0'}
{'60_1'}{'34_0'}
{'60_1'}{'34_0'}
{'18_0', '61_0'}{'58_0', '52_0', '64_0', '62_0'}
{'18_0', '61_0'}{'58_0', '52_0', '64_0', '62_0'}
{'32_0'}
{'47_1'}
{'36_0', '54_0'}

MOBsuite splits:
{'18_0', '61_0'}{'32_0', '60_1'}
{'18_0', '61_0'}{'32_0'}{'60_1'}
{'18_0', '61_0'}{'32_0'}{'60_1'}
{'58_0', '52_0', '64_0', '62_0'}{'56_0', '26_0', '31_0', '49_0', '36_0', '54_0'}
{'58_0', '52_0', '64_0', '62_0'}{'49_0', '56_0', '31_0'}{'36_0', '54_0', '26_0'}
{'58_0', '52_0', '64_0', '62_0'}{'49_0', '56_0', '31_0'}{'36_0', '54_0'}{'26_0'}
{'58_0', '52_0', '64_0', '62_0'}{'49_0', '56_0', '31_0'}{'36_0', '54_0'}{'26_0'}
{'34_0'}{'47_1'}
{'34_0'}{'47_1'}
#-------------------------



Combination 12
Score:		0.6600754054250014

Decomposition of weighted lengths HyAsP|MOBsuite|Common:		133056.0|4515.0|26298.000000000004|

HyAsP plasmids:
2:	91,116,99,40,74,45,152,55,
3:	76,111,118,150,129,100,104,96,69,85,117,67,81,101,77,105,87,70,106,18_0,52_0,58_0,62_0,60_0,64_0,61_0,
4:	69,103,119,117,68,82,101,78,105,88,70,107,62_1,32_0,
5:	43,63,22,138,79,145,
6:	119,104,102,129,111,75,118,150,109,71,117,68,82,101,78,105,88,70,107,31_0,58_1,62_2,49_0,56_0,64_1,
7:	125,109,60_1,34_0,
8:	37,
10:	121,93,72,112,144,122,89,114,54_0,36_0,
11:	26_0,
13:	27,65,44,66,133,42,139,95,
14:	29,139,138,95,79,145,
16:	45,131,
22:	110,72,92,47_0,
23:	151,47_1,

MOBsuite plasmids:
AB530:	48,53,18_0,60_1,32_0,61_0,
02a60bb495965b701b8843ec91127d54:	47_0,34_0,
AB528:	31_0,52_0,58_0,54_0,36_0,62_1,49_0,26_0,56_0,64_0,

HyAsP splits:
{'26_0'}
{'49_0', '56_0', '31_0'}
{'47_0'}
{'60_1'}{'34_0'}
{'60_1'}{'34_0'}
{'18_0', '61_0'}{'58_0', '52_0', '64_0'}
{'18_0', '61_0'}{'58_0', '52_0', '64_0'}
{'32_0'}{'62_1'}
{'32_0'}{'62_1'}
{'36_0', '54_0'}

MOBsuite splits:
{'18_0', '61_0'}{'32_0', '60_1'}
{'18_0', '61_0'}{'32_0'}{'60_1'}
{'18_0', '61_0'}{'32_0'}{'60_1'}
{'58_0', '52_0', '64_0'}{'56_0', '62_1', '26_0', '31_0', '49_0', '36_0', '54_0'}
{'58_0', '52_0', '64_0'}{'62_1'}{'56_0', '26_0', '31_0', '49_0', '36_0', '54_0'}
{'58_0', '52_0', '64_0'}{'62_1'}{'49_0', '56_0', '31_0'}{'36_0', '54_0', '26_0'}
{'58_0', '52_0', '64_0'}{'62_1'}{'49_0', '56_0', '31_0'}{'36_0', '54_0'}{'26_0'}
{'58_0', '52_0', '64_0'}{'62_1'}{'49_0', '56_0', '31_0'}{'36_0', '54_0'}{'26_0'}
{'34_0'}{'47_0'}
{'34_0'}{'47_0'}
#-------------------------



Combination 14
Score:		0.6600754054250014

Decomposition of weighted lengths HyAsP|MOBsuite|Common:		133056.0|4515.0|26298.000000000004|

HyAsP plasmids:
2:	91,116,99,40,74,45,152,55,
3:	76,111,118,150,129,100,104,96,69,85,117,67,81,101,77,105,87,70,106,18_0,52_0,58_0,62_0,60_0,64_0,61_0,
4:	69,103,119,117,68,82,101,78,105,88,70,107,62_1,32_0,
5:	43,63,22,138,79,145,
6:	119,104,102,129,111,75,118,150,109,71,117,68,82,101,78,105,88,70,107,31_0,58_1,62_2,49_0,56_0,64_1,
7:	125,109,60_1,34_0,
8:	37,
10:	121,93,72,112,144,122,89,114,54_0,36_0,
11:	26_0,
13:	27,65,44,66,133,42,139,95,
14:	29,139,138,95,79,145,
16:	45,131,
22:	110,72,92,47_0,
23:	151,47_1,

MOBsuite plasmids:
AB530:	48,53,18_0,60_1,32_0,61_0,
02a60bb495965b701b8843ec91127d54:	47_1,34_0,
AB528:	31_0,52_0,58_0,54_0,36_0,62_1,49_0,26_0,56_0,64_0,

HyAsP splits:
{'26_0'}
{'49_0', '56_0', '31_0'}
{'60_1'}{'34_0'}
{'60_1'}{'34_0'}
{'18_0', '61_0'}{'58_0', '52_0', '64_0'}
{'18_0', '61_0'}{'58_0', '52_0', '64_0'}
{'32_0'}{'62_1'}
{'32_0'}{'62_1'}
{'47_1'}
{'36_0', '54_0'}

MOBsuite splits:
{'18_0', '61_0'}{'32_0', '60_1'}
{'18_0', '61_0'}{'32_0'}{'60_1'}
{'18_0', '61_0'}{'32_0'}{'60_1'}
{'58_0', '52_0', '64_0'}{'56_0', '62_1', '26_0', '31_0', '49_0', '36_0', '54_0'}
{'58_0', '52_0', '64_0'}{'62_1'}{'56_0', '26_0', '31_0', '49_0', '36_0', '54_0'}
{'58_0', '52_0', '64_0'}{'62_1'}{'49_0', '56_0', '31_0'}{'36_0', '54_0', '26_0'}
{'58_0', '52_0', '64_0'}{'62_1'}{'49_0', '56_0', '31_0'}{'36_0', '54_0'}{'26_0'}
{'58_0', '52_0', '64_0'}{'62_1'}{'49_0', '56_0', '31_0'}{'36_0', '54_0'}{'26_0'}
{'34_0'}{'47_1'}
{'34_0'}{'47_1'}
#-------------------------



