Combination 0
Score:		0.516770959254782

Decomposition of weighted lengths HyAsP|MOBsuite|Common:		22809.0|3726.0|46138.5|

HyAsP plasmids:
2:	88,57_0,52_0,47_0,41_0,62_0,
3:	97,93,103,92,104,86,88,78,63_0,48_0,67_0,28_0,71_0,83_0,34_0,79_0,
6:	45_0,
7:	72,
8:	78,58_0,
10:	78,81,88,63_1,
12:	70,
15:	61,90,
16:	73,

MOBsuite plasmids:
AB530:	75,82,57_0,63_0,67_0,45_0,58_0,71_0,52_0,83_0,34_0,79_0,41_0,62_0,
c1ffd209abef363646995ad4b4dd28c9:	84,48_0,
AE312:	28_0,47_0,

HyAsP splits:
{'63_0', '83_0', '67_0', '34_0', '79_0', '71_0'}{'48_0', '28_0'}
{'63_0', '83_0', '67_0', '34_0', '79_0', '71_0'}{'48_0'}{'28_0'}
{'63_0', '83_0', '67_0', '34_0', '79_0', '71_0'}{'48_0'}{'28_0'}
{'58_0'}
{'45_0'}
{'41_0', '62_0', '57_0', '52_0'}{'47_0'}
{'41_0', '57_0', '62_0', '52_0'}{'47_0'}

MOBsuite splits:
{'48_0'}
{'47_0'}{'28_0'}
{'47_0'}{'28_0'}
{'41_0', '62_0', '57_0', '52_0'}{'63_0', '83_0', '67_0', '45_0', '34_0', '79_0', '58_0', '71_0'}
{'41_0', '57_0', '62_0', '52_0'}{'63_0', '83_0', '67_0', '34_0', '79_0', '71_0'}{'58_0', '45_0'}
{'41_0', '62_0', '57_0', '52_0'}{'63_0', '83_0', '67_0', '34_0', '79_0', '71_0'}{'45_0'}{'58_0'}
{'41_0', '57_0', '62_0', '52_0'}{'63_0', '83_0', '67_0', '34_0', '79_0', '71_0'}{'45_0'}{'58_0'}
#-------------------------



Combination 1
Score:		0.5253608760577402

Decomposition of weighted lengths HyAsP|MOBsuite|Common:		22809.0|3726.0|47346.5|

HyAsP plasmids:
2:	88,57_0,52_0,47_0,41_0,62_0,
3:	97,93,103,92,104,86,88,78,63_0,48_0,67_0,28_0,71_0,83_0,34_0,79_0,
6:	45_0,
7:	72,
8:	78,58_0,
10:	78,81,88,63_1,
12:	70,
15:	61,90,
16:	73,

MOBsuite plasmids:
AB530:	75,82,57_0,63_1,67_0,45_0,58_0,71_0,52_0,83_0,34_0,79_0,41_0,62_0,
c1ffd209abef363646995ad4b4dd28c9:	84,48_0,
AE312:	28_0,47_0,

HyAsP splits:
{'63_1'}
{'83_0', '67_0', '34_0', '79_0', '71_0'}{'48_0', '28_0'}
{'83_0', '67_0', '34_0', '79_0', '71_0'}{'48_0'}{'28_0'}
{'83_0', '67_0', '34_0', '79_0', '71_0'}{'48_0'}{'28_0'}
{'45_0'}
{'58_0'}
{'41_0', '62_0', '57_0', '52_0'}{'47_0'}
{'41_0', '57_0', '62_0', '52_0'}{'47_0'}

MOBsuite splits:
{'48_0'}
{'47_0'}{'28_0'}
{'47_0'}{'28_0'}
{'41_0', '62_0', '57_0', '52_0'}{'63_1', '83_0', '45_0', '67_0', '34_0', '79_0', '58_0', '71_0'}
{'41_0', '57_0', '62_0', '52_0'}{'83_0', '67_0', '34_0', '79_0', '71_0'}{'58_0', '63_1', '45_0'}
{'41_0', '62_0', '57_0', '52_0'}{'83_0', '67_0', '34_0', '79_0', '71_0'}{'45_0'}{'58_0', '63_1'}
{'41_0', '57_0', '62_0', '52_0'}{'83_0', '67_0', '34_0', '79_0', '71_0'}{'45_0'}{'58_0'}{'63_1'}
{'41_0', '62_0', '57_0', '52_0'}{'83_0', '67_0', '34_0', '79_0', '71_0'}{'45_0'}{'58_0'}{'63_1'}
#-------------------------



