Combination 0
Score:		0.2244558188172487

Decomposition of weighted lengths HyAsP|MOBsuite|Common:		11248.0|0.0|13221.5|

HyAsP plasmids:
3:	36_0,
4:	21_0,
5:	53,45,27_0,
6:	41_0,
7:	54,59,53,44_0,
8:	38_0,
10:	50,63,
11:	47,60,62,

MOBsuite plasmids:
AE312:	44_0,27_0,
AB530:	41_0,38_0,21_0,36_0,

HyAsP splits:
{'38_0'}
{'21_0'}
{'41_0'}
{'36_0'}
{'44_0'}
{'27_0'}

MOBsuite splits:
{'36_0'}{'41_0', '38_0', '21_0'}
{'36_0'}{'21_0'}{'41_0', '38_0'}
{'36_0'}{'21_0'}{'41_0'}{'38_0'}
{'36_0'}{'21_0'}{'41_0'}{'38_0'}
{'27_0'}{'44_0'}
{'27_0'}{'44_0'}
#-------------------------



