Combination 0
Score:		0.39995165010356026

Decomposition of weighted lengths HyAsP|MOBsuite|Common:		48390.0|5459.0|7363.999999999999|

HyAsP plasmids:
3:	96,55,95,70,12_0,42_0,37_0,27_0,
4:	21,85,80,106,26,99,88,94,
5:	61,81,75,31,54,92,32,77,52,96,58,90,64,76,60,79,33_0,49_0,47_0,51_0,28_0,41_0,
7:	68,82,72,56,62,20_0,34_0,
9:	39,
11:	30,109,
13:	31,74,50_0,

MOBsuite plasmids:
AB530:	36,43,45,12_0,42_0,37_0,28_0,27_0,
AE309:	46,33_0,49_0,47_0,51_0,20_0,50_0,41_0,34_0,

HyAsP splits:
{'34_0', '20_0'}
{'12_0', '27_0', '37_0', '42_0'}
{'50_0'}
{'28_0'}{'47_0', '51_0', '41_0', '49_0', '33_0'}
{'28_0'}{'47_0', '51_0', '41_0', '49_0', '33_0'}

MOBsuite splits:
{'12_0', '27_0', '37_0', '42_0'}{'28_0'}
{'12_0', '27_0', '37_0', '42_0'}{'28_0'}
{'47_0', '51_0', '41_0', '49_0', '33_0'}{'34_0', '50_0', '20_0'}
{'47_0', '51_0', '41_0', '49_0', '33_0'}{'34_0', '20_0'}{'50_0'}
{'47_0', '51_0', '41_0', '49_0', '33_0'}{'34_0', '20_0'}{'50_0'}
#-------------------------



