Combination 0
Score:		0.5655596348002512

Decomposition of weighted lengths HyAsP|MOBsuite|Common:		102604.0|7553.0|6919.5|

HyAsP plasmids:
3:	38,
5:	51,83,55,20,78,66,89,80,72,77,67,57,70,88,43_0,24_0,42_0,
6:	66,89,70,39,35_0,
7:	83,66,89,70,57,68,77,73,41_0,
8:	29_0,
9:	54,
11:	47,61,
12:	56,37,

MOBsuite plasmids:
AB756:	41_0,
AE315:	45,46,35_0,43_0,24_0,42_0,
AB528:	29_0,

HyAsP splits:
{'24_0', '43_0', '42_0'}
{'35_0'}
{'41_0'}
{'29_0'}

MOBsuite splits:
{'24_0', '43_0', '42_0'}{'35_0'}
{'24_0', '43_0', '42_0'}{'35_0'}
{'41_0'}
{'29_0'}
#-------------------------



