Combination 0
Score:		0.3546822160187442

Decomposition of weighted lengths HyAsP|MOBsuite|Common:		39206.0|14503.0|6388.0|

HyAsP plasmids:
3:	52,75,28,29_0,
5:	42_0,18_0,14_0,
6:	52,71,44,72,58,26_0,
7:	24,50,56,78,
8:	71,43,72,57,19_0,
9:	39,
11:	35,49,
12:	63,47,59,54,73,67,38,40_0,42_1,41_0,32_0,36_0,
13:	48,60,40_1,

MOBsuite plasmids:
fb29abde3b817bca1c6a2797e9c5fac6:	26_0,
AB530:	42_0,18_0,36_0,14_0,
AD058:	30,33,29_0,
AE313:	31,19_0,40_0,41_0,32_0,

HyAsP splits:
{'29_0'}
{'14_0', '42_0', '18_0'}
{'36_0'}{'40_0', '41_0', '32_0'}
{'36_0'}{'32_0', '41_0', '40_0'}
{'19_0'}
{'26_0'}

MOBsuite splits:
{'29_0'}
{'14_0', '42_0', '18_0'}{'36_0'}
{'14_0', '42_0', '18_0'}{'36_0'}
{'19_0'}{'40_0', '41_0', '32_0'}
{'19_0'}{'32_0', '41_0', '40_0'}
{'26_0'}
#-------------------------



Combination 2
Score:		0.3546822160187442

Decomposition of weighted lengths HyAsP|MOBsuite|Common:		39206.0|14503.0|6388.0|

HyAsP plasmids:
3:	52,75,28,29_0,
5:	42_0,18_0,14_0,
6:	52,71,44,72,58,26_0,
7:	24,50,56,78,
8:	71,43,72,57,19_0,
9:	39,
11:	35,49,
12:	63,47,59,54,73,67,38,40_0,42_1,41_0,32_0,36_0,
13:	48,60,40_1,

MOBsuite plasmids:
fb29abde3b817bca1c6a2797e9c5fac6:	26_0,
AB530:	42_0,18_0,36_0,14_0,
AD058:	30,33,29_0,
AE313:	31,19_0,40_1,41_0,32_0,

HyAsP splits:
{'29_0'}
{'14_0', '42_0', '18_0'}
{'40_1'}
{'36_0'}{'41_0', '32_0'}
{'36_0'}{'41_0', '32_0'}
{'19_0'}
{'26_0'}

MOBsuite splits:
{'29_0'}
{'14_0', '42_0', '18_0'}{'36_0'}
{'14_0', '42_0', '18_0'}{'36_0'}
{'19_0'}{'40_1', '41_0', '32_0'}
{'19_0'}{'41_0', '32_0'}{'40_1'}
{'19_0'}{'41_0', '32_0'}{'40_1'}
{'26_0'}
#-------------------------



Combination 1
Score:		0.3606666706012193

Decomposition of weighted lengths HyAsP|MOBsuite|Common:		39206.0|14503.0|7402.000000000001|

HyAsP plasmids:
3:	52,75,28,29_0,
5:	42_0,18_0,14_0,
6:	52,71,44,72,58,26_0,
7:	24,50,56,78,
8:	71,43,72,57,19_0,
9:	39,
11:	35,49,
12:	63,47,59,54,73,67,38,40_0,42_1,41_0,32_0,36_0,
13:	48,60,40_1,

MOBsuite plasmids:
fb29abde3b817bca1c6a2797e9c5fac6:	26_0,
AB530:	42_1,18_0,36_0,14_0,
AD058:	30,33,29_0,
AE313:	31,19_0,40_0,41_0,32_0,

HyAsP splits:
{'29_0'}
{'14_0', '18_0'}
{'36_0', '42_1'}{'40_0', '41_0', '32_0'}
{'36_0', '42_1'}{'32_0', '41_0', '40_0'}
{'19_0'}
{'26_0'}

MOBsuite splits:
{'29_0'}
{'14_0', '18_0'}{'36_0', '42_1'}
{'14_0', '18_0'}{'36_0', '42_1'}
{'19_0'}{'40_0', '41_0', '32_0'}
{'19_0'}{'32_0', '41_0', '40_0'}
{'26_0'}
#-------------------------



Combination 3
Score:		0.3606666706012193

Decomposition of weighted lengths HyAsP|MOBsuite|Common:		39206.0|14503.0|7402.000000000001|

HyAsP plasmids:
3:	52,75,28,29_0,
5:	42_0,18_0,14_0,
6:	52,71,44,72,58,26_0,
7:	24,50,56,78,
8:	71,43,72,57,19_0,
9:	39,
11:	35,49,
12:	63,47,59,54,73,67,38,40_0,42_1,41_0,32_0,36_0,
13:	48,60,40_1,

MOBsuite plasmids:
fb29abde3b817bca1c6a2797e9c5fac6:	26_0,
AB530:	42_1,18_0,36_0,14_0,
AD058:	30,33,29_0,
AE313:	31,19_0,40_1,41_0,32_0,

HyAsP splits:
{'29_0'}
{'14_0', '18_0'}
{'40_1'}
{'36_0', '42_1'}{'41_0', '32_0'}
{'36_0', '42_1'}{'41_0', '32_0'}
{'19_0'}
{'26_0'}

MOBsuite splits:
{'29_0'}
{'14_0', '18_0'}{'36_0', '42_1'}
{'14_0', '18_0'}{'36_0', '42_1'}
{'19_0'}{'40_1', '41_0', '32_0'}
{'19_0'}{'41_0', '32_0'}{'40_1'}
{'19_0'}{'41_0', '32_0'}{'40_1'}
{'26_0'}
#-------------------------



