Combination 0
Score:		0.470480170621026

Decomposition of weighted lengths HyAsP|MOBsuite|Common:		53485.0|4392.0|12934.499999999998|

HyAsP plasmids:
1:	76,52,58,66,42,
2:	63,67,73,25_0,55_0,61_0,
3:	45,
4:	33_0,
5:	75,71,63,65,67,85,73,68,48,70,83,78,82,40,30_0,53_0,
6:	46,77,68,72,47_0,
8:	57,

MOBsuite plasmids:
AE312:	30_0,
AD058:	47_0,
AB530:	56,60,25_0,55_0,61_0,33_0,53_0,

HyAsP splits:
{'33_0'}
{'25_0', '55_0', '61_0'}
{'30_0'}{'53_0'}
{'30_0'}{'53_0'}
{'47_0'}

MOBsuite splits:
{'30_0'}
{'25_0', '55_0', '61_0'}{'33_0', '53_0'}
{'25_0', '55_0', '61_0'}{'33_0'}{'53_0'}
{'25_0', '55_0', '61_0'}{'33_0'}{'53_0'}
{'47_0'}
#-------------------------



