Combination 0
Score:		0.4497594647051271

Decomposition of weighted lengths HyAsP|MOBsuite|Common:		41123.0|0.0|18431.0|

HyAsP plasmids:
1:	77,66,62,70,51,
2:	60_0,
3:	50_0,
5:	26_0,
6:	47_0,
7:	72,78,55,76,38_0,58_0,
8:	43,
9:	65,
17:	68,

MOBsuite plasmids:
AE312:	38_0,
AB530:	50_0,58_0,60_0,26_0,47_0,

HyAsP splits:
{'38_0'}{'58_0'}
{'38_0'}{'58_0'}
{'26_0'}
{'50_0'}
{'47_0'}
{'60_0'}

MOBsuite splits:
{'60_0'}{'47_0', '50_0', '26_0', '58_0'}
{'60_0'}{'50_0'}{'47_0', '26_0', '58_0'}
{'60_0'}{'50_0'}{'26_0'}{'47_0', '58_0'}
{'60_0'}{'50_0'}{'26_0'}{'47_0'}{'58_0'}
{'60_0'}{'50_0'}{'26_0'}{'47_0'}{'58_0'}
{'38_0'}
#-------------------------



