Combination 0
Score:		0.7749092204839312

Decomposition of weighted lengths HyAsP|MOBsuite|Common:		93804.0|27701.0|15500.499999999998|

HyAsP plasmids:
2:	73,52,37,82,63,72,86,20,77,49_0,50_0,27_0,34_0,47_0,41_0,38_0,
3:	18,77,63,49_1,47_1,33_0,38_1,
4:	45,78,
6:	39,58,

MOBsuite plasmids:
AB528:	24,50_0,34_0,41_0,38_0,
AE312:	49_0,27_0,47_0,33_0,

HyAsP splits:
{'38_0', '41_0', '34_0', '50_0'}{'47_0', '27_0', '49_0'}
{'38_0', '41_0', '34_0', '50_0'}{'47_0', '27_0', '49_0'}
{'33_0'}

MOBsuite splits:
{'47_0', '27_0', '49_0'}{'33_0'}
{'47_0', '27_0', '49_0'}{'33_0'}
{'38_0', '41_0', '34_0', '50_0'}
#-------------------------



Combination 4
Score:		0.7785545412382213

Decomposition of weighted lengths HyAsP|MOBsuite|Common:		93804.0|27701.0|16145.000000000002|

HyAsP plasmids:
2:	73,52,37,82,63,72,86,20,77,49_0,50_0,27_0,34_0,47_0,41_0,38_0,
3:	18,77,63,49_1,47_1,33_0,38_1,
4:	45,78,
6:	39,58,

MOBsuite plasmids:
AB528:	24,50_0,34_0,41_0,38_0,
AE312:	49_1,27_0,47_0,33_0,

HyAsP splits:
{'38_0', '41_0', '34_0', '50_0'}{'47_0', '27_0'}
{'38_0', '41_0', '34_0', '50_0'}{'47_0', '27_0'}
{'49_1', '33_0'}

MOBsuite splits:
{'47_0', '27_0'}{'49_1', '33_0'}
{'47_0', '27_0'}{'49_1', '33_0'}
{'38_0', '41_0', '34_0', '50_0'}
#-------------------------



Combination 2
Score:		0.7790720693204828

Decomposition of weighted lengths HyAsP|MOBsuite|Common:		93804.0|27701.0|16236.499999999998|

HyAsP plasmids:
2:	73,52,37,82,63,72,86,20,77,49_0,50_0,27_0,34_0,47_0,41_0,38_0,
3:	18,77,63,49_1,47_1,33_0,38_1,
4:	45,78,
6:	39,58,

MOBsuite plasmids:
AB528:	24,50_0,34_0,41_0,38_0,
AE312:	49_0,27_0,47_1,33_0,

HyAsP splits:
{'38_0', '41_0', '34_0', '50_0'}{'27_0', '49_0'}
{'38_0', '41_0', '34_0', '50_0'}{'27_0', '49_0'}
{'47_1', '33_0'}

MOBsuite splits:
{'27_0', '49_0'}{'47_1', '33_0'}
{'27_0', '49_0'}{'47_1', '33_0'}
{'38_0', '41_0', '34_0', '50_0'}
#-------------------------



Combination 6
Score:		0.7827173900747729

Decomposition of weighted lengths HyAsP|MOBsuite|Common:		93804.0|27701.0|16880.999999999996|

HyAsP plasmids:
2:	73,52,37,82,63,72,86,20,77,49_0,50_0,27_0,34_0,47_0,41_0,38_0,
3:	18,77,63,49_1,47_1,33_0,38_1,
4:	45,78,
6:	39,58,

MOBsuite plasmids:
AB528:	24,50_0,34_0,41_0,38_0,
AE312:	49_1,27_0,47_1,33_0,

HyAsP splits:
{'38_0', '41_0', '34_0', '50_0'}{'27_0'}
{'38_0', '41_0', '34_0', '50_0'}{'27_0'}
{'47_1', '49_1', '33_0'}

MOBsuite splits:
{'27_0'}{'47_1', '49_1', '33_0'}
{'27_0'}{'47_1', '49_1', '33_0'}
{'38_0', '41_0', '34_0', '50_0'}
#-------------------------



Combination 1
Score:		0.7860346602414

Decomposition of weighted lengths HyAsP|MOBsuite|Common:		93804.0|27701.0|17467.5|

HyAsP plasmids:
2:	73,52,37,82,63,72,86,20,77,49_0,50_0,27_0,34_0,47_0,41_0,38_0,
3:	18,77,63,49_1,47_1,33_0,38_1,
4:	45,78,
6:	39,58,

MOBsuite plasmids:
AB528:	24,50_0,34_0,41_0,38_1,
AE312:	49_0,27_0,47_0,33_0,

HyAsP splits:
{'34_0', '41_0', '50_0'}{'47_0', '27_0', '49_0'}
{'34_0', '41_0', '50_0'}{'47_0', '27_0', '49_0'}
{'38_1'}{'33_0'}
{'38_1'}{'33_0'}

MOBsuite splits:
{'47_0', '27_0', '49_0'}{'33_0'}
{'47_0', '27_0', '49_0'}{'33_0'}
{'34_0', '41_0', '50_0'}{'38_1'}
{'34_0', '41_0', '50_0'}{'38_1'}
#-------------------------



Combination 5
Score:		0.7896799809956901

Decomposition of weighted lengths HyAsP|MOBsuite|Common:		93804.0|27701.0|18112.0|

HyAsP plasmids:
2:	73,52,37,82,63,72,86,20,77,49_0,50_0,27_0,34_0,47_0,41_0,38_0,
3:	18,77,63,49_1,47_1,33_0,38_1,
4:	45,78,
6:	39,58,

MOBsuite plasmids:
AB528:	24,50_0,34_0,41_0,38_1,
AE312:	49_1,27_0,47_0,33_0,

HyAsP splits:
{'34_0', '41_0', '50_0'}{'47_0', '27_0'}
{'34_0', '41_0', '50_0'}{'47_0', '27_0'}
{'38_1'}{'49_1', '33_0'}
{'38_1'}{'49_1', '33_0'}

MOBsuite splits:
{'47_0', '27_0'}{'49_1', '33_0'}
{'47_0', '27_0'}{'49_1', '33_0'}
{'34_0', '41_0', '50_0'}{'38_1'}
{'34_0', '41_0', '50_0'}{'38_1'}
#-------------------------



Combination 3
Score:		0.7901975090779516

Decomposition of weighted lengths HyAsP|MOBsuite|Common:		93804.0|27701.0|18203.5|

HyAsP plasmids:
2:	73,52,37,82,63,72,86,20,77,49_0,50_0,27_0,34_0,47_0,41_0,38_0,
3:	18,77,63,49_1,47_1,33_0,38_1,
4:	45,78,
6:	39,58,

MOBsuite plasmids:
AB528:	24,50_0,34_0,41_0,38_1,
AE312:	49_0,27_0,47_1,33_0,

HyAsP splits:
{'34_0', '41_0', '50_0'}{'27_0', '49_0'}
{'34_0', '41_0', '50_0'}{'27_0', '49_0'}
{'38_1'}{'47_1', '33_0'}
{'38_1'}{'47_1', '33_0'}

MOBsuite splits:
{'27_0', '49_0'}{'47_1', '33_0'}
{'27_0', '49_0'}{'47_1', '33_0'}
{'34_0', '41_0', '50_0'}{'38_1'}
{'34_0', '41_0', '50_0'}{'38_1'}
#-------------------------



Combination 7
Score:		0.7938428298322417

Decomposition of weighted lengths HyAsP|MOBsuite|Common:		93804.0|27701.0|18848.0|

HyAsP plasmids:
2:	73,52,37,82,63,72,86,20,77,49_0,50_0,27_0,34_0,47_0,41_0,38_0,
3:	18,77,63,49_1,47_1,33_0,38_1,
4:	45,78,
6:	39,58,

MOBsuite plasmids:
AB528:	24,50_0,34_0,41_0,38_1,
AE312:	49_1,27_0,47_1,33_0,

HyAsP splits:
{'34_0', '41_0', '50_0'}{'27_0'}
{'34_0', '41_0', '50_0'}{'27_0'}
{'38_1'}{'47_1', '49_1', '33_0'}
{'38_1'}{'47_1', '49_1', '33_0'}

MOBsuite splits:
{'27_0'}{'47_1', '49_1', '33_0'}
{'27_0'}{'47_1', '49_1', '33_0'}
{'34_0', '41_0', '50_0'}{'38_1'}
{'34_0', '41_0', '50_0'}{'38_1'}
#-------------------------



