Combination 0
Score:		0.45988785390366466

Decomposition of weighted lengths HyAsP|MOBsuite|Common:		42597.0|4159.0|28288.499999999996|

HyAsP plasmids:
2:	69,
3:	64,52,76_0,
4:	98,82,40,70_0,67_0,77_0,
5:	68,98,
6:	57_0,
7:	23_0,
8:	94,93,88,95,87,50_0,46_0,74_0,
9:	66_0,
10:	35_0,36_0,
11:	56,
13:	51_0,
14:	65,
16:	71,
18:	59,83,

MOBsuite plasmids:
AE315:	63,70_0,67_0,36_0,
AF662:	76_0,51_0,66_0,35_0,
AB530:	73,23_0,57_0,50_0,77_0,46_0,74_0,

HyAsP splits:
{'70_0', '67_0'}{'77_0'}
{'70_0', '67_0'}{'77_0'}
{'76_0'}
{'66_0'}
{'51_0'}
{'36_0'}{'35_0'}
{'36_0'}{'35_0'}
{'74_0', '46_0', '50_0'}
{'23_0'}
{'57_0'}

MOBsuite splits:
{'76_0'}{'35_0', '66_0', '51_0'}
{'76_0'}{'66_0'}{'35_0', '51_0'}
{'76_0'}{'66_0'}{'35_0'}{'51_0'}
{'76_0'}{'66_0'}{'35_0'}{'51_0'}
{'70_0', '67_0'}{'36_0'}
{'70_0', '67_0'}{'36_0'}
{'77_0'}{'46_0', '50_0', '74_0', '57_0', '23_0'}
{'77_0'}{'57_0'}{'74_0', '46_0', '23_0', '50_0'}
{'77_0'}{'57_0'}{'23_0'}{'74_0', '46_0', '50_0'}
{'77_0'}{'57_0'}{'23_0'}{'74_0', '46_0', '50_0'}
#-------------------------



