Combination 0
Score:		0.4127389378229768

Decomposition of weighted lengths HyAsP|MOBsuite|Common:		65834.0|11966.0|9498.0|

HyAsP plasmids:
3:	63,74,60,30,62,53,42_0,49_0,50_0,13_0,
4:	60,44_0,
5:	56,37,52,40_0,
7:	22_0,
8:	51,
9:	47,61,
15:	58,29,77,

MOBsuite plasmids:
4902171d14b34a00019c9ced8b6406e8:	22_0,
AB530:	13_0,
AA769:	42_0,40_0,
AB117:	48,
fea8f0ca35a7f88488011df86a4994ba:	39,44_0,49_0,
AC670:	50_0,

HyAsP splits:
{'44_0'}
{'40_0'}
{'13_0'}{'42_0', '49_0', '50_0'}
{'13_0'}{'42_0'}{'49_0', '50_0'}
{'13_0'}{'42_0'}{'49_0'}{'50_0'}
{'13_0'}{'42_0'}{'49_0'}{'50_0'}
{'22_0'}

MOBsuite splits:
{'13_0'}
{'42_0'}{'40_0'}
{'42_0'}{'40_0'}
{'50_0'}
{'49_0'}{'44_0'}
{'49_0'}{'44_0'}
{'22_0'}
#-------------------------



