Combination 0
Score:		0.9828670845278139

Decomposition of weighted lengths HyAsP|MOBsuite|Common:		184.0|2890633.0|16896.0|

HyAsP plasmids:
2:	92,97,93,70_0,49_0,71_0,38_0,67_0,58_0,54_0,68_0,64_0,
3:	39_0,
5:	55_0,
7:	74_0,59_0,
8:	62_0,

MOBsuite plasmids:
AB528:	49_0,38_0,
AF632:	55_0,
chromosome:	1,2,3,4,5,6,7,8,9,10,11,12,13,14,15,16,17,18,19,20,21,22,23,24,25,26,27,28,29,30,31,32,33,34,35,36,37,40,41,42,43,44,45,46,47,48,50,51,52,53,56,57,60,61,63,65,66,69,72,73,75,76,77,78,79,80,81,70_0,71_0,67_0,39_0,74_0,58_0,54_0,68_0,62_0,64_0,59_0,

HyAsP splits:
{'39_0'}
{'62_0'}
{'74_0', '59_0'}
{'38_0', '49_0'}{'71_0', '68_0', '67_0', '70_0', '54_0', '58_0', '64_0'}
{'38_0', '49_0'}{'71_0', '68_0', '67_0', '70_0', '54_0', '58_0', '64_0'}
{'55_0'}

MOBsuite splits:
{'38_0', '49_0'}
{'71_0', '68_0', '67_0', '70_0', '54_0', '58_0', '64_0'}{'74_0', '39_0', '62_0', '59_0'}
{'71_0', '68_0', '67_0', '70_0', '54_0', '58_0', '64_0'}{'39_0'}{'74_0', '62_0', '59_0'}
{'71_0', '68_0', '67_0', '70_0', '54_0', '58_0', '64_0'}{'39_0'}{'74_0', '59_0'}{'62_0'}
{'71_0', '68_0', '67_0', '70_0', '54_0', '58_0', '64_0'}{'39_0'}{'74_0', '59_0'}{'62_0'}
{'55_0'}
#-------------------------



