Combination 0
Score:		0.1915565321091925

Decomposition of weighted lengths HyAsP|MOBsuite|Common:		14037.0|3118.0|6296.500000000001|

HyAsP plasmids:
2:	47,45,27_0,15_0,39_0,26_0,37_0,
3:	52,51,58,31,29_0,
4:	51,56,61,40_0,28_0,25_0,
6:	32_0,
8:	41,
11:	34,59,

MOBsuite plasmids:
AF632:	32_0,
AB530:	40_0,27_0,15_0,39_0,26_0,37_0,
AE311:	36,28_0,29_0,25_0,

HyAsP splits:
{'15_0', '39_0', '37_0', '27_0', '26_0'}
{'40_0'}{'25_0', '28_0'}
{'40_0'}{'25_0', '28_0'}
{'29_0'}
{'32_0'}

MOBsuite splits:
{'15_0', '39_0', '37_0', '27_0', '26_0'}{'40_0'}
{'15_0', '39_0', '37_0', '27_0', '26_0'}{'40_0'}
{'29_0'}{'25_0', '28_0'}
{'29_0'}{'25_0', '28_0'}
{'32_0'}
#-------------------------



