Combination 0
Score:		0.5374559430792832

Decomposition of weighted lengths HyAsP|MOBsuite|Common:		41161.0|41710.0|14874.5|

HyAsP plasmids:
3:	49,106,100,83,41,109,114,104,91,84,79,66_0,56_0,71_0,38_0,34_0,42_0,
4:	46,
6:	32_0,
7:	47,107,100,83,114,104,
9:	103,99,109,84,66_1,40_0,
10:	105,114,83,100,101,61_0,43_0,
13:	64,110,
15:	59,77,

MOBsuite plasmids:
AD100:	38_0,
d179287a6df20abf36cf4fadd8208d1f:	32_0,66_0,71_0,
AB529:	40_0,
AE315:	58,63,73,61_0,43_0,56_0,34_0,42_0,
AB527:	28,45,

HyAsP splits:
{'61_0', '43_0'}
{'32_0'}
{'38_0'}{'56_0', '71_0', '42_0', '34_0', '66_0'}
{'38_0'}{'71_0', '66_0'}{'56_0', '34_0', '42_0'}
{'38_0'}{'71_0', '66_0'}{'56_0', '42_0', '34_0'}
{'40_0'}

MOBsuite splits:
{'71_0', '66_0'}{'32_0'}
{'71_0', '66_0'}{'32_0'}
{'38_0'}
{'56_0', '42_0', '34_0'}{'61_0', '43_0'}
{'56_0', '34_0', '42_0'}{'61_0', '43_0'}
{'40_0'}
#-------------------------



Combination 1
Score:		0.5374559430792832

Decomposition of weighted lengths HyAsP|MOBsuite|Common:		41161.0|41710.0|14874.499999999998|

HyAsP plasmids:
3:	49,106,100,83,41,109,114,104,91,84,79,66_0,56_0,71_0,38_0,34_0,42_0,
4:	46,
6:	32_0,
7:	47,107,100,83,114,104,
9:	103,99,109,84,66_1,40_0,
10:	105,114,83,100,101,61_0,43_0,
13:	64,110,
15:	59,77,

MOBsuite plasmids:
AD100:	38_0,
d179287a6df20abf36cf4fadd8208d1f:	32_0,66_1,71_0,
AB529:	40_0,
AE315:	58,63,73,61_0,43_0,56_0,34_0,42_0,
AB527:	28,45,

HyAsP splits:
{'66_1'}{'40_0'}
{'66_1'}{'40_0'}
{'61_0', '43_0'}
{'32_0'}
{'38_0'}{'56_0', '71_0', '42_0', '34_0'}
{'38_0'}{'71_0'}{'56_0', '34_0', '42_0'}
{'38_0'}{'71_0'}{'56_0', '42_0', '34_0'}

MOBsuite splits:
{'71_0'}{'66_1', '32_0'}
{'71_0'}{'32_0'}{'66_1'}
{'71_0'}{'32_0'}{'66_1'}
{'40_0'}
{'38_0'}
{'56_0', '42_0', '34_0'}{'61_0', '43_0'}
{'56_0', '34_0', '42_0'}{'61_0', '43_0'}
#-------------------------



