Combination 0
Score:		0.21847579650769658

Decomposition of weighted lengths HyAsP|MOBsuite|Common:		13311.0|5709.0|8443.5|

HyAsP plasmids:
3:	37,38,39,25_0,17_0,33_0,29_0,
4:	10_0,
5:	26,47,38,39,
7:	32,
8:	30,49,

MOBsuite plasmids:
AD058:	25_0,33_0,
AE312:	17_0,
AB530:	28,10_0,29_0,

HyAsP splits:
{'33_0', '25_0'}{'17_0', '29_0'}
{'33_0', '25_0'}{'17_0'}{'29_0'}
{'33_0', '25_0'}{'17_0'}{'29_0'}
{'10_0'}

MOBsuite splits:
{'17_0'}
{'33_0', '25_0'}
{'29_0'}{'10_0'}
{'29_0'}{'10_0'}
#-------------------------



