Combination 0
Score:		0.41754473063632147

Decomposition of weighted lengths HyAsP|MOBsuite|Common:		52964.0|8871.0|2084.0|

HyAsP plasmids:
4:	41,44,43,38,37,42,12_0,35_0,22_0,29_0,
5:	45,54,30_0,18_0,
6:	31,
8:	27,39,
11:	33_0,
12:	40,44,13,37,35_1,

MOBsuite plasmids:
AE312:	28,18_0,
AD058:	26,33_0,
AB530:	12_0,30_0,35_0,22_0,29_0,

HyAsP splits:
{'29_0', '22_0', '12_0', '35_0'}
{'18_0'}{'30_0'}
{'18_0'}{'30_0'}
{'33_0'}

MOBsuite splits:
{'29_0', '22_0', '12_0', '35_0'}{'30_0'}
{'29_0', '22_0', '12_0', '35_0'}{'30_0'}
{'18_0'}
{'33_0'}
#-------------------------



Combination 1
Score:		0.4209644441250825

Decomposition of weighted lengths HyAsP|MOBsuite|Common:		52964.0|8871.0|2607.5|

HyAsP plasmids:
4:	41,44,43,38,37,42,12_0,35_0,22_0,29_0,
5:	45,54,30_0,18_0,
6:	31,
8:	27,39,
11:	33_0,
12:	40,44,13,37,35_1,

MOBsuite plasmids:
AE312:	28,18_0,
AD058:	26,33_0,
AB530:	12_0,30_0,35_1,22_0,29_0,

HyAsP splits:
{'29_0', '22_0', '12_0'}
{'35_1'}
{'18_0'}{'30_0'}
{'18_0'}{'30_0'}
{'33_0'}

MOBsuite splits:
{'29_0', '22_0', '12_0'}{'35_1', '30_0'}
{'29_0', '22_0', '12_0'}{'30_0'}{'35_1'}
{'29_0', '22_0', '12_0'}{'30_0'}{'35_1'}
{'18_0'}
{'33_0'}
#-------------------------



