Combination 0
Score:		0.5391242822701808

Decomposition of weighted lengths HyAsP|MOBsuite|Common:		74599.0|8992.0|8988.5|

HyAsP plasmids:
2:	63,50,52,68,57,
3:	34,47,51_0,48_0,44_0,54_0,49_0,
4:	26_0,
5:	55,70,29,35,30_0,
11:	58,51_1,54_1,

MOBsuite plasmids:
AE310:	30_0,
AB530:	41,26_0,51_0,48_0,44_0,54_0,49_0,

HyAsP splits:
{'48_0', '49_0', '44_0', '51_0', '54_0'}
{'26_0'}
{'30_0'}

MOBsuite splits:
{'48_0', '49_0', '44_0', '51_0', '54_0'}{'26_0'}
{'48_0', '49_0', '44_0', '51_0', '54_0'}{'26_0'}
{'30_0'}
#-------------------------



Combination 1
Score:		0.5391242822701808

Decomposition of weighted lengths HyAsP|MOBsuite|Common:		74599.0|8992.0|8988.5|

HyAsP plasmids:
2:	63,50,52,68,57,
3:	34,47,51_0,48_0,44_0,54_0,49_0,
4:	26_0,
5:	55,70,29,35,30_0,
11:	58,51_1,54_1,

MOBsuite plasmids:
AE310:	30_0,
AB530:	41,26_0,51_0,48_0,44_0,54_1,49_0,

HyAsP splits:
{'54_1'}
{'48_0', '44_0', '51_0', '49_0'}
{'26_0'}
{'30_0'}

MOBsuite splits:
{'48_0', '44_0', '51_0', '49_0'}{'54_1', '26_0'}
{'48_0', '44_0', '51_0', '49_0'}{'26_0'}{'54_1'}
{'48_0', '44_0', '51_0', '49_0'}{'26_0'}{'54_1'}
{'30_0'}
#-------------------------



Combination 2
Score:		0.5391242822701808

Decomposition of weighted lengths HyAsP|MOBsuite|Common:		74599.0|8992.0|8988.5|

HyAsP plasmids:
2:	63,50,52,68,57,
3:	34,47,51_0,48_0,44_0,54_0,49_0,
4:	26_0,
5:	55,70,29,35,30_0,
11:	58,51_1,54_1,

MOBsuite plasmids:
AE310:	30_0,
AB530:	41,26_0,51_1,48_0,44_0,54_0,49_0,

HyAsP splits:
{'51_1'}
{'48_0', '44_0', '54_0', '49_0'}
{'26_0'}
{'30_0'}

MOBsuite splits:
{'48_0', '44_0', '54_0', '49_0'}{'51_1', '26_0'}
{'48_0', '44_0', '54_0', '49_0'}{'26_0'}{'51_1'}
{'48_0', '44_0', '54_0', '49_0'}{'26_0'}{'51_1'}
{'30_0'}
#-------------------------



Combination 3
Score:		0.5391242822701808

Decomposition of weighted lengths HyAsP|MOBsuite|Common:		74599.0|8992.0|8988.5|

HyAsP plasmids:
2:	63,50,52,68,57,
3:	34,47,51_0,48_0,44_0,54_0,49_0,
4:	26_0,
5:	55,70,29,35,30_0,
11:	58,51_1,54_1,

MOBsuite plasmids:
AE310:	30_0,
AB530:	41,26_0,51_1,48_0,44_0,54_1,49_0,

HyAsP splits:
{'51_1', '54_1'}
{'48_0', '44_0', '49_0'}
{'26_0'}
{'30_0'}

MOBsuite splits:
{'48_0', '44_0', '49_0'}{'54_1', '26_0', '51_1'}
{'48_0', '44_0', '49_0'}{'26_0'}{'54_1', '51_1'}
{'48_0', '44_0', '49_0'}{'26_0'}{'51_1', '54_1'}
{'30_0'}
#-------------------------



