Combination 0
Score:		0.6143752917985164

Decomposition of weighted lengths HyAsP|MOBsuite|Common:		67745.0|15369.0|11632.5|

HyAsP plasmids:
3:	41,
4:	79,83,78,53_0,39_0,20_0,68_0,42_0,56_0,
5:	51,
6:	35,
7:	58_0,
10:	57,73,99,63,
11:	69,96,31,

MOBsuite plasmids:
AE315:	45,59,53_0,39_0,56_0,
AE312:	50,58_0,20_0,68_0,42_0,

HyAsP splits:
{'58_0'}
{'56_0', '53_0', '39_0'}{'68_0', '20_0', '42_0'}
{'56_0', '53_0', '39_0'}{'68_0', '20_0', '42_0'}

MOBsuite splits:
{'68_0', '20_0', '42_0'}{'58_0'}
{'68_0', '20_0', '42_0'}{'58_0'}
{'56_0', '53_0', '39_0'}
#-------------------------



