Combination 2
Score:		0.44813811360063455

Decomposition of weighted lengths HyAsP|MOBsuite|Common:		70469.0|7802.0|15514.0|

HyAsP plasmids:
3:	34,104,83,86,76,102,84,63_0,46_0,44_0,50_0,36_0,22_0,
4:	48,101,89,83,85,60_0,
5:	39,
6:	71,43,113,100,103,91,87,110,99,30_0,
7:	56_0,
8:	40,101,89,
9:	84,102,63_1,49_0,69_0,36_1,
11:	106,77,103,91,87,109,99,24_0,
14:	59,
15:	55,78,
21:	83,97,85,44_1,

MOBsuite plasmids:
AB529:	67,60_0,30_0,49_0,69_0,24_0,
AB530:	57,58,61,65,63_0,46_0,50_0,36_0,56_0,22_0,
AB973:	44_1,

HyAsP splits:
{'63_0', '50_0', '36_0', '46_0', '22_0'}
{'56_0'}
{'30_0'}
{'69_0', '49_0'}
{'24_0'}
{'60_0'}
{'44_1'}

MOBsuite splits:
{'63_0', '50_0', '36_0', '46_0', '22_0'}{'56_0'}
{'63_0', '50_0', '36_0', '46_0', '22_0'}{'56_0'}
{'60_0'}{'30_0', '69_0', '49_0', '24_0'}
{'60_0'}{'30_0'}{'69_0', '49_0', '24_0'}
{'60_0'}{'30_0'}{'69_0', '49_0'}{'24_0'}
{'60_0'}{'30_0'}{'69_0', '49_0'}{'24_0'}
{'44_1'}
#-------------------------



Combination 6
Score:		0.4548182552311052

Decomposition of weighted lengths HyAsP|MOBsuite|Common:		70469.0|7802.0|16912.0|

HyAsP plasmids:
3:	34,104,83,86,76,102,84,63_0,46_0,44_0,50_0,36_0,22_0,
4:	48,101,89,83,85,60_0,
5:	39,
6:	71,43,113,100,103,91,87,110,99,30_0,
7:	56_0,
8:	40,101,89,
9:	84,102,63_1,49_0,69_0,36_1,
11:	106,77,103,91,87,109,99,24_0,
14:	59,
15:	55,78,
21:	83,97,85,44_1,

MOBsuite plasmids:
AB529:	67,60_0,30_0,49_0,69_0,24_0,
AB530:	57,58,61,65,63_1,46_0,50_0,36_0,56_0,22_0,
AB973:	44_1,

HyAsP splits:
{'30_0'}
{'60_0'}
{'24_0'}
{'69_0', '49_0'}{'63_1'}
{'69_0', '49_0'}{'63_1'}
{'50_0', '46_0', '36_0', '22_0'}
{'56_0'}
{'44_1'}

MOBsuite splits:
{'60_0'}{'30_0', '69_0', '49_0', '24_0'}
{'60_0'}{'30_0'}{'69_0', '49_0', '24_0'}
{'60_0'}{'30_0'}{'69_0', '49_0'}{'24_0'}
{'60_0'}{'30_0'}{'69_0', '49_0'}{'24_0'}
{'50_0', '46_0', '36_0', '22_0'}{'63_1', '56_0'}
{'50_0', '46_0', '36_0', '22_0'}{'56_0'}{'63_1'}
{'50_0', '46_0', '36_0', '22_0'}{'56_0'}{'63_1'}
{'44_1'}
#-------------------------



Combination 0
Score:		0.4617158120577034

Decomposition of weighted lengths HyAsP|MOBsuite|Common:		70469.0|7802.0|18355.5|

HyAsP plasmids:
3:	34,104,83,86,76,102,84,63_0,46_0,44_0,50_0,36_0,22_0,
4:	48,101,89,83,85,60_0,
5:	39,
6:	71,43,113,100,103,91,87,110,99,30_0,
7:	56_0,
8:	40,101,89,
9:	84,102,63_1,49_0,69_0,36_1,
11:	106,77,103,91,87,109,99,24_0,
14:	59,
15:	55,78,
21:	83,97,85,44_1,

MOBsuite plasmids:
AB529:	67,60_0,30_0,49_0,69_0,24_0,
AB530:	57,58,61,65,63_0,46_0,50_0,36_0,56_0,22_0,
AB973:	44_0,

HyAsP splits:
{'63_0', '50_0', '36_0', '46_0', '22_0'}{'44_0'}
{'63_0', '50_0', '36_0', '46_0', '22_0'}{'44_0'}
{'56_0'}
{'30_0'}
{'69_0', '49_0'}
{'24_0'}
{'60_0'}

MOBsuite splits:
{'44_0'}
{'63_0', '50_0', '36_0', '46_0', '22_0'}{'56_0'}
{'63_0', '50_0', '36_0', '46_0', '22_0'}{'56_0'}
{'60_0'}{'30_0', '69_0', '49_0', '24_0'}
{'60_0'}{'30_0'}{'69_0', '49_0', '24_0'}
{'60_0'}{'30_0'}{'69_0', '49_0'}{'24_0'}
{'60_0'}{'30_0'}{'69_0', '49_0'}{'24_0'}
#-------------------------



Combination 4
Score:		0.46839595368817405

Decomposition of weighted lengths HyAsP|MOBsuite|Common:		70469.0|7802.0|19753.5|

HyAsP plasmids:
3:	34,104,83,86,76,102,84,63_0,46_0,44_0,50_0,36_0,22_0,
4:	48,101,89,83,85,60_0,
5:	39,
6:	71,43,113,100,103,91,87,110,99,30_0,
7:	56_0,
8:	40,101,89,
9:	84,102,63_1,49_0,69_0,36_1,
11:	106,77,103,91,87,109,99,24_0,
14:	59,
15:	55,78,
21:	83,97,85,44_1,

MOBsuite plasmids:
AB529:	67,60_0,30_0,49_0,69_0,24_0,
AB530:	57,58,61,65,63_1,46_0,50_0,36_0,56_0,22_0,
AB973:	44_0,

HyAsP splits:
{'30_0'}
{'60_0'}
{'24_0'}
{'69_0', '49_0'}{'63_1'}
{'69_0', '49_0'}{'63_1'}
{'50_0', '46_0', '36_0', '22_0'}{'44_0'}
{'50_0', '46_0', '36_0', '22_0'}{'44_0'}
{'56_0'}

MOBsuite splits:
{'44_0'}
{'60_0'}{'30_0', '69_0', '49_0', '24_0'}
{'60_0'}{'30_0'}{'69_0', '49_0', '24_0'}
{'60_0'}{'30_0'}{'69_0', '49_0'}{'24_0'}
{'60_0'}{'30_0'}{'69_0', '49_0'}{'24_0'}
{'50_0', '46_0', '36_0', '22_0'}{'63_1', '56_0'}
{'50_0', '46_0', '36_0', '22_0'}{'56_0'}{'63_1'}
{'50_0', '46_0', '36_0', '22_0'}{'56_0'}{'63_1'}
#-------------------------



Combination 3
Score:		0.4876479498463759

Decomposition of weighted lengths HyAsP|MOBsuite|Common:		70469.0|7802.0|23782.5|

HyAsP plasmids:
3:	34,104,83,86,76,102,84,63_0,46_0,44_0,50_0,36_0,22_0,
4:	48,101,89,83,85,60_0,
5:	39,
6:	71,43,113,100,103,91,87,110,99,30_0,
7:	56_0,
8:	40,101,89,
9:	84,102,63_1,49_0,69_0,36_1,
11:	106,77,103,91,87,109,99,24_0,
14:	59,
15:	55,78,
21:	83,97,85,44_1,

MOBsuite plasmids:
AB529:	67,60_0,30_0,49_0,69_0,24_0,
AB530:	57,58,61,65,63_0,46_0,50_0,36_1,56_0,22_0,
AB973:	44_1,

HyAsP splits:
{'30_0'}
{'60_0'}
{'24_0'}
{'69_0', '49_0'}{'36_1'}
{'69_0', '49_0'}{'36_1'}
{'63_0', '46_0', '50_0', '22_0'}
{'56_0'}
{'44_1'}

MOBsuite splits:
{'60_0'}{'30_0', '69_0', '49_0', '24_0'}
{'60_0'}{'30_0'}{'69_0', '49_0', '24_0'}
{'60_0'}{'30_0'}{'69_0', '49_0'}{'24_0'}
{'60_0'}{'30_0'}{'69_0', '49_0'}{'24_0'}
{'63_0', '46_0', '50_0', '22_0'}{'56_0', '36_1'}
{'63_0', '46_0', '50_0', '22_0'}{'56_0'}{'36_1'}
{'63_0', '46_0', '50_0', '22_0'}{'56_0'}{'36_1'}
{'44_1'}
#-------------------------



Combination 7
Score:		0.4909880206616112

Decomposition of weighted lengths HyAsP|MOBsuite|Common:		70469.0|7802.0|24481.5|

HyAsP plasmids:
3:	34,104,83,86,76,102,84,63_0,46_0,44_0,50_0,36_0,22_0,
4:	48,101,89,83,85,60_0,
5:	39,
6:	71,43,113,100,103,91,87,110,99,30_0,
7:	56_0,
8:	40,101,89,
9:	84,102,63_1,49_0,69_0,36_1,
11:	106,77,103,91,87,109,99,24_0,
14:	59,
15:	55,78,
21:	83,97,85,44_1,

MOBsuite plasmids:
AB529:	67,60_0,30_0,49_0,69_0,24_0,
AB530:	57,58,61,65,63_1,46_0,50_0,36_1,56_0,22_0,
AB973:	44_1,

HyAsP splits:
{'30_0'}
{'60_0'}
{'24_0'}
{'69_0', '49_0'}{'63_1', '36_1'}
{'69_0', '49_0'}{'63_1', '36_1'}
{'50_0', '46_0', '22_0'}
{'56_0'}
{'44_1'}

MOBsuite splits:
{'60_0'}{'30_0', '69_0', '49_0', '24_0'}
{'60_0'}{'30_0'}{'69_0', '49_0', '24_0'}
{'60_0'}{'30_0'}{'69_0', '49_0'}{'24_0'}
{'60_0'}{'30_0'}{'69_0', '49_0'}{'24_0'}
{'50_0', '46_0', '22_0'}{'63_1', '56_0', '36_1'}
{'50_0', '46_0', '22_0'}{'56_0'}{'63_1', '36_1'}
{'50_0', '46_0', '22_0'}{'56_0'}{'63_1', '36_1'}
{'44_1'}
#-------------------------



Combination 1
Score:		0.5012256483034447

Decomposition of weighted lengths HyAsP|MOBsuite|Common:		70469.0|7802.0|26623.999999999996|

HyAsP plasmids:
3:	34,104,83,86,76,102,84,63_0,46_0,44_0,50_0,36_0,22_0,
4:	48,101,89,83,85,60_0,
5:	39,
6:	71,43,113,100,103,91,87,110,99,30_0,
7:	56_0,
8:	40,101,89,
9:	84,102,63_1,49_0,69_0,36_1,
11:	106,77,103,91,87,109,99,24_0,
14:	59,
15:	55,78,
21:	83,97,85,44_1,

MOBsuite plasmids:
AB529:	67,60_0,30_0,49_0,69_0,24_0,
AB530:	57,58,61,65,63_0,46_0,50_0,36_1,56_0,22_0,
AB973:	44_0,

HyAsP splits:
{'30_0'}
{'60_0'}
{'24_0'}
{'69_0', '49_0'}{'36_1'}
{'69_0', '49_0'}{'36_1'}
{'63_0', '50_0', '46_0', '22_0'}{'44_0'}
{'63_0', '50_0', '46_0', '22_0'}{'44_0'}
{'56_0'}

MOBsuite splits:
{'44_0'}
{'60_0'}{'30_0', '69_0', '49_0', '24_0'}
{'60_0'}{'30_0'}{'69_0', '49_0', '24_0'}
{'60_0'}{'30_0'}{'69_0', '49_0'}{'24_0'}
{'60_0'}{'30_0'}{'69_0', '49_0'}{'24_0'}
{'63_0', '50_0', '46_0', '22_0'}{'56_0', '36_1'}
{'63_0', '50_0', '46_0', '22_0'}{'56_0'}{'36_1'}
{'63_0', '50_0', '46_0', '22_0'}{'56_0'}{'36_1'}
#-------------------------



Combination 5
Score:		0.50456571911868

Decomposition of weighted lengths HyAsP|MOBsuite|Common:		70469.0|7802.0|27323.0|

HyAsP plasmids:
3:	34,104,83,86,76,102,84,63_0,46_0,44_0,50_0,36_0,22_0,
4:	48,101,89,83,85,60_0,
5:	39,
6:	71,43,113,100,103,91,87,110,99,30_0,
7:	56_0,
8:	40,101,89,
9:	84,102,63_1,49_0,69_0,36_1,
11:	106,77,103,91,87,109,99,24_0,
14:	59,
15:	55,78,
21:	83,97,85,44_1,

MOBsuite plasmids:
AB529:	67,60_0,30_0,49_0,69_0,24_0,
AB530:	57,58,61,65,63_1,46_0,50_0,36_1,56_0,22_0,
AB973:	44_0,

HyAsP splits:
{'30_0'}
{'60_0'}
{'24_0'}
{'69_0', '49_0'}{'63_1', '36_1'}
{'69_0', '49_0'}{'63_1', '36_1'}
{'50_0', '46_0', '22_0'}{'44_0'}
{'50_0', '46_0', '22_0'}{'44_0'}
{'56_0'}

MOBsuite splits:
{'44_0'}
{'60_0'}{'30_0', '69_0', '49_0', '24_0'}
{'60_0'}{'30_0'}{'69_0', '49_0', '24_0'}
{'60_0'}{'30_0'}{'69_0', '49_0'}{'24_0'}
{'60_0'}{'30_0'}{'69_0', '49_0'}{'24_0'}
{'50_0', '46_0', '22_0'}{'63_1', '56_0', '36_1'}
{'50_0', '46_0', '22_0'}{'56_0'}{'63_1', '36_1'}
{'50_0', '46_0', '22_0'}{'56_0'}{'63_1', '36_1'}
#-------------------------



