Combination 0
Score:		0.3635232209277014

Decomposition of weighted lengths HyAsP|MOBsuite|Common:		8309.0|0.0|30100.499999999996|

HyAsP plasmids:
3:	20_0,
4:	31,
5:	14_0,19_0,
6:	24_0,
7:	26_0,
9:	30,45,
10:	32,

MOBsuite plasmids:
AD582:	14_0,26_0,20_0,
AB528:	19_0,24_0,

HyAsP splits:
{'20_0'}
{'24_0'}
{'26_0'}
{'14_0'}{'19_0'}
{'14_0'}{'19_0'}

MOBsuite splits:
{'19_0'}{'24_0'}
{'19_0'}{'24_0'}
{'20_0'}{'14_0', '26_0'}
{'20_0'}{'14_0'}{'26_0'}
{'20_0'}{'14_0'}{'26_0'}
#-------------------------



