Combination 0
Score:		0.36872479815021947

Decomposition of weighted lengths HyAsP|MOBsuite|Common:		11642.0|12155.0|15432.000000000002|

HyAsP plasmids:
4:	102,107,69_0,34_0,
5:	102,106,93,81,30_0,
7:	84_0,
8:	47_0,
11:	76,97,
14:	89,

MOBsuite plasmids:
AE312:	74,86,88,47_0,84_0,34_0,
AB528:	77,30_0,69_0,

HyAsP splits:
{'34_0'}{'69_0'}
{'34_0'}{'69_0'}
{'30_0'}
{'84_0'}
{'47_0'}

MOBsuite splits:
{'69_0'}{'30_0'}
{'69_0'}{'30_0'}
{'34_0'}{'47_0', '84_0'}
{'34_0'}{'84_0'}{'47_0'}
{'34_0'}{'84_0'}{'47_0'}
#-------------------------



