Combination 0
Score:		0.48879295691267066

Decomposition of weighted lengths HyAsP|MOBsuite|Common:		55669.0|11799.0|15923.5|

HyAsP plasmids:
0:	69,71,39,67,59_0,
3:	79,80,44,24_0,43_0,
4:	70,84,77,80,78,73,58_0,43_1,56_0,57_0,62_0,66_0,
6:	70,73,50_0,
7:	48_0,
8:	31_0,
11:	60,75,89,64,

MOBsuite plasmids:
AA769:	51,58_0,66_0,
AD058:	56_0,
AC345:	31_0,50_0,48_0,
AE314:	24_0,43_0,57_0,
AB756:	55,59_0,62_0,

HyAsP splits:
{'43_0', '24_0'}
{'66_0', '58_0'}{'62_0', '57_0', '56_0'}
{'58_0', '66_0'}{'56_0'}{'62_0', '57_0'}
{'66_0', '58_0'}{'56_0'}{'57_0'}{'62_0'}
{'58_0', '66_0'}{'56_0'}{'57_0'}{'62_0'}
{'59_0'}
{'50_0'}
{'48_0'}
{'31_0'}

MOBsuite splits:
{'59_0'}{'62_0'}
{'59_0'}{'62_0'}
{'66_0', '58_0'}
{'43_0', '24_0'}{'57_0'}
{'43_0', '24_0'}{'57_0'}
{'56_0'}
{'50_0'}{'48_0', '31_0'}
{'50_0'}{'48_0'}{'31_0'}
{'50_0'}{'48_0'}{'31_0'}
#-------------------------



Combination 1
Score:		0.5311476082458516

Decomposition of weighted lengths HyAsP|MOBsuite|Common:		55669.0|11799.0|23149.500000000004|

HyAsP plasmids:
0:	69,71,39,67,59_0,
3:	79,80,44,24_0,43_0,
4:	70,84,77,80,78,73,58_0,43_1,56_0,57_0,62_0,66_0,
6:	70,73,50_0,
7:	48_0,
8:	31_0,
11:	60,75,89,64,

MOBsuite plasmids:
AA769:	51,58_0,66_0,
AD058:	56_0,
AC345:	31_0,50_0,48_0,
AE314:	24_0,43_1,57_0,
AB756:	55,59_0,62_0,

HyAsP splits:
{'24_0'}
{'66_0', '58_0'}{'43_1', '62_0', '57_0', '56_0'}
{'58_0', '66_0'}{'56_0'}{'43_1', '62_0', '57_0'}
{'66_0', '58_0'}{'56_0'}{'43_1', '57_0'}{'62_0'}
{'58_0', '66_0'}{'56_0'}{'43_1', '57_0'}{'62_0'}
{'59_0'}
{'50_0'}
{'48_0'}
{'31_0'}

MOBsuite splits:
{'59_0'}{'62_0'}
{'59_0'}{'62_0'}
{'66_0', '58_0'}
{'24_0'}{'43_1', '57_0'}
{'24_0'}{'43_1', '57_0'}
{'56_0'}
{'50_0'}{'48_0', '31_0'}
{'50_0'}{'48_0'}{'31_0'}
{'50_0'}{'48_0'}{'31_0'}
#-------------------------



